32
process will start at : 
Fri Apr  7 23:30:57 CST 2023
++++++++++++++++++++++++++++++++++++++++
Load GaoDataSet from dataset/ESOL.csv ... done (1145 lines, 19.782 seconds) 
# of training graphs/labels:      1030
# of testing graphs/labels:      114
>>> Training of the Model >>>
Start at:  Fri Apr  7 23:36:40 2023
PID:       387744
Learning rate:               1E-03
Batch size:                  32
Maximum epochs:              500
Output frequency:            1
Device:                      cpu
--------------------------------------------------------------------------------------------------------------------------------------------------------------------------------------------------------
     Epoch       TrainLoss        TrainMAE       TrainRMSE         TrainR2         TrainCC         TestMAE        TestRMSE          TestR2          TestCC         Time(s)
--------------------------------------------------------------------------------------------------------------------------------------------------------------------------------------------------------
         0           3.459           3.971           5.996          -7.174           0.060           1.533           1.925           0.133           0.864          19.194
         1           0.625           1.015           1.333           0.596           0.792           1.186           1.529           0.453           0.857          26.898
         2           0.556           0.940           1.221           0.661           0.829           1.354           1.713           0.313           0.865          34.576
         3           0.500           0.874           1.130           0.710           0.852           1.146           1.444           0.512           0.872          42.235
         4           0.465           0.836           1.074           0.738           0.861           1.261           1.565           0.427           0.868          49.889
         5           0.473           0.846           1.087           0.732           0.859           1.333           1.649           0.364           0.866          57.659
         6           0.478           0.853           1.095           0.727           0.857           1.367           1.683           0.337           0.862          65.315
         7           0.478           0.854           1.095           0.727           0.858           1.401           1.724           0.305           0.859          72.946
         8           0.477           0.854           1.094           0.728           0.858           1.425           1.754           0.280           0.858          80.577
         9           0.479           0.851           1.095           0.727           0.858           1.170           1.448           0.509           0.868          88.192
        10           0.440           0.809           1.035           0.757           0.872           1.280           1.578           0.417           0.867          95.883
        11           0.450           0.819           1.051           0.749           0.869           1.283           1.579           0.417           0.860         103.510
        12           0.443           0.812           1.041           0.753           0.871           1.283           1.579           0.417           0.860         111.131
        13           0.440           0.809           1.037           0.755           0.872           1.299           1.596           0.404           0.860         118.798
        14           0.438           0.808           1.035           0.756           0.873           1.326           1.625           0.382           0.859         126.422
        15           0.438           0.809           1.036           0.756           0.873           1.346           1.647           0.366           0.860         134.046
        16           0.437           0.808           1.036           0.756           0.873           1.344           1.644           0.367           0.860         141.745
        17           0.435           0.806           1.033           0.757           0.874           1.340           1.638           0.372           0.860         149.368
        18           0.432           0.802           1.029           0.759           0.875           1.334           1.630           0.378           0.861         156.975
        19           0.429           0.798           1.025           0.761           0.876           1.327           1.621           0.385           0.860         164.597
        20           0.427           0.795           1.021           0.763           0.877           1.324           1.617           0.388           0.862         172.225
        21           0.424           0.792           1.018           0.764           0.878           1.314           1.605           0.397           0.863         179.895
        22           0.420           0.787           1.012           0.767           0.879           1.301           1.589           0.409           0.863         187.592
        23           0.417           0.782           1.007           0.769           0.880           1.291           1.577           0.418           0.864         195.218
        24           0.413           0.778           1.003           0.771           0.881           1.287           1.572           0.422           0.866         202.846
        25           0.411           0.775           0.999           0.773           0.882           1.278           1.563           0.428           0.867         210.471
        26           0.408           0.771           0.996           0.775           0.883           1.270           1.555           0.434           0.868         218.097
        27           0.404           0.765           0.990           0.777           0.885           1.257           1.540           0.445           0.869         225.725
        28           0.401           0.762           0.986           0.779           0.886           1.241           1.522           0.458           0.872         233.407
        29           0.400           0.762           0.986           0.779           0.886           1.237           1.518           0.461           0.872         241.083
        30           0.399           0.760           0.985           0.779           0.886           1.229           1.510           0.466           0.872         248.716
        31           0.398           0.758           0.984           0.780           0.886           1.230           1.511           0.465           0.871         256.332
        32           0.396           0.756           0.981           0.781           0.887           1.221           1.500           0.474           0.873         263.953
        33           0.395           0.754           0.979           0.782           0.888           1.218           1.497           0.475           0.873         271.631
        34           0.393           0.752           0.978           0.782           0.888           1.214           1.493           0.478           0.873         279.255
        35           0.393           0.751           0.978           0.783           0.888           1.216           1.496           0.476           0.873         286.889
        36           0.392           0.750           0.977           0.783           0.888           1.214           1.495           0.477           0.874         294.563
        37           0.391           0.749           0.976           0.783           0.888           1.211           1.491           0.480           0.874         302.201
        38           0.390           0.748           0.975           0.784           0.889           1.210           1.489           0.481           0.874         309.830
        39           0.390           0.747           0.975           0.784           0.889           1.211           1.490           0.480           0.874         317.543
        40           0.389           0.745           0.973           0.785           0.889           1.206           1.484           0.485           0.875         325.173
        41           0.387           0.744           0.971           0.786           0.890           1.201           1.478           0.488           0.875         332.798
        42           0.386           0.742           0.970           0.786           0.890           1.199           1.475           0.491           0.876         340.425
        43           0.386           0.742           0.970           0.786           0.890           1.196           1.473           0.492           0.876         348.058
        44           0.385           0.741           0.969           0.786           0.891           1.200           1.476           0.490           0.877         355.787
        45           0.385           0.741           0.969           0.786           0.891           1.200           1.478           0.489           0.876         363.414
        46           0.385           0.740           0.970           0.786           0.890           1.207           1.484           0.485           0.876         371.046
        47           0.385           0.739           0.969           0.787           0.891           1.200           1.476           0.490           0.877         378.675
        48           0.384           0.739           0.968           0.787           0.891           1.198           1.474           0.492           0.878         386.305
        49           0.383           0.738           0.967           0.787           0.891           1.198           1.474           0.491           0.878         393.922
        50           0.381           0.736           0.964           0.789           0.892           1.097           1.376           0.557           0.880         401.608
        51           0.380           0.735           0.960           0.791           0.892           0.987           1.243           0.639           0.887         409.216
        52           0.364           0.714           0.934           0.801           0.898           1.125           1.391           0.547           0.879         416.893
        53           0.376           0.729           0.955           0.792           0.893           1.161           1.435           0.518           0.878         424.507
        54           0.379           0.733           0.961           0.790           0.893           1.181           1.456           0.504           0.877         432.117
        55           0.381           0.735           0.963           0.789           0.892           1.184           1.459           0.502           0.878         439.744
        56           0.380           0.734           0.963           0.789           0.892           1.190           1.465           0.498           0.878         447.422
        57           0.379           0.728           0.963           0.789           0.892           1.038           1.293           0.609           0.885         455.036
        58           0.361           0.705           0.933           0.802           0.899           1.011           1.263           0.627           0.886         462.658
        59           0.357           0.700           0.926           0.805           0.901           1.018           1.269           0.623           0.886         470.275
        60           0.357           0.700           0.926           0.805           0.901           1.028           1.281           0.616           0.885         477.953
        61           0.357           0.701           0.927           0.805           0.900           1.032           1.284           0.614           0.885         485.639
        62           0.357           0.701           0.927           0.805           0.900           1.036           1.290           0.611           0.885         493.260
        63           0.357           0.701           0.926           0.805           0.901           1.054           1.309           0.599           0.884         500.873
        64           0.359           0.703           0.930           0.804           0.900           1.047           1.301           0.604           0.884         508.482
        65           0.357           0.702           0.927           0.804           0.900           1.051           1.306           0.601           0.884         516.179
        66           0.358           0.702           0.928           0.804           0.900           1.054           1.309           0.599           0.883         523.968
        67           0.357           0.702           0.927           0.804           0.900           1.054           1.310           0.599           0.883         531.864
        68           0.362           0.705           0.938           0.800           0.899           0.861           1.092           0.721           0.895         539.720
        69           0.341           0.679           0.901           0.815           0.907           0.891           1.128           0.702           0.893         547.518
        70           0.343           0.683           0.906           0.814           0.906           0.896           1.133           0.700           0.893         555.317
        71           0.343           0.682           0.905           0.814           0.906           0.902           1.140           0.696           0.893         563.112
        72           0.343           0.683           0.905           0.814           0.906           0.944           1.188           0.670           0.889         570.914
        73           0.346           0.686           0.911           0.811           0.905           0.907           1.145           0.693           0.893         578.957
        74           0.346           0.686           0.912           0.811           0.906           0.840           1.070           0.732           0.896         586.733
        75           0.338           0.677           0.898           0.817           0.908           0.848           1.078           0.728           0.896         594.592
        76           0.338           0.677           0.898           0.817           0.908           0.849           1.079           0.727           0.896         602.393
        77           0.338           0.677           0.898           0.817           0.908           0.847           1.077           0.728           0.896         610.197
        78           0.337           0.676           0.897           0.817           0.909           0.852           1.084           0.725           0.897         618.062
        79           0.338           0.676           0.897           0.817           0.909           0.852           1.083           0.726           0.897         625.848
        80           0.337           0.676           0.896           0.817           0.909           0.856           1.087           0.724           0.896         633.644
        81           0.337           0.676           0.897           0.817           0.909           0.855           1.086           0.724           0.896         641.444
        82           0.337           0.675           0.896           0.818           0.909           0.861           1.094           0.720           0.897         649.240
        83           0.337           0.675           0.896           0.817           0.909           0.861           1.093           0.720           0.897         657.095
        84           0.336           0.674           0.895           0.818           0.909           0.869           1.103           0.715           0.897         664.959
        85           0.337           0.676           0.897           0.817           0.908           0.862           1.094           0.720           0.897         672.707
        86           0.336           0.674           0.895           0.818           0.909           0.876           1.111           0.711           0.896         680.439
        87           0.337           0.675           0.897           0.817           0.908           0.871           1.105           0.714           0.897         688.166
        88           0.336           0.674           0.895           0.818           0.908           0.877           1.112           0.710           0.897         695.895
        89           0.336           0.675           0.896           0.817           0.908           0.878           1.114           0.710           0.897         703.627
        90           0.336           0.674           0.895           0.818           0.908           0.886           1.123           0.705           0.896         711.442
        91           0.340           0.680           0.904           0.814           0.908           0.852           1.087           0.723           0.899         719.236
        92           0.336           0.675           0.897           0.817           0.909           0.844           1.076           0.729           0.900         726.982
        93           0.334           0.673           0.894           0.818           0.910           0.850           1.084           0.725           0.899         734.727
        94           0.335           0.673           0.895           0.818           0.910           0.848           1.081           0.726           0.900         742.469
        95           0.334           0.672           0.894           0.818           0.910           0.843           1.074           0.730           0.899         750.364
        96           0.333           0.671           0.892           0.819           0.910           0.847           1.079           0.727           0.900         758.070
        97           0.334           0.672           0.893           0.819           0.910           0.843           1.074           0.730           0.900         765.778
        98           0.333           0.670           0.891           0.820           0.910           0.843           1.074           0.730           0.900         773.477
        99           0.332           0.670           0.890           0.820           0.910           0.845           1.076           0.729           0.900         781.288
       100           0.332           0.670           0.890           0.820           0.910           0.842           1.072           0.731           0.900         788.992
       101           0.331           0.668           0.889           0.820           0.911           0.846           1.078           0.728           0.900         796.788
       102           0.332           0.669           0.889           0.820           0.911           0.843           1.073           0.731           0.900         804.494
       103           0.331           0.668           0.888           0.821           0.911           0.846           1.077           0.729           0.900         812.203
       104           0.331           0.668           0.888           0.821           0.911           0.845           1.075           0.730           0.900         819.908
       105           0.331           0.668           0.888           0.821           0.911           0.845           1.076           0.729           0.900         827.611
       106           0.331           0.668           0.888           0.821           0.911           0.846           1.076           0.729           0.900         835.440
       107           0.330           0.667           0.887           0.821           0.911           0.849           1.080           0.727           0.900         843.143
       108           0.331           0.668           0.888           0.821           0.911           0.844           1.074           0.730           0.901         850.852
       109           0.330           0.666           0.886           0.821           0.911           0.848           1.079           0.727           0.901         858.563
       110           0.330           0.667           0.887           0.821           0.911           0.846           1.077           0.729           0.900         866.269
       111           0.329           0.666           0.886           0.821           0.911           0.847           1.078           0.728           0.901         873.978
       112           0.329           0.665           0.885           0.822           0.911           0.850           1.081           0.727           0.900         881.747
       113           0.329           0.666           0.886           0.822           0.911           0.850           1.081           0.726           0.900         889.456
       114           0.329           0.665           0.885           0.822           0.911           0.849           1.080           0.727           0.900         897.223
       115           0.329           0.665           0.885           0.822           0.911           0.854           1.086           0.724           0.900         904.934
       116           0.329           0.665           0.885           0.822           0.911           0.850           1.082           0.726           0.900         912.643
       117           0.328           0.664           0.884           0.822           0.911           0.858           1.091           0.721           0.900         920.348
       118           0.328           0.665           0.884           0.822           0.911           0.855           1.087           0.724           0.900         928.109
       119           0.328           0.664           0.884           0.822           0.911           0.858           1.091           0.722           0.900         935.828
       120           0.327           0.663           0.883           0.823           0.911           0.860           1.093           0.721           0.900         943.533
       121           0.327           0.664           0.883           0.823           0.911           0.860           1.093           0.721           0.900         951.235
       122           0.327           0.663           0.883           0.823           0.912           0.855           1.086           0.724           0.900         958.997
       123           0.326           0.662           0.881           0.823           0.912           0.862           1.095           0.719           0.900         966.771
       124           0.327           0.663           0.883           0.823           0.912           0.857           1.090           0.722           0.900         974.488
       125           0.327           0.662           0.882           0.823           0.912           0.860           1.093           0.721           0.901         982.196
       126           0.327           0.663           0.883           0.823           0.912           0.857           1.089           0.723           0.900         989.919
       127           0.326           0.662           0.881           0.823           0.912           0.857           1.090           0.722           0.900         997.638
       128           0.326           0.661           0.881           0.824           0.912           0.862           1.095           0.720           0.901        1005.369
       129           0.327           0.662           0.882           0.823           0.912           0.860           1.094           0.720           0.901        1013.168
       130           0.326           0.662           0.882           0.823           0.912           0.856           1.088           0.723           0.900        1021.022
       131           0.326           0.661           0.880           0.824           0.912           0.859           1.092           0.721           0.900        1028.759
       132           0.326           0.661           0.881           0.824           0.912           0.859           1.091           0.721           0.900        1036.491
       133           0.325           0.661           0.880           0.824           0.912           0.862           1.095           0.720           0.901        1044.232
       134           0.326           0.662           0.881           0.824           0.912           0.859           1.092           0.721           0.900        1051.969
       135           0.326           0.661           0.882           0.823           0.912           0.858           1.092           0.721           0.901        1059.800
       136           0.325           0.661           0.881           0.824           0.912           0.846           1.075           0.729           0.901        1067.539
       137           0.323           0.659           0.877           0.825           0.913           0.872           1.109           0.712           0.901        1075.341
       138           0.326           0.662           0.882           0.823           0.912           0.886           1.124           0.705           0.900        1083.077
       139           0.326           0.662           0.883           0.823           0.912           0.875           1.112           0.711           0.900        1090.818
       140           0.325           0.661           0.881           0.823           0.912           0.870           1.106           0.714           0.900        1098.557
       141           0.325           0.660           0.880           0.824           0.912           0.865           1.099           0.718           0.900        1106.359
       142           0.326           0.662           0.884           0.822           0.912           0.832           1.063           0.736           0.905        1114.105
       143           0.323           0.658           0.878           0.825           0.913           0.833           1.061           0.736           0.905        1121.837
       144           0.322           0.657           0.877           0.825           0.914           0.836           1.066           0.734           0.905        1129.573
       145           0.323           0.658           0.878           0.825           0.913           0.839           1.069           0.733           0.905        1137.318
       146           0.323           0.658           0.878           0.825           0.914           0.837           1.067           0.734           0.905        1145.066
       147           0.323           0.658           0.877           0.825           0.914           0.839           1.070           0.732           0.905        1152.742
       148           0.323           0.657           0.877           0.825           0.914           0.836           1.067           0.734           0.905        1160.425
       149           0.324           0.660           0.879           0.824           0.913           0.916           1.160           0.685           0.903        1168.100
       150           0.333           0.671           0.894           0.818           0.911           0.937           1.184           0.672           0.902        1175.781
       151           0.335           0.674           0.898           0.817           0.910           0.949           1.197           0.665           0.902        1183.459
       152           0.338           0.677           0.902           0.815           0.909           0.956           1.205           0.660           0.902        1191.203
       153           0.347           0.690           0.912           0.811           0.907           0.846           1.074           0.730           0.904        1198.932
       154           0.343           0.687           0.903           0.814           0.908           0.807           1.025           0.754           0.905        1206.625
       155           0.338           0.680           0.895           0.818           0.910           0.799           1.015           0.759           0.905        1214.296
       156           0.336           0.677           0.891           0.819           0.911           0.796           1.012           0.760           0.906        1221.953
       157           0.337           0.678           0.893           0.819           0.911           0.695           0.877           0.820           0.909        1229.675
       158           0.317           0.653           0.861           0.831           0.917           0.711           0.899           0.811           0.909        1237.340
       159           0.318           0.654           0.863           0.831           0.917           0.712           0.901           0.810           0.909        1245.001
       160           0.318           0.654           0.863           0.831           0.917           0.713           0.902           0.810           0.908        1252.661
       161           0.317           0.653           0.862           0.831           0.917           0.715           0.905           0.808           0.909        1260.392
       162           0.318           0.653           0.863           0.831           0.917           0.715           0.905           0.808           0.909        1268.059
       163           0.316           0.654           0.862           0.831           0.917           0.692           0.875           0.821           0.910        1275.803
       164           0.309           0.644           0.851           0.835           0.919           0.698           0.882           0.818           0.910        1283.476
       165           0.310           0.646           0.852           0.835           0.919           0.697           0.881           0.818           0.910        1291.146
       166           0.310           0.645           0.852           0.835           0.919           0.698           0.882           0.818           0.911        1298.819
       167           0.310           0.645           0.852           0.835           0.919           0.698           0.883           0.818           0.911        1306.487
       168           0.310           0.645           0.852           0.835           0.919           0.698           0.883           0.818           0.911        1314.164
       169           0.310           0.647           0.852           0.835           0.919           0.709           0.899           0.811           0.910        1321.942
       170           0.310           0.648           0.853           0.834           0.919           0.708           0.897           0.812           0.910        1329.599
       171           0.310           0.647           0.853           0.835           0.920           0.707           0.897           0.812           0.910        1337.266
       172           0.309           0.647           0.852           0.835           0.920           0.706           0.894           0.813           0.910        1344.928
       173           0.311           0.650           0.854           0.834           0.919           0.746           0.948           0.790           0.910        1352.583
       174           0.321           0.665           0.871           0.828           0.916           0.765           0.973           0.778           0.909        1360.304
       175           0.325           0.671           0.877           0.825           0.915           0.772           0.983           0.774           0.908        1367.961
       176           0.327           0.673           0.880           0.824           0.914           0.777           0.989           0.771           0.908        1375.679
       177           0.337           0.685           0.892           0.819           0.911           0.770           0.981           0.775           0.909        1383.340
       178           0.353           0.705           0.915           0.810           0.905           0.753           0.961           0.784           0.909        1390.998
       179           0.358           0.712           0.921           0.807           0.903           0.731           0.933           0.796           0.909        1398.663
       180           0.357           0.710           0.917           0.809           0.904           0.715           0.911           0.806           0.910        1406.515
       181           0.353           0.702           0.906           0.813           0.905           0.634           0.804           0.849           0.914        1414.168
       182           0.331           0.672           0.872           0.827           0.912           0.639           0.809           0.847           0.913        1421.824
       183           0.329           0.670           0.869           0.828           0.913           0.639           0.810           0.846           0.913        1429.488
       184           0.329           0.670           0.869           0.828           0.913           0.638           0.809           0.847           0.913        1437.200
       185           0.321           0.659           0.857           0.833           0.915           0.619           0.787           0.855           0.914        1444.868
       186           0.311           0.646           0.842           0.839           0.919           0.621           0.789           0.854           0.914        1452.584
       187           0.312           0.648           0.844           0.838           0.918           0.621           0.789           0.854           0.914        1460.233
       188           0.312           0.649           0.845           0.838           0.918           0.621           0.789           0.854           0.914        1467.898
       189           0.307           0.642           0.837           0.841           0.920           0.616           0.785           0.856           0.915        1475.568
       190           0.302           0.636           0.830           0.843           0.921           0.616           0.784           0.856           0.915        1483.226
       191           0.303           0.638           0.832           0.843           0.921           0.616           0.784           0.856           0.915        1490.884
       192           0.304           0.638           0.832           0.842           0.921           0.616           0.784           0.856           0.915        1498.674
       193           0.304           0.638           0.833           0.842           0.921           0.616           0.784           0.856           0.915        1506.346
       194           0.304           0.639           0.833           0.842           0.920           0.616           0.784           0.856           0.915        1514.011
       195           0.301           0.634           0.828           0.844           0.922           0.614           0.784           0.856           0.915        1521.670
       196           0.298           0.631           0.825           0.845           0.922           0.613           0.783           0.856           0.915        1529.330
       197           0.299           0.632           0.826           0.845           0.922           0.613           0.783           0.857           0.915        1537.074
       198           0.299           0.632           0.826           0.845           0.922           0.613           0.783           0.857           0.915        1544.735
       199           0.299           0.632           0.827           0.845           0.922           0.614           0.783           0.857           0.915        1552.394
       200           0.300           0.633           0.827           0.844           0.922           0.613           0.782           0.857           0.915        1560.074
       201           0.297           0.629           0.824           0.846           0.923           0.612           0.784           0.856           0.915        1567.812
       202           0.296           0.627           0.822           0.846           0.923           0.611           0.783           0.856           0.915        1575.392
       203           0.296           0.628           0.822           0.846           0.923           0.611           0.783           0.857           0.915        1583.026
       204           0.296           0.628           0.822           0.846           0.923           0.611           0.783           0.857           0.915        1590.601
       205           0.296           0.628           0.823           0.846           0.923           0.611           0.783           0.857           0.915        1598.185
       206           0.296           0.628           0.823           0.846           0.923           0.611           0.782           0.857           0.915        1605.772
       207           0.294           0.625           0.821           0.847           0.924           0.611           0.785           0.856           0.915        1613.363
       208           0.294           0.625           0.820           0.847           0.924           0.610           0.784           0.856           0.915        1621.019
       209           0.294           0.625           0.820           0.847           0.924           0.610           0.784           0.856           0.915        1628.594
       210           0.294           0.625           0.820           0.847           0.924           0.610           0.784           0.856           0.915        1636.188
       211           0.294           0.625           0.820           0.847           0.924           0.610           0.783           0.857           0.915        1643.772
       212           0.294           0.625           0.820           0.847           0.924           0.609           0.783           0.857           0.915        1651.358
       213           0.294           0.625           0.820           0.847           0.924           0.609           0.782           0.857           0.915        1659.000
       214           0.294           0.625           0.820           0.847           0.924           0.609           0.782           0.857           0.915        1666.582
       215           0.294           0.625           0.820           0.847           0.924           0.609           0.782           0.857           0.915        1674.163
       216           0.294           0.625           0.820           0.847           0.924           0.609           0.782           0.857           0.915        1681.789
       217           0.293           0.623           0.819           0.848           0.924           0.610           0.785           0.856           0.915        1689.355
       218           0.293           0.622           0.819           0.848           0.924           0.610           0.785           0.856           0.915        1696.918
       219           0.292           0.622           0.818           0.848           0.924           0.609           0.785           0.856           0.915        1704.551
       220           0.292           0.622           0.818           0.848           0.924           0.609           0.784           0.856           0.915        1712.127
       221           0.292           0.622           0.818           0.848           0.924           0.609           0.784           0.856           0.915        1719.702
       222           0.292           0.622           0.818           0.848           0.924           0.609           0.784           0.856           0.915        1727.295
       223           0.292           0.622           0.818           0.848           0.924           0.608           0.783           0.857           0.915        1734.886
       224           0.292           0.622           0.818           0.848           0.924           0.608           0.783           0.857           0.915        1742.607
       225           0.292           0.622           0.818           0.848           0.924           0.608           0.783           0.857           0.915        1750.195
       226           0.292           0.622           0.818           0.848           0.924           0.608           0.782           0.857           0.915        1757.775
       227           0.292           0.622           0.818           0.848           0.924           0.608           0.782           0.857           0.915        1765.358
       228           0.292           0.622           0.818           0.848           0.924           0.607           0.782           0.857           0.915        1772.937
       229           0.292           0.622           0.818           0.848           0.924           0.607           0.782           0.857           0.915        1780.511
       230           0.292           0.622           0.818           0.848           0.924           0.607           0.781           0.857           0.915        1788.147
       231           0.291           0.620           0.816           0.848           0.925           0.608           0.784           0.856           0.916        1795.736
       232           0.291           0.620           0.817           0.848           0.925           0.608           0.785           0.856           0.915        1803.312
       233           0.291           0.620           0.817           0.848           0.925           0.608           0.784           0.856           0.915        1810.889
       234           0.291           0.620           0.817           0.848           0.925           0.608           0.784           0.856           0.916        1818.385
       235           0.291           0.620           0.817           0.848           0.925           0.608           0.784           0.856           0.916        1825.811
       236           0.290           0.618           0.816           0.848           0.925           0.610           0.787           0.855           0.915        1833.291
       237           0.291           0.619           0.818           0.848           0.925           0.611           0.789           0.854           0.915        1840.705
       238           0.291           0.619           0.818           0.848           0.925           0.611           0.789           0.855           0.915        1848.125
       239           0.291           0.619           0.818           0.848           0.925           0.610           0.788           0.855           0.916        1855.557
       240           0.291           0.619           0.818           0.848           0.925           0.610           0.788           0.855           0.915        1862.977
       241           0.290           0.618           0.818           0.848           0.925           0.611           0.789           0.854           0.916        1870.403
       242           0.292           0.619           0.820           0.847           0.924           0.612           0.790           0.854           0.916        1877.904
       243           0.292           0.620           0.821           0.847           0.924           0.612           0.791           0.854           0.915        1885.346
       244           0.292           0.619           0.821           0.847           0.924           0.612           0.790           0.854           0.916        1892.788
       245           0.291           0.619           0.821           0.847           0.924           0.610           0.786           0.855           0.916        1900.229
       246           0.291           0.619           0.822           0.846           0.924           0.610           0.785           0.856           0.916        1907.671
       247           0.291           0.619           0.822           0.846           0.924           0.610           0.785           0.856           0.916        1915.192
       248           0.291           0.619           0.821           0.847           0.924           0.610           0.785           0.856           0.916        1922.650
       249           0.289           0.617           0.820           0.847           0.924           0.607           0.780           0.858           0.916        1930.086
       250           0.289           0.618           0.819           0.847           0.924           0.607           0.779           0.858           0.916        1937.533
       251           0.289           0.617           0.819           0.848           0.924           0.607           0.779           0.858           0.916        1944.962
       252           0.289           0.617           0.819           0.848           0.924           0.606           0.779           0.858           0.916        1952.411
       253           0.289           0.617           0.819           0.848           0.924           0.606           0.780           0.858           0.916        1959.904
       254           0.289           0.617           0.819           0.848           0.924           0.606           0.779           0.858           0.916        1967.341
       255           0.289           0.617           0.819           0.848           0.924           0.606           0.780           0.858           0.916        1974.776
       256           0.289           0.617           0.819           0.848           0.924           0.606           0.780           0.858           0.916        1982.235
       257           0.287           0.615           0.817           0.848           0.925           0.607           0.778           0.858           0.916        1989.671
       258           0.286           0.615           0.816           0.849           0.925           0.607           0.778           0.858           0.916        1997.181
       259           0.286           0.615           0.815           0.849           0.925           0.607           0.778           0.858           0.916        2004.628
       260           0.286           0.615           0.815           0.849           0.925           0.607           0.778           0.859           0.916        2012.070
       261           0.286           0.615           0.815           0.849           0.925           0.607           0.778           0.859           0.916        2019.516
       262           0.286           0.615           0.816           0.849           0.925           0.607           0.778           0.859           0.916        2026.957
       263           0.286           0.615           0.816           0.849           0.925           0.607           0.778           0.859           0.916        2034.399
       264           0.285           0.613           0.813           0.850           0.925           0.609           0.778           0.858           0.916        2041.912
       265           0.284           0.613           0.813           0.850           0.925           0.609           0.778           0.858           0.916        2049.355
       266           0.284           0.613           0.812           0.850           0.925           0.609           0.778           0.858           0.916        2056.800
       267           0.284           0.613           0.813           0.850           0.925           0.609           0.778           0.858           0.916        2064.238
       268           0.284           0.613           0.813           0.850           0.925           0.609           0.778           0.858           0.916        2071.680
       269           0.284           0.613           0.813           0.850           0.925           0.609           0.778           0.858           0.916        2079.173
       270           0.284           0.613           0.813           0.850           0.925           0.608           0.778           0.858           0.916        2086.611
       271           0.283           0.612           0.811           0.851           0.925           0.611           0.779           0.858           0.916        2094.067
       272           0.283           0.611           0.810           0.851           0.926           0.611           0.779           0.858           0.916        2101.519
       273           0.283           0.611           0.810           0.851           0.926           0.610           0.779           0.858           0.916        2108.961
       274           0.283           0.611           0.810           0.851           0.926           0.610           0.779           0.858           0.916        2116.402
       275           0.283           0.611           0.810           0.851           0.926           0.610           0.778           0.858           0.916        2123.893
       276           0.283           0.611           0.810           0.851           0.926           0.610           0.779           0.858           0.916        2131.329
       277           0.282           0.610           0.809           0.851           0.926           0.612           0.779           0.858           0.916        2138.767
       278           0.282           0.610           0.808           0.851           0.926           0.612           0.779           0.858           0.916        2146.207
       279           0.282           0.610           0.808           0.851           0.926           0.611           0.779           0.858           0.916        2153.645
       280           0.282           0.610           0.808           0.851           0.926           0.611           0.779           0.858           0.916        2161.138
       281           0.282           0.610           0.808           0.851           0.926           0.611           0.779           0.858           0.916        2168.637
       282           0.282           0.610           0.808           0.851           0.926           0.611           0.779           0.858           0.916        2176.081
       283           0.281           0.609           0.807           0.852           0.926           0.612           0.780           0.858           0.916        2183.515
       284           0.281           0.609           0.807           0.852           0.926           0.612           0.780           0.858           0.916        2190.952
       285           0.281           0.609           0.807           0.852           0.926           0.612           0.779           0.858           0.916        2198.389
       286           0.281           0.609           0.807           0.852           0.926           0.612           0.780           0.858           0.916        2205.885
       287           0.281           0.609           0.807           0.852           0.926           0.612           0.779           0.858           0.916        2213.320
       288           0.281           0.609           0.807           0.852           0.926           0.612           0.779           0.858           0.916        2220.793
       289           0.280           0.608           0.806           0.852           0.927           0.612           0.780           0.858           0.916        2228.238
       290           0.280           0.608           0.806           0.852           0.927           0.612           0.780           0.858           0.916        2235.677
       291           0.280           0.608           0.806           0.852           0.927           0.612           0.780           0.858           0.917        2243.113
       292           0.280           0.608           0.806           0.852           0.927           0.612           0.780           0.858           0.916        2250.621
       293           0.280           0.608           0.806           0.852           0.927           0.612           0.780           0.858           0.917        2258.055
       294           0.280           0.608           0.806           0.852           0.927           0.612           0.780           0.858           0.917        2265.492
       295           0.279           0.607           0.805           0.853           0.927           0.612           0.780           0.858           0.917        2272.926
       296           0.279           0.607           0.805           0.853           0.927           0.612           0.780           0.858           0.917        2280.376
       297           0.279           0.607           0.805           0.853           0.927           0.612           0.780           0.858           0.916        2287.811
       298           0.279           0.607           0.805           0.853           0.927           0.612           0.780           0.858           0.917        2295.298
       299           0.279           0.607           0.805           0.853           0.927           0.612           0.780           0.858           0.917        2302.737
       300           0.279           0.607           0.805           0.853           0.927           0.612           0.780           0.858           0.917        2310.172
       301           0.279           0.606           0.804           0.853           0.927           0.612           0.780           0.858           0.916        2317.605
       302           0.279           0.606           0.804           0.853           0.927           0.612           0.780           0.858           0.917        2325.040
       303           0.279           0.606           0.804           0.853           0.927           0.612           0.780           0.858           0.916        2332.527
       304           0.279           0.606           0.804           0.853           0.927           0.612           0.780           0.858           0.917        2340.025
       305           0.279           0.606           0.804           0.853           0.927           0.612           0.779           0.858           0.916        2347.465
       306           0.279           0.606           0.804           0.853           0.927           0.612           0.780           0.858           0.917        2354.903
       307           0.279           0.606           0.804           0.853           0.927           0.612           0.780           0.858           0.916        2362.333
       308           0.279           0.606           0.804           0.853           0.927           0.612           0.780           0.858           0.916        2369.769
       309           0.279           0.606           0.804           0.853           0.927           0.612           0.779           0.858           0.916        2377.268
       310           0.279           0.606           0.804           0.853           0.927           0.612           0.779           0.858           0.916        2384.706
       311           0.279           0.606           0.804           0.853           0.927           0.612           0.779           0.858           0.916        2392.146
       312           0.279           0.606           0.804           0.853           0.927           0.612           0.780           0.858           0.916        2399.639
       313           0.279           0.606           0.804           0.853           0.927           0.612           0.779           0.858           0.916        2407.074
       314           0.279           0.606           0.804           0.853           0.927           0.612           0.780           0.858           0.916        2414.513
       315           0.279           0.606           0.804           0.853           0.927           0.612           0.779           0.858           0.916        2421.998
       316           0.279           0.606           0.804           0.853           0.927           0.612           0.779           0.858           0.916        2429.437
       317           0.279           0.606           0.804           0.853           0.927           0.612           0.779           0.858           0.916        2436.874
       318           0.279           0.606           0.804           0.853           0.927           0.612           0.779           0.858           0.916        2444.312
       319           0.279           0.606           0.804           0.853           0.927           0.612           0.779           0.858           0.916        2451.740
       320           0.279           0.606           0.804           0.853           0.927           0.612           0.779           0.858           0.916        2459.266
       321           0.279           0.606           0.804           0.853           0.927           0.612           0.779           0.858           0.916        2466.708
       322           0.278           0.606           0.804           0.853           0.927           0.612           0.779           0.858           0.916        2474.143
       323           0.278           0.606           0.804           0.853           0.927           0.612           0.779           0.858           0.916        2481.580
       324           0.278           0.606           0.803           0.853           0.927           0.612           0.779           0.858           0.916        2489.015
       325           0.278           0.606           0.803           0.853           0.927           0.612           0.779           0.858           0.916        2496.453
       326           0.278           0.606           0.803           0.853           0.927           0.612           0.779           0.858           0.916        2503.959
       327           0.278           0.606           0.803           0.853           0.927           0.612           0.779           0.858           0.916        2511.403
       328           0.278           0.606           0.803           0.853           0.927           0.612           0.779           0.858           0.916        2518.901
       329           0.278           0.606           0.803           0.853           0.927           0.612           0.779           0.858           0.916        2526.341
       330           0.278           0.606           0.803           0.853           0.927           0.612           0.779           0.858           0.916        2533.783
       331           0.278           0.606           0.803           0.853           0.927           0.612           0.779           0.858           0.916        2541.222
       332           0.278           0.606           0.803           0.853           0.927           0.612           0.779           0.858           0.916        2548.718
       333           0.278           0.606           0.803           0.853           0.927           0.611           0.779           0.858           0.916        2556.156
       334           0.278           0.606           0.803           0.853           0.927           0.612           0.779           0.858           0.916        2563.658
       335           0.278           0.606           0.803           0.853           0.927           0.611           0.779           0.858           0.916        2571.106
       336           0.278           0.605           0.803           0.853           0.927           0.611           0.779           0.858           0.916        2578.586
       337           0.278           0.605           0.803           0.853           0.927           0.611           0.779           0.858           0.916        2586.085
       338           0.278           0.605           0.803           0.853           0.927           0.611           0.779           0.858           0.916        2593.518
       339           0.278           0.605           0.803           0.853           0.927           0.611           0.779           0.858           0.916        2600.962
       340           0.278           0.605           0.803           0.853           0.927           0.611           0.779           0.858           0.916        2608.405
       341           0.278           0.605           0.803           0.853           0.927           0.611           0.779           0.858           0.916        2615.847
       342           0.278           0.605           0.803           0.853           0.927           0.611           0.779           0.858           0.916        2623.283
       343           0.278           0.605           0.803           0.853           0.927           0.611           0.779           0.858           0.916        2630.781
       344           0.278           0.605           0.803           0.853           0.927           0.611           0.779           0.858           0.916        2638.281
       345           0.278           0.605           0.803           0.853           0.927           0.611           0.778           0.858           0.916        2645.729
       346           0.278           0.605           0.803           0.853           0.927           0.611           0.778           0.858           0.916        2653.169
       347           0.278           0.605           0.803           0.853           0.927           0.611           0.778           0.858           0.916        2660.611
       348           0.278           0.605           0.803           0.853           0.927           0.611           0.778           0.858           0.916        2668.116
       349           0.278           0.605           0.803           0.853           0.927           0.611           0.778           0.858           0.916        2675.563
       350           0.278           0.605           0.803           0.853           0.927           0.611           0.778           0.858           0.916        2683.002
       351           0.278           0.605           0.803           0.853           0.927           0.611           0.778           0.858           0.916        2690.441
       352           0.278           0.605           0.803           0.853           0.927           0.611           0.778           0.858           0.916        2697.939
       353           0.278           0.605           0.803           0.853           0.927           0.611           0.778           0.858           0.916        2705.386
       354           0.278           0.605           0.803           0.853           0.927           0.611           0.778           0.858           0.916        2712.904
       355           0.278           0.605           0.803           0.853           0.927           0.611           0.778           0.858           0.916        2720.347
       356           0.278           0.605           0.803           0.853           0.927           0.611           0.778           0.858           0.916        2727.794
       357           0.278           0.605           0.803           0.853           0.927           0.610           0.778           0.858           0.916        2735.238
       358           0.278           0.605           0.803           0.854           0.927           0.611           0.778           0.858           0.916        2742.680
       359           0.278           0.605           0.803           0.854           0.927           0.610           0.778           0.858           0.916        2750.123
       360           0.278           0.605           0.803           0.854           0.927           0.610           0.778           0.858           0.916        2757.679
       361           0.278           0.605           0.803           0.854           0.927           0.610           0.778           0.858           0.916        2765.113
       362           0.278           0.605           0.803           0.854           0.927           0.610           0.778           0.858           0.916        2772.552
       363           0.278           0.605           0.803           0.854           0.927           0.610           0.778           0.858           0.916        2779.990
       364           0.278           0.604           0.802           0.854           0.927           0.610           0.778           0.858           0.916        2787.428
       365           0.278           0.604           0.802           0.854           0.927           0.610           0.778           0.858           0.916        2794.926
       366           0.277           0.604           0.802           0.854           0.927           0.610           0.778           0.858           0.916        2802.360
       367           0.277           0.604           0.802           0.854           0.927           0.610           0.778           0.858           0.916        2809.796
       368           0.277           0.604           0.802           0.854           0.927           0.610           0.778           0.858           0.916        2817.332
       369           0.277           0.604           0.802           0.854           0.927           0.610           0.778           0.859           0.916        2824.773
       370           0.277           0.604           0.802           0.854           0.927           0.610           0.778           0.858           0.916        2832.212
       371           0.277           0.604           0.802           0.854           0.927           0.610           0.778           0.859           0.916        2839.702
       372           0.277           0.604           0.802           0.854           0.927           0.610           0.778           0.859           0.916        2847.144
       373           0.277           0.604           0.802           0.854           0.927           0.610           0.777           0.859           0.916        2854.590
       374           0.277           0.604           0.802           0.854           0.927           0.610           0.778           0.859           0.916        2862.029
       375           0.277           0.604           0.802           0.854           0.927           0.610           0.777           0.859           0.916        2869.469
       376           0.277           0.604           0.802           0.854           0.927           0.610           0.777           0.859           0.916        2876.958
       377           0.277           0.604           0.802           0.854           0.927           0.610           0.777           0.859           0.916        2884.689
       378           0.277           0.604           0.802           0.854           0.927           0.610           0.777           0.859           0.916        2892.336
       379           0.277           0.604           0.802           0.854           0.927           0.610           0.777           0.859           0.916        2899.984
       380           0.277           0.604           0.802           0.854           0.927           0.610           0.777           0.859           0.916        2907.631
       381           0.277           0.604           0.802           0.854           0.927           0.610           0.777           0.859           0.916        2915.281
       382           0.277           0.604           0.802           0.854           0.927           0.610           0.777           0.859           0.916        2922.929
       383           0.277           0.604           0.802           0.854           0.927           0.610           0.777           0.859           0.916        2930.661
       384           0.277           0.604           0.802           0.854           0.927           0.610           0.777           0.859           0.916        2938.372
       385           0.277           0.604           0.802           0.854           0.927           0.609           0.777           0.859           0.916        2946.034
       386           0.277           0.604           0.802           0.854           0.927           0.609           0.777           0.859           0.916        2953.691
       387           0.277           0.604           0.802           0.854           0.927           0.609           0.777           0.859           0.916        2961.342
       388           0.277           0.604           0.802           0.854           0.927           0.609           0.777           0.859           0.916        2969.021
       389           0.277           0.604           0.802           0.854           0.927           0.609           0.777           0.859           0.916        2976.614
       390           0.277           0.603           0.802           0.854           0.927           0.609           0.777           0.859           0.916        2984.208
       391           0.277           0.603           0.802           0.854           0.927           0.609           0.777           0.859           0.916        2991.797
       392           0.277           0.603           0.802           0.854           0.927           0.609           0.777           0.859           0.916        2999.409
       393           0.277           0.603           0.802           0.854           0.928           0.609           0.777           0.859           0.916        3006.998
       394           0.277           0.603           0.802           0.854           0.928           0.609           0.777           0.859           0.916        3014.660
       395           0.277           0.603           0.802           0.854           0.928           0.609           0.777           0.859           0.916        3022.260
       396           0.277           0.603           0.801           0.854           0.928           0.609           0.777           0.859           0.916        3029.868
       397           0.277           0.603           0.801           0.854           0.928           0.609           0.777           0.859           0.916        3037.520
       398           0.277           0.603           0.801           0.854           0.928           0.609           0.777           0.859           0.917        3045.125
       399           0.277           0.603           0.801           0.854           0.928           0.609           0.777           0.859           0.916        3052.792
       400           0.277           0.603           0.801           0.854           0.928           0.609           0.777           0.859           0.916        3060.416
       401           0.277           0.603           0.801           0.854           0.928           0.609           0.777           0.859           0.916        3068.023
       402           0.277           0.603           0.801           0.854           0.928           0.609           0.777           0.859           0.916        3075.627
       403           0.277           0.603           0.801           0.854           0.928           0.609           0.776           0.859           0.916        3083.223
       404           0.276           0.603           0.801           0.854           0.928           0.609           0.777           0.859           0.916        3090.826
       405           0.276           0.603           0.801           0.854           0.928           0.609           0.776           0.859           0.916        3098.486
       406           0.276           0.603           0.801           0.854           0.928           0.609           0.776           0.859           0.916        3106.095
       407           0.276           0.603           0.801           0.854           0.928           0.609           0.776           0.859           0.916        3113.705
       408           0.276           0.603           0.801           0.854           0.928           0.609           0.776           0.859           0.916        3121.373
       409           0.276           0.603           0.801           0.854           0.928           0.608           0.776           0.859           0.916        3128.984
       410           0.276           0.603           0.801           0.854           0.928           0.608           0.776           0.859           0.916        3136.591
       411           0.276           0.603           0.801           0.854           0.928           0.608           0.776           0.859           0.916        3144.258
       412           0.276           0.603           0.801           0.854           0.928           0.608           0.776           0.859           0.916        3151.862
       413           0.276           0.603           0.801           0.854           0.928           0.608           0.776           0.859           0.916        3159.469
       414           0.276           0.602           0.801           0.854           0.928           0.608           0.776           0.859           0.916        3167.127
       415           0.276           0.602           0.801           0.854           0.928           0.608           0.776           0.859           0.916        3174.736
       416           0.276           0.602           0.801           0.854           0.928           0.608           0.776           0.859           0.916        3182.468
       417           0.276           0.602           0.801           0.854           0.928           0.608           0.776           0.859           0.916        3190.108
       418           0.276           0.602           0.801           0.854           0.928           0.608           0.776           0.859           0.916        3197.710
       419           0.276           0.602           0.801           0.854           0.928           0.608           0.776           0.859           0.916        3205.315
       420           0.276           0.602           0.801           0.854           0.928           0.608           0.776           0.859           0.916        3212.915
       421           0.276           0.602           0.801           0.854           0.928           0.608           0.776           0.859           0.916        3220.515
       422           0.276           0.602           0.801           0.854           0.928           0.608           0.776           0.859           0.916        3228.189
       423           0.276           0.602           0.801           0.854           0.928           0.608           0.776           0.859           0.916        3235.799
       424           0.276           0.602           0.801           0.854           0.928           0.608           0.776           0.859           0.916        3243.460
       425           0.276           0.602           0.801           0.854           0.928           0.608           0.776           0.859           0.916        3251.072
       426           0.276           0.602           0.800           0.854           0.928           0.608           0.776           0.859           0.916        3258.677
       427           0.276           0.602           0.800           0.854           0.928           0.608           0.776           0.859           0.916        3266.310
       428           0.276           0.602           0.800           0.854           0.928           0.608           0.776           0.859           0.916        3274.027
       429           0.276           0.602           0.800           0.854           0.928           0.608           0.776           0.859           0.916        3281.690
       430           0.276           0.602           0.800           0.854           0.928           0.608           0.776           0.859           0.916        3289.353
       431           0.276           0.602           0.800           0.854           0.928           0.608           0.776           0.859           0.916        3297.076
       432           0.276           0.602           0.800           0.854           0.928           0.608           0.776           0.859           0.916        3304.742
       433           0.276           0.602           0.800           0.854           0.928           0.608           0.776           0.859           0.916        3312.425
       434           0.276           0.602           0.800           0.854           0.928           0.608           0.776           0.859           0.916        3320.150
       435           0.276           0.602           0.800           0.854           0.928           0.608           0.775           0.859           0.916        3327.807
       436           0.276           0.602           0.800           0.854           0.928           0.607           0.775           0.859           0.916        3335.424
       437           0.276           0.602           0.800           0.854           0.928           0.608           0.775           0.859           0.916        3342.982
       438           0.276           0.602           0.800           0.854           0.928           0.607           0.775           0.859           0.916        3350.547
       439           0.276           0.602           0.800           0.854           0.928           0.607           0.775           0.859           0.916        3358.232
       440           0.276           0.601           0.800           0.854           0.928           0.607           0.775           0.859           0.916        3365.808
       441           0.275           0.601           0.800           0.855           0.928           0.607           0.775           0.859           0.916        3373.378
       442           0.275           0.601           0.800           0.855           0.928           0.607           0.775           0.859           0.916        3380.951
       443           0.275           0.601           0.800           0.855           0.928           0.607           0.775           0.859           0.916        3388.519
       444           0.275           0.601           0.800           0.855           0.928           0.607           0.775           0.859           0.916        3396.093
       445           0.275           0.601           0.800           0.855           0.928           0.607           0.775           0.859           0.916        3403.722
       446           0.275           0.601           0.800           0.855           0.928           0.607           0.775           0.859           0.916        3411.289
       447           0.275           0.601           0.800           0.855           0.928           0.607           0.775           0.859           0.916        3418.902
       448           0.275           0.601           0.800           0.855           0.928           0.607           0.775           0.859           0.916        3426.480
       449           0.275           0.601           0.800           0.855           0.928           0.607           0.775           0.859           0.916        3434.051
       450           0.275           0.601           0.800           0.855           0.928           0.607           0.775           0.859           0.916        3441.692
       451           0.275           0.601           0.800           0.855           0.928           0.607           0.775           0.859           0.916        3449.263
       452           0.275           0.601           0.800           0.855           0.928           0.607           0.775           0.860           0.916        3456.825
       453           0.275           0.601           0.799           0.855           0.928           0.607           0.775           0.860           0.916        3464.399
       454           0.275           0.601           0.799           0.855           0.928           0.607           0.775           0.860           0.916        3471.968
       455           0.275           0.601           0.799           0.855           0.928           0.607           0.775           0.860           0.916        3479.549
       456           0.275           0.601           0.799           0.855           0.928           0.607           0.775           0.860           0.916        3487.173
       457           0.275           0.601           0.799           0.855           0.928           0.607           0.775           0.860           0.916        3494.744
       458           0.275           0.601           0.799           0.855           0.928           0.607           0.775           0.860           0.916        3502.314
       459           0.275           0.601           0.799           0.855           0.928           0.607           0.775           0.860           0.916        3509.883
       460           0.275           0.601           0.799           0.855           0.928           0.607           0.775           0.860           0.916        3517.455
       461           0.275           0.601           0.799           0.855           0.928           0.607           0.775           0.860           0.916        3525.026
       462           0.275           0.601           0.799           0.855           0.928           0.606           0.774           0.860           0.916        3532.654
       463           0.275           0.601           0.799           0.855           0.928           0.607           0.774           0.860           0.916        3540.282
       464           0.275           0.601           0.799           0.855           0.928           0.606           0.774           0.860           0.916        3547.867
       465           0.275           0.600           0.799           0.855           0.928           0.606           0.774           0.860           0.916        3555.441
       466           0.275           0.600           0.799           0.855           0.928           0.606           0.774           0.860           0.916        3563.006
       467           0.275           0.600           0.799           0.855           0.928           0.606           0.774           0.860           0.916        3570.629
       468           0.275           0.600           0.799           0.855           0.928           0.606           0.774           0.860           0.916        3578.122
       469           0.275           0.600           0.799           0.855           0.928           0.606           0.774           0.860           0.916        3585.622
       470           0.275           0.600           0.799           0.855           0.928           0.606           0.774           0.860           0.916        3593.049
       471           0.275           0.600           0.799           0.855           0.928           0.606           0.774           0.860           0.916        3600.536
       472           0.275           0.600           0.799           0.855           0.928           0.606           0.774           0.860           0.916        3607.967
       473           0.275           0.600           0.799           0.855           0.928           0.606           0.774           0.860           0.916        3615.749
       474           0.275           0.600           0.799           0.855           0.928           0.606           0.774           0.860           0.916        3623.302
       475           0.275           0.600           0.799           0.855           0.928           0.606           0.774           0.860           0.916        3630.870
       476           0.275           0.600           0.799           0.855           0.928           0.606           0.774           0.860           0.916        3638.428
       477           0.274           0.600           0.799           0.855           0.928           0.606           0.774           0.860           0.916        3645.992
       478           0.274           0.600           0.799           0.855           0.928           0.606           0.774           0.860           0.916        3653.544
       479           0.274           0.600           0.799           0.855           0.928           0.606           0.774           0.860           0.916        3661.679
       480           0.274           0.600           0.798           0.855           0.928           0.606           0.774           0.860           0.916        3669.129
       481           0.274           0.600           0.798           0.855           0.928           0.606           0.774           0.860           0.916        3676.574
       482           0.274           0.600           0.798           0.855           0.928           0.606           0.774           0.860           0.916        3684.025
       483           0.274           0.600           0.798           0.855           0.928           0.606           0.774           0.860           0.916        3691.472
       484           0.274           0.600           0.798           0.855           0.928           0.606           0.774           0.860           0.916        3698.924
       485           0.274           0.600           0.798           0.855           0.928           0.606           0.774           0.860           0.916        3706.446
       486           0.274           0.600           0.798           0.855           0.928           0.605           0.774           0.860           0.916        3713.908
       487           0.274           0.600           0.798           0.855           0.928           0.606           0.774           0.860           0.916        3721.373
       488           0.274           0.600           0.798           0.855           0.928           0.605           0.773           0.860           0.916        3728.826
       489           0.274           0.600           0.798           0.855           0.928           0.605           0.773           0.860           0.916        3736.276
       490           0.274           0.599           0.798           0.855           0.928           0.605           0.773           0.860           0.916        3743.779
       491           0.274           0.599           0.798           0.855           0.928           0.605           0.773           0.860           0.916        3751.228
       492           0.274           0.599           0.798           0.855           0.928           0.605           0.773           0.860           0.916        3758.676
       493           0.274           0.599           0.798           0.855           0.928           0.605           0.773           0.860           0.916        3766.120
       494           0.274           0.599           0.798           0.855           0.928           0.605           0.773           0.860           0.916        3773.557
       495           0.274           0.599           0.798           0.855           0.928           0.605           0.773           0.860           0.916        3781.047
       496           0.274           0.599           0.798           0.855           0.928           0.605           0.773           0.860           0.916        3788.538
       497           0.274           0.599           0.798           0.855           0.928           0.605           0.773           0.860           0.916        3795.975
       498           0.274           0.599           0.798           0.855           0.928           0.605           0.773           0.860           0.916        3803.416
       499           0.274           0.599           0.798           0.855           0.928           0.605           0.773           0.860           0.916        3810.935
       500           0.274           0.599           0.798           0.855           0.928           0.605           0.773           0.860           0.916        3818.498
--------------------------------------------------------------------------------------------------------------------------------------------------------------------------------------------------------
The best indicator statistics
      BestEpoch        TrainMAE       TrainRMSE         TrainR2         TrainCC         TestMAE        TestRMSE          TestR2          TestCC
       500           0.599           0.798           0.855           0.928           0.605           0.773           0.860           0.916
Total training time: 3818.6411 seconds
>>> Training of the Model Accomplished! >>>
End at:  Sat Apr  8 00:40:18 2023
++++++++++++++++++++++++++++++++++++++++
process end at : 
Sat Apr  8 00:40:26 CST 2023
