32
process will start at : 
Sat Jun 17 23:51:40 CST 2023
++++++++++++++++++++++++++++++++++++++++
Load GaoDataSet from /lustre/home/qfchen/Mult-Target-Molecular/TAGCN-N-O-feature/dataset/N_O_train_lbl.scv ... done (7001 lines, 140.338 seconds) 
Load GaoDataSet from /lustre/home/qfchen/Mult-Target-Molecular/TAGCN-N-O-feature/dataset/N_O_test_lbl.scv ... done (3001 lines, 59.750 seconds) 
>>> Training of the Model >>>
Start at:  Sat Jun 17 23:55:47 2023
PID:       430962
Learning rate:               1E-03
Batch size:                  32
Maximum epochs:              500
Output frequency:            1
Device:                      cpu
--------------------------------------------------------------------------------------------------------------------------------------------------------------------------------------------------------
     Epoch       TrainLoss        TrainMAE       TrainRMSE         TrainR2         TrainCC        ValidMAE       ValidRMSE         ValidR2         ValidCC         Time(s)
--------------------------------------------------------------------------------------------------------------------------------------------------------------------------------------------------------
         0           0.563           0.626           0.930           0.156           0.774           0.523           0.723           0.485           0.871          40.309
         1           0.256           0.484           0.700           0.522           0.878           0.096           0.310           0.905           0.960          76.120
         2           0.472           0.578           0.816           0.350           0.820           0.842           0.918           0.170           0.928         111.778
         3           0.194           0.486           0.697           0.526           0.883           0.026           0.162           0.974           0.990         147.193
         4           0.378           0.528           0.756           0.442           0.855           0.893           0.945           0.121           0.949         182.526
         5           0.179           0.491           0.701           0.521           0.885           0.007           0.084           0.993           0.997         217.908
         6           0.182           0.486           0.697           0.526           0.884           0.985           0.992           0.030           0.995         253.284
         7           0.172           0.490           0.700           0.522           0.885           0.920           0.959           0.094           0.963         289.508
         8           0.142           0.489           0.699           0.523           0.885           0.039           0.197           0.962           0.983         326.442
         9           0.247           0.499           0.712           0.505           0.880           0.008           0.089           0.992           0.997         363.603
        10           0.163           0.492           0.702           0.519           0.884           0.780           0.883           0.232           0.921         401.240
        11           0.249           0.497           0.708           0.511           0.883           0.002           0.041           0.998           0.999         438.857
        12           0.205           0.490           0.704           0.516           0.880           0.005           0.068           0.995           0.998         476.550
        13           0.178           0.492           0.702           0.519           0.884           0.026           0.160           0.975           0.989         514.349
        14           0.101           0.490           0.700           0.522           0.885           0.827           0.909           0.186           0.924         552.112
        15           0.163           0.489           0.701           0.521           0.886           0.991           0.996           0.024           0.999         590.009
        16           0.255           0.494           0.704           0.517           0.886           0.759           0.871           0.252           0.905         627.655
        17           0.149           0.489           0.699           0.523           0.887           0.991           0.996           0.024           0.999         665.243
        18           0.219           0.491           0.701           0.521           0.885           0.921           0.960           0.093           0.964         702.467
        19           0.073           0.491           0.701           0.521           0.885           0.002           0.045           0.998           0.999         739.836
        20           0.099           0.491           0.701           0.521           0.885           0.551           0.743           0.457           0.876         777.592
        21           0.097           0.487           0.698           0.524           0.885           0.992           0.996           0.023           1.000         815.174
        22           0.264           0.509           0.724           0.489           0.882           0.924           0.961           0.090           0.968         852.197
        23           0.140           0.492           0.702           0.520           0.888           0.011           0.106           0.989           0.995         888.762
        24           0.082           0.488           0.698           0.524           0.885           0.011           0.106           0.989           0.995         924.822
        25           0.034           0.485           0.696           0.527           0.883           0.002           0.048           0.998           0.999         961.746
        26           0.142           0.491           0.704           0.517           0.884           0.449           0.670           0.558           0.867         998.540
        27           0.067           0.495           0.703           0.517           0.885           0.007           0.082           0.993           0.997        1035.364
        28           0.157           0.490           0.700           0.522           0.888           0.147           0.383           0.856           0.937        1072.296
        29           0.041           0.486           0.697           0.526           0.884           0.046           0.215           0.954           0.978        1109.387
        30           0.125           0.489           0.700           0.522           0.886           0.990           0.995           0.025           0.999        1147.296
        31           0.113           0.496           0.704           0.516           0.886           0.001           0.026           0.999           1.000        1184.325
        32           0.057           0.489           0.699           0.523           0.884           0.975           0.988           0.039           0.991        1221.682
        33           0.016           0.491           0.701           0.521           0.886           0.206           0.454           0.797           0.922        1258.791
        34           0.067           0.495           0.704           0.517           0.886           0.002           0.048           0.998           0.999        1295.956
        35           0.053           0.485           0.697           0.526           0.887           0.897           0.947           0.116           0.957        1333.203
        36           0.024           0.496           0.704           0.516           0.885           0.002           0.041           0.998           1.000        1370.005
        37           0.100           0.496           0.704           0.516           0.886           0.300           0.548           0.704           0.890        1406.683
        38           0.024           0.485           0.696           0.527           0.886           0.889           0.943           0.124           0.953        1443.096
        39           0.015           0.491           0.701           0.521           0.886           0.217           0.466           0.786           0.912        1479.413
        40          -0.001           0.489           0.699           0.523           0.884           0.102           0.319           0.900           0.956        1515.639
        41           0.082           0.493           0.702           0.519           0.887           0.057           0.238           0.944           0.974        1551.445
        42          -0.002           0.488           0.698           0.524           0.884           0.112           0.335           0.890           0.951        1587.319
        43          -0.021           0.488           0.699           0.523           0.884           0.134           0.366           0.868           0.943        1623.371
        44          -0.008           0.490           0.700           0.522           0.886           0.655           0.809           0.355           0.889        1659.076
        45           0.048           0.495           0.703           0.517           0.886           0.007           0.082           0.993           0.998        1695.060
        46           0.001           0.490           0.700           0.522           0.885           0.000           0.018           1.000           1.000        1730.845
        47           0.042           0.494           0.703           0.518           0.886           0.000           0.018           1.000           1.000        1766.774
        48           0.017           0.487           0.698           0.525           0.886           0.409           0.640           0.597           0.880        1802.423
        49           0.003           0.491           0.701           0.521           0.886           0.004           0.063           0.996           0.998        1838.055
        50           0.002           0.491           0.701           0.521           0.885           0.160           0.400           0.842           0.932        1874.146
        51          -0.006           0.493           0.702           0.519           0.885           0.000           0.018           1.000           1.000        1910.087
        52          -0.014           0.489           0.699           0.523           0.885           0.052           0.227           0.949           0.977        1946.352
        53          -0.026           0.492           0.701           0.520           0.884           0.050           0.224           0.950           0.977        1982.619
        54           0.005           0.489           0.699           0.523           0.885           0.292           0.540           0.713           0.895        2018.529
        55          -0.020           0.494           0.703           0.518           0.885           0.093           0.305           0.908           0.959        2054.572
        56          -0.017           0.487           0.698           0.525           0.885           0.109           0.330           0.893           0.953        2091.012
        57           0.030           0.498           0.706           0.514           0.887           0.958           0.979           0.056           0.984        2127.573
        58          -0.008           0.490           0.700           0.522           0.886           0.119           0.344           0.883           0.949        2164.120
        59          -0.020           0.496           0.704           0.516           0.885           0.002           0.045           0.998           0.999        2200.799
        60          -0.030           0.492           0.701           0.520           0.884           0.018           0.133           0.983           0.993        2237.541
        61          -0.029           0.492           0.701           0.520           0.886           0.405           0.636           0.601           0.882        2274.199
        62           0.013           0.491           0.701           0.521           0.886           0.472           0.687           0.535           0.879        2310.876
        63          -0.031           0.490           0.700           0.522           0.885           0.881           0.939           0.132           0.951        2347.522
        64          -0.036           0.494           0.703           0.518           0.885           0.022           0.149           0.978           0.990        2384.234
        65          -0.013           0.490           0.700           0.522           0.887           0.002           0.041           0.998           1.000        2421.083
        66           0.019           0.493           0.702           0.519           0.887           0.119           0.345           0.882           0.948        2457.862
        67          -0.003           0.487           0.698           0.525           0.885           0.878           0.937           0.136           0.951        2494.641
        68          -0.003           0.494           0.703           0.518           0.887           0.931           0.965           0.083           0.971        2530.974
        69          -0.023           0.493           0.702           0.519           0.886           0.116           0.341           0.885           0.948        2567.160
        70          -0.046           0.489           0.699           0.523           0.885           0.970           0.985           0.045           0.988        2603.343
        71          -0.034           0.486           0.697           0.526           0.886           0.043           0.208           0.957           0.980        2639.428
        72          -0.044           0.484           0.696           0.528           0.884           0.031           0.175           0.970           0.986        2675.724
        73          -0.022           0.491           0.701           0.521           0.885           0.002           0.041           0.998           1.000        2711.599
        74          -0.024           0.492           0.701           0.520           0.884           0.957           0.978           0.058           0.982        2747.540
        75          -0.012           0.489           0.699           0.523           0.887           0.989           0.995           0.026           0.998        2783.787
        76          -0.039           0.490           0.700           0.522           0.884           0.069           0.263           0.932           0.969        2824.664
        77          -0.045           0.486           0.697           0.525           0.887           0.608           0.780           0.402           0.874        2864.520
        78          -0.036           0.490           0.700           0.522           0.886           0.002           0.041           0.998           1.000        2900.545
        79          -0.037           0.490           0.700           0.522           0.887           0.735           0.857           0.276           0.906        2936.576
        80          -0.052           0.487           0.698           0.525           0.884           0.842           0.918           0.171           0.935        2972.605
        81          -0.051           0.490           0.700           0.522           0.886           0.957           0.978           0.057           0.982        3008.869
        82          -0.054           0.486           0.697           0.526           0.885           0.001           0.026           0.999           1.000        3044.953
        83          -0.027           0.490           0.700           0.522           0.887           0.128           0.358           0.874           0.944        3081.057
        84          -0.049           0.487           0.698           0.525           0.885           0.253           0.503           0.750           0.912        3117.131
        85          -0.052           0.486           0.697           0.526           0.884           0.471           0.686           0.536           0.877        3153.145
        86          -0.044           0.487           0.698           0.525           0.885           0.001           0.037           0.999           1.000        3189.729
        87          -0.028           0.488           0.698           0.524           0.885           0.879           0.937           0.135           0.949        3226.043
        88          -0.059           0.489           0.699           0.523           0.884           0.655           0.809           0.355           0.888        3262.217
        89          -0.053           0.486           0.697           0.526           0.885           0.002           0.045           0.998           0.999        3298.475
        90          -0.041           0.483           0.695           0.529           0.886           0.770           0.877           0.242           0.919        3334.850
        91          -0.048           0.492           0.702           0.520           0.886           0.001           0.032           0.999           1.000        3371.361
        92          -0.046           0.489           0.700           0.522           0.886           0.474           0.688           0.533           0.875        3407.739
        93          -0.062           0.488           0.699           0.524           0.884           0.001           0.037           0.999           1.000        3444.184
        94          -0.055           0.479           0.692           0.532           0.884           0.126           0.355           0.876           0.944        3480.718
        95          -0.059           0.493           0.702           0.519           0.885           0.289           0.538           0.715           0.903        3517.244
        96          -0.059           0.490           0.700           0.522           0.885           0.926           0.962           0.088           0.967        3554.183
        97          -0.065           0.490           0.700           0.522           0.884           0.665           0.815           0.345           0.886        3590.870
        98          -0.057           0.487           0.698           0.524           0.885           0.512           0.715           0.496           0.882        3627.578
        99          -0.048           0.488           0.698           0.524           0.886           0.270           0.520           0.734           0.908        3664.259
       100          -0.061           0.481           0.694           0.531           0.885           0.272           0.522           0.732           0.903        3700.905
       101          -0.056           0.491           0.700           0.521           0.886           0.166           0.407           0.837           0.932        3739.677
       102          -0.064           0.489           0.699           0.523           0.885           0.132           0.363           0.870           0.943        3776.430
       103          -0.061           0.493           0.702           0.519           0.887           0.393           0.627           0.613           0.887        3813.158
       104          -0.059           0.489           0.699           0.523           0.884           0.030           0.174           0.970           0.985        3850.230
       105          -0.045           0.488           0.699           0.524           0.883           0.322           0.568           0.683           0.889        3886.435
       106          -0.061           0.483           0.695           0.528           0.883           0.002           0.045           0.998           0.999        3925.903
       107          -0.054           0.479           0.692           0.532           0.886           0.590           0.768           0.419           0.886        3962.614
       108          -0.067           0.491           0.701           0.521           0.885           0.040           0.201           0.960           0.981        3999.096
       109          -0.061           0.482           0.694           0.529           0.885           0.119           0.344           0.883           0.950        4035.567
       110          -0.068           0.484           0.696           0.527           0.884           0.001           0.037           0.999           1.000        4072.071
       111          -0.047           0.499           0.706           0.513           0.885           0.002           0.041           0.998           0.999        4109.317
       112          -0.058           0.480           0.693           0.532           0.886           0.093           0.305           0.908           0.958        4146.006
       113          -0.065           0.488           0.698           0.524           0.885           0.006           0.077           0.994           0.998        4182.768
       114          -0.050           0.492           0.702           0.520           0.886           0.935           0.967           0.079           0.972        4219.406
       115          -0.067           0.488           0.699           0.524           0.885           0.063           0.250           0.938           0.972        4255.967
       116          -0.069           0.486           0.697           0.526           0.886           0.102           0.320           0.899           0.955        4292.683
       117          -0.065           0.489           0.699           0.523           0.885           0.511           0.715           0.496           0.875        4329.207
       118          -0.068           0.481           0.693           0.531           0.884           0.243           0.493           0.760           0.913        4365.747
       119          -0.063           0.487           0.698           0.525           0.885           0.031           0.177           0.969           0.985        4402.294
       120          -0.064           0.482           0.694           0.530           0.885           0.001           0.037           0.999           1.000        4438.861
       121          -0.066           0.487           0.698           0.524           0.885           0.042           0.204           0.959           0.980        4475.636
       122          -0.070           0.483           0.695           0.529           0.885           0.847           0.920           0.166           0.938        4512.285
       123          -0.066           0.488           0.699           0.524           0.885           0.986           0.993           0.029           0.996        4548.911
       124          -0.071           0.487           0.698           0.525           0.884           0.023           0.152           0.977           0.989        4585.609
       125          -0.075           0.482           0.694           0.530           0.884           0.123           0.351           0.879           0.947        4622.489
       126          -0.067           0.485           0.697           0.526           0.885           0.780           0.883           0.232           0.918        4662.578
       127          -0.072           0.491           0.701           0.521           0.886           0.021           0.144           0.980           0.991        4699.150
       128          -0.072           0.489           0.699           0.523           0.885           0.155           0.394           0.847           0.934        4735.674
       129          -0.073           0.481           0.694           0.531           0.882           0.043           0.207           0.958           0.980        4772.289
       130          -0.071           0.491           0.701           0.521           0.883           0.091           0.302           0.910           0.960        4808.809
       131          -0.071           0.482           0.694           0.529           0.885           0.033           0.183           0.967           0.984        4845.631
       132          -0.071           0.484           0.696           0.527           0.884           0.034           0.183           0.967           0.984        4882.213
       133          -0.073           0.486           0.697           0.526           0.885           0.291           0.539           0.714           0.899        4920.112
       134          -0.073           0.482           0.694           0.530           0.883           0.270           0.520           0.734           0.908        4961.397
       135          -0.073           0.485           0.697           0.526           0.884           0.010           0.100           0.990           0.996        5002.657
       136          -0.074           0.488           0.699           0.523           0.883           0.058           0.240           0.943           0.974        5040.437
       137          -0.069           0.480           0.693           0.532           0.884           0.577           0.760           0.432           0.885        5077.078
       138          -0.077           0.484           0.696           0.528           0.883           0.008           0.089           0.992           0.997        5113.716
       139          -0.075           0.483           0.695           0.529           0.885           0.320           0.566           0.685           0.899        5150.363
       140          -0.076           0.489           0.699           0.523           0.885           0.022           0.147           0.979           0.990        5187.006
       141          -0.074           0.484           0.696           0.528           0.884           0.069           0.263           0.932           0.969        5223.851
       142          -0.075           0.486           0.697           0.526           0.883           0.120           0.346           0.882           0.948        5260.549
       143          -0.074           0.486           0.697           0.526           0.884           0.072           0.269           0.929           0.967        5297.272
       144          -0.077           0.482           0.694           0.530           0.884           0.083           0.288           0.919           0.962        5333.914
       145          -0.079           0.488           0.699           0.524           0.883           0.176           0.420           0.826           0.928        5370.647
       146          -0.070           0.486           0.697           0.526           0.883           0.846           0.920           0.166           0.938        5407.351
       147          -0.072           0.491           0.701           0.521           0.885           0.203           0.451           0.800           0.921        5444.172
       148          -0.077           0.487           0.698           0.525           0.885           0.106           0.325           0.896           0.953        5480.882
       149          -0.077           0.486           0.697           0.526           0.884           0.010           0.098           0.990           0.996        5517.595
       150          -0.074           0.491           0.701           0.521           0.883           0.153           0.391           0.850           0.935        5554.339
       151          -0.080           0.480           0.693           0.532           0.884           0.117           0.342           0.885           0.950        5590.987
       152          -0.079           0.486           0.697           0.526           0.884           0.135           0.367           0.867           0.943        5627.816
       153          -0.079           0.486           0.697           0.526           0.883           0.123           0.350           0.879           0.948        5664.516
       154          -0.079           0.484           0.696           0.527           0.885           0.312           0.558           0.693           0.897        5701.242
       155          -0.078           0.488           0.698           0.524           0.883           0.105           0.324           0.897           0.954        5738.028
       156          -0.080           0.480           0.693           0.531           0.883           0.130           0.361           0.872           0.945        5774.759
       157          -0.078           0.493           0.702           0.519           0.883           0.067           0.259           0.934           0.969        5811.646
       158          -0.080           0.488           0.698           0.524           0.884           0.186           0.431           0.817           0.927        5848.568
       159          -0.079           0.486           0.697           0.526           0.885           0.157           0.397           0.845           0.935        5885.686
       160          -0.079           0.488           0.699           0.523           0.883           0.092           0.303           0.909           0.960        5922.709
       161          -0.080           0.483           0.695           0.529           0.883           0.093           0.306           0.908           0.958        5960.138
       162          -0.080           0.489           0.699           0.523           0.883           0.136           0.368           0.866           0.943        5997.442
       163          -0.079           0.490           0.700           0.522           0.884           0.249           0.499           0.754           0.912        6034.734
       164          -0.081           0.488           0.699           0.524           0.884           0.101           0.317           0.901           0.956        6072.139
       165          -0.079           0.489           0.699           0.523           0.883           0.070           0.264           0.931           0.969        6109.919
       166          -0.081           0.487           0.698           0.524           0.883           0.115           0.339           0.887           0.951        6147.642
       167          -0.079           0.488           0.698           0.524           0.884           0.043           0.208           0.957           0.980        6185.511
       168          -0.081           0.484           0.696           0.528           0.883           0.094           0.307           0.907           0.958        6223.234
       169          -0.081           0.486           0.697           0.525           0.883           0.077           0.277           0.924           0.966        6260.986
       170          -0.081           0.481           0.694           0.531           0.883           0.085           0.291           0.917           0.962        6298.722
       171          -0.082           0.483           0.695           0.529           0.884           0.102           0.320           0.899           0.955        6336.463
       172          -0.080           0.487           0.698           0.524           0.884           0.083           0.288           0.919           0.963        6374.292
       173          -0.081           0.483           0.695           0.529           0.884           0.099           0.314           0.903           0.957        6412.044
       174          -0.081           0.485           0.697           0.526           0.884           0.089           0.298           0.913           0.960        6449.798
       175          -0.078           0.484           0.696           0.528           0.884           0.230           0.479           0.774           0.917        6487.467
       176          -0.082           0.482           0.694           0.530           0.883           0.253           0.503           0.751           0.912        6525.411
       177          -0.083           0.481           0.694           0.530           0.883           0.112           0.334           0.890           0.952        6563.392
       178          -0.082           0.478           0.691           0.534           0.884           0.261           0.511           0.743           0.909        6601.043
       179          -0.082           0.482           0.694           0.529           0.883           0.111           0.333           0.891           0.952        6638.744
       180          -0.081           0.481           0.693           0.531           0.883           0.023           0.153           0.977           0.989        6676.391
       181          -0.082           0.485           0.696           0.527           0.883           0.127           0.357           0.875           0.947        6714.027
       182          -0.083           0.483           0.695           0.528           0.884           0.222           0.472           0.781           0.918        6751.617
       183          -0.083           0.486           0.697           0.525           0.883           0.011           0.105           0.989           0.996        6788.937
       184          -0.082           0.481           0.694           0.530           0.884           0.227           0.476           0.777           0.917        6826.226
       185          -0.083           0.487           0.698           0.525           0.883           0.010           0.102           0.990           0.996        6863.515
       186          -0.082           0.488           0.699           0.523           0.884           0.019           0.137           0.982           0.992        6900.825
       187          -0.082           0.489           0.699           0.523           0.883           0.027           0.163           0.974           0.988        6938.306
       188          -0.082           0.486           0.697           0.526           0.883           0.018           0.134           0.982           0.992        6975.610
       189          -0.082           0.485           0.696           0.527           0.883           0.016           0.128           0.984           0.993        7012.877
       190          -0.083           0.489           0.699           0.523           0.883           0.029           0.169           0.972           0.986        7050.116
       191          -0.083           0.487           0.698           0.524           0.883           0.030           0.174           0.970           0.986        7087.266
       192          -0.083           0.487           0.698           0.525           0.883           0.028           0.167           0.972           0.987        7124.568
       193          -0.083           0.486           0.697           0.526           0.884           0.028           0.168           0.972           0.987        7161.805
       194          -0.083           0.489           0.699           0.523           0.884           0.137           0.370           0.865           0.944        7199.022
       195          -0.084           0.492           0.702           0.520           0.883           0.065           0.255           0.936           0.970        7236.218
       196          -0.083           0.483           0.695           0.528           0.882           0.256           0.506           0.748           0.909        7273.405
       197          -0.084           0.493           0.702           0.519           0.883           0.036           0.189           0.965           0.983        7310.700
       198          -0.083           0.492           0.701           0.520           0.883           0.033           0.183           0.967           0.984        7347.860
       199          -0.083           0.482           0.695           0.529           0.883           0.254           0.504           0.750           0.909        7385.150
       200          -0.084           0.490           0.700           0.522           0.883           0.040           0.199           0.961           0.981        7422.502
       201          -0.084           0.493           0.702           0.519           0.883           0.033           0.182           0.967           0.985        7460.113
       202          -0.083           0.489           0.699           0.523           0.883           0.039           0.197           0.962           0.982        7498.074
       203          -0.084           0.492           0.702           0.520           0.883           0.031           0.176           0.969           0.985        7536.088
       204          -0.083           0.488           0.698           0.524           0.884           0.042           0.205           0.959           0.981        7573.901
       205          -0.084           0.488           0.699           0.523           0.884           0.210           0.458           0.793           0.922        7611.560
       206          -0.084           0.486           0.697           0.526           0.883           0.129           0.359           0.873           0.947        7653.072
       207          -0.084           0.490           0.700           0.522           0.883           0.104           0.322           0.898           0.955        7691.171
       208          -0.084           0.487           0.698           0.525           0.883           0.142           0.377           0.860           0.942        7728.245
       209          -0.084           0.489           0.699           0.523           0.883           0.142           0.376           0.860           0.942        7765.301
       210          -0.084           0.484           0.696           0.528           0.883           0.150           0.387           0.853           0.939        7802.457
       211          -0.084           0.486           0.697           0.526           0.884           0.155           0.393           0.848           0.938        7842.390
       212          -0.084           0.487           0.698           0.524           0.884           0.140           0.374           0.862           0.943        7882.613
       213          -0.084           0.491           0.701           0.521           0.884           0.058           0.241           0.943           0.973        7921.440
       214          -0.084           0.485           0.697           0.527           0.884           0.134           0.366           0.868           0.945        7959.277
       215          -0.085           0.486           0.697           0.525           0.883           0.128           0.357           0.874           0.947        7997.053
       216          -0.085           0.486           0.697           0.526           0.883           0.107           0.327           0.895           0.954        8034.869
       217          -0.084           0.487           0.698           0.525           0.883           0.127           0.356           0.875           0.947        8072.689
       218          -0.084           0.487           0.698           0.525           0.883           0.140           0.374           0.862           0.943        8110.788
       219          -0.084           0.487           0.698           0.524           0.883           0.141           0.375           0.861           0.942        8148.421
       220          -0.085           0.487           0.698           0.525           0.883           0.071           0.266           0.930           0.968        8185.993
       221          -0.084           0.485           0.696           0.527           0.883           0.055           0.234           0.946           0.975        8223.649
       222          -0.084           0.483           0.695           0.529           0.883           0.052           0.228           0.949           0.976        8261.246
       223          -0.084           0.484           0.695           0.528           0.883           0.052           0.228           0.949           0.976        8298.993
       224          -0.084           0.485           0.697           0.527           0.883           0.052           0.228           0.949           0.976        8336.479
       225          -0.085           0.488           0.698           0.524           0.882           0.056           0.236           0.945           0.974        8373.975
       226          -0.085           0.487           0.698           0.525           0.882           0.056           0.236           0.945           0.974        8411.473
       227          -0.085           0.485           0.697           0.526           0.883           0.057           0.238           0.944           0.973        8448.977
       228          -0.085           0.484           0.696           0.528           0.883           0.057           0.239           0.944           0.973        8486.587
       229          -0.085           0.486           0.697           0.526           0.883           0.057           0.239           0.944           0.974        8524.167
       230          -0.085           0.484           0.696           0.527           0.882           0.092           0.303           0.910           0.960        8561.722
       231          -0.085           0.487           0.698           0.525           0.883           0.071           0.267           0.930           0.968        8599.204
       232          -0.085           0.489           0.699           0.523           0.882           0.063           0.250           0.938           0.971        8636.709
       233          -0.085           0.489           0.699           0.523           0.882           0.059           0.242           0.942           0.973        8674.420
       234          -0.085           0.488           0.699           0.524           0.882           0.058           0.241           0.943           0.973        8712.040
       235          -0.085           0.489           0.699           0.523           0.882           0.058           0.241           0.943           0.973        8749.629
       236          -0.085           0.487           0.698           0.525           0.883           0.065           0.254           0.936           0.971        8787.222
       237          -0.085           0.488           0.698           0.524           0.884           0.065           0.256           0.936           0.970        8824.840
       238          -0.085           0.486           0.697           0.526           0.884           0.066           0.258           0.935           0.970        8862.571
       239          -0.085           0.485           0.696           0.527           0.884           0.067           0.258           0.934           0.970        8900.166
       240          -0.085           0.487           0.698           0.525           0.884           0.264           0.514           0.740           0.911        8937.746
       241          -0.085           0.487           0.698           0.525           0.883           0.249           0.499           0.754           0.914        8975.374
       242          -0.085           0.486           0.697           0.526           0.884           0.233           0.483           0.770           0.917        9012.952
       243          -0.085           0.486           0.697           0.526           0.883           0.220           0.469           0.784           0.921        9050.427
       244          -0.085           0.488           0.698           0.524           0.884           0.207           0.455           0.796           0.924        9087.536
       245          -0.085           0.487           0.698           0.525           0.884           0.198           0.445           0.805           0.926        9124.631
       246          -0.085           0.487           0.698           0.525           0.884           0.191           0.437           0.812           0.929        9161.711
       247          -0.085           0.487           0.698           0.525           0.884           0.184           0.429           0.818           0.931        9198.746
       248          -0.085           0.486           0.697           0.526           0.884           0.180           0.424           0.823           0.932        9235.889
       249          -0.085           0.485           0.696           0.527           0.884           0.175           0.419           0.827           0.933        9273.017
       250          -0.085           0.484           0.696           0.528           0.884           0.171           0.414           0.832           0.935        9310.105
       251          -0.085           0.484           0.696           0.527           0.884           0.169           0.411           0.834           0.935        9347.224
       252          -0.085           0.484           0.696           0.528           0.884           0.167           0.409           0.836           0.936        9384.327
       253          -0.085           0.485           0.696           0.527           0.884           0.164           0.405           0.838           0.937        9421.563
       254          -0.085           0.484           0.696           0.528           0.884           0.163           0.404           0.839           0.937        9458.701
       255          -0.085           0.483           0.695           0.528           0.884           0.163           0.404           0.839           0.937        9495.786
       256          -0.085           0.483           0.695           0.528           0.884           0.162           0.403           0.840           0.937        9532.890
       257          -0.085           0.483           0.695           0.529           0.884           0.163           0.404           0.839           0.937        9570.018
       258          -0.085           0.483           0.695           0.529           0.884           0.162           0.402           0.840           0.937        9607.235
       259          -0.085           0.483           0.695           0.529           0.884           0.161           0.402           0.841           0.938        9644.345
       260          -0.085           0.483           0.695           0.529           0.884           0.162           0.402           0.840           0.937        9681.414
       261          -0.085           0.483           0.695           0.528           0.884           0.162           0.402           0.841           0.938        9718.416
       262          -0.085           0.484           0.695           0.528           0.884           0.162           0.402           0.841           0.938        9755.463
       263          -0.085           0.484           0.696           0.528           0.884           0.162           0.403           0.840           0.937        9792.567
       264          -0.085           0.484           0.696           0.528           0.884           0.163           0.404           0.839           0.937        9829.611
       265          -0.085           0.485           0.696           0.527           0.884           0.163           0.404           0.839           0.937        9866.641
       266          -0.085           0.485           0.696           0.527           0.884           0.163           0.404           0.839           0.937        9904.414
       267          -0.085           0.485           0.696           0.527           0.884           0.163           0.404           0.839           0.937        9942.168
       268          -0.086           0.485           0.696           0.527           0.884           0.163           0.404           0.839           0.937        9980.051
       269          -0.086           0.486           0.697           0.526           0.884           0.165           0.406           0.838           0.937       10017.804
       270          -0.086           0.486           0.697           0.526           0.884           0.165           0.406           0.837           0.937       10055.663
       271          -0.086           0.486           0.697           0.526           0.884           0.165           0.406           0.837           0.937       10093.366
       272          -0.086           0.486           0.697           0.526           0.884           0.166           0.408           0.836           0.936       10130.991
       273          -0.086           0.486           0.697           0.526           0.884           0.167           0.409           0.836           0.936       10168.570
       274          -0.086           0.487           0.698           0.525           0.884           0.167           0.409           0.836           0.936       10206.524
       275          -0.086           0.487           0.698           0.525           0.884           0.167           0.409           0.836           0.936       10244.183
       276          -0.086           0.487           0.698           0.525           0.884           0.167           0.408           0.836           0.936       10281.876
       277          -0.086           0.486           0.697           0.525           0.884           0.167           0.409           0.836           0.936       10319.500
       278          -0.086           0.486           0.697           0.526           0.884           0.167           0.409           0.835           0.936       10357.186
       279          -0.086           0.487           0.698           0.525           0.884           0.167           0.409           0.835           0.936       10394.947
       280          -0.086           0.487           0.698           0.525           0.884           0.168           0.409           0.835           0.936       10432.665
       281          -0.086           0.488           0.698           0.524           0.884           0.168           0.410           0.834           0.936       10469.990
       282          -0.086           0.488           0.698           0.524           0.884           0.168           0.409           0.835           0.936       10507.359
       283          -0.086           0.487           0.698           0.525           0.884           0.168           0.410           0.835           0.936       10544.646
       284          -0.086           0.488           0.698           0.524           0.884           0.168           0.410           0.835           0.936       10582.156
       285          -0.086           0.488           0.698           0.524           0.884           0.168           0.410           0.834           0.936       10619.566
       286          -0.086           0.488           0.698           0.524           0.884           0.167           0.409           0.835           0.936       10657.027
       287          -0.086           0.488           0.699           0.524           0.884           0.169           0.412           0.833           0.935       10694.430
       288          -0.086           0.488           0.698           0.524           0.884           0.167           0.409           0.836           0.936       10731.851
       289          -0.086           0.488           0.698           0.524           0.884           0.166           0.408           0.836           0.936       10769.410
       290          -0.086           0.488           0.698           0.524           0.884           0.166           0.407           0.837           0.936       10806.889
       291          -0.086           0.488           0.699           0.524           0.884           0.165           0.407           0.837           0.936       10844.315
       292          -0.086           0.488           0.699           0.524           0.884           0.167           0.408           0.836           0.936       10881.760
       293          -0.086           0.488           0.699           0.524           0.884           0.166           0.407           0.837           0.936       10919.173
       294          -0.086           0.488           0.699           0.524           0.884           0.166           0.407           0.837           0.936       10956.725
       295          -0.086           0.488           0.699           0.524           0.884           0.165           0.407           0.837           0.936       10994.185
       296          -0.086           0.488           0.699           0.523           0.884           0.164           0.405           0.838           0.937       11031.649
       297          -0.086           0.488           0.699           0.524           0.884           0.164           0.405           0.838           0.937       11069.100
       298          -0.086           0.488           0.699           0.524           0.884           0.162           0.402           0.840           0.937       11106.552
       299          -0.086           0.487           0.698           0.525           0.884           0.162           0.402           0.840           0.937       11144.177
       300          -0.086           0.486           0.697           0.525           0.884           0.161           0.402           0.841           0.937       11181.847
       301          -0.086           0.486           0.697           0.526           0.884           0.161           0.401           0.842           0.938       11219.473
       302          -0.086           0.486           0.697           0.525           0.884           0.160           0.400           0.842           0.938       11257.158
       303          -0.086           0.486           0.697           0.526           0.884           0.160           0.400           0.842           0.938       11294.822
       304          -0.086           0.486           0.697           0.525           0.884           0.161           0.401           0.842           0.938       11332.797
       305          -0.086           0.486           0.697           0.526           0.884           0.160           0.400           0.843           0.938       11370.366
       306          -0.086           0.486           0.697           0.526           0.884           0.159           0.398           0.844           0.939       11407.916
       307          -0.086           0.486           0.697           0.526           0.884           0.158           0.397           0.845           0.939       11445.400
       308          -0.086           0.486           0.697           0.526           0.884           0.157           0.396           0.845           0.939       11482.908
       309          -0.086           0.486           0.697           0.526           0.884           0.155           0.394           0.847           0.940       11523.371
       310          -0.086           0.486           0.697           0.526           0.884           0.153           0.391           0.849           0.940       11564.639
       311          -0.086           0.486           0.697           0.526           0.884           0.153           0.391           0.849           0.940       11601.892
       312          -0.086           0.486           0.697           0.526           0.884           0.152           0.390           0.850           0.941       11639.005
       313          -0.086           0.486           0.697           0.526           0.884           0.151           0.389           0.851           0.941       11676.178
       314          -0.086           0.486           0.697           0.526           0.884           0.151           0.388           0.852           0.941       11713.980
       315          -0.086           0.486           0.697           0.526           0.884           0.149           0.386           0.853           0.942       11752.798
       316          -0.086           0.486           0.697           0.526           0.884           0.149           0.386           0.854           0.942       11790.351
       317          -0.086           0.485           0.697           0.526           0.884           0.148           0.385           0.854           0.942       11827.872
       318          -0.086           0.486           0.697           0.526           0.884           0.148           0.384           0.855           0.942       11865.316
       319          -0.086           0.485           0.697           0.526           0.884           0.147           0.384           0.855           0.942       11903.215
       320          -0.086           0.486           0.697           0.526           0.884           0.148           0.385           0.854           0.942       11945.262
       321          -0.086           0.485           0.697           0.526           0.884           0.147           0.384           0.855           0.942       11984.014
       322          -0.086           0.486           0.697           0.526           0.884           0.147           0.384           0.855           0.942       12026.158
       323          -0.086           0.485           0.697           0.526           0.884           0.147           0.384           0.855           0.942       12068.286
       324          -0.086           0.485           0.697           0.526           0.884           0.146           0.383           0.856           0.943       12108.617
       325          -0.086           0.485           0.696           0.527           0.884           0.146           0.382           0.857           0.943       12146.218
       326          -0.086           0.485           0.696           0.527           0.884           0.145           0.380           0.858           0.943       12183.804
       327          -0.086           0.485           0.696           0.527           0.884           0.144           0.380           0.858           0.943       12221.454
       328          -0.086           0.485           0.696           0.527           0.884           0.143           0.379           0.859           0.944       12259.058
       329          -0.086           0.484           0.696           0.528           0.884           0.143           0.379           0.859           0.944       12296.794
       330          -0.086           0.483           0.695           0.528           0.884           0.143           0.378           0.859           0.944       12334.447
       331          -0.086           0.483           0.695           0.528           0.884           0.142           0.376           0.860           0.944       12372.092
       332          -0.086           0.484           0.695           0.528           0.884           0.141           0.375           0.861           0.945       12409.717
       333          -0.086           0.483           0.695           0.528           0.884           0.141           0.375           0.861           0.945       12447.318
       334          -0.086           0.484           0.695           0.528           0.884           0.140           0.374           0.862           0.945       12485.050
       335          -0.086           0.484           0.695           0.528           0.884           0.139           0.373           0.863           0.945       12522.681
       336          -0.086           0.484           0.696           0.527           0.884           0.139           0.372           0.863           0.945       12560.276
       337          -0.086           0.485           0.696           0.527           0.884           0.139           0.372           0.863           0.945       12597.925
       338          -0.086           0.484           0.696           0.527           0.884           0.137           0.371           0.865           0.946       12635.548
       339          -0.086           0.484           0.696           0.528           0.884           0.137           0.371           0.865           0.946       12673.167
       340          -0.086           0.484           0.696           0.527           0.884           0.136           0.369           0.866           0.946       12710.918
       341          -0.086           0.484           0.696           0.527           0.884           0.136           0.369           0.866           0.946       12748.584
       342          -0.086           0.484           0.696           0.528           0.884           0.136           0.369           0.866           0.946       12786.238
       343          -0.086           0.483           0.695           0.528           0.885           0.137           0.370           0.865           0.946       12824.012
       344          -0.086           0.483           0.695           0.528           0.885           0.136           0.369           0.866           0.946       12861.741
       345          -0.086           0.483           0.695           0.528           0.884           0.137           0.370           0.865           0.946       12899.718
       346          -0.086           0.483           0.695           0.529           0.884           0.137           0.370           0.865           0.946       12937.529
       347          -0.086           0.483           0.695           0.528           0.884           0.136           0.369           0.866           0.946       12975.389
       348          -0.086           0.483           0.695           0.528           0.884           0.136           0.369           0.866           0.946       13013.292
       349          -0.086           0.483           0.695           0.528           0.884           0.136           0.368           0.866           0.946       13051.112
       350          -0.086           0.483           0.695           0.529           0.884           0.136           0.368           0.866           0.946       13088.828
       351          -0.086           0.483           0.695           0.528           0.884           0.134           0.367           0.868           0.946       13126.098
       352          -0.086           0.482           0.694           0.530           0.884           0.135           0.368           0.867           0.946       13163.330
       353          -0.086           0.482           0.694           0.529           0.884           0.137           0.370           0.865           0.946       13200.529
       354          -0.086           0.483           0.695           0.529           0.884           0.137           0.370           0.865           0.946       13237.766
       355          -0.086           0.483           0.695           0.529           0.884           0.137           0.370           0.865           0.946       13275.124
       356          -0.086           0.483           0.695           0.529           0.885           0.139           0.372           0.863           0.945       13314.199
       357          -0.086           0.483           0.695           0.528           0.885           0.137           0.371           0.865           0.946       13351.442
       358          -0.086           0.483           0.695           0.528           0.884           0.137           0.370           0.865           0.946       13388.733
       359          -0.086           0.483           0.695           0.528           0.884           0.138           0.371           0.864           0.945       13425.996
       360          -0.086           0.483           0.695           0.528           0.885           0.137           0.371           0.865           0.946       13463.624
       361          -0.086           0.483           0.695           0.528           0.885           0.137           0.370           0.865           0.946       13500.962
       362          -0.086           0.484           0.696           0.527           0.885           0.135           0.367           0.867           0.946       13538.328
       363          -0.086           0.484           0.696           0.527           0.884           0.135           0.368           0.867           0.946       13575.502
       364          -0.086           0.485           0.696           0.527           0.884           0.134           0.366           0.868           0.947       13612.814
       365          -0.086           0.484           0.696           0.527           0.884           0.133           0.365           0.869           0.947       13650.281
       366          -0.086           0.484           0.695           0.528           0.884           0.132           0.363           0.870           0.947       13687.714
       367          -0.086           0.484           0.696           0.528           0.884           0.130           0.361           0.872           0.948       13724.742
       368          -0.086           0.484           0.696           0.527           0.884           0.130           0.360           0.872           0.948       13761.764
       369          -0.086           0.485           0.696           0.527           0.884           0.129           0.359           0.873           0.948       13799.006
       370          -0.086           0.484           0.696           0.527           0.884           0.128           0.358           0.874           0.948       13836.414
       371          -0.086           0.484           0.696           0.527           0.884           0.127           0.357           0.875           0.949       13873.850
       372          -0.086           0.484           0.696           0.528           0.884           0.127           0.356           0.875           0.949       13911.213
       373          -0.086           0.484           0.696           0.528           0.884           0.127           0.356           0.875           0.949       13948.544
       374          -0.086           0.484           0.696           0.527           0.884           0.125           0.354           0.877           0.949       13985.909
       375          -0.086           0.485           0.696           0.527           0.884           0.125           0.354           0.877           0.949       14023.368
       376          -0.086           0.484           0.696           0.528           0.884           0.124           0.352           0.878           0.950       14060.733
       377          -0.086           0.484           0.696           0.527           0.884           0.123           0.351           0.879           0.950       14098.151
       378          -0.086           0.483           0.695           0.528           0.884           0.123           0.350           0.879           0.950       14135.622
       379          -0.086           0.483           0.695           0.528           0.884           0.120           0.347           0.881           0.951       14173.069
       380          -0.086           0.483           0.695           0.528           0.884           0.120           0.346           0.882           0.951       14210.577
       381          -0.086           0.483           0.695           0.528           0.884           0.120           0.346           0.882           0.951       14247.943
       382          -0.086           0.484           0.695           0.528           0.884           0.120           0.346           0.882           0.952       14285.343
       383          -0.086           0.484           0.695           0.528           0.884           0.119           0.345           0.883           0.952       14322.788
       384          -0.086           0.483           0.695           0.528           0.884           0.118           0.344           0.883           0.952       14360.226
       385          -0.086           0.484           0.695           0.528           0.884           0.118           0.343           0.884           0.952       14397.328
       386          -0.086           0.484           0.695           0.528           0.884           0.117           0.343           0.884           0.952       14434.371
       387          -0.086           0.484           0.696           0.527           0.884           0.118           0.344           0.884           0.952       14471.488
       388          -0.086           0.485           0.696           0.527           0.884           0.117           0.343           0.884           0.952       14508.555
       389          -0.086           0.485           0.696           0.527           0.884           0.117           0.342           0.885           0.952       14545.609
       390          -0.086           0.485           0.696           0.527           0.884           0.117           0.342           0.885           0.952       14582.829
       391          -0.086           0.485           0.697           0.526           0.884           0.116           0.341           0.886           0.953       14619.944
       392          -0.086           0.485           0.697           0.526           0.884           0.116           0.341           0.885           0.953       14656.998
       393          -0.087           0.486           0.697           0.526           0.884           0.116           0.340           0.886           0.953       14694.024
       394          -0.087           0.485           0.697           0.526           0.884           0.115           0.339           0.887           0.953       14731.082
       395          -0.087           0.485           0.697           0.527           0.884           0.115           0.340           0.886           0.953       14768.275
       396          -0.087           0.485           0.697           0.526           0.884           0.115           0.339           0.887           0.953       14805.368
       397          -0.087           0.486           0.697           0.526           0.884           0.115           0.339           0.887           0.953       14842.469
       398          -0.087           0.486           0.697           0.526           0.884           0.115           0.339           0.887           0.953       14879.562
       399          -0.087           0.486           0.697           0.526           0.884           0.114           0.338           0.888           0.953       14916.694
       400          -0.087           0.486           0.697           0.526           0.884           0.114           0.338           0.887           0.953       14953.933
       401          -0.087           0.487           0.698           0.525           0.884           0.114           0.337           0.888           0.953       14991.040
       402          -0.087           0.487           0.698           0.525           0.884           0.113           0.337           0.888           0.954       15028.149
       403          -0.087           0.487           0.698           0.525           0.884           0.113           0.337           0.888           0.954       15065.265
       404          -0.087           0.487           0.698           0.525           0.884           0.113           0.336           0.889           0.954       15102.406
       405          -0.087           0.487           0.698           0.525           0.884           0.112           0.335           0.889           0.954       15139.499
       406          -0.087           0.487           0.698           0.525           0.884           0.112           0.335           0.889           0.954       15176.735
       407          -0.087           0.487           0.698           0.525           0.884           0.112           0.335           0.889           0.954       15213.801
       408          -0.087           0.487           0.698           0.525           0.884           0.112           0.335           0.890           0.954       15250.899
       409          -0.087           0.487           0.698           0.525           0.884           0.112           0.334           0.890           0.955       15288.001
       410          -0.087           0.487           0.698           0.525           0.884           0.112           0.335           0.889           0.954       15325.082
       411          -0.087           0.487           0.698           0.525           0.884           0.112           0.335           0.889           0.954       15362.279
       412          -0.087           0.487           0.698           0.525           0.884           0.112           0.335           0.889           0.954       15401.789
       413          -0.087           0.487           0.698           0.525           0.884           0.112           0.335           0.889           0.954       15440.119
       414          -0.087           0.487           0.698           0.525           0.884           0.113           0.336           0.889           0.954       15477.201
       415          -0.087           0.487           0.698           0.525           0.884           0.113           0.336           0.889           0.954       15514.259
       416          -0.087           0.487           0.698           0.525           0.884           0.113           0.336           0.889           0.954       15552.072
       417          -0.087           0.487           0.698           0.525           0.884           0.113           0.337           0.888           0.954       15589.776
       418          -0.087           0.487           0.698           0.525           0.884           0.116           0.340           0.886           0.953       15628.230
       419          -0.087           0.487           0.698           0.525           0.884           0.114           0.338           0.888           0.953       15666.817
       420          -0.087           0.487           0.698           0.524           0.884           0.112           0.334           0.890           0.954       15704.526
       421          -0.087           0.487           0.698           0.524           0.884           0.112           0.335           0.889           0.954       15742.957
       422          -0.087           0.488           0.698           0.524           0.884           0.114           0.338           0.888           0.954       15780.492
       423          -0.087           0.487           0.698           0.525           0.884           0.114           0.338           0.887           0.953       15818.079
       424          -0.087           0.487           0.698           0.525           0.884           0.114           0.338           0.888           0.953       15855.622
       425          -0.087           0.487           0.698           0.525           0.884           0.112           0.334           0.890           0.954       15893.190
       426          -0.087           0.487           0.698           0.525           0.884           0.111           0.333           0.891           0.955       15930.668
       427          -0.087           0.487           0.698           0.524           0.884           0.111           0.333           0.891           0.955       15967.732
       428          -0.087           0.488           0.698           0.524           0.884           0.112           0.335           0.890           0.954       16004.783
       429          -0.087           0.487           0.698           0.525           0.884           0.111           0.333           0.891           0.955       16041.796
       430          -0.087           0.488           0.698           0.524           0.884           0.111           0.333           0.891           0.955       16078.804
       431          -0.087           0.488           0.699           0.524           0.884           0.112           0.334           0.890           0.954       16115.957
       432          -0.087           0.488           0.698           0.524           0.884           0.111           0.333           0.891           0.955       16153.019
       433          -0.087           0.488           0.699           0.524           0.884           0.111           0.334           0.890           0.954       16190.091
       434          -0.087           0.488           0.699           0.524           0.884           0.112           0.335           0.890           0.954       16227.121
       435          -0.087           0.488           0.699           0.524           0.884           0.112           0.335           0.889           0.954       16264.260
       436          -0.087           0.488           0.698           0.524           0.884           0.111           0.333           0.891           0.955       16301.452
       437          -0.087           0.488           0.699           0.524           0.884           0.111           0.333           0.891           0.955       16338.554
       438          -0.087           0.488           0.699           0.524           0.884           0.111           0.333           0.891           0.955       16375.657
       439          -0.087           0.488           0.699           0.524           0.884           0.111           0.333           0.891           0.955       16412.721
       440          -0.087           0.488           0.699           0.524           0.884           0.111           0.333           0.891           0.955       16449.903
       441          -0.087           0.488           0.699           0.524           0.884           0.111           0.333           0.891           0.955       16487.124
       442          -0.087           0.488           0.699           0.524           0.884           0.111           0.333           0.891           0.955       16524.349
       443          -0.087           0.488           0.698           0.524           0.884           0.110           0.332           0.892           0.955       16561.563
       444          -0.087           0.487           0.698           0.524           0.884           0.110           0.332           0.891           0.955       16598.849
       445          -0.087           0.488           0.698           0.524           0.884           0.111           0.333           0.891           0.955       16635.992
       446          -0.087           0.487           0.698           0.524           0.884           0.110           0.332           0.891           0.955       16673.336
       447          -0.087           0.488           0.698           0.524           0.884           0.110           0.332           0.891           0.955       16710.677
       448          -0.087           0.488           0.698           0.524           0.884           0.110           0.331           0.892           0.955       16747.735
       449          -0.087           0.489           0.699           0.523           0.884           0.110           0.332           0.891           0.955       16784.724
       450          -0.087           0.488           0.699           0.523           0.884           0.110           0.332           0.892           0.955       16821.777
       451          -0.087           0.489           0.699           0.523           0.884           0.109           0.330           0.893           0.956       16859.011
       452          -0.087           0.489           0.699           0.523           0.884           0.109           0.330           0.893           0.956       16896.115
       453          -0.087           0.489           0.699           0.523           0.884           0.106           0.326           0.896           0.956       16933.227
       454          -0.087           0.489           0.699           0.523           0.884           0.106           0.325           0.896           0.957       16970.336
       455          -0.087           0.489           0.699           0.523           0.884           0.106           0.325           0.896           0.957       17007.477
       456          -0.087           0.488           0.699           0.524           0.884           0.104           0.323           0.897           0.957       17044.762
       457          -0.087           0.488           0.699           0.523           0.884           0.104           0.323           0.897           0.957       17081.929
       458          -0.087           0.488           0.699           0.523           0.884           0.104           0.322           0.898           0.957       17119.036
       459          -0.087           0.488           0.699           0.523           0.884           0.103           0.320           0.899           0.958       17156.177
       460          -0.087           0.489           0.699           0.523           0.884           0.103           0.321           0.899           0.957       17193.319
       461          -0.087           0.488           0.699           0.523           0.884           0.103           0.320           0.899           0.958       17230.567
       462          -0.087           0.489           0.699           0.523           0.884           0.103           0.321           0.899           0.957       17267.731
       463          -0.087           0.489           0.699           0.523           0.884           0.103           0.321           0.898           0.957       17304.884
       464          -0.087           0.489           0.699           0.523           0.884           0.104           0.322           0.898           0.957       17342.016
       465          -0.087           0.489           0.699           0.523           0.884           0.104           0.322           0.898           0.957       17379.211
       466          -0.087           0.489           0.699           0.523           0.884           0.104           0.322           0.898           0.957       17416.330
       467          -0.087           0.489           0.699           0.523           0.884           0.104           0.322           0.898           0.957       17453.643
       468          -0.087           0.489           0.699           0.523           0.884           0.104           0.322           0.898           0.957       17490.787
       469          -0.087           0.490           0.700           0.522           0.884           0.104           0.322           0.898           0.957       17528.004
       470          -0.087           0.489           0.700           0.522           0.884           0.104           0.322           0.898           0.957       17565.163
       471          -0.087           0.490           0.700           0.522           0.884           0.104           0.322           0.898           0.957       17602.293
       472          -0.087           0.489           0.699           0.523           0.884           0.105           0.324           0.897           0.957       17639.544
       473          -0.087           0.489           0.699           0.523           0.884           0.105           0.324           0.897           0.957       17676.671
       474          -0.087           0.489           0.699           0.523           0.884           0.104           0.323           0.897           0.957       17713.883
       475          -0.087           0.489           0.699           0.523           0.884           0.105           0.324           0.897           0.956       17751.029
       476          -0.087           0.489           0.699           0.523           0.883           0.105           0.324           0.897           0.956       17788.159
       477          -0.087           0.489           0.699           0.523           0.883           0.105           0.324           0.897           0.957       17825.521
       478          -0.087           0.489           0.699           0.523           0.883           0.107           0.327           0.895           0.956       17862.744
       479          -0.087           0.490           0.700           0.522           0.883           0.105           0.324           0.897           0.957       17899.946
       480          -0.087           0.489           0.699           0.523           0.884           0.106           0.326           0.896           0.956       17937.112
       481          -0.087           0.489           0.699           0.523           0.884           0.106           0.326           0.895           0.956       17974.287
       482          -0.087           0.489           0.699           0.523           0.884           0.107           0.327           0.895           0.956       18011.551
       483          -0.087           0.489           0.699           0.523           0.884           0.107           0.328           0.894           0.956       18048.691
       484          -0.087           0.490           0.700           0.522           0.884           0.106           0.326           0.896           0.956       18085.834
       485          -0.087           0.490           0.700           0.522           0.884           0.106           0.326           0.896           0.956       18123.037
       486          -0.087           0.490           0.700           0.522           0.884           0.106           0.326           0.896           0.956       18160.179
       487          -0.087           0.490           0.700           0.522           0.884           0.106           0.325           0.896           0.956       18197.442
       488          -0.087           0.490           0.700           0.522           0.884           0.106           0.325           0.896           0.956       18234.633
       489          -0.087           0.490           0.700           0.522           0.884           0.106           0.326           0.895           0.956       18271.799
       490          -0.087           0.490           0.700           0.522           0.884           0.106           0.326           0.895           0.956       18309.022
       491          -0.087           0.490           0.700           0.522           0.884           0.106           0.325           0.896           0.956       18346.181
       492          -0.087           0.489           0.700           0.522           0.884           0.105           0.324           0.897           0.957       18383.499
       493          -0.087           0.490           0.700           0.522           0.884           0.106           0.325           0.896           0.956       18420.666
       494          -0.087           0.491           0.701           0.521           0.884           0.106           0.325           0.896           0.956       18457.827
       495          -0.087           0.491           0.701           0.521           0.884           0.107           0.327           0.895           0.956       18495.027
       496          -0.087           0.491           0.701           0.521           0.884           0.107           0.327           0.895           0.956       18532.254
       497          -0.087           0.491           0.701           0.521           0.884           0.108           0.328           0.894           0.956       18569.542
       498          -0.087           0.491           0.701           0.521           0.884           0.108           0.329           0.894           0.955       18606.705
       499          -0.087           0.492           0.702           0.520           0.884           0.108           0.329           0.894           0.955       18643.871
       500          -0.087           0.492           0.702           0.520           0.884           0.110           0.331           0.892           0.955       18681.017
--------------------------------------------------------------------------------------------------------------------------------------------------------------------------------------------------------
The best indicator statistics
      BestEpoch        TrainMAE       TrainRMSE         TrainR2         TrainCC        ValidMAE       ValidRMSE         ValidR2         ValidCC
        51           0.493           0.702           0.519           0.885           0.000           0.018           1.000           1.000
Total training time: 18681.4231 seconds
>>> Training of the Model Accomplished! >>>
End at:  Sun Jun 18 05:07:08 2023
++++++++++++++++++++++++++++++++++++++++
process end at : 
Sun Jun 18 05:07:17 CST 2023
