32
process will start at : 
Thu Mar 30 11:40:50 CST 2023
++++++++++++++++++++++++++++++++++++++++
Load GaoDataSet from dataset/CuiTrain.csv ... done (7955 lines, 126.781 seconds) 
Load GaoDataSet from dataset/CuiValid.csv ... done (995 lines, 16.388 seconds) 
# of training graphs/labels:      7954
# of Validing graphs/labels:      994
>>> Training of the Model >>>
Start at:  Thu Mar 30 11:49:58 2023
PID:       451397
Learning rate:               1E-03
Batch size:                  32
Maximum epochs:              500
Output frequency:            1
Device:                      cpu
--------------------------------------------------------------------------------------------------------------------------------------------------------------------------------------------------------
     Epoch       TrainLoss        TrainMAE       TrainRMSE         TrainR2         TrainCC       ValidLoss        ValidMAE       ValidRMSE         ValidR2         ValidCC         Time(s)
--------------------------------------------------------------------------------------------------------------------------------------------------------------------------------------------------------
         0           4.402           3.162           4.480          -3.286           0.269           2.319           1.716           2.304          -0.156           0.524          47.204
         1           1.825           1.418           1.877           0.247           0.573           1.654           1.280           1.692           0.376           0.655          82.359
         2           1.584           1.236           1.650           0.419           0.677           1.532           1.197           1.578           0.458           0.717         117.169
         3           1.487           1.164           1.564           0.478           0.719           1.478           1.141           1.527           0.492           0.728         151.779
         4           1.433           1.130           1.511           0.512           0.734           1.477           1.118           1.527           0.492           0.741         186.199
         5           1.399           1.100           1.480           0.532           0.749           1.481           1.138           1.530           0.490           0.742         220.912
         6           1.373           1.078           1.456           0.547           0.759           1.458           1.119           1.508           0.505           0.749         255.512
         7           1.358           1.067           1.441           0.556           0.763           1.406           1.074           1.460           0.536           0.761         290.192
         8           1.335           1.048           1.423           0.568           0.775           1.450           1.108           1.501           0.509           0.743         325.054
         9           1.326           1.043           1.412           0.574           0.778           1.394           1.073           1.448           0.543           0.769         359.910
        10           1.312           1.033           1.400           0.581           0.782           1.380           1.058           1.436           0.551           0.775         394.662
        11           1.294           1.017           1.385           0.590           0.789           1.365           1.045           1.421           0.560           0.772         429.325
        12           1.291           1.014           1.380           0.594           0.790           1.369           1.054           1.425           0.558           0.774         463.983
        13           1.262           0.988           1.353           0.609           0.801           1.369           1.042           1.425           0.558           0.776         498.657
        14           1.262           0.992           1.354           0.608           0.801           1.339           1.018           1.397           0.575           0.793         533.303
        15           1.246           0.973           1.339           0.617           0.807           1.329           1.021           1.387           0.581           0.781         568.180
        16           1.231           0.969           1.325           0.625           0.810           1.292           0.989           1.352           0.602           0.799         603.046
        17           1.230           0.970           1.325           0.625           0.808           1.325           1.001           1.383           0.583           0.791         637.986
        18           1.220           0.955           1.320           0.628           0.814           1.340           1.008           1.397           0.575           0.788         673.142
        19           1.209           0.945           1.307           0.635           0.817           1.293           0.982           1.354           0.601           0.801         709.147
        20           1.202           0.944           1.302           0.638           0.819           1.308           0.996           1.367           0.593           0.793         745.211
        21           1.187           0.932           1.286           0.647           0.823           1.278           0.972           1.339           0.610           0.806         781.246
        22           1.192           0.928           1.293           0.643           0.823           1.304           0.985           1.364           0.595           0.799         817.309
        23           1.177           0.924           1.278           0.651           0.826           1.222           0.945           1.286           0.640           0.815         853.454
        24           1.165           0.914           1.266           0.658           0.829           1.273           0.966           1.334           0.613           0.808         889.546
        25           1.147           0.905           1.253           0.665           0.833           1.275           0.965           1.336           0.611           0.804         925.983
        26           1.168           0.916           1.268           0.657           0.830           1.258           0.954           1.320           0.621           0.810         961.750
        27           1.151           0.903           1.253           0.665           0.836           1.274           0.958           1.335           0.612           0.808         997.727
        28           1.143           0.894           1.247           0.668           0.838           1.250           0.964           1.312           0.625           0.804        1033.371
        29           1.148           0.896           1.250           0.666           0.837           1.264           0.957           1.325           0.617           0.801        1069.095
        30           1.137           0.892           1.239           0.672           0.841           1.225           0.925           1.289           0.638           0.815        1105.219
        31           1.131           0.884           1.237           0.673           0.842           1.273           0.960           1.334           0.612           0.808        1140.921
        32           1.146           0.892           1.254           0.664           0.838           1.238           0.938           1.301           0.631           0.813        1176.805
        33           1.125           0.881           1.233           0.675           0.841           1.231           0.922           1.294           0.635           0.817        1212.499
        34           1.120           0.881           1.223           0.681           0.844           1.246           0.951           1.309           0.627           0.812        1249.296
        35           1.118           0.880           1.220           0.682           0.843           1.227           0.917           1.291           0.637           0.815        1289.809
        36           1.123           0.881           1.229           0.677           0.843           1.211           0.923           1.276           0.646           0.814        1330.318
        37           1.107           0.869           1.215           0.685           0.847           1.209           0.926           1.274           0.647           0.816        1370.602
        38           1.109           0.868           1.220           0.682           0.848           1.263           0.955           1.325           0.618           0.813        1411.063
        39           1.104           0.862           1.211           0.687           0.848           1.196           0.930           1.261           0.654           0.819        1451.320
        40           1.097           0.856           1.206           0.689           0.853           1.203           0.937           1.268           0.650           0.815        1491.566
        41           1.111           0.868           1.221           0.682           0.850           1.197           0.903           1.262           0.653           0.822        1532.543
        42           1.102           0.865           1.208           0.688           0.848           1.210           0.936           1.274           0.646           0.815        1572.773
        43           1.108           0.863           1.215           0.685           0.851           1.215           0.927           1.280           0.643           0.818        1613.136
        44           1.099           0.860           1.206           0.689           0.850           1.209           0.917           1.273           0.647           0.818        1653.463
        45           1.102           0.859           1.208           0.688           0.849           1.221           0.923           1.285           0.640           0.818        1690.977
        46           1.094           0.856           1.205           0.690           0.852           1.198           0.917           1.263           0.653           0.819        1726.773
        47           1.091           0.853           1.202           0.692           0.854           1.217           0.918           1.282           0.642           0.819        1762.418
        48           1.095           0.855           1.207           0.689           0.851           1.196           0.904           1.262           0.653           0.818        1797.619
        49           1.091           0.855           1.199           0.693           0.853           1.195           0.901           1.260           0.654           0.827        1833.085
        50           1.093           0.852           1.202           0.691           0.853           1.184           0.895           1.250           0.660           0.819        1868.243
        51           1.086           0.848           1.198           0.694           0.854           1.219           0.938           1.284           0.641           0.815        1903.326
        52           1.070           0.839           1.182           0.702           0.856           1.167           0.887           1.234           0.668           0.829        1938.301
        53           1.078           0.847           1.184           0.700           0.854           1.187           0.908           1.253           0.658           0.820        1973.217
        54           1.090           0.851           1.201           0.692           0.853           1.180           0.896           1.247           0.662           0.822        2008.318
        55           1.087           0.850           1.195           0.695           0.854           1.195           0.908           1.261           0.654           0.820        2042.731
        56           1.074           0.842           1.185           0.700           0.855           1.186           0.903           1.252           0.659           0.820        2077.110
        57           1.079           0.844           1.188           0.699           0.855           1.173           0.896           1.239           0.665           0.831        2111.500
        58           1.073           0.845           1.184           0.701           0.856           1.215           0.917           1.280           0.643           0.817        2146.003
        59           1.068           0.839           1.179           0.703           0.857           1.183           0.911           1.249           0.660           0.823        2180.468
        60           1.078           0.843           1.190           0.698           0.856           1.203           0.914           1.268           0.650           0.823        2214.887
        61           1.073           0.836           1.185           0.700           0.856           1.202           0.904           1.267           0.651           0.820        2249.924
        62           1.073           0.841           1.182           0.701           0.857           1.167           0.886           1.234           0.668           0.831        2285.143
        63           1.071           0.840           1.183           0.701           0.856           1.222           0.916           1.286           0.640           0.815        2320.685
        64           1.057           0.829           1.168           0.709           0.860           1.204           0.913           1.269           0.649           0.818        2355.986
        65           1.070           0.840           1.179           0.703           0.858           1.198           0.908           1.263           0.653           0.821        2391.371
        66           1.064           0.832           1.173           0.706           0.859           1.194           0.914           1.260           0.654           0.821        2426.810
        67           1.071           0.834           1.184           0.701           0.858           1.175           0.894           1.242           0.664           0.825        2462.504
        68           1.069           0.834           1.184           0.701           0.859           1.226           0.936           1.290           0.638           0.811        2498.090
        69           1.059           0.831           1.170           0.708           0.860           1.202           0.922           1.267           0.651           0.822        2533.579
        70           1.066           0.834           1.174           0.706           0.860           1.202           0.897           1.267           0.650           0.825        2569.082
        71           1.060           0.829           1.172           0.707           0.861           1.186           0.906           1.252           0.659           0.826        2604.635
        72           1.063           0.827           1.173           0.706           0.861           1.205           0.910           1.270           0.649           0.816        2640.219
        73           1.059           0.828           1.170           0.708           0.861           1.208           0.902           1.273           0.647           0.819        2675.797
        74           1.054           0.822           1.165           0.710           0.863           1.191           0.896           1.257           0.656           0.830        2711.304
        75           1.059           0.828           1.170           0.708           0.860           1.154           0.878           1.221           0.675           0.826        2746.777
        76           1.060           0.830           1.170           0.708           0.861           1.172           0.901           1.239           0.666           0.827        2782.199
        77           1.050           0.820           1.164           0.711           0.862           1.225           0.917           1.288           0.638           0.819        2817.398
        78           1.058           0.832           1.168           0.709           0.860           1.176           0.891           1.242           0.664           0.828        2852.672
        79           1.057           0.824           1.171           0.707           0.861           1.177           0.893           1.243           0.664           0.820        2887.829
        80           1.057           0.824           1.167           0.709           0.862           1.208           0.906           1.273           0.647           0.817        2923.085
        81           1.053           0.820           1.167           0.709           0.862           1.163           0.893           1.230           0.671           0.824        2958.404
        82           1.047           0.822           1.158           0.714           0.863           1.212           0.916           1.276           0.645           0.819        2993.636
        83           1.039           0.814           1.152           0.717           0.865           1.192           0.897           1.258           0.655           0.828        3028.894
        84           1.046           0.819           1.157           0.714           0.863           1.153           0.880           1.221           0.676           0.827        3064.101
        85           1.051           0.818           1.165           0.710           0.864           1.184           0.886           1.250           0.660           0.827        3099.513
        86           1.043           0.815           1.156           0.715           0.864           1.202           0.907           1.267           0.651           0.822        3134.845
        87           1.045           0.814           1.159           0.713           0.864           1.205           0.912           1.270           0.649           0.821        3169.674
        88           1.049           0.823           1.164           0.711           0.863           1.211           0.915           1.276           0.646           0.820        3204.683
        89           1.047           0.816           1.159           0.713           0.863           1.183           0.881           1.249           0.660           0.832        3239.255
        90           1.041           0.813           1.153           0.716           0.865           1.186           0.894           1.252           0.659           0.824        3274.064
        91           1.047           0.817           1.162           0.712           0.864           1.144           0.871           1.212           0.680           0.829        3308.671
        92           1.044           0.817           1.153           0.716           0.864           1.162           0.888           1.229           0.671           0.832        3343.349
        93           1.041           0.817           1.150           0.717           0.865           1.188           0.883           1.254           0.658           0.829        3378.245
        94           1.048           0.818           1.162           0.712           0.862           1.180           0.898           1.246           0.662           0.826        3413.214
        95           1.041           0.810           1.154           0.716           0.864           1.149           0.866           1.217           0.678           0.835        3449.738
        96           1.038           0.813           1.148           0.719           0.865           1.157           0.880           1.224           0.674           0.830        3485.059
        97           1.036           0.814           1.150           0.718           0.865           1.173           0.890           1.240           0.665           0.824        3520.332
        98           1.045           0.818           1.159           0.713           0.861           1.172           0.895           1.239           0.666           0.819        3555.519
        99           1.043           0.814           1.154           0.716           0.864           1.184           0.890           1.250           0.660           0.829        3596.692
       100           1.041           0.811           1.154           0.715           0.865           1.192           0.913           1.258           0.655           0.827        3636.313
       101           1.048           0.816           1.157           0.714           0.863           1.162           0.884           1.229           0.671           0.829        3672.546
       102           1.040           0.812           1.154           0.716           0.864           1.184           0.910           1.250           0.660           0.822        3707.438
       103           1.037           0.810           1.152           0.717           0.866           1.188           0.899           1.254           0.657           0.820        3743.375
       104           1.032           0.810           1.144           0.720           0.867           1.139           0.862           1.207           0.683           0.839        3830.192
       105           1.043           0.814           1.158           0.714           0.866           1.176           0.883           1.243           0.664           0.833        3865.174
       106           1.029           0.807           1.137           0.724           0.866           1.173           0.888           1.239           0.666           0.826        3899.678
       107           1.049           0.819           1.163           0.711           0.865           1.168           0.880           1.235           0.668           0.830        3934.184
       108           1.027           0.805           1.140           0.723           0.867           1.186           0.899           1.252           0.659           0.826        3969.932
       109           1.034           0.811           1.149           0.718           0.867           1.178           0.897           1.244           0.663           0.821        4007.034
       110           1.043           0.816           1.159           0.713           0.863           1.177           0.900           1.244           0.663           0.826        4041.585
       111           1.038           0.812           1.151           0.717           0.864           1.198           0.917           1.264           0.652           0.820        4076.021
       112           1.038           0.814           1.152           0.717           0.865           1.211           0.913           1.275           0.646           0.819        4110.672
       113           1.031           0.810           1.140           0.722           0.864           1.220           0.904           1.284           0.641           0.818        4145.093
       114           1.037           0.812           1.150           0.718           0.865           1.179           0.897           1.245           0.662           0.828        4179.591
       115           1.030           0.807           1.142           0.722           0.866           1.182           0.895           1.248           0.661           0.825        4214.062
       116           1.030           0.806           1.144           0.721           0.867           1.152           0.874           1.220           0.676           0.831        4248.642
       117           1.037           0.812           1.147           0.719           0.865           1.176           0.886           1.243           0.664           0.831        4283.121
       118           1.039           0.813           1.153           0.716           0.866           1.181           0.887           1.247           0.661           0.828        4317.496
       119           1.037           0.811           1.147           0.719           0.865           1.153           0.876           1.221           0.675           0.833        4351.967
       120           1.020           0.803           1.135           0.725           0.868           1.139           0.872           1.207           0.683           0.836        4386.313
       121           1.031           0.809           1.146           0.719           0.867           1.166           0.887           1.233           0.669           0.829        4420.898
       122           1.032           0.807           1.147           0.719           0.866           1.187           0.904           1.253           0.658           0.826        4455.330
       123           1.032           0.809           1.145           0.720           0.865           1.168           0.886           1.235           0.668           0.826        4489.764
       124           1.031           0.803           1.145           0.720           0.869           1.157           0.891           1.224           0.674           0.832        4524.232
       125           1.030           0.803           1.147           0.719           0.867           1.188           0.895           1.254           0.658           0.825        4558.745
       126           1.025           0.800           1.141           0.722           0.869           1.163           0.877           1.230           0.670           0.829        4593.221
       127           1.033           0.805           1.147           0.719           0.867           1.177           0.891           1.244           0.663           0.824        4627.601
       128           1.035           0.805           1.150           0.718           0.865           1.186           0.897           1.252           0.659           0.826        4662.099
       129           1.032           0.811           1.149           0.718           0.866           1.153           0.886           1.220           0.676           0.832        4696.557
       130           1.027           0.804           1.138           0.723           0.867           1.164           0.880           1.231           0.670           0.829        4731.156
       131           1.036           0.808           1.150           0.718           0.866           1.170           0.896           1.237           0.667           0.826        4765.738
       132           1.028           0.805           1.140           0.723           0.867           1.159           0.880           1.227           0.672           0.829        4800.183
       133           1.028           0.804           1.144           0.721           0.868           1.191           0.910           1.257           0.656           0.824        4834.745
       134           1.036           0.808           1.150           0.717           0.867           1.170           0.902           1.237           0.667           0.822        4869.282
       135           1.022           0.798           1.138           0.724           0.868           1.161           0.876           1.228           0.671           0.834        4903.832
       136           1.035           0.806           1.149           0.718           0.868           1.170           0.882           1.237           0.667           0.830        4938.357
       137           1.029           0.806           1.144           0.720           0.868           1.170           0.889           1.237           0.667           0.830        4972.862
       138           1.022           0.799           1.135           0.725           0.868           1.152           0.881           1.220           0.676           0.831        5007.407
       139           1.028           0.804           1.143           0.721           0.868           1.143           0.872           1.211           0.680           0.830        5042.054
       140           1.016           0.794           1.129           0.728           0.869           1.184           0.905           1.250           0.660           0.825        5076.685
       141           1.030           0.806           1.143           0.721           0.867           1.183           0.904           1.249           0.660           0.825        5111.263
       142           1.029           0.804           1.141           0.722           0.867           1.151           0.867           1.219           0.677           0.835        5145.976
       143           1.025           0.801           1.140           0.723           0.868           1.179           0.890           1.245           0.662           0.824        5180.762
       144           1.030           0.804           1.143           0.721           0.868           1.132           0.876           1.201           0.686           0.833        5215.377
       145           1.021           0.798           1.133           0.726           0.868           1.114           0.872           1.184           0.695           0.836        5250.075
       146           1.027           0.806           1.141           0.722           0.866           1.202           0.896           1.267           0.650           0.827        5284.703
       147           1.018           0.799           1.130           0.727           0.870           1.153           0.878           1.221           0.675           0.829        5319.443
       148           1.011           0.792           1.126           0.729           0.871           1.177           0.894           1.244           0.663           0.819        5354.303
       149           1.017           0.796           1.132           0.726           0.872           1.129           0.868           1.198           0.688           0.841        5389.044
       150           1.022           0.800           1.135           0.725           0.869           1.153           0.881           1.220           0.676           0.830        5423.863
       151           1.025           0.803           1.144           0.721           0.869           1.152           0.880           1.219           0.676           0.832        5458.534
       152           1.020           0.799           1.133           0.726           0.869           1.170           0.886           1.236           0.667           0.825        5493.413
       153           1.013           0.795           1.128           0.728           0.871           1.166           0.876           1.233           0.669           0.829        5528.086
       154           1.027           0.803           1.143           0.721           0.867           1.188           0.898           1.254           0.658           0.825        5562.866
       155           1.021           0.796           1.134           0.725           0.869           1.153           0.881           1.221           0.675           0.831        5597.593
       156           1.028           0.803           1.138           0.724           0.867           1.147           0.878           1.214           0.679           0.832        5632.311
       157           1.022           0.798           1.137           0.724           0.870           1.165           0.882           1.232           0.669           0.828        5667.242
       158           1.022           0.799           1.134           0.725           0.871           1.148           0.867           1.216           0.678           0.838        5701.989
       159           1.020           0.804           1.133           0.726           0.868           1.147           0.883           1.215           0.678           0.830        5736.761
       160           1.027           0.805           1.143           0.721           0.869           1.180           0.892           1.246           0.662           0.824        5771.431
       161           1.028           0.801           1.144           0.721           0.869           1.180           0.895           1.246           0.662           0.825        5806.338
       162           1.015           0.796           1.131           0.727           0.870           1.142           0.877           1.210           0.681           0.830        5841.107
       163           1.020           0.795           1.131           0.727           0.870           1.157           0.881           1.225           0.673           0.831        5875.805
       164           1.021           0.797           1.137           0.724           0.870           1.170           0.890           1.237           0.667           0.828        5910.556
       165           1.025           0.801           1.138           0.723           0.869           1.164           0.879           1.231           0.670           0.835        5945.216
       166           1.023           0.800           1.140           0.722           0.869           1.188           0.897           1.254           0.658           0.828        5980.174
       167           1.019           0.796           1.133           0.726           0.870           1.139           0.884           1.207           0.683           0.833        6014.991
       168           1.022           0.801           1.137           0.724           0.868           1.170           0.883           1.237           0.667           0.830        6049.782
       169           1.016           0.797           1.131           0.727           0.870           1.172           0.885           1.239           0.666           0.830        6084.593
       170           1.016           0.794           1.130           0.727           0.871           1.166           0.898           1.233           0.669           0.829        6119.410
       171           1.019           0.797           1.131           0.727           0.869           1.169           0.897           1.236           0.668           0.823        6154.179
       172           1.028           0.802           1.141           0.722           0.867           1.163           0.890           1.230           0.670           0.832        6188.830
       173           1.028           0.801           1.142           0.722           0.870           1.168           0.890           1.235           0.668           0.832        6223.509
       174           1.027           0.799           1.140           0.723           0.868           1.136           0.864           1.205           0.684           0.837        6258.155
       175           1.017           0.796           1.131           0.727           0.871           1.147           0.872           1.215           0.678           0.834        6292.994
       176           1.026           0.799           1.142           0.722           0.869           1.178           0.904           1.245           0.663           0.827        6327.777
       177           1.021           0.794           1.134           0.726           0.871           1.139           0.876           1.207           0.683           0.837        6362.428
       178           1.023           0.797           1.137           0.724           0.870           1.148           0.882           1.216           0.678           0.832        6397.195
       179           1.025           0.798           1.141           0.722           0.869           1.208           0.900           1.273           0.647           0.824        6431.996
       180           1.014           0.796           1.130           0.727           0.870           1.164           0.888           1.231           0.670           0.833        6466.780
       181           1.021           0.802           1.134           0.725           0.870           1.130           0.870           1.199           0.687           0.834        6501.530
       182           1.013           0.793           1.125           0.730           0.872           1.141           0.880           1.209           0.682           0.832        6536.219
       183           1.019           0.796           1.133           0.726           0.870           1.154           0.880           1.222           0.675           0.828        6571.020
       184           1.017           0.795           1.134           0.725           0.870           1.134           0.878           1.203           0.685           0.836        6605.728
       185           1.027           0.799           1.143           0.721           0.869           1.154           0.873           1.221           0.675           0.828        6640.515
       186           1.020           0.802           1.136           0.724           0.868           1.158           0.873           1.225           0.673           0.838        6675.223
       187           1.014           0.796           1.129           0.728           0.870           1.177           0.907           1.244           0.663           0.827        6709.878
       188           1.028           0.803           1.140           0.722           0.867           1.179           0.896           1.246           0.662           0.828        6744.672
       189           1.015           0.797           1.126           0.729           0.870           1.149           0.894           1.217           0.678           0.832        6779.292
       190           1.024           0.799           1.139           0.723           0.869           1.152           0.871           1.219           0.676           0.834        6814.030
       191           1.022           0.795           1.136           0.725           0.869           1.148           0.873           1.216           0.678           0.835        6848.636
       192           1.023           0.803           1.135           0.725           0.869           1.171           0.894           1.237           0.667           0.827        6883.437
       193           1.017           0.793           1.134           0.725           0.872           1.174           0.893           1.241           0.665           0.831        6918.265
       194           1.020           0.799           1.134           0.726           0.869           1.175           0.902           1.241           0.664           0.823        6953.431
       195           1.023           0.799           1.137           0.724           0.868           1.182           0.887           1.249           0.661           0.830        6988.397
       196           1.017           0.795           1.132           0.726           0.871           1.160           0.889           1.227           0.672           0.832        7023.258
       197           1.020           0.798           1.137           0.724           0.870           1.209           0.912           1.273           0.647           0.823        7058.368
       198           1.016           0.798           1.129           0.728           0.870           1.147           0.876           1.214           0.679           0.836        7093.369
       199           1.014           0.793           1.131           0.727           0.871           1.166           0.879           1.233           0.669           0.832        7128.341
       200           1.016           0.796           1.130           0.727           0.871           1.139           0.888           1.207           0.683           0.835        7163.257
       201           1.021           0.793           1.137           0.724           0.869           1.178           0.891           1.245           0.663           0.827        7198.458
       202           1.016           0.799           1.130           0.727           0.870           1.179           0.885           1.245           0.663           0.832        7233.326
       203           1.021           0.797           1.137           0.724           0.870           1.173           0.880           1.239           0.666           0.834        7268.068
       204           1.018           0.794           1.133           0.726           0.869           1.186           0.882           1.252           0.659           0.833        7302.906
       205           1.023           0.796           1.139           0.723           0.868           1.143           0.878           1.211           0.681           0.831        7337.618
       206           1.019           0.792           1.132           0.726           0.870           1.179           0.889           1.245           0.662           0.829        7372.415
       207           1.016           0.798           1.128           0.728           0.869           1.135           0.883           1.204           0.684           0.834        7407.154
       208           1.023           0.798           1.140           0.722           0.870           1.172           0.905           1.239           0.666           0.826        7441.786
       209           1.025           0.800           1.138           0.724           0.869           1.156           0.882           1.223           0.674           0.831        7477.726
       210           1.025           0.798           1.138           0.723           0.870           1.134           0.865           1.202           0.685           0.835        7513.211
       211           1.009           0.792           1.123           0.730           0.872           1.143           0.869           1.211           0.681           0.834        7548.028
       212           1.017           0.791           1.132           0.726           0.870           1.148           0.886           1.216           0.678           0.830        7582.808
       213           1.019           0.797           1.135           0.725           0.870           1.149           0.882           1.217           0.678           0.831        7617.494
       214           1.012           0.792           1.125           0.730           0.870           1.157           0.865           1.224           0.674           0.834        7653.700
       215           1.021           0.798           1.136           0.724           0.871           1.182           0.901           1.248           0.661           0.824        7692.629
       216           1.021           0.802           1.133           0.726           0.868           1.142           0.878           1.210           0.681           0.830        7735.828
       217           1.023           0.801           1.140           0.723           0.869           1.160           0.894           1.227           0.672           0.831        7770.960
       218           1.016           0.791           1.131           0.727           0.871           1.151           0.880           1.219           0.676           0.838        7805.904
       219           1.020           0.796           1.135           0.725           0.870           1.180           0.895           1.246           0.662           0.826        7841.317
       220           1.012           0.792           1.126           0.729           0.871           1.135           0.867           1.203           0.685           0.837        7903.319
       221           1.008           0.790           1.122           0.731           0.872           1.146           0.876           1.214           0.679           0.834        7938.411
       222           1.009           0.791           1.122           0.731           0.870           1.182           0.899           1.248           0.661           0.824        7973.442
       223           1.013           0.790           1.130           0.727           0.872           1.152           0.882           1.219           0.676           0.829        8008.536
       224           1.016           0.795           1.131           0.727           0.870           1.142           0.874           1.210           0.681           0.832        8044.678
       225           1.025           0.797           1.140           0.722           0.870           1.157           0.876           1.224           0.674           0.832        8079.925
       226           1.011           0.791           1.125           0.730           0.872           1.181           0.903           1.247           0.661           0.823        8114.989
       227           1.024           0.800           1.139           0.723           0.868           1.149           0.886           1.217           0.678           0.832        8150.118
       228           1.027           0.799           1.143           0.721           0.870           1.161           0.883           1.228           0.672           0.836        8185.510
       229           1.018           0.795           1.134           0.726           0.870           1.145           0.870           1.212           0.680           0.837        8220.610
       230           1.014           0.792           1.129           0.728           0.869           1.162           0.878           1.229           0.671           0.828        8255.474
       231           1.019           0.797           1.133           0.726           0.870           1.152           0.880           1.220           0.676           0.836        8290.251
       232           1.022           0.804           1.140           0.723           0.869           1.142           0.876           1.211           0.681           0.835        8325.097
       233           1.016           0.794           1.133           0.726           0.871           1.150           0.867           1.218           0.677           0.836        8360.113
       234           1.012           0.792           1.130           0.727           0.873           1.178           0.891           1.244           0.663           0.835        8394.908
       235           1.018           0.795           1.133           0.726           0.870           1.172           0.901           1.239           0.666           0.825        8429.819
       236           1.015           0.795           1.129           0.728           0.871           1.148           0.888           1.216           0.678           0.836        8464.640
       237           1.018           0.793           1.133           0.726           0.872           1.178           0.898           1.244           0.663           0.828        8499.879
       238           1.015           0.790           1.128           0.728           0.871           1.166           0.883           1.232           0.669           0.834        8535.027
       239           1.020           0.795           1.135           0.725           0.869           1.172           0.890           1.238           0.666           0.827        8570.670
       240           1.019           0.795           1.133           0.726           0.870           1.161           0.890           1.228           0.671           0.822        8605.756
       241           1.013           0.794           1.129           0.728           0.871           1.147           0.883           1.215           0.678           0.831        8640.736
       242           1.004           0.788           1.119           0.732           0.872           1.168           0.879           1.235           0.668           0.832        8676.042
       243           1.014           0.795           1.128           0.728           0.869           1.171           0.900           1.238           0.666           0.830        8711.087
       244           1.016           0.790           1.134           0.725           0.872           1.129           0.878           1.198           0.687           0.833        8746.171
       245           1.018           0.794           1.133           0.726           0.870           1.158           0.886           1.225           0.673           0.833        8781.294
       246           1.021           0.793           1.137           0.724           0.870           1.153           0.870           1.221           0.675           0.831        8816.439
       247           1.013           0.794           1.127           0.729           0.871           1.153           0.891           1.220           0.676           0.831        8851.417
       248           1.016           0.793           1.130           0.727           0.871           1.156           0.890           1.224           0.674           0.829        8886.253
       249           1.023           0.803           1.134           0.725           0.867           1.149           0.866           1.217           0.677           0.834        8921.189
       250           1.017           0.798           1.130           0.727           0.871           1.155           0.877           1.223           0.674           0.837        8955.973
       251           1.014           0.795           1.126           0.729           0.870           1.145           0.883           1.213           0.680           0.835        8990.975
       252           1.014           0.792           1.128           0.728           0.871           1.147           0.876           1.215           0.679           0.834        9025.800
       253           1.013           0.794           1.123           0.731           0.871           1.161           0.882           1.228           0.671           0.829        9060.545
       254           1.012           0.794           1.127           0.729           0.871           1.148           0.889           1.216           0.678           0.833        9095.419
       255           1.012           0.790           1.127           0.729           0.873           1.141           0.880           1.209           0.682           0.833        9130.481
       256           1.013           0.794           1.127           0.729           0.871           1.165           0.886           1.232           0.669           0.829        9165.690
       257           1.015           0.793           1.130           0.727           0.871           1.158           0.879           1.225           0.673           0.837        9200.900
       258           1.016           0.792           1.130           0.727           0.873           1.145           0.870           1.213           0.680           0.835        9236.024
       259           1.008           0.789           1.124           0.730           0.872           1.172           0.906           1.238           0.666           0.825        9271.361
       260           1.015           0.796           1.126           0.729           0.870           1.155           0.875           1.223           0.675           0.836        9306.534
       261           1.014           0.791           1.127           0.729           0.871           1.177           0.901           1.244           0.663           0.823        9341.783
       262           1.022           0.797           1.140           0.723           0.870           1.149           0.880           1.217           0.678           0.829        9380.626
       263           1.011           0.788           1.126           0.729           0.873           1.153           0.881           1.220           0.676           0.832        9415.454
       264           1.014           0.793           1.127           0.729           0.871           1.145           0.866           1.213           0.679           0.834        9450.422
       265           1.017           0.796           1.131           0.727           0.870           1.154           0.885           1.221           0.675           0.834        9485.158
       266           1.014           0.796           1.129           0.728           0.870           1.157           0.881           1.224           0.674           0.830        9520.029
       267           1.013           0.792           1.130           0.727           0.871           1.177           0.895           1.243           0.663           0.825        9554.784
       268           1.015           0.794           1.128           0.728           0.871           1.151           0.893           1.218           0.677           0.835        9589.759
       269           1.007           0.789           1.123           0.731           0.872           1.163           0.882           1.230           0.670           0.830        9624.562
       270           1.018           0.791           1.130           0.727           0.869           1.150           0.890           1.218           0.677           0.833        9659.343
       271           1.008           0.788           1.126           0.729           0.874           1.161           0.883           1.228           0.672           0.833        9694.168
       272           1.024           0.798           1.140           0.723           0.870           1.159           0.885           1.226           0.672           0.830        9728.895
       273           1.013           0.793           1.127           0.729           0.871           1.157           0.873           1.225           0.673           0.831        9763.853
       274           1.011           0.788           1.127           0.729           0.871           1.162           0.877           1.229           0.671           0.831        9798.676
       275           1.022           0.797           1.138           0.723           0.870           1.161           0.887           1.228           0.672           0.830        9833.458
       276           1.010           0.790           1.124           0.730           0.870           1.168           0.878           1.235           0.668           0.837        9868.276
       277           1.013           0.796           1.125           0.730           0.870           1.145           0.881           1.213           0.680           0.834        9906.323
       278           1.012           0.792           1.128           0.728           0.872           1.165           0.906           1.232           0.669           0.825        9945.015
       279           1.017           0.794           1.133           0.726           0.869           1.154           0.879           1.222           0.675           0.830        9979.455
       280           1.016           0.795           1.131           0.727           0.870           1.153           0.865           1.221           0.675           0.834       10013.870
       281           1.015           0.795           1.130           0.727           0.871           1.163           0.897           1.230           0.671           0.829       10048.371
       282           1.017           0.796           1.132           0.727           0.869           1.164           0.896           1.231           0.670           0.829       10082.928
       283           1.010           0.791           1.124           0.730           0.870           1.155           0.885           1.223           0.674           0.830       10117.532
       284           1.011           0.792           1.123           0.731           0.872           1.158           0.863           1.226           0.673           0.835       10153.053
       285           1.010           0.788           1.126           0.729           0.872           1.154           0.880           1.221           0.675           0.834       10188.653
       286           1.014           0.792           1.128           0.728           0.871           1.182           0.909           1.248           0.661           0.823       10224.376
       287           1.019           0.792           1.132           0.726           0.871           1.170           0.897           1.237           0.667           0.824       10259.801
       288           1.011           0.790           1.128           0.728           0.873           1.161           0.877           1.229           0.671           0.834       10295.289
       289           1.015           0.792           1.129           0.728           0.870           1.173           0.885           1.240           0.665           0.833       10330.623
       290           1.021           0.797           1.138           0.724           0.869           1.140           0.881           1.208           0.682           0.836       10366.090
       291           1.022           0.793           1.138           0.724           0.871           1.189           0.882           1.254           0.657           0.827       10401.702
       292           1.016           0.794           1.131           0.727           0.871           1.162           0.877           1.229           0.671           0.832       10437.096
       293           1.017           0.796           1.132           0.726           0.870           1.163           0.881           1.230           0.670           0.830       10472.582
       294           1.010           0.787           1.126           0.729           0.873           1.160           0.892           1.227           0.672           0.826       10507.983
       295           1.015           0.791           1.130           0.727           0.871           1.171           0.896           1.237           0.667           0.825       10543.574
       296           1.009           0.792           1.123           0.731           0.871           1.164           0.876           1.231           0.670           0.834       10578.943
       297           1.009           0.789           1.126           0.729           0.872           1.158           0.885           1.225           0.673           0.828       10614.382
       298           1.017           0.793           1.130           0.727           0.870           1.140           0.865           1.208           0.682           0.836       10649.621
       299           1.014           0.794           1.129           0.728           0.872           1.151           0.880           1.218           0.677           0.833       10687.010
       300           1.024           0.799           1.136           0.724           0.869           1.124           0.870           1.193           0.690           0.836       10725.177
       301           1.008           0.789           1.122           0.731           0.871           1.117           0.866           1.186           0.693           0.841       10760.042
       302           1.017           0.797           1.132           0.726           0.871           1.145           0.879           1.213           0.679           0.833       10794.857
       303           1.013           0.790           1.127           0.729           0.871           1.188           0.896           1.254           0.658           0.827       10829.706
       304           1.012           0.789           1.128           0.728           0.871           1.167           0.877           1.234           0.668           0.831       10867.050
       305           1.002           0.787           1.117           0.734           0.873           1.176           0.896           1.243           0.664           0.829       10902.513
       306           1.026           0.800           1.142           0.722           0.868           1.149           0.876           1.217           0.677           0.838       10937.164
       307           1.014           0.792           1.133           0.726           0.870           1.158           0.884           1.225           0.673           0.829       10971.901
       308           1.019           0.798           1.133           0.726           0.870           1.132           0.884           1.200           0.686           0.835       11006.591
       309           1.014           0.790           1.129           0.728           0.871           1.155           0.885           1.223           0.674           0.826       11041.331
       310           1.008           0.792           1.124           0.730           0.873           1.129           0.868           1.197           0.688           0.836       11076.084
       311           1.014           0.789           1.129           0.728           0.873           1.171           0.889           1.238           0.666           0.831       11110.730
       312           1.019           0.797           1.132           0.726           0.868           1.143           0.876           1.211           0.680           0.835       11145.424
       313           1.021           0.801           1.135           0.725           0.868           1.143           0.872           1.211           0.681           0.838       11180.270
       314           1.005           0.793           1.117           0.733           0.872           1.166           0.884           1.233           0.669           0.829       11214.930
       315           1.019           0.799           1.135           0.725           0.871           1.156           0.875           1.223           0.674           0.827       11249.755
       316           1.010           0.793           1.123           0.731           0.872           1.145           0.877           1.213           0.680           0.833       11284.440
       317           1.021           0.797           1.136           0.724           0.869           1.175           0.889           1.242           0.664           0.830       11319.188
       318           1.017           0.791           1.132           0.726           0.872           1.177           0.888           1.243           0.663           0.827       11354.003
       319           1.009           0.791           1.124           0.730           0.873           1.143           0.877           1.211           0.681           0.835       11388.842
       320           1.021           0.800           1.135           0.725           0.870           1.181           0.880           1.248           0.661           0.826       11423.730
       321           1.013           0.791           1.126           0.729           0.871           1.153           0.871           1.220           0.676           0.835       11458.490
       322           1.017           0.793           1.130           0.727           0.870           1.180           0.886           1.246           0.662           0.830       11493.419
       323           1.013           0.795           1.128           0.728           0.870           1.172           0.888           1.238           0.666           0.828       11528.172
       324           1.008           0.791           1.124           0.730           0.872           1.179           0.898           1.245           0.662           0.825       11564.483
       325           1.017           0.795           1.132           0.726           0.870           1.182           0.887           1.248           0.661           0.829       11599.984
       326           1.009           0.792           1.125           0.730           0.872           1.184           0.900           1.250           0.660           0.822       11653.479
       327           1.015           0.789           1.129           0.728           0.870           1.133           0.865           1.202           0.686           0.836       11693.598
       328           1.019           0.798           1.132           0.726           0.869           1.179           0.900           1.245           0.662           0.823       11733.385
       329           1.025           0.797           1.143           0.721           0.870           1.167           0.890           1.234           0.668           0.829       11777.625
       330           1.007           0.789           1.125           0.730           0.874           1.139           0.871           1.208           0.682           0.831       11812.418
       331           1.024           0.805           1.138           0.723           0.867           1.163           0.887           1.230           0.670           0.831       11847.881
       332           1.015           0.796           1.129           0.728           0.871           1.160           0.883           1.227           0.672           0.831       11882.643
       333           1.011           0.793           1.127           0.729           0.872           1.161           0.890           1.228           0.671           0.831       11918.607
       334           1.007           0.789           1.124           0.730           0.872           1.164           0.879           1.231           0.670           0.828       11953.584
       335           1.010           0.789           1.124           0.730           0.871           1.170           0.888           1.237           0.667           0.830       11989.292
       336           1.026           0.799           1.140           0.723           0.868           1.179           0.894           1.245           0.662           0.827       12024.213
       337           1.016           0.791           1.129           0.728           0.871           1.142           0.866           1.210           0.681           0.835       12059.012
       338           1.011           0.789           1.123           0.731           0.870           1.138           0.892           1.206           0.683           0.836       12093.914
       339           1.011           0.789           1.126           0.729           0.871           1.186           0.906           1.252           0.659           0.821       12128.634
       340           1.021           0.798           1.136           0.724           0.870           1.173           0.883           1.240           0.665           0.828       12163.678
       341           1.016           0.794           1.130           0.727           0.870           1.162           0.885           1.230           0.671           0.829       12198.437
       342           1.012           0.790           1.127           0.729           0.870           1.138           0.865           1.206           0.683           0.835       12233.270
       343           1.015           0.793           1.131           0.727           0.870           1.154           0.879           1.222           0.675           0.835       12268.111
       344           1.014           0.793           1.128           0.728           0.871           1.162           0.881           1.229           0.671           0.831       12302.968
       345           1.011           0.794           1.123           0.730           0.870           1.179           0.895           1.245           0.662           0.829       12337.836
       346           1.007           0.789           1.125           0.730           0.874           1.162           0.871           1.229           0.671           0.834       12372.594
       347           1.015           0.793           1.133           0.726           0.870           1.148           0.878           1.216           0.678           0.827       12407.440
       348           1.018           0.794           1.133           0.726           0.870           1.141           0.884           1.209           0.682           0.836       12442.248
       349           1.014           0.788           1.128           0.728           0.873           1.141           0.877           1.209           0.682           0.833       12477.173
       350           1.018           0.795           1.136           0.725           0.870           1.196           0.897           1.261           0.654           0.828       12512.072
       351           1.006           0.785           1.121           0.732           0.873           1.156           0.875           1.224           0.674           0.827       12546.886
       352           1.016           0.795           1.130           0.727           0.870           1.147           0.876           1.214           0.679           0.833       12581.749
       353           1.016           0.791           1.134           0.725           0.872           1.160           0.874           1.227           0.672           0.833       12616.673
       354           1.021           0.797           1.137           0.724           0.868           1.166           0.896           1.233           0.669           0.828       12651.768
       355           1.011           0.794           1.124           0.730           0.870           1.143           0.870           1.211           0.680           0.829       12687.049
       356           1.014           0.792           1.127           0.729           0.872           1.170           0.887           1.236           0.667           0.830       12721.934
       357           1.021           0.793           1.138           0.723           0.871           1.162           0.879           1.229           0.671           0.828       12757.214
       358           1.023           0.798           1.135           0.725           0.868           1.158           0.899           1.225           0.673           0.834       12792.527
       359           1.010           0.794           1.123           0.731           0.870           1.134           0.869           1.203           0.685           0.834       12827.638
       360           1.016           0.795           1.128           0.728           0.870           1.190           0.882           1.256           0.656           0.824       12862.691
       361           1.026           0.799           1.143           0.721           0.870           1.155           0.884           1.222           0.675           0.827       12897.618
       362           1.010           0.791           1.124           0.730           0.872           1.149           0.889           1.216           0.678           0.826       12932.812
       363           1.011           0.790           1.123           0.731           0.872           1.150           0.879           1.218           0.677           0.830       12967.832
       364           1.013           0.792           1.127           0.729           0.871           1.145           0.881           1.213           0.679           0.831       13003.122
       365           1.010           0.789           1.126           0.729           0.872           1.157           0.886           1.224           0.674           0.833       13038.334
       366           1.011           0.791           1.124           0.730           0.870           1.141           0.876           1.209           0.682           0.830       13077.789
       367           1.030           0.800           1.146           0.720           0.869           1.194           0.890           1.260           0.654           0.825       13117.690
       368           1.010           0.787           1.125           0.730           0.872           1.162           0.885           1.229           0.671           0.833       13156.769
       369           1.010           0.793           1.124           0.730           0.871           1.179           0.892           1.245           0.662           0.828       13192.002
       370           1.017           0.793           1.130           0.727           0.871           1.153           0.877           1.220           0.676           0.827       13227.260
       371           1.009           0.793           1.122           0.731           0.872           1.147           0.868           1.215           0.679           0.833       13262.532
       372           1.019           0.795           1.132           0.726           0.869           1.172           0.896           1.238           0.666           0.831       13297.768
       373           1.007           0.788           1.124           0.730           0.871           1.160           0.883           1.228           0.672           0.831       13335.646
       374           1.016           0.794           1.131           0.727           0.870           1.135           0.869           1.203           0.685           0.838       13370.604
       375           1.008           0.786           1.126           0.729           0.872           1.180           0.892           1.246           0.662           0.830       13405.605
       376           1.016           0.792           1.131           0.727           0.872           1.155           0.880           1.223           0.674           0.836       13440.744
       377           1.009           0.792           1.123           0.731           0.872           1.163           0.881           1.230           0.670           0.832       13475.851
       378           1.015           0.794           1.130           0.727           0.871           1.139           0.858           1.207           0.683           0.836       13510.889
       379           1.012           0.791           1.127           0.729           0.872           1.131           0.874           1.200           0.687           0.843       13546.216
       380           1.015           0.799           1.131           0.727           0.869           1.159           0.872           1.226           0.673           0.834       13581.546
       381           1.019           0.796           1.133           0.726           0.869           1.149           0.876           1.216           0.678           0.836       13616.663
       382           1.022           0.797           1.138           0.723           0.869           1.154           0.878           1.221           0.675           0.830       13651.847
       383           1.019           0.792           1.136           0.724           0.870           1.181           0.888           1.247           0.661           0.831       13686.986
       384           1.016           0.797           1.131           0.727           0.871           1.175           0.889           1.241           0.665           0.833       13726.497
       385           1.010           0.795           1.125           0.730           0.871           1.143           0.878           1.211           0.680           0.835       13766.098
       386           1.013           0.794           1.127           0.729           0.872           1.118           0.871           1.188           0.693           0.836       13801.046
       387           1.013           0.795           1.127           0.729           0.870           1.133           0.861           1.201           0.686           0.839       13835.755
       388           1.015           0.792           1.130           0.727           0.871           1.153           0.881           1.221           0.675           0.831       13870.463
       389           1.021           0.795           1.137           0.724           0.869           1.150           0.881           1.218           0.677           0.831       13905.336
       390           1.015           0.791           1.131           0.727           0.870           1.172           0.884           1.238           0.666           0.832       13940.105
       391           1.015           0.794           1.127           0.729           0.870           1.175           0.884           1.242           0.664           0.830       13974.851
       392           1.012           0.790           1.128           0.728           0.872           1.169           0.886           1.235           0.668           0.829       14009.671
       393           1.019           0.798           1.135           0.725           0.868           1.163           0.887           1.230           0.671           0.823       14044.456
       394           1.017           0.793           1.133           0.726           0.871           1.129           0.861           1.198           0.687           0.833       14079.207
       395           1.024           0.797           1.137           0.724           0.870           1.143           0.885           1.211           0.681           0.832       14113.873
       396           1.018           0.795           1.130           0.727           0.870           1.180           0.883           1.246           0.662           0.834       14148.600
       397           1.008           0.789           1.124           0.730           0.872           1.172           0.893           1.239           0.666           0.829       14183.296
       398           1.019           0.793           1.135           0.725           0.871           1.164           0.896           1.231           0.670           0.825       14218.198
       399           1.017           0.797           1.132           0.727           0.871           1.149           0.881           1.217           0.678           0.830       14252.985
       400           1.018           0.795           1.135           0.725           0.870           1.171           0.872           1.237           0.667           0.830       14287.712
       401           1.020           0.797           1.136           0.724           0.869           1.142           0.876           1.210           0.681           0.834       14322.518
       402           1.009           0.791           1.126           0.729           0.873           1.133           0.882           1.202           0.685           0.833       14357.368
       403           1.017           0.796           1.132           0.726           0.870           1.157           0.885           1.224           0.674           0.830       14392.147
       404           1.018           0.793           1.133           0.726           0.871           1.148           0.893           1.216           0.678           0.832       14426.885
       405           1.017           0.796           1.134           0.726           0.870           1.156           0.894           1.223           0.674           0.826       14461.146
       406           1.009           0.794           1.123           0.731           0.872           1.146           0.872           1.214           0.679           0.835       14495.518
       407           1.014           0.791           1.129           0.728           0.870           1.152           0.868           1.219           0.676           0.832       14529.956
       408           1.010           0.788           1.125           0.730           0.872           1.188           0.895           1.253           0.658           0.824       14564.377
       409           1.007           0.793           1.122           0.731           0.873           1.184           0.898           1.250           0.660           0.824       14598.712
       410           1.014           0.791           1.131           0.727           0.873           1.172           0.876           1.239           0.666           0.826       14634.010
       411           1.021           0.799           1.135           0.725           0.868           1.177           0.898           1.244           0.663           0.825       14669.574
       412           1.018           0.796           1.131           0.727           0.870           1.169           0.884           1.236           0.667           0.831       14704.619
       413           1.014           0.791           1.128           0.728           0.872           1.167           0.881           1.234           0.668           0.830       14739.575
       414           1.016           0.795           1.129           0.728           0.870           1.152           0.876           1.220           0.676           0.830       14774.425
       415           1.018           0.792           1.132           0.726           0.871           1.177           0.896           1.244           0.663           0.823       14809.338
       416           1.020           0.798           1.132           0.726           0.869           1.148           0.881           1.216           0.678           0.826       14844.429
       417           1.014           0.793           1.125           0.730           0.871           1.151           0.882           1.219           0.676           0.834       14878.979
       418           1.018           0.800           1.132           0.726           0.869           1.165           0.887           1.232           0.669           0.830       14913.579
       419           1.030           0.806           1.143           0.721           0.868           1.115           0.855           1.184           0.695           0.841       14948.217
       420           1.022           0.799           1.135           0.725           0.870           1.183           0.882           1.249           0.661           0.828       14983.074
       421           1.014           0.787           1.131           0.727           0.872           1.168           0.883           1.235           0.668           0.831       15017.752
       422           1.016           0.794           1.131           0.727           0.870           1.175           0.891           1.241           0.665           0.825       15052.437
       423           1.013           0.795           1.128           0.728           0.869           1.146           0.883           1.214           0.679           0.832       15087.129
       424           1.012           0.788           1.125           0.730           0.871           1.156           0.874           1.224           0.674           0.830       15121.742
       425           1.014           0.791           1.128           0.728           0.871           1.169           0.889           1.236           0.667           0.827       15156.638
       426           1.006           0.790           1.119           0.733           0.871           1.165           0.887           1.232           0.669           0.829       15191.317
       427           1.016           0.797           1.130           0.727           0.869           1.131           0.860           1.199           0.687           0.836       15225.984
       428           1.027           0.799           1.144           0.721           0.869           1.154           0.878           1.222           0.675           0.834       15260.707
       429           1.013           0.791           1.126           0.729           0.871           1.171           0.883           1.237           0.667           0.829       15295.534
       430           1.022           0.799           1.136           0.724           0.868           1.149           0.879           1.216           0.678           0.832       15330.307
       431           1.018           0.793           1.134           0.725           0.870           1.161           0.874           1.228           0.672           0.833       15364.974
       432           1.020           0.799           1.131           0.727           0.868           1.152           0.880           1.220           0.676           0.836       15399.745
       433           1.010           0.786           1.126           0.729           0.873           1.152           0.889           1.220           0.676           0.834       15434.389
       434           1.020           0.798           1.134           0.725           0.869           1.183           0.896           1.249           0.660           0.828       15470.934
       435           1.018           0.796           1.135           0.725           0.870           1.165           0.882           1.232           0.670           0.833       15506.100
       436           1.010           0.790           1.124           0.730           0.873           1.171           0.890           1.238           0.666           0.829       15553.021
       437           1.007           0.789           1.122           0.731           0.872           1.184           0.905           1.250           0.659           0.819       15596.036
       438           1.009           0.787           1.125           0.730           0.873           1.154           0.879           1.221           0.675           0.831       15634.936
       439           1.019           0.793           1.134           0.725           0.870           1.168           0.886           1.235           0.668           0.831       15695.198
       440           1.022           0.800           1.136           0.724           0.869           1.145           0.877           1.213           0.679           0.834       15730.436
       441           1.012           0.791           1.128           0.728           0.872           1.167           0.882           1.234           0.668           0.833       15765.861
       442           1.010           0.789           1.125           0.730           0.872           1.167           0.887           1.234           0.668           0.828       15800.931
       443           1.016           0.794           1.135           0.725           0.872           1.138           0.862           1.206           0.683           0.835       15836.615
       444           1.019           0.797           1.136           0.724           0.871           1.176           0.878           1.242           0.664           0.826       15871.892
       445           1.020           0.793           1.136           0.725           0.868           1.161           0.872           1.228           0.672           0.834       15908.084
       446           1.011           0.790           1.126           0.729           0.872           1.152           0.885           1.220           0.676           0.827       15943.279
       447           1.017           0.797           1.131           0.727           0.870           1.161           0.888           1.229           0.671           0.832       15978.920
       448           1.018           0.797           1.134           0.725           0.871           1.132           0.870           1.200           0.686           0.838       16014.133
       449           1.011           0.791           1.126           0.729           0.871           1.149           0.878           1.217           0.677           0.826       16049.305
       450           1.016           0.800           1.130           0.727           0.871           1.163           0.888           1.230           0.671           0.829       16084.448
       451           1.015           0.795           1.130           0.727           0.869           1.176           0.900           1.243           0.664           0.827       16119.659
       452           1.016           0.793           1.132           0.726           0.870           1.174           0.878           1.240           0.665           0.827       16154.914
       453           1.018           0.796           1.134           0.725           0.872           1.158           0.879           1.226           0.673           0.832       16190.183
       454           1.013           0.794           1.130           0.727           0.870           1.174           0.892           1.240           0.665           0.830       16225.418
       455           1.016           0.793           1.133           0.726           0.872           1.158           0.877           1.225           0.673           0.835       16260.546
       456           1.012           0.792           1.127           0.729           0.871           1.142           0.866           1.210           0.681           0.836       16295.846
       457           1.024           0.799           1.141           0.722           0.870           1.180           0.903           1.246           0.662           0.826       16330.954
       458           1.008           0.785           1.127           0.729           0.874           1.139           0.878           1.208           0.682           0.834       16366.070
       459           1.018           0.794           1.132           0.726           0.871           1.143           0.874           1.211           0.681           0.832       16401.183
       460           1.017           0.793           1.132           0.726           0.870           1.182           0.898           1.248           0.661           0.823       16436.455
       461           1.017           0.793           1.133           0.726           0.871           1.164           0.873           1.231           0.670           0.833       16471.626
       462           1.019           0.796           1.134           0.725           0.869           1.159           0.887           1.227           0.672           0.830       16506.662
       463           1.018           0.797           1.134           0.725           0.870           1.141           0.873           1.209           0.682           0.835       16541.776
       464           1.021           0.798           1.134           0.725           0.870           1.172           0.903           1.238           0.666           0.829       16576.813
       465           1.015           0.793           1.130           0.727           0.873           1.178           0.892           1.245           0.663           0.826       16612.107
       466           1.014           0.789           1.127           0.729           0.873           1.144           0.872           1.212           0.680           0.830       16647.295
       467           1.022           0.797           1.139           0.723           0.870           1.161           0.889           1.228           0.671           0.831       16682.341
       468           1.011           0.790           1.126           0.729           0.873           1.174           0.883           1.240           0.665           0.828       16717.455
       469           1.017           0.798           1.132           0.726           0.870           1.152           0.880           1.220           0.676           0.834       16752.614
       470           1.016           0.795           1.129           0.728           0.871           1.147           0.888           1.215           0.679           0.832       16787.738
       471           1.019           0.797           1.133           0.726           0.871           1.193           0.903           1.259           0.655           0.820       16822.802
       472           1.010           0.790           1.125           0.730           0.872           1.175           0.897           1.241           0.664           0.825       16857.865
       473           1.019           0.792           1.137           0.724           0.873           1.143           0.884           1.211           0.681           0.834       16892.977
       474           1.025           0.798           1.141           0.722           0.870           1.162           0.873           1.229           0.671           0.832       16928.137
       475           1.014           0.792           1.130           0.727           0.871           1.157           0.874           1.224           0.674           0.835       16963.244
       476           1.014           0.793           1.131           0.727           0.871           1.134           0.871           1.202           0.685           0.836       16998.281
       477           1.017           0.794           1.132           0.727           0.871           1.149           0.879           1.217           0.678           0.834       17033.399
       478           1.020           0.800           1.135           0.725           0.868           1.171           0.889           1.237           0.667           0.829       17068.669
       479           1.022           0.796           1.137           0.724           0.869           1.148           0.881           1.216           0.678           0.833       17103.729
       480           1.012           0.792           1.127           0.729           0.872           1.153           0.891           1.221           0.675           0.832       17138.844
       481           1.016           0.799           1.130           0.727           0.870           1.143           0.877           1.211           0.681           0.830       17173.888
       482           1.014           0.792           1.127           0.729           0.870           1.172           0.881           1.238           0.666           0.827       17208.996
       483           1.009           0.792           1.125           0.730           0.872           1.139           0.876           1.207           0.683           0.839       17244.168
       484           1.008           0.793           1.121           0.732           0.870           1.172           0.902           1.239           0.666           0.822       17279.265
       485           1.022           0.799           1.137           0.724           0.870           1.145           0.877           1.213           0.680           0.835       17314.386
       486           1.024           0.800           1.138           0.723           0.868           1.202           0.902           1.267           0.650           0.822       17349.420
       487           1.012           0.790           1.130           0.727           0.872           1.159           0.877           1.226           0.673           0.831       17384.679
       488           1.016           0.793           1.130           0.727           0.870           1.193           0.895           1.259           0.655           0.827       17419.771
       489           1.023           0.803           1.136           0.724           0.868           1.110           0.869           1.180           0.697           0.837       17454.823
       490           1.012           0.790           1.127           0.729           0.870           1.158           0.878           1.225           0.673           0.828       17489.957
       491           1.012           0.788           1.129           0.728           0.872           1.177           0.897           1.243           0.663           0.825       17524.999
       492           1.019           0.796           1.134           0.725           0.870           1.147           0.876           1.215           0.678           0.835       17560.289
       493           1.017           0.796           1.128           0.728           0.868           1.179           0.890           1.245           0.662           0.830       17595.345
       494           1.008           0.789           1.123           0.731           0.871           1.189           0.908           1.255           0.657           0.828       17630.482
       495           1.009           0.793           1.123           0.731           0.873           1.164           0.887           1.231           0.670           0.829       17665.610
       496           1.014           0.794           1.128           0.728           0.872           1.148           0.882           1.216           0.678           0.830       17700.843
       497           1.005           0.787           1.119           0.733           0.872           1.184           0.882           1.250           0.660           0.831       17736.011
       498           1.010           0.789           1.125           0.730           0.872           1.162           0.892           1.229           0.671           0.832       17771.113
       499           1.007           0.788           1.124           0.730           0.871           1.144           0.871           1.212           0.680           0.834       17806.269
       500           1.011           0.790           1.128           0.728           0.872           1.183           0.891           1.249           0.660           0.822       17841.374
--------------------------------------------------------------------------------------------------------------------------------------------------------------------------------------------------------
The best indicator statistics
      BestEpoch        TrainMAE       TrainRMSE         TrainR2         TrainCC        ValidMAE       ValidRMSE         ValidR2         ValidCC
       419           0.806           1.143           0.721           0.868           0.855           1.184           0.695           0.841
Total training time: 17842.5200 seconds
>>> Training of the Model Accomplished! >>>
End at:  Thu Mar 30 16:47:20 2023
++++++++++++++++++++++++++++++++++++++++
process end at : 
Thu Mar 30 16:47:50 CST 2023
