32
process will start at : 
Fri Apr  7 23:28:19 CST 2023
++++++++++++++++++++++++++++++++++++++++
Load GaoDataSet from dataset/ESOL.csv ... done (1145 lines, 24.985 seconds) 
# of all graphs/labels:      1144
# of all graphs/labels:      1144
# of training graphs/labels:      1030
# of testing graphs/labels:      114
>>> Training of the Model >>>
Start at:  Fri Apr  7 23:34:36 2023
PID:       243930
Learning rate:               1E-03
Batch size:                  32
Maximum epochs:              500
Output frequency:            1
Device:                      cpu
--------------------------------------------------------------------------------------------------------------------------------------------------------------------------------------------------------
     Epoch       TrainLoss        TrainMAE       TrainRMSE         TrainR2         TrainCC        ValidMAE       ValidRMSE         ValidR2         ValidCC         Time(s)
--------------------------------------------------------------------------------------------------------------------------------------------------------------------------------------------------------
         0           4.349           4.906           7.337         -11.241           0.079           1.465           1.923           0.134           0.736          29.536
         1           0.863           1.278           1.673           0.364           0.713           1.098           1.464           0.499           0.810          32.471
         2           0.643           1.027           1.339           0.592           0.795           0.951           1.236           0.643           0.824          35.405
         3           0.576           0.951           1.237           0.652           0.815           0.888           1.142           0.695           0.835          38.349
         4           0.533           0.903           1.174           0.687           0.830           0.858           1.108           0.713           0.844          41.267
         5           0.503           0.868           1.129           0.710           0.842           0.839           1.083           0.725           0.852          44.193
         6           0.482           0.845           1.099           0.725           0.851           0.819           1.057           0.738           0.861          47.166
         7           0.465           0.825           1.075           0.737           0.857           0.790           1.025           0.754           0.867          50.109
         8           0.452           0.809           1.055           0.747           0.862           0.768           1.000           0.766           0.871          53.052
         9           0.441           0.795           1.038           0.755           0.867           0.749           0.977           0.777           0.873          55.983
        10           0.431           0.786           1.024           0.762           0.870           0.737           0.961           0.784           0.875          58.907
        11           0.426           0.783           1.016           0.765           0.873           0.741           0.967           0.781           0.876          61.830
        12           0.426           0.784           1.014           0.766           0.873           0.736           0.958           0.785           0.876          64.745
        13           0.420           0.777           1.005           0.770           0.875           0.735           0.958           0.785           0.877          67.670
        14           0.415           0.772           0.997           0.774           0.877           0.736           0.959           0.785           0.877          70.591
        15           0.411           0.768           0.991           0.777           0.879           0.731           0.952           0.788           0.878          73.513
        16           0.407           0.763           0.983           0.780           0.881           0.725           0.943           0.792           0.879          76.429
        17           0.401           0.756           0.974           0.785           0.883           0.724           0.942           0.792           0.881          79.354
        18           0.397           0.753           0.969           0.787           0.884           0.722           0.940           0.793           0.883          82.275
        19           0.394           0.749           0.963           0.789           0.886           0.721           0.937           0.795           0.884          85.267
        20           0.391           0.745           0.958           0.791           0.887           0.720           0.935           0.796           0.885          88.193
        21           0.388           0.743           0.955           0.793           0.888           0.718           0.932           0.797           0.885          91.115
        22           0.386           0.740           0.951           0.794           0.889           0.718           0.933           0.796           0.885          94.037
        23           0.384           0.737           0.948           0.796           0.890           0.717           0.932           0.797           0.885          96.960
        24           0.382           0.735           0.944           0.797           0.890           0.713           0.928           0.798           0.885          99.885
        25           0.379           0.732           0.940           0.799           0.891           0.714           0.928           0.798           0.886         102.811
        26           0.376           0.729           0.937           0.801           0.892           0.720           0.932           0.797           0.885         105.772
        27           0.375           0.727           0.934           0.802           0.893           0.721           0.932           0.797           0.884         108.695
        28           0.373           0.725           0.931           0.803           0.894           0.721           0.933           0.796           0.886         111.623
        29           0.372           0.723           0.929           0.804           0.894           0.720           0.930           0.797           0.885         114.541
        30           0.370           0.721           0.926           0.805           0.895           0.714           0.924           0.800           0.887         117.457
        31           0.367           0.718           0.923           0.806           0.896           0.716           0.924           0.800           0.886         120.378
        32           0.367           0.717           0.921           0.807           0.896           0.712           0.920           0.802           0.887         123.299
        33           0.364           0.714           0.918           0.808           0.897           0.715           0.922           0.801           0.889         126.220
        34           0.364           0.714           0.916           0.809           0.897           0.710           0.914           0.805           0.890         129.144
        35           0.360           0.709           0.913           0.811           0.898           0.714           0.917           0.803           0.890         132.064
        36           0.359           0.707           0.909           0.812           0.899           0.716           0.921           0.802           0.891         134.987
        37           0.360           0.709           0.911           0.811           0.899           0.704           0.906           0.808           0.894         137.909
        38           0.356           0.703           0.905           0.814           0.900           0.705           0.908           0.807           0.893         140.834
        39           0.355           0.703           0.904           0.814           0.900           0.703           0.904           0.809           0.896         143.828
        40           0.353           0.699           0.900           0.816           0.901           0.707           0.908           0.807           0.895         146.751
        41           0.352           0.698           0.900           0.816           0.901           0.708           0.907           0.807           0.896         149.673
        42           0.351           0.697           0.898           0.816           0.901           0.713           0.913           0.805           0.897         152.589
        43           0.350           0.696           0.897           0.817           0.902           0.712           0.913           0.805           0.897         155.516
        44           0.349           0.695           0.895           0.818           0.902           0.711           0.911           0.806           0.899         158.452
        45           0.348           0.693           0.893           0.819           0.903           0.705           0.904           0.809           0.900         161.388
        46           0.346           0.690           0.889           0.820           0.904           0.706           0.905           0.808           0.900         164.325
        47           0.345           0.689           0.888           0.821           0.904           0.710           0.910           0.806           0.901         167.306
        48           0.345           0.689           0.888           0.821           0.904           0.707           0.905           0.808           0.901         170.251
        49           0.343           0.687           0.885           0.822           0.905           0.708           0.906           0.808           0.901         173.196
        50           0.343           0.688           0.885           0.822           0.905           0.701           0.897           0.812           0.902         176.142
        51           0.341           0.685           0.882           0.823           0.906           0.703           0.900           0.811           0.903         179.092
        52           0.339           0.683           0.879           0.824           0.906           0.700           0.896           0.812           0.904         182.055
        53           0.338           0.681           0.877           0.825           0.907           0.693           0.887           0.816           0.905         185.018
        54           0.336           0.679           0.874           0.826           0.908           0.693           0.888           0.816           0.905         187.975
        55           0.335           0.678           0.873           0.827           0.908           0.691           0.883           0.817           0.906         190.923
        56           0.333           0.675           0.870           0.828           0.909           0.696           0.890           0.815           0.906         193.873
        57           0.334           0.678           0.871           0.827           0.909           0.691           0.882           0.818           0.907         196.822
        58           0.332           0.674           0.869           0.828           0.909           0.696           0.889           0.815           0.907         199.774
        59           0.333           0.676           0.869           0.828           0.909           0.690           0.881           0.818           0.908         202.726
        60           0.331           0.673           0.867           0.829           0.909           0.692           0.884           0.817           0.908         205.753
        61           0.330           0.672           0.866           0.830           0.910           0.688           0.879           0.819           0.908         208.713
        62           0.329           0.670           0.864           0.830           0.910           0.690           0.882           0.818           0.909         211.669
        63           0.328           0.669           0.862           0.831           0.911           0.688           0.879           0.819           0.909         214.626
        64           0.327           0.669           0.862           0.831           0.911           0.692           0.882           0.818           0.908         217.588
        65           0.327           0.668           0.861           0.831           0.911           0.685           0.873           0.822           0.908         220.547
        66           0.325           0.665           0.859           0.832           0.911           0.685           0.873           0.822           0.909         223.510
        67           0.324           0.664           0.857           0.833           0.912           0.689           0.877           0.820           0.909         226.478
        68           0.324           0.664           0.857           0.833           0.912           0.687           0.875           0.821           0.909         229.443
        69           0.323           0.663           0.856           0.834           0.912           0.681           0.867           0.824           0.909         232.409
        70           0.322           0.661           0.854           0.834           0.912           0.684           0.870           0.823           0.910         235.375
        71           0.322           0.661           0.854           0.834           0.913           0.683           0.869           0.823           0.910         238.416
        72           0.320           0.659           0.851           0.835           0.913           0.680           0.864           0.825           0.911         241.383
        73           0.320           0.659           0.851           0.835           0.913           0.680           0.864           0.825           0.911         244.355
        74           0.319           0.657           0.850           0.836           0.913           0.678           0.863           0.826           0.911         247.327
        75           0.318           0.657           0.849           0.836           0.914           0.678           0.861           0.826           0.912         250.296
        76           0.317           0.655           0.847           0.837           0.914           0.677           0.860           0.827           0.912         253.265
        77           0.317           0.655           0.847           0.837           0.914           0.677           0.860           0.827           0.912         256.235
        78           0.316           0.654           0.846           0.837           0.914           0.674           0.857           0.828           0.913         259.219
        79           0.315           0.653           0.844           0.838           0.915           0.672           0.855           0.829           0.913         262.195
        80           0.313           0.650           0.841           0.839           0.916           0.674           0.858           0.828           0.914         265.240
        81           0.312           0.650           0.841           0.839           0.916           0.672           0.856           0.829           0.914         268.233
        82           0.311           0.649           0.840           0.840           0.916           0.668           0.852           0.830           0.915         271.211
        83           0.310           0.647           0.837           0.841           0.917           0.665           0.850           0.831           0.915         274.189
        84           0.309           0.646           0.835           0.841           0.917           0.667           0.850           0.831           0.915         277.180
        85           0.308           0.646           0.835           0.841           0.917           0.668           0.853           0.830           0.915         280.156
        86           0.309           0.645           0.835           0.841           0.917           0.665           0.849           0.831           0.916         283.135
        87           0.307           0.644           0.833           0.842           0.918           0.663           0.847           0.832           0.916         286.161
        88           0.306           0.642           0.832           0.843           0.918           0.664           0.848           0.832           0.916         289.148
        89           0.305           0.641           0.831           0.843           0.918           0.665           0.850           0.831           0.915         292.134
        90           0.305           0.642           0.830           0.843           0.918           0.663           0.848           0.832           0.916         295.130
        91           0.304           0.640           0.829           0.844           0.918           0.663           0.848           0.832           0.915         298.130
        92           0.304           0.640           0.829           0.844           0.919           0.661           0.845           0.833           0.916         301.119
        93           0.304           0.639           0.828           0.844           0.919           0.661           0.844           0.833           0.916         304.111
        94           0.303           0.638           0.827           0.844           0.919           0.659           0.842           0.834           0.916         307.104
        95           0.303           0.638           0.826           0.845           0.919           0.657           0.839           0.835           0.917         310.098
        96           0.301           0.636           0.825           0.845           0.919           0.655           0.838           0.836           0.917         313.099
        97           0.302           0.636           0.825           0.845           0.919           0.657           0.839           0.835           0.917         316.095
        98           0.301           0.635           0.823           0.846           0.920           0.652           0.833           0.837           0.917         319.103
        99           0.300           0.634           0.823           0.846           0.920           0.652           0.832           0.838           0.918         322.093
       100           0.300           0.634           0.823           0.846           0.920           0.651           0.831           0.838           0.918         325.089
       101           0.299           0.632           0.821           0.847           0.920           0.652           0.833           0.838           0.919         328.057
       102           0.298           0.632           0.820           0.847           0.920           0.650           0.832           0.838           0.918         331.021
       103           0.298           0.632           0.820           0.847           0.920           0.651           0.831           0.838           0.919         333.988
       104           0.297           0.630           0.819           0.848           0.921           0.651           0.831           0.838           0.919         336.954
       105           0.297           0.630           0.819           0.848           0.921           0.651           0.832           0.838           0.919         339.905
       106           0.297           0.630           0.818           0.848           0.921           0.649           0.830           0.839           0.919         342.851
       107           0.297           0.630           0.819           0.848           0.921           0.649           0.830           0.839           0.919         345.847
       108           0.297           0.629           0.818           0.848           0.921           0.648           0.828           0.839           0.919         348.799
       109           0.296           0.628           0.817           0.848           0.921           0.646           0.826           0.840           0.920         351.756
       110           0.295           0.627           0.816           0.849           0.921           0.647           0.827           0.840           0.920         354.706
       111           0.295           0.628           0.816           0.848           0.921           0.647           0.827           0.840           0.920         357.657
       112           0.295           0.627           0.816           0.849           0.922           0.644           0.824           0.841           0.920         360.606
       113           0.293           0.625           0.814           0.849           0.922           0.646           0.826           0.840           0.920         363.558
       114           0.294           0.626           0.815           0.849           0.922           0.643           0.823           0.842           0.920         366.505
       115           0.294           0.626           0.814           0.849           0.922           0.641           0.821           0.842           0.921         369.461
       116           0.293           0.624           0.813           0.850           0.922           0.641           0.821           0.842           0.921         372.410
       117           0.293           0.624           0.813           0.850           0.922           0.641           0.821           0.842           0.922         375.360
       118           0.292           0.624           0.812           0.850           0.922           0.639           0.819           0.843           0.922         378.310
       119           0.292           0.623           0.812           0.850           0.922           0.638           0.816           0.844           0.923         381.260
       120           0.291           0.622           0.811           0.850           0.923           0.639           0.818           0.843           0.923         384.283
       121           0.291           0.623           0.811           0.850           0.923           0.637           0.816           0.844           0.922         387.240
       122           0.291           0.621           0.810           0.851           0.923           0.638           0.817           0.844           0.924         390.193
       123           0.291           0.621           0.810           0.851           0.923           0.635           0.813           0.845           0.924         393.146
       124           0.289           0.619           0.808           0.852           0.923           0.637           0.816           0.844           0.924         396.097
       125           0.290           0.620           0.810           0.851           0.923           0.636           0.814           0.845           0.923         399.053
       126           0.290           0.621           0.810           0.851           0.923           0.633           0.811           0.846           0.924         402.006
       127           0.289           0.619           0.809           0.851           0.923           0.636           0.813           0.845           0.923         404.961
       128           0.289           0.620           0.809           0.851           0.923           0.630           0.804           0.849           0.924         407.957
       129           0.289           0.618           0.808           0.852           0.923           0.632           0.809           0.847           0.925         410.913
       130           0.289           0.618           0.808           0.852           0.923           0.633           0.809           0.847           0.923         413.868
       131           0.288           0.618           0.807           0.852           0.923           0.629           0.806           0.848           0.925         416.825
       132           0.288           0.618           0.807           0.852           0.923           0.628           0.803           0.849           0.925         419.779
       133           0.281           0.609           0.797           0.856           0.926           0.630           0.803           0.849           0.923         422.731
       134           0.277           0.605           0.791           0.858           0.927           0.649           0.827           0.840           0.922         425.683
       135           0.287           0.616           0.806           0.852           0.924           0.637           0.815           0.844           0.924         428.638
       136           0.288           0.618           0.807           0.852           0.923           0.627           0.799           0.851           0.926         431.589
       137           0.286           0.615           0.803           0.853           0.924           0.626           0.797           0.851           0.926         434.540
       138           0.284           0.613           0.801           0.854           0.925           0.628           0.798           0.851           0.926         437.491
       139           0.283           0.611           0.798           0.855           0.925           0.587           0.753           0.867           0.929         440.443
       140           0.277           0.602           0.789           0.858           0.927           0.587           0.751           0.868           0.929         443.394
       141           0.275           0.600           0.786           0.859           0.927           0.588           0.753           0.867           0.929         446.414
       142           0.275           0.600           0.787           0.859           0.927           0.590           0.756           0.866           0.928         449.369
       143           0.275           0.599           0.786           0.859           0.927           0.589           0.755           0.867           0.929         452.321
       144           0.276           0.600           0.788           0.859           0.927           0.589           0.755           0.867           0.928         455.271
       145           0.275           0.600           0.788           0.859           0.927           0.591           0.757           0.866           0.928         458.228
       146           0.276           0.601           0.788           0.859           0.927           0.590           0.755           0.867           0.929         461.182
       147           0.275           0.600           0.788           0.859           0.927           0.589           0.755           0.867           0.929         464.138
       148           0.273           0.596           0.783           0.860           0.928           0.578           0.744           0.871           0.932         467.138
       149           0.267           0.589           0.775           0.863           0.930           0.579           0.742           0.871           0.931         470.094
       150           0.266           0.587           0.774           0.864           0.930           0.580           0.743           0.871           0.931         473.053
       151           0.267           0.588           0.775           0.863           0.930           0.580           0.742           0.871           0.931         476.007
       152           0.267           0.588           0.776           0.863           0.930           0.582           0.744           0.871           0.930         478.961
       153           0.268           0.589           0.777           0.863           0.930           0.581           0.743           0.871           0.930         481.918
       154           0.267           0.589           0.776           0.863           0.930           0.581           0.743           0.871           0.930         484.874
       155           0.265           0.586           0.773           0.864           0.930           0.576           0.738           0.872           0.932         487.835
       156           0.262           0.582           0.769           0.866           0.931           0.575           0.739           0.872           0.932         490.793
       157           0.262           0.581           0.768           0.866           0.931           0.574           0.737           0.873           0.932         493.754
       158           0.262           0.581           0.769           0.866           0.931           0.574           0.737           0.873           0.932         496.711
       159           0.262           0.582           0.769           0.866           0.931           0.577           0.739           0.872           0.932         499.669
       160           0.262           0.581           0.769           0.865           0.931           0.575           0.736           0.873           0.932         502.635
       161           0.262           0.581           0.769           0.865           0.931           0.576           0.738           0.873           0.932         505.627
       162           0.260           0.579           0.766           0.867           0.932           0.569           0.736           0.873           0.932         508.585
       163           0.258           0.576           0.763           0.868           0.933           0.570           0.734           0.874           0.932         511.543
       164           0.258           0.577           0.764           0.867           0.933           0.569           0.736           0.873           0.933         514.495
       165           0.258           0.576           0.764           0.867           0.933           0.569           0.734           0.874           0.933         517.453
       166           0.258           0.576           0.764           0.867           0.933           0.570           0.735           0.873           0.932         520.414
       167           0.258           0.577           0.765           0.867           0.933           0.569           0.733           0.874           0.932         523.378
       168           0.256           0.574           0.762           0.868           0.933           0.567           0.735           0.873           0.932         526.377
       169           0.255           0.572           0.760           0.869           0.934           0.565           0.734           0.874           0.933         529.337
       170           0.255           0.573           0.761           0.868           0.934           0.566           0.734           0.874           0.933         532.303
       171           0.256           0.573           0.761           0.868           0.934           0.566           0.733           0.874           0.933         535.260
       172           0.255           0.572           0.761           0.868           0.934           0.566           0.735           0.874           0.933         538.216
       173           0.255           0.572           0.760           0.869           0.934           0.566           0.734           0.874           0.933         541.172
       174           0.255           0.572           0.761           0.868           0.934           0.564           0.731           0.875           0.933         544.128
       175           0.255           0.572           0.760           0.869           0.934           0.565           0.732           0.875           0.932         547.090
       176           0.255           0.571           0.760           0.869           0.934           0.565           0.732           0.875           0.933         550.046
       177           0.255           0.571           0.760           0.869           0.934           0.565           0.733           0.874           0.933         553.005
       178           0.254           0.571           0.760           0.869           0.934           0.565           0.731           0.875           0.933         555.960
       179           0.255           0.571           0.760           0.869           0.934           0.565           0.731           0.875           0.933         558.919
       180           0.255           0.571           0.760           0.869           0.934           0.564           0.730           0.875           0.933         561.876
       181           0.254           0.571           0.760           0.869           0.934           0.565           0.731           0.875           0.933         564.905
       182           0.255           0.571           0.760           0.869           0.934           0.565           0.731           0.875           0.933         567.877
       183           0.254           0.570           0.760           0.869           0.934           0.564           0.729           0.875           0.933         570.836
       184           0.254           0.570           0.760           0.869           0.934           0.565           0.731           0.875           0.933         573.789
       185           0.254           0.570           0.760           0.869           0.934           0.563           0.729           0.876           0.932         576.749
       186           0.254           0.570           0.760           0.869           0.934           0.564           0.731           0.875           0.933         579.707
       187           0.254           0.569           0.759           0.869           0.934           0.563           0.729           0.876           0.933         582.666
       188           0.254           0.570           0.760           0.869           0.934           0.563           0.729           0.876           0.933         585.626
       189           0.254           0.569           0.760           0.869           0.934           0.563           0.728           0.876           0.933         588.586
       190           0.253           0.569           0.759           0.869           0.934           0.562           0.727           0.876           0.933         591.544
       191           0.253           0.569           0.759           0.869           0.934           0.562           0.726           0.877           0.933         594.508
       192           0.254           0.570           0.761           0.868           0.934           0.562           0.727           0.876           0.932         597.466
       193           0.253           0.569           0.759           0.869           0.934           0.564           0.728           0.876           0.933         600.424
       194           0.253           0.568           0.759           0.869           0.934           0.562           0.727           0.876           0.933         603.384
       195           0.253           0.568           0.760           0.869           0.934           0.562           0.727           0.876           0.933         606.342
       196           0.253           0.568           0.759           0.869           0.934           0.563           0.727           0.876           0.932         609.302
       197           0.253           0.569           0.760           0.869           0.934           0.573           0.737           0.873           0.933         612.264
       198           0.259           0.575           0.767           0.866           0.933           0.563           0.730           0.875           0.932         615.222
       199           0.253           0.568           0.760           0.869           0.934           0.562           0.729           0.876           0.932         618.183
       200           0.252           0.567           0.758           0.869           0.935           0.561           0.727           0.876           0.933         621.142
       201           0.252           0.567           0.758           0.869           0.935           0.561           0.727           0.876           0.933         624.173
       202           0.252           0.567           0.758           0.869           0.935           0.562           0.727           0.876           0.933         627.137
       203           0.252           0.567           0.758           0.869           0.935           0.561           0.726           0.877           0.933         630.098
       204           0.251           0.566           0.757           0.870           0.935           0.561           0.726           0.877           0.933         633.060
       205           0.251           0.566           0.758           0.869           0.935           0.562           0.729           0.876           0.933         636.017
       206           0.252           0.566           0.758           0.869           0.935           0.562           0.728           0.876           0.933         638.977
       207           0.251           0.565           0.757           0.870           0.935           0.560           0.726           0.877           0.932         641.935
       208           0.251           0.565           0.758           0.869           0.935           0.560           0.726           0.877           0.932         644.893
       209           0.251           0.565           0.758           0.869           0.935           0.562           0.728           0.876           0.933         647.897
       210           0.251           0.565           0.758           0.869           0.935           0.560           0.725           0.877           0.933         650.855
       211           0.251           0.565           0.757           0.870           0.935           0.560           0.726           0.877           0.933         653.814
       212           0.251           0.565           0.757           0.870           0.935           0.559           0.727           0.876           0.932         656.774
       213           0.250           0.564           0.758           0.870           0.935           0.559           0.725           0.877           0.933         659.729
       214           0.251           0.565           0.758           0.869           0.935           0.561           0.729           0.876           0.933         662.688
       215           0.250           0.564           0.757           0.870           0.935           0.560           0.727           0.876           0.933         665.647
       216           0.250           0.564           0.757           0.870           0.935           0.560           0.726           0.877           0.933         668.609
       217           0.250           0.563           0.757           0.870           0.935           0.559           0.728           0.876           0.933         671.568
       218           0.250           0.563           0.757           0.870           0.935           0.560           0.728           0.876           0.933         674.525
       219           0.250           0.564           0.758           0.869           0.935           0.561           0.730           0.875           0.933         677.486
       220           0.249           0.562           0.756           0.870           0.935           0.561           0.729           0.876           0.933         680.445
       221           0.249           0.562           0.756           0.870           0.935           0.561           0.729           0.876           0.933         683.416
       222           0.249           0.563           0.756           0.870           0.935           0.561           0.729           0.876           0.933         686.437
       223           0.249           0.562           0.756           0.870           0.935           0.559           0.728           0.876           0.934         689.402
       224           0.249           0.562           0.756           0.870           0.935           0.559           0.727           0.876           0.933         692.361
       225           0.248           0.561           0.755           0.870           0.936           0.559           0.726           0.877           0.933         695.319
       226           0.249           0.562           0.756           0.870           0.935           0.559           0.728           0.876           0.933         698.279
       227           0.248           0.561           0.755           0.870           0.936           0.559           0.730           0.875           0.933         701.238
       228           0.249           0.561           0.755           0.870           0.936           0.559           0.728           0.876           0.934         704.198
       229           0.247           0.560           0.754           0.871           0.936           0.559           0.730           0.875           0.933         707.201
       230           0.249           0.561           0.757           0.870           0.935           0.559           0.729           0.876           0.933         710.161
       231           0.247           0.559           0.754           0.871           0.936           0.559           0.728           0.876           0.934         713.129
       232           0.248           0.560           0.755           0.870           0.936           0.557           0.726           0.877           0.934         716.107
       233           0.248           0.560           0.754           0.871           0.936           0.559           0.730           0.875           0.934         719.090
       234           0.247           0.559           0.753           0.871           0.936           0.558           0.727           0.876           0.934         722.066
       235           0.247           0.559           0.754           0.871           0.936           0.557           0.729           0.876           0.934         725.038
       236           0.247           0.560           0.755           0.870           0.936           0.557           0.728           0.876           0.934         728.011
       237           0.247           0.559           0.754           0.871           0.936           0.558           0.729           0.876           0.933         730.984
       238           0.247           0.559           0.754           0.871           0.936           0.558           0.731           0.875           0.934         733.948
       239           0.247           0.559           0.754           0.871           0.936           0.556           0.730           0.875           0.934         736.920
       240           0.247           0.558           0.754           0.871           0.936           0.557           0.729           0.875           0.934         739.886
       241           0.246           0.558           0.753           0.871           0.936           0.556           0.726           0.877           0.934         742.846
       242           0.246           0.558           0.753           0.871           0.936           0.555           0.727           0.876           0.934         745.878
       243           0.246           0.558           0.753           0.871           0.936           0.557           0.730           0.875           0.934         748.853
       244           0.246           0.558           0.753           0.871           0.936           0.555           0.728           0.876           0.934         751.823
       245           0.246           0.558           0.752           0.871           0.936           0.556           0.728           0.876           0.934         754.785
       246           0.245           0.557           0.751           0.872           0.936           0.555           0.729           0.876           0.935         757.749
       247           0.245           0.556           0.751           0.872           0.936           0.556           0.728           0.876           0.934         760.708
       248           0.246           0.558           0.753           0.871           0.936           0.554           0.725           0.877           0.934         763.667
       249           0.245           0.557           0.751           0.872           0.936           0.556           0.730           0.875           0.934         766.687
       250           0.245           0.557           0.751           0.872           0.936           0.555           0.728           0.876           0.934         769.650
       251           0.245           0.556           0.751           0.872           0.936           0.555           0.728           0.876           0.934         772.611
       252           0.242           0.553           0.747           0.873           0.937           0.554           0.733           0.874           0.934         775.569
       253           0.241           0.551           0.745           0.874           0.938           0.552           0.729           0.876           0.934         778.537
       254           0.241           0.552           0.745           0.874           0.938           0.554           0.733           0.874           0.934         781.497
       255           0.241           0.552           0.746           0.874           0.938           0.552           0.730           0.875           0.934         784.457
       256           0.241           0.552           0.745           0.874           0.938           0.553           0.731           0.875           0.934         787.420
       257           0.241           0.551           0.745           0.874           0.938           0.553           0.731           0.875           0.934         790.381
       258           0.239           0.550           0.743           0.875           0.939           0.553           0.737           0.873           0.935         793.396
       259           0.239           0.549           0.742           0.875           0.939           0.551           0.734           0.874           0.934         796.367
       260           0.239           0.549           0.742           0.875           0.939           0.553           0.736           0.873           0.935         799.395
       261           0.238           0.548           0.742           0.875           0.939           0.551           0.734           0.874           0.934         802.357
       262           0.239           0.549           0.742           0.875           0.939           0.552           0.736           0.873           0.934         805.392
       263           0.238           0.548           0.742           0.875           0.939           0.550           0.737           0.873           0.934         808.355
       264           0.238           0.549           0.742           0.875           0.939           0.553           0.739           0.872           0.934         811.333
       265           0.239           0.548           0.742           0.875           0.939           0.551           0.733           0.874           0.934         814.296
       266           0.238           0.548           0.741           0.875           0.939           0.553           0.744           0.870           0.934         817.266
       267           0.238           0.548           0.741           0.875           0.939           0.552           0.741           0.872           0.934         820.229
       268           0.237           0.547           0.741           0.875           0.939           0.552           0.740           0.872           0.935         823.191
       269           0.238           0.548           0.741           0.875           0.939           0.552           0.743           0.871           0.934         826.197
       270           0.237           0.547           0.741           0.875           0.939           0.551           0.740           0.872           0.934         829.161
       271           0.237           0.547           0.740           0.875           0.939           0.551           0.740           0.872           0.935         832.126
       272           0.237           0.547           0.741           0.875           0.939           0.551           0.742           0.871           0.935         835.091
       273           0.237           0.548           0.741           0.875           0.939           0.551           0.741           0.872           0.935         838.127
       274           0.237           0.546           0.740           0.875           0.940           0.550           0.740           0.872           0.935         841.091
       275           0.237           0.547           0.740           0.875           0.939           0.550           0.741           0.872           0.935         844.060
       276           0.237           0.546           0.740           0.875           0.940           0.551           0.741           0.871           0.934         847.023
       277           0.237           0.546           0.740           0.876           0.940           0.551           0.740           0.872           0.935         849.987
       278           0.237           0.546           0.740           0.876           0.940           0.550           0.739           0.872           0.935         852.951
       279           0.236           0.546           0.740           0.876           0.940           0.550           0.739           0.872           0.935         855.909
       280           0.237           0.546           0.740           0.876           0.940           0.550           0.740           0.872           0.935         858.874
       281           0.236           0.545           0.740           0.876           0.940           0.549           0.739           0.872           0.934         861.836
       282           0.236           0.546           0.739           0.876           0.940           0.550           0.740           0.872           0.935         864.870
       283           0.236           0.545           0.739           0.876           0.940           0.550           0.736           0.873           0.935         867.847
       284           0.236           0.546           0.739           0.876           0.940           0.550           0.739           0.872           0.935         870.804
       285           0.236           0.545           0.739           0.876           0.940           0.551           0.741           0.872           0.936         873.766
       286           0.236           0.545           0.739           0.876           0.940           0.550           0.742           0.871           0.934         876.727
       287           0.236           0.545           0.739           0.876           0.940           0.550           0.738           0.872           0.935         879.685
       288           0.236           0.545           0.739           0.876           0.940           0.550           0.740           0.872           0.935         882.642
       289           0.236           0.545           0.739           0.876           0.940           0.550           0.740           0.872           0.935         885.627
       290           0.235           0.544           0.738           0.876           0.940           0.551           0.740           0.872           0.935         888.589
       291           0.235           0.544           0.738           0.876           0.940           0.550           0.740           0.872           0.934         891.552
       292           0.235           0.544           0.739           0.876           0.940           0.550           0.739           0.872           0.935         894.512
       293           0.235           0.544           0.738           0.876           0.940           0.549           0.738           0.873           0.935         897.475
       294           0.235           0.544           0.738           0.876           0.940           0.549           0.738           0.872           0.935         900.437
       295           0.235           0.543           0.738           0.876           0.940           0.548           0.734           0.874           0.935         903.407
       296           0.235           0.544           0.738           0.876           0.940           0.548           0.737           0.873           0.935         906.371
       297           0.234           0.543           0.737           0.876           0.940           0.547           0.735           0.874           0.935         909.336
       298           0.234           0.543           0.737           0.876           0.940           0.548           0.736           0.873           0.935         912.297
       299           0.234           0.543           0.737           0.876           0.940           0.548           0.736           0.873           0.935         915.262
       300           0.234           0.543           0.737           0.877           0.940           0.547           0.733           0.874           0.935         918.227
       301           0.234           0.543           0.737           0.877           0.940           0.547           0.733           0.874           0.935         921.186
       302           0.234           0.543           0.737           0.876           0.940           0.546           0.732           0.875           0.936         924.149
       303           0.234           0.542           0.737           0.877           0.940           0.545           0.734           0.874           0.935         927.187
       304           0.234           0.542           0.736           0.877           0.940           0.546           0.734           0.874           0.935         930.153
       305           0.234           0.542           0.737           0.877           0.940           0.546           0.733           0.874           0.936         933.128
       306           0.234           0.542           0.736           0.877           0.940           0.544           0.729           0.876           0.936         936.092
       307           0.234           0.542           0.736           0.877           0.940           0.544           0.731           0.875           0.935         939.059
       308           0.234           0.542           0.736           0.877           0.940           0.544           0.732           0.875           0.936         942.024
       309           0.233           0.541           0.736           0.877           0.940           0.544           0.731           0.875           0.935         944.990
       310           0.233           0.541           0.736           0.877           0.940           0.543           0.729           0.876           0.936         947.964
       311           0.233           0.542           0.736           0.877           0.940           0.544           0.731           0.875           0.936         950.927
       312           0.233           0.541           0.735           0.877           0.940           0.543           0.729           0.876           0.936         953.895
       313           0.233           0.541           0.735           0.877           0.940           0.544           0.729           0.876           0.936         956.864
       314           0.233           0.541           0.735           0.877           0.940           0.544           0.732           0.875           0.936         959.831
       315           0.233           0.540           0.735           0.877           0.940           0.543           0.729           0.876           0.936         962.800
       316           0.233           0.541           0.735           0.877           0.940           0.543           0.730           0.875           0.936         965.770
       317           0.232           0.540           0.735           0.877           0.941           0.543           0.730           0.875           0.936         968.739
       318           0.232           0.540           0.735           0.877           0.941           0.543           0.728           0.876           0.936         971.704
       319           0.232           0.540           0.735           0.877           0.941           0.542           0.727           0.876           0.936         974.670
       320           0.232           0.540           0.735           0.877           0.941           0.543           0.729           0.876           0.936         977.638
       321           0.232           0.540           0.734           0.878           0.941           0.542           0.728           0.876           0.936         980.603
       322           0.232           0.540           0.734           0.878           0.941           0.543           0.728           0.876           0.936         983.569
       323           0.232           0.540           0.734           0.878           0.941           0.543           0.729           0.876           0.936         986.608
       324           0.232           0.539           0.733           0.878           0.941           0.543           0.726           0.877           0.936         989.576
       325           0.232           0.539           0.734           0.878           0.941           0.543           0.728           0.876           0.936         992.547
       326           0.231           0.539           0.734           0.878           0.941           0.542           0.727           0.876           0.936         995.518
       327           0.232           0.539           0.734           0.878           0.941           0.542           0.728           0.876           0.936         998.490
       328           0.231           0.538           0.733           0.878           0.941           0.543           0.727           0.876           0.936        1001.461
       329           0.231           0.539           0.733           0.878           0.941           0.541           0.726           0.877           0.936        1004.432
       330           0.231           0.539           0.733           0.878           0.941           0.541           0.725           0.877           0.936        1007.454
       331           0.231           0.538           0.732           0.878           0.941           0.541           0.726           0.877           0.937        1010.427
       332           0.231           0.538           0.733           0.878           0.941           0.540           0.724           0.877           0.936        1013.400
       333           0.231           0.538           0.732           0.878           0.941           0.541           0.727           0.876           0.937        1016.373
       334           0.230           0.538           0.733           0.878           0.941           0.540           0.724           0.877           0.937        1019.345
       335           0.231           0.538           0.732           0.878           0.941           0.540           0.724           0.877           0.937        1022.316
       336           0.230           0.537           0.732           0.878           0.941           0.539           0.722           0.878           0.936        1025.287
       337           0.231           0.538           0.732           0.878           0.941           0.539           0.725           0.877           0.936        1028.258
       338           0.230           0.538           0.732           0.878           0.941           0.538           0.722           0.878           0.937        1031.232
       339           0.230           0.538           0.732           0.878           0.941           0.539           0.726           0.877           0.937        1034.206
       340           0.230           0.537           0.732           0.878           0.941           0.539           0.723           0.878           0.937        1037.184
       341           0.230           0.537           0.732           0.878           0.941           0.539           0.726           0.877           0.937        1040.159
       342           0.230           0.537           0.732           0.878           0.941           0.538           0.724           0.877           0.937        1043.136
       343           0.230           0.537           0.731           0.879           0.941           0.540           0.726           0.877           0.937        1046.185
       344           0.230           0.537           0.731           0.878           0.941           0.539           0.726           0.877           0.936        1049.164
       345           0.230           0.537           0.731           0.878           0.941           0.539           0.727           0.876           0.937        1052.147
       346           0.230           0.537           0.732           0.878           0.941           0.538           0.726           0.877           0.937        1055.127
       347           0.230           0.536           0.731           0.879           0.941           0.538           0.724           0.877           0.937        1058.109
       348           0.229           0.536           0.730           0.879           0.942           0.540           0.726           0.877           0.937        1061.087
       349           0.230           0.536           0.731           0.879           0.941           0.539           0.728           0.876           0.937        1064.067
       350           0.229           0.536           0.731           0.879           0.942           0.538           0.726           0.877           0.937        1067.082
       351           0.230           0.537           0.731           0.878           0.941           0.538           0.725           0.877           0.937        1070.063
       352           0.229           0.536           0.730           0.879           0.942           0.538           0.725           0.877           0.937        1073.035
       353           0.229           0.536           0.731           0.879           0.942           0.539           0.725           0.877           0.937        1076.009
       354           0.229           0.535           0.730           0.879           0.942           0.538           0.727           0.876           0.937        1078.959
       355           0.229           0.536           0.730           0.879           0.942           0.538           0.724           0.877           0.937        1081.908
       356           0.229           0.535           0.730           0.879           0.942           0.537           0.722           0.878           0.937        1084.871
       357           0.229           0.535           0.730           0.879           0.942           0.537           0.725           0.877           0.937        1087.825
       358           0.229           0.535           0.730           0.879           0.942           0.537           0.724           0.877           0.937        1090.779
       359           0.229           0.535           0.730           0.879           0.942           0.536           0.723           0.878           0.937        1093.734
       360           0.228           0.535           0.729           0.879           0.942           0.538           0.726           0.877           0.937        1096.693
       361           0.228           0.534           0.729           0.879           0.942           0.538           0.725           0.877           0.937        1099.649
       362           0.229           0.535           0.730           0.879           0.942           0.537           0.725           0.877           0.937        1102.606
       363           0.228           0.535           0.729           0.879           0.942           0.537           0.724           0.877           0.937        1105.597
       364           0.228           0.535           0.730           0.879           0.942           0.537           0.725           0.877           0.937        1108.553
       365           0.228           0.534           0.729           0.879           0.942           0.536           0.721           0.878           0.937        1111.510
       366           0.228           0.534           0.729           0.879           0.942           0.537           0.723           0.878           0.937        1114.476
       367           0.228           0.534           0.729           0.879           0.942           0.536           0.724           0.877           0.937        1117.434
       368           0.228           0.534           0.729           0.879           0.942           0.536           0.723           0.878           0.937        1120.390
       369           0.228           0.534           0.729           0.879           0.942           0.537           0.725           0.877           0.937        1123.345
       370           0.227           0.533           0.727           0.880           0.942           0.539           0.733           0.874           0.936        1126.343
       371           0.227           0.533           0.727           0.880           0.942           0.537           0.732           0.875           0.937        1129.302
       372           0.227           0.532           0.727           0.880           0.942           0.539           0.732           0.875           0.936        1132.265
       373           0.227           0.533           0.728           0.880           0.942           0.538           0.732           0.875           0.937        1135.220
       374           0.227           0.533           0.727           0.880           0.942           0.538           0.734           0.874           0.937        1138.181
       375           0.227           0.532           0.727           0.880           0.942           0.538           0.733           0.874           0.937        1141.143
       376           0.227           0.532           0.727           0.880           0.943           0.539           0.733           0.874           0.937        1144.100
       377           0.227           0.532           0.727           0.880           0.942           0.538           0.734           0.874           0.937        1147.057
       378           0.226           0.532           0.726           0.880           0.943           0.538           0.731           0.875           0.937        1150.015
       379           0.226           0.532           0.726           0.880           0.942           0.538           0.733           0.874           0.936        1152.974
       380           0.226           0.532           0.727           0.880           0.943           0.538           0.731           0.875           0.937        1155.932
       381           0.226           0.531           0.726           0.880           0.943           0.538           0.732           0.874           0.937        1158.891
       382           0.226           0.532           0.726           0.880           0.943           0.538           0.732           0.875           0.937        1161.848
       383           0.226           0.531           0.726           0.880           0.943           0.538           0.733           0.874           0.937        1164.878
       384           0.226           0.531           0.725           0.880           0.943           0.539           0.733           0.874           0.937        1167.853
       385           0.226           0.531           0.726           0.880           0.943           0.538           0.733           0.874           0.937        1170.810
       386           0.226           0.531           0.726           0.880           0.943           0.538           0.732           0.875           0.937        1173.772
       387           0.226           0.531           0.726           0.880           0.943           0.538           0.732           0.875           0.936        1176.737
       388           0.226           0.531           0.725           0.881           0.943           0.539           0.734           0.874           0.936        1179.697
       389           0.225           0.530           0.725           0.880           0.943           0.537           0.729           0.876           0.936        1182.657
       390           0.225           0.531           0.725           0.880           0.943           0.538           0.731           0.875           0.937        1185.658
       391           0.226           0.531           0.725           0.880           0.943           0.538           0.732           0.875           0.936        1188.623
       392           0.225           0.530           0.724           0.881           0.943           0.539           0.734           0.874           0.936        1191.584
       393           0.225           0.530           0.725           0.880           0.943           0.537           0.731           0.875           0.936        1194.546
       394           0.225           0.530           0.725           0.881           0.943           0.539           0.731           0.875           0.936        1197.508
       395           0.225           0.530           0.725           0.881           0.943           0.537           0.730           0.875           0.937        1200.471
       396           0.225           0.530           0.724           0.881           0.943           0.539           0.732           0.875           0.936        1203.434
       397           0.225           0.530           0.724           0.881           0.943           0.537           0.733           0.874           0.936        1206.399
       398           0.225           0.529           0.724           0.881           0.943           0.538           0.731           0.875           0.936        1209.366
       399           0.224           0.529           0.724           0.881           0.943           0.538           0.731           0.875           0.936        1212.329
       400           0.225           0.529           0.724           0.881           0.943           0.537           0.732           0.874           0.936        1215.293
       401           0.224           0.529           0.724           0.881           0.943           0.539           0.733           0.874           0.936        1218.263
       402           0.224           0.529           0.724           0.881           0.943           0.537           0.733           0.874           0.936        1221.230
       403           0.224           0.529           0.723           0.881           0.943           0.539           0.733           0.874           0.936        1224.195
       404           0.224           0.529           0.723           0.881           0.943           0.537           0.733           0.874           0.936        1227.236
       405           0.224           0.529           0.723           0.881           0.943           0.539           0.733           0.874           0.936        1230.202
       406           0.224           0.528           0.723           0.881           0.943           0.538           0.733           0.874           0.936        1233.169
       407           0.224           0.528           0.723           0.881           0.943           0.538           0.731           0.875           0.936        1236.137
       408           0.224           0.529           0.723           0.881           0.943           0.539           0.731           0.875           0.936        1239.100
       409           0.224           0.528           0.723           0.881           0.943           0.538           0.731           0.875           0.936        1242.066
       410           0.224           0.528           0.723           0.881           0.943           0.539           0.734           0.874           0.936        1245.032
       411           0.224           0.528           0.723           0.881           0.943           0.539           0.734           0.874           0.936        1248.053
       412           0.223           0.528           0.722           0.881           0.943           0.539           0.734           0.874           0.936        1251.021
       413           0.224           0.528           0.722           0.881           0.943           0.538           0.733           0.874           0.936        1253.990
       414           0.223           0.528           0.722           0.881           0.943           0.539           0.734           0.874           0.936        1256.962
       415           0.223           0.528           0.722           0.881           0.943           0.539           0.734           0.874           0.936        1259.935
       416           0.223           0.527           0.722           0.881           0.943           0.538           0.733           0.874           0.936        1262.911
       417           0.223           0.527           0.722           0.882           0.944           0.540           0.734           0.874           0.936        1265.882
       418           0.223           0.527           0.722           0.881           0.943           0.538           0.734           0.874           0.936        1268.855
       419           0.223           0.527           0.722           0.882           0.943           0.539           0.733           0.874           0.936        1271.824
       420           0.223           0.527           0.722           0.882           0.943           0.539           0.735           0.874           0.936        1274.796
       421           0.223           0.527           0.721           0.882           0.944           0.539           0.735           0.874           0.936        1277.768
       422           0.223           0.527           0.721           0.882           0.944           0.539           0.733           0.874           0.936        1280.737
       423           0.223           0.527           0.722           0.882           0.944           0.539           0.735           0.874           0.936        1283.708
       424           0.223           0.527           0.721           0.882           0.944           0.538           0.734           0.874           0.936        1286.713
       425           0.222           0.526           0.721           0.882           0.944           0.539           0.735           0.873           0.936        1289.683
       426           0.222           0.526           0.721           0.882           0.944           0.539           0.736           0.873           0.936        1292.659
       427           0.222           0.527           0.721           0.882           0.944           0.539           0.735           0.873           0.935        1295.629
       428           0.222           0.526           0.721           0.882           0.944           0.538           0.733           0.874           0.936        1298.601
       429           0.222           0.526           0.721           0.882           0.944           0.539           0.734           0.874           0.935        1301.570
       430           0.222           0.526           0.721           0.882           0.944           0.539           0.735           0.874           0.935        1304.539
       431           0.222           0.526           0.721           0.882           0.944           0.539           0.735           0.874           0.935        1307.518
       432           0.222           0.526           0.721           0.882           0.944           0.539           0.737           0.873           0.936        1310.489
       433           0.222           0.526           0.720           0.882           0.944           0.539           0.736           0.873           0.936        1313.459
       434           0.222           0.525           0.720           0.882           0.944           0.539           0.734           0.874           0.936        1316.423
       435           0.222           0.526           0.721           0.882           0.944           0.540           0.736           0.873           0.936        1319.400
       436           0.222           0.526           0.720           0.882           0.944           0.538           0.735           0.874           0.935        1322.366
       437           0.222           0.526           0.721           0.882           0.944           0.539           0.735           0.873           0.935        1325.334
       438           0.222           0.525           0.720           0.882           0.944           0.539           0.736           0.873           0.935        1328.302
       439           0.221           0.525           0.720           0.882           0.944           0.539           0.736           0.873           0.935        1331.269
       440           0.221           0.525           0.720           0.882           0.944           0.540           0.736           0.873           0.936        1334.241
       441           0.221           0.525           0.720           0.882           0.944           0.539           0.736           0.873           0.936        1337.213
       442           0.221           0.525           0.720           0.882           0.944           0.538           0.736           0.873           0.936        1340.181
       443           0.221           0.525           0.720           0.882           0.944           0.539           0.737           0.873           0.935        1343.149
       444           0.221           0.525           0.720           0.882           0.944           0.538           0.737           0.873           0.935        1346.144
       445           0.221           0.525           0.720           0.882           0.944           0.539           0.735           0.874           0.935        1349.112
       446           0.221           0.525           0.719           0.882           0.944           0.539           0.737           0.873           0.935        1352.077
       447           0.221           0.525           0.719           0.882           0.944           0.539           0.737           0.873           0.935        1355.045
       448           0.221           0.525           0.720           0.882           0.944           0.539           0.738           0.872           0.936        1358.011
       449           0.221           0.525           0.720           0.882           0.944           0.538           0.736           0.873           0.936        1360.958
       450           0.221           0.524           0.719           0.882           0.944           0.539           0.735           0.873           0.935        1363.896
       451           0.221           0.525           0.720           0.882           0.944           0.538           0.737           0.873           0.935        1366.881
       452           0.221           0.524           0.719           0.883           0.944           0.539           0.738           0.873           0.935        1369.821
       453           0.221           0.524           0.719           0.882           0.944           0.538           0.737           0.873           0.935        1372.761
       454           0.221           0.524           0.719           0.882           0.944           0.539           0.736           0.873           0.936        1375.700
       455           0.221           0.524           0.719           0.882           0.944           0.539           0.737           0.873           0.935        1378.643
       456           0.220           0.524           0.719           0.883           0.944           0.539           0.737           0.873           0.935        1381.583
       457           0.220           0.524           0.719           0.883           0.944           0.539           0.739           0.872           0.935        1384.522
       458           0.220           0.524           0.719           0.883           0.944           0.538           0.737           0.873           0.935        1387.463
       459           0.220           0.523           0.718           0.883           0.944           0.538           0.735           0.873           0.935        1390.407
       460           0.220           0.524           0.719           0.882           0.944           0.539           0.737           0.873           0.935        1393.346
       461           0.220           0.523           0.718           0.883           0.944           0.539           0.738           0.873           0.935        1396.288
       462           0.220           0.523           0.719           0.883           0.944           0.539           0.738           0.872           0.936        1399.230
       463           0.220           0.523           0.718           0.883           0.944           0.539           0.739           0.872           0.935        1402.172
       464           0.220           0.523           0.719           0.883           0.944           0.538           0.738           0.872           0.935        1405.181
       465           0.220           0.523           0.718           0.883           0.944           0.540           0.737           0.873           0.935        1408.125
       466           0.220           0.523           0.719           0.883           0.944           0.539           0.737           0.873           0.936        1411.062
       467           0.220           0.523           0.719           0.883           0.944           0.538           0.737           0.873           0.935        1414.003
       468           0.220           0.523           0.718           0.883           0.944           0.539           0.739           0.872           0.935        1416.948
       469           0.220           0.523           0.718           0.883           0.944           0.538           0.739           0.872           0.936        1419.886
       470           0.220           0.523           0.718           0.883           0.944           0.538           0.738           0.873           0.936        1422.829
       471           0.220           0.523           0.718           0.883           0.944           0.539           0.738           0.873           0.935        1425.816
       472           0.219           0.523           0.717           0.883           0.944           0.539           0.738           0.872           0.935        1428.761
       473           0.219           0.522           0.718           0.883           0.944           0.538           0.738           0.873           0.935        1431.706
       474           0.219           0.523           0.718           0.883           0.945           0.539           0.740           0.872           0.935        1434.651
       475           0.219           0.522           0.717           0.883           0.945           0.538           0.739           0.872           0.936        1437.666
       476           0.219           0.522           0.718           0.883           0.945           0.539           0.738           0.873           0.935        1440.592
       477           0.219           0.522           0.718           0.883           0.945           0.539           0.739           0.872           0.934        1443.528
       478           0.219           0.522           0.717           0.883           0.945           0.538           0.739           0.872           0.935        1446.452
       479           0.219           0.522           0.717           0.883           0.945           0.538           0.739           0.872           0.936        1449.381
       480           0.219           0.522           0.717           0.883           0.945           0.538           0.739           0.872           0.935        1452.308
       481           0.219           0.522           0.717           0.883           0.945           0.538           0.739           0.872           0.936        1455.233
       482           0.219           0.521           0.716           0.883           0.945           0.538           0.738           0.872           0.935        1458.161
       483           0.219           0.522           0.717           0.883           0.945           0.538           0.738           0.873           0.936        1461.091
       484           0.219           0.522           0.716           0.883           0.945           0.538           0.740           0.872           0.935        1464.012
       485           0.219           0.521           0.717           0.883           0.945           0.538           0.739           0.872           0.936        1466.971
       486           0.219           0.521           0.717           0.883           0.945           0.538           0.740           0.872           0.935        1469.898
       487           0.219           0.521           0.716           0.883           0.945           0.549           0.752           0.868           0.935        1472.824
       488           0.220           0.523           0.719           0.882           0.944           0.549           0.752           0.868           0.936        1475.756
       489           0.221           0.523           0.719           0.882           0.944           0.553           0.761           0.864           0.934        1478.688
       490           0.220           0.523           0.719           0.882           0.944           0.551           0.754           0.867           0.935        1481.613
       491           0.222           0.525           0.721           0.882           0.944           0.561           0.769           0.861           0.935        1484.539
       492           0.225           0.529           0.726           0.880           0.943           0.568           0.776           0.859           0.935        1487.511
       493           0.226           0.531           0.728           0.879           0.943           0.568           0.779           0.858           0.934        1490.436
       494           0.227           0.532           0.730           0.879           0.943           0.569           0.780           0.858           0.933        1493.361
       495           0.228           0.535           0.732           0.878           0.942           0.561           0.771           0.861           0.935        1496.289
       496           0.229           0.536           0.733           0.878           0.942           0.556           0.764           0.864           0.935        1499.221
       497           0.228           0.536           0.732           0.878           0.942           0.553           0.760           0.865           0.935        1502.146
       498           0.227           0.535           0.731           0.879           0.942           0.549           0.754           0.867           0.935        1505.073
       499           0.225           0.533           0.728           0.880           0.942           0.536           0.728           0.876           0.935        1508.005
       500           0.222           0.528           0.721           0.882           0.943           0.536           0.728           0.876           0.935        1510.931
--------------------------------------------------------------------------------------------------------------------------------------------------------------------------------------------------------
The best indicator statistics
      BestEpoch        TrainMAE       TrainRMSE         TrainR2         TrainCC        ValidMAE       ValidRMSE         ValidR2         ValidCC
       500           0.528           0.721           0.882           0.943           0.536           0.728           0.876           0.935
Total training time: 1511.0525 seconds
>>> Training of the Model Accomplished! >>>
End at:  Fri Apr  7 23:59:47 2023
++++++++++++++++++++++++++++++++++++++++
process end at : 
Fri Apr  7 23:59:50 CST 2023
