32
process will start at : 
Fri Oct 21 18:44:03 CST 2022
++++++++++++++++++++++++++++++++++++++++
Load GaoDataSet from dataset/SolubTotal.csv ... done (10223 lines, 259.280 seconds) 
# of all graphs/labels:      10222
# of testing graphs/labels:      2044
>>> Training of the Model >>>
Start at:  Fri Oct 21 18:48:51 2022
PID:       106567
# of training graphs/labels: 8178
Learning rate:               1E-03
Batch size:                  64
Maximum epochs:              1000
Output frequency:            1
Params filename prefix:      models/solub
Device:                      cpu
------------------------------------------------------------------------------------------------------------------------------------------------------
     Epoch    TrainingLoss        TrainMAE       TrainRMSE         Time(s) SavePrefix
------------------------------------------------------------------------------------------------------------------------------------------------------
         0       0.8957252       1.3108553       1.8144425      35.4599421 models/solub-0
------------------------------------------------------------------------------------------------------------------------------------------------------
Final loss: 0.2048, Final mae: 0.5163, Final mse: 0.4487, Final rmse: 0.6677
Total training time: 34574.6304 seconds
>>> Training of the Model Accomplished! >>>
End at:  Sat Oct 22 04:25:06 2022
    0     -4.34200000     -3.55700000
    1     -4.01500000     -4.77000000
    2     -4.17300000     -3.69700000
    3     -4.05600000     -3.19700000
    4     -4.05400000     -5.10400000
    5     -5.49300000     -4.81400000
    6     -4.38000000     -5.13900000
    7     -4.15100000     -5.32800000
    8     -5.49700000     -5.34000000
    9     -4.34900000     -4.06300000
   10     -4.67500000     -3.91300000
   11     -5.39500000     -5.11500000
   12     -4.11700000     -4.39500000
   13     -4.02200000     -4.45100000
   14     -4.28800000     -5.01100000
   15     -4.73700000     -3.76500000
   16     -4.15500000     -4.77800000
   17     -4.15200000     -5.38300000
   18     -5.42600000     -5.30900000
   19     -4.58900000     -5.35300000
   20     -5.97300000     -4.89600000
   21     -5.86500000     -5.40500000
   22     -5.63100000     -5.40100000
   23     -5.49300000     -4.57300000
   24     -3.96900000     -4.27700000
   25     -3.93400000     -5.62300000
   26     -3.92800000     -3.63200000
   27     -3.94300000     -3.66200000
   28     -5.23000000     -5.16300000
   29     -4.27700000     -4.18800000
   30     -4.61300000     -4.48000000
   31     -4.46700000     -4.76400000
   32     -5.49100000     -5.60900000
   33     -5.15900000     -4.88500000
   34     -5.48300000     -5.32300000
   35     -3.94100000     -5.18500000
   36     -5.71000000     -5.24300000
   37     -3.93100000     -4.17700000
   38     -4.51400000     -3.78600000
   39     -5.34200000     -5.16500000
   40     -4.67100000     -4.77800000
   41     -5.13500000     -4.97200000
   42     -5.44500000     -4.60100000
   43     -4.14500000     -4.74900000
   44     -5.12700000     -4.72200000
   45     -5.45600000     -4.57600000
   46     -4.42800000     -4.84100000
   47     -5.25300000     -5.27600000
   48     -4.12700000     -5.15000000
   49     -3.94400000     -4.56600000
   50     -5.51200000     -4.51500000
   51     -4.10100000     -4.99100000
   52     -4.15400000     -3.62200000
   53     -4.31200000     -3.25200000
   54     -4.00700000     -4.02700000
   55     -3.37700000     -3.82200000
   56     -5.00700000     -5.22800000
   57     -7.09200000     -4.67300000
   58     -4.05500000     -4.07000000
   59     -4.80200000     -3.85200000
   60     -5.01900000     -5.74300000
   61     -4.53200000     -4.47400000
   62     -4.81700000     -4.77400000
   63     -5.00800000     -5.81000000
   64     -5.12500000     -4.42100000
   65     -3.93700000     -3.59400000
   66     -4.99600000     -5.04900000
   67     -5.10200000     -3.62900000
   68     -5.25600000     -4.61400000
   69     -3.94900000     -3.98300000
   70     -4.14400000     -4.79500000
   71     -4.60900000     -4.48700000
   72     -4.47900000     -4.10600000
   73     -5.16200000     -4.21500000
   74     -5.39700000     -4.84200000
   75     -4.29400000     -5.23800000
   76     -4.24500000     -5.09800000
   77     -5.36800000     -4.63700000
   78     -5.09900000     -5.05300000
   79     -4.07100000     -5.11600000
   80     -5.42000000     -4.60700000
   81     -6.22800000     -4.59300000
   82     -4.02900000     -3.82600000
   83     -5.23000000     -4.63400000
   84     -4.01000000     -4.34900000
   85     -5.07200000     -4.63300000
   86     -4.08300000     -5.01600000
   87     -4.36100000     -4.14000000
   88     -3.91300000     -3.71800000
   89     -4.86000000     -4.38000000
   90     -5.50800000     -4.78400000
   91     -5.57700000     -4.26500000
   92     -5.14300000     -5.19100000
   93     -4.21900000     -4.66400000
   94     -4.09800000     -4.56600000
   95     -4.01200000     -3.34600000
   96     -3.98800000     -4.46900000
   97     -5.38600000     -5.39500000
   98     -5.39700000     -5.05400000
   99     -5.60100000     -4.76400000
  100     -4.34200000     -4.65800000
  101     -3.99800000     -4.46200000
  102     -4.33200000     -4.54600000
  103     -5.06900000     -5.60400000
  104     -5.09900000     -5.16700000
  105     -3.92700000     -4.65400000
  106     -4.59000000     -3.38600000
  107     -5.52600000     -5.48100000
  108     -5.48200000     -5.85100000
  109     -4.14900000     -4.23500000
  110     -5.45300000     -4.62700000
  111     -3.92000000     -5.20100000
  112     -3.95400000     -4.27400000
  113     -4.16100000     -5.20300000
  114     -5.43700000     -4.59600000
  115     -5.63800000     -6.38200000
  116     -4.46000000     -5.23800000
  117     -4.07400000     -3.61900000
  118     -5.45300000     -3.66600000
  119     -5.62400000     -5.28500000
  120     -5.53100000     -4.75600000
  121     -4.73900000     -6.10600000
  122     -4.42400000     -4.82400000
  123     -5.61600000     -4.77300000
  124     -5.95400000     -5.97600000
  125     -5.22300000     -4.75000000
  126     -4.00500000     -4.45400000
  127     -4.17300000     -5.05900000
  128     -5.30400000     -3.98600000
  129     -3.96000000     -3.85000000
  130     -4.34500000     -4.86300000
  131     -4.11400000     -3.91800000
  132     -4.74100000     -4.66700000
  133     -4.10400000     -5.51200000
  134     -4.62200000     -4.80400000
  135     -5.82500000     -5.01200000
  136     -5.36200000     -5.31000000
  137     -4.81100000     -3.65300000
  138     -5.18000000     -5.46000000
  139     -4.10700000     -4.39000000
  140     -4.89500000     -5.04000000
  141     -5.40200000     -5.64800000
  142     -4.10900000     -5.79900000
  143     -4.20800000     -4.52400000
  144     -5.29400000     -4.83000000
  145     -4.83900000     -4.53300000
  146     -5.27700000     -5.71700000
  147     -5.46200000     -4.67700000
  148     -4.15700000     -5.40200000
  149     -3.90400000     -4.59800000
  150     -4.11800000     -5.31800000
  151     -4.08500000     -4.81400000
  152     -4.07700000     -5.09500000
  153     -4.41000000     -4.16900000
  154     -4.44500000     -4.98000000
  155     -4.26700000     -5.04900000
  156     -4.56900000     -3.04000000
  157     -4.00000000     -4.28300000
  158     -4.16300000     -3.53600000
  159     -4.53100000     -5.10400000
  160     -4.15100000     -5.60200000
  161     -5.38000000     -4.91500000
  162     -5.50800000     -4.41000000
  163     -5.10400000     -4.04300000
  164     -5.14300000     -4.89500000
  165     -4.75200000     -4.44500000
  166     -5.59000000     -4.95100000
  167     -4.12000000     -4.80400000
  168     -4.68500000     -4.57500000
  169     -4.07300000     -4.00000000
  170     -3.91700000     -5.19900000
  171     -4.09800000     -5.15600000
  172     -5.52400000     -5.90500000
  173     -4.12000000     -4.49700000
  174     -4.08000000     -5.06700000
  175     -4.83900000     -4.98000000
  176     -4.00000000     -5.40500000
  177     -3.93500000     -5.67800000
  178     -5.46900000     -5.09900000
  179     -4.19000000     -3.89000000
  180     -5.50100000     -4.80400000
  181     -3.92200000     -5.62300000
  182     -4.06300000     -4.31800000
  183     -4.01400000     -3.90600000
  184     -5.39700000     -3.56100000
  185     -4.63300000     -3.98200000
  186     -5.65900000     -4.97500000
  187     -4.04200000     -3.61400000
  188     -5.65300000     -5.52400000
  189     -4.04100000     -5.53100000
  190     -4.02700000     -4.24600000
  191     -4.33100000     -4.32800000
  192     -5.52400000     -4.98100000
  193     -5.01000000     -5.53400000
  194     -5.76800000     -5.70500000
  195     -5.43100000     -4.31100000
  196     -5.48400000     -5.41300000
  197     -4.60400000     -4.94900000
  198     -5.82700000     -4.83300000
  199     -5.25100000     -5.46900000
  200     -4.50300000     -4.84300000
  201     -4.82100000     -4.33300000
  202     -4.85200000     -4.61800000
  203     -3.90200000     -4.44600000
  204     -5.56500000     -4.31700000
  205     -4.79800000     -5.30400000
  206     -4.53400000     -4.09000000
  207     -4.55700000     -3.13000000
  208     -4.40600000     -4.75200000
  209     -5.81000000     -5.18500000
  210     -5.43000000     -5.28500000
  211     -4.39500000     -5.16800000
  212     -3.96700000     -4.47700000
  213     -4.03700000     -8.23600000
  214     -4.16000000     -5.10700000
  215     -4.53500000     -3.60700000
  216     -4.64800000     -5.04800000
  217     -3.94800000     -4.67100000
  218     -3.91200000     -3.13700000
  219     -4.47100000     -5.40900000
  220     -4.89700000     -5.00900000
  221     -4.04800000     -5.13700000
  222     -5.17500000     -5.25400000
  223     -4.28800000     -4.35700000
  224     -4.87800000     -7.06800000
  225     -5.58300000     -5.24500000
  226     -3.92800000     -3.85900000
  227     -4.50300000     -4.84300000
  228     -4.34500000     -3.90300000
  229     -4.15300000     -4.61200000
  230     -5.37800000     -3.95100000
  231     -3.95100000     -4.48400000
  232     -5.61800000     -5.33600000
  233     -3.92300000     -4.53200000
  234     -3.95800000     -4.42200000
  235     -5.29700000     -5.45300000
  236     -5.17400000     -4.64200000
  237     -5.48000000     -5.08200000
  238     -5.58800000     -5.44100000
  239     -3.94900000     -4.13100000
  240     -5.53700000     -5.54100000
  241     -5.45500000     -4.87000000
  242     -3.90500000     -3.51000000
  243     -4.01900000     -4.83000000
  244     -5.50900000     -4.89900000
  245     -4.48700000     -4.40200000
  246     -4.54100000     -3.75800000
  247     -4.07100000     -4.42300000
  248     -4.04700000     -4.10800000
  249     -5.60700000     -5.53400000
  250     -3.96000000     -4.14200000
  251     -5.49100000     -4.95000000
  252     -4.21300000     -3.61000000
  253     -4.55400000     -5.08700000
  254     -4.43700000     -4.75800000
  255     -4.10300000     -4.85200000
  256     -4.58600000     -5.03800000
  257     -4.00100000     -4.34800000
  258     -4.05800000     -4.27300000
  259     -3.92900000     -4.88900000
  260     -4.00800000     -5.20800000
  261     -4.56900000     -6.13600000
  262     -5.43400000     -5.04900000
  263     -5.57400000     -5.23900000
  264     -3.91600000     -4.14400000
  265     -4.56600000     -4.67100000
  266     -3.96100000     -4.34800000
  267     -5.40200000     -5.88800000
  268     -4.65100000     -4.52500000
  269     -5.34700000     -4.98400000
  270     -4.51600000     -4.67200000
  271     -4.14600000     -3.36600000
  272     -5.32800000     -4.68100000
  273     -4.12700000     -4.00100000
  274     -5.40500000     -4.51800000
  275     -4.26700000     -2.64400000
  276     -4.63300000     -4.78700000
  277     -4.38100000     -5.06900000
  278     -3.96100000     -4.48900000
  279     -3.91000000     -3.74100000
  280     -4.11400000     -4.27600000
  281     -5.15900000     -4.34900000
  282     -3.99200000     -4.61700000
  283     -5.23700000     -5.17300000
  284     -5.44300000     -3.90300000
  285     -5.40500000     -4.02100000
  286     -4.26300000     -2.90800000
  287     -4.50600000     -5.06000000
  288     -4.07800000     -4.34100000
  289     -4.05100000     -4.77400000
  290     -4.04400000     -5.24000000
  291     -3.94900000     -4.54400000
  292     -3.96500000     -4.03500000
  293     -4.69800000     -4.55100000
  294     -4.40700000     -4.73800000
  295     -4.74200000     -5.21700000
  296     -4.27700000     -5.19500000
  297     -5.36900000     -5.10900000
  298     -4.30800000     -5.24700000
  299     -4.19400000     -4.83300000
  300     -4.37300000     -4.28700000
  301     -4.73600000     -4.91200000
  302     -4.64600000     -4.63200000
  303     -5.49300000     -5.57500000
  304     -3.92600000     -4.03500000
  305     -3.93600000     -3.98600000
  306     -5.16000000     -4.85900000
  307     -4.16300000     -3.72400000
  308     -5.11400000     -4.69600000
  309     -4.41400000     -4.13500000
  310     -4.51100000     -4.28900000
  311     -4.10100000     -4.46400000
  312     -4.34200000     -4.63400000
  313     -5.39700000     -4.97500000
  314     -4.23100000     -4.14000000
  315     -3.93400000     -4.55600000
  316     -3.92800000     -4.06000000
  317     -4.42500000     -5.29000000
  318     -4.08300000     -3.96800000
  319     -4.00900000     -4.46000000
  320     -3.91400000     -4.51700000
  321     -5.34400000     -4.52300000
  322     -4.13100000     -4.20200000
  323     -5.84900000     -4.99700000
  324     -4.09000000     -5.15700000
  325     -5.41500000     -4.48600000
  326     -5.44100000     -5.24000000
  327     -4.36100000     -3.80600000
  328     -4.04400000     -4.11600000
  329     -4.30900000     -5.20000000
  330     -5.18000000     -4.84800000
  331     -5.42800000     -4.67800000
  332     -5.44500000     -4.62600000
  333     -5.27800000     -4.97500000
  334     -3.98900000     -5.28700000
  335     -3.99600000     -3.87500000
  336     -6.67100000     -5.43100000
  337     -4.97300000     -5.19500000
  338     -4.02400000     -5.22000000
  339     -4.13300000     -4.54700000
  340     -3.99500000     -4.54000000
  341     -4.64300000     -4.60800000
  342     -3.91000000     -4.23900000
  343     -4.56800000     -4.75600000
  344     -5.34600000     -5.03800000
  345     -5.01500000     -4.71200000
  346     -4.59200000     -6.89100000
  347     -4.82600000     -4.39900000
  348     -5.51100000     -5.01100000
  349     -4.91800000     -4.84900000
  350     -4.22500000     -4.82700000
  351     -3.92500000     -4.27500000
  352     -4.04200000     -5.27300000
  353     -3.98700000     -5.21700000
  354     -4.02600000     -5.06200000
  355     -5.58000000     -4.71900000
  356     -5.61100000     -5.28600000
  357     -5.38400000     -5.36200000
  358     -4.43000000     -5.41100000
  359     -3.99000000     -4.26000000
  360     -5.43700000     -4.94300000
  361     -4.06300000     -4.10000000
  362     -4.46500000     -4.87800000
  363     -5.42100000     -4.23400000
  364     -3.90900000     -4.01800000
  365     -5.41400000     -5.06500000
  366     -4.80200000     -5.19300000
  367     -5.44200000     -4.81000000
  368     -4.05500000     -3.99300000
  369     -4.17800000     -4.36200000
  370     -4.74600000     -4.75200000
  371     -4.28200000     -3.01500000
  372     -4.00900000     -4.33300000
  373     -4.38300000     -4.75200000
  374     -5.37500000     -5.62500000
  375     -5.00700000     -6.53700000
  376     -4.01400000     -5.49300000
  377     -4.73800000     -3.72100000
  378     -4.95100000     -5.27800000
  379     -5.50700000     -4.84300000
  380     -5.30800000     -4.69300000
  381     -4.41500000     -5.08100000
  382     -5.09200000     -4.92700000
  383     -5.09000000     -5.13500000
  384     -3.95500000     -3.32000000
  385     -4.10800000     -5.69200000
  386     -3.95400000     -4.33400000
  387     -4.35000000     -5.63800000
  388     -4.02800000     -4.60000000
  389     -4.02400000     -4.37500000
  390     -5.35700000     -4.64600000
  391     -5.88300000     -5.05500000
  392     -5.96000000     -4.65700000
  393     -5.29700000     -4.21200000
  394     -4.16500000     -4.46300000
  395     -4.07300000     -4.75200000
  396     -6.21900000     -6.23900000
  397     -5.02400000     -4.84300000
  398     -5.45200000     -4.81700000
  399     -4.33600000     -4.63600000
  400     -4.60600000     -4.82500000
  401     -4.20100000     -4.23000000
  402     -4.02800000     -4.87300000
  403     -4.10800000     -4.40900000
  404     -4.36800000     -4.71000000
  405     -5.21300000     -5.05400000
  406     -5.12200000     -4.36800000
  407     -3.93800000     -3.91500000
  408     -3.90900000     -3.41200000
  409     -4.01300000     -4.19600000
  410     -5.49200000     -4.65800000
  411     -5.91900000     -5.16800000
  412     -5.59800000     -5.55800000
  413     -4.99300000     -4.28300000
  414     -4.41000000     -4.38500000
  415     -3.93700000     -4.39600000
  416     -4.70400000     -4.71100000
  417     -4.78800000     -4.68100000
  418     -4.76000000     -4.42000000
  419     -5.34300000     -4.41500000
  420     -4.24800000     -4.83600000
  421     -4.10700000     -5.25300000
  422     -4.38700000     -4.65500000
  423     -4.01200000     -3.34000000
  424     -5.58500000     -5.00000000
  425     -5.43100000     -5.35400000
  426     -5.49700000     -6.00600000
  427     -4.01500000     -4.43900000
  428     -4.08600000     -4.62600000
  429     -3.96300000     -3.85200000
  430     -4.11700000     -4.22900000
  431     -4.35900000     -4.91100000
  432     -5.68000000     -4.53400000
  433     -3.95800000     -4.51000000
  434     -3.96900000     -4.37100000
  435     -6.35400000     -5.47300000
  436     -4.24900000     -3.88400000
  437     -5.18100000     -4.62900000
  438     -4.30600000     -5.03500000
  439     -4.07600000     -4.20000000
  440     -4.90600000     -4.23400000
  441     -4.07800000     -3.75000000
  442     -5.62600000     -5.27100000
  443     -4.48300000     -4.08300000
  444     -4.15300000     -4.23600000
  445     -4.32100000     -4.99100000
  446     -4.13300000     -3.74700000
  447     -4.06900000     -4.46200000
  448     -5.38700000     -5.11000000
  449     -4.03100000     -4.81700000
  450     -4.40200000     -5.56700000
  451     -4.76700000     -4.53300000
  452     -4.50200000     -5.22500000
  453     -5.43400000     -4.31200000
  454     -3.99000000     -5.13100000
  455     -3.91600000     -4.98000000
  456     -5.48900000     -4.98700000
  457     -4.14400000     -4.94300000
  458     -4.27700000     -5.34700000
  459     -5.01600000     -4.83500000
  460     -4.45000000     -5.00100000
  461     -4.12000000     -4.81100000
  462     -5.22500000     -5.86000000
  463     -5.30000000     -3.83400000
  464     -4.81800000     -5.58900000
  465     -4.02100000     -4.29400000
  466     -5.37900000     -5.00500000
  467     -6.69700000     -4.43700000
  468     -5.64700000     -4.50300000
  469     -4.45500000     -4.94900000
  470     -4.90000000     -5.82900000
  471     -4.67800000     -4.99600000
  472     -5.34400000     -6.31000000
  473     -4.07000000     -3.59600000
  474     -4.12300000     -4.50800000
  475     -4.17700000     -4.51400000
  476     -4.16500000     -3.91500000
  477     -4.36000000     -5.10800000
  478     -4.20600000     -4.98100000
  479     -5.32400000     -5.28600000
  480     -6.52600000     -5.87900000
  481     -4.04200000     -4.11600000
  482     -4.10600000     -4.95900000
  483     -5.62400000     -5.52300000
  484     -5.56400000     -4.94200000
  485     -4.01900000     -3.83800000
  486     -4.21400000     -5.32400000
  487     -4.04200000     -4.29500000
  488     -4.67600000     -2.79400000
  489     -4.05900000     -4.98500000
  490     -5.15300000     -5.00500000
  491     -3.91200000     -3.34900000
  492     -4.01300000     -4.19800000
  493     -4.31300000     -4.49200000
  494     -5.67800000     -5.86600000
  495     -4.74200000     -4.70200000
  496     -4.35200000     -5.32500000
  497     -5.50400000     -5.60700000
  498     -4.03300000     -5.16900000
  499     -4.91500000     -5.29300000
  500     -4.87500000     -4.10500000
  501     -4.41200000     -4.59700000
  502     -4.41400000     -4.13400000
  503     -4.02100000     -5.22500000
  504     -4.13200000     -5.32800000
  505     -4.10400000     -3.99900000
  506     -4.19700000     -5.07200000
  507     -4.41900000     -5.34400000
  508     -3.94600000     -3.50900000
  509     -4.00400000     -4.20100000
  510     -4.46700000     -4.27300000
  511     -5.52800000     -6.67100000
  512     -4.07200000     -5.46400000
  513     -4.03900000     -3.47200000
  514     -4.09800000     -4.96100000
  515     -4.40300000     -5.38700000
  516     -3.98500000     -4.61800000
  517     -4.22100000     -4.55500000
  518     -4.47300000     -5.34000000
  519     -4.82600000     -4.48300000
  520     -4.85300000     -4.71100000
  521     -4.22000000     -4.02500000
  522     -5.47400000     -5.52900000
  523     -5.17800000     -5.72800000
  524     -5.82400000     -5.45600000
  525     -5.32400000     -4.84100000
  526     -4.24500000     -4.77600000
  527     -4.18300000     -5.07000000
  528     -4.11500000     -5.00700000
  529     -4.12200000     -4.86400000
  530     -4.43200000     -5.31000000
  531     -4.03900000     -3.96700000
  532     -5.27200000     -5.24300000
  533     -4.33300000     -4.15400000
  534     -4.28600000     -4.75800000
  535     -4.10200000     -4.55500000
  536     -4.56500000     -4.56600000
  537     -4.20900000     -4.54300000
  538     -5.31100000     -5.13900000
  539     -5.44000000     -4.29400000
  540     -3.92400000     -4.16800000
  541     -4.93000000     -4.48000000
  542     -3.96300000     -4.84300000
  543     -5.39800000     -5.13100000
  544     -4.06700000     -4.51800000
  545     -6.75900000     -4.30500000
  546     -5.18200000     -4.99800000
  547     -4.58900000     -4.15300000
  548     -5.15100000     -4.74500000
  549     -4.00400000     -4.38600000
  550     -5.44100000     -5.22200000
  551     -3.93800000     -3.63300000
  552     -4.19300000     -4.90900000
  553     -3.96600000     -4.22300000
  554     -4.18100000     -5.42600000
  555     -4.94200000     -4.34100000
  556     -3.96500000     -4.56800000
  557     -3.97300000     -4.72200000
  558     -5.39500000     -4.85000000
  559     -5.29200000     -3.69500000
  560     -3.98500000     -4.51300000
  561     -4.10300000     -3.89300000
  562     -4.87700000     -4.25900000
  563     -4.35400000     -4.90600000
  564     -4.51200000     -4.41300000
  565     -4.29200000     -4.36200000
  566     -4.16000000     -4.74500000
  567     -4.17500000     -5.35200000
  568     -3.93300000     -3.44400000
  569     -5.18100000     -4.91300000
  570     -4.58000000     -3.93100000
  571     -5.17000000     -4.50700000
  572     -3.93100000     -4.26600000
  573     -4.28200000     -5.26400000
  574     -5.37300000     -3.98000000
  575     -3.97600000     -3.34000000
  576     -3.93800000     -4.60800000
  577     -3.83300000     -3.31800000
  578     -5.45500000     -4.83800000
  579     -4.26300000     -5.21500000
  580     -5.46800000     -5.17200000
  581     -3.91800000     -4.44000000
  582     -4.42800000     -4.77700000
  583     -4.55600000     -4.34900000
  584     -4.26600000     -4.05000000
  585     -4.09500000     -5.02200000
  586     -3.99300000     -3.99900000
  587     -3.99500000     -5.88000000
  588     -4.92900000     -5.12800000
  589     -4.05100000     -2.96800000
  590     -5.00800000     -4.92200000
  591     -4.42900000     -4.65800000
  592     -5.28700000     -3.08800000
  593     -5.04600000     -5.12100000
  594     -3.92200000     -3.42700000
  595     -4.33800000     -4.05600000
  596     -5.21000000     -4.03100000
  597     -5.10800000     -4.17200000
  598     -5.34500000     -3.86400000
  599     -3.94200000     -2.54300000
  600     -4.00200000     -2.78300000
  601     -5.07800000     -5.54800000
  602     -6.07900000     -4.91000000
  603     -5.48500000     -4.07500000
  604     -4.49900000     -4.69800000
  605     -4.47500000     -4.68900000
  606     -4.24000000     -3.28400000
  607     -4.61000000     -4.78900000
  608     -5.41700000     -5.21400000
  609     -4.20300000     -4.66300000
  610     -4.32800000     -5.40800000
  611     -3.92200000     -4.60500000
  612     -5.45200000     -4.44100000
  613     -5.17000000     -5.69200000
  614     -4.13200000     -4.55200000
  615     -4.15500000     -4.73500000
  616     -4.73300000     -4.83100000
  617     -5.42400000     -4.77100000
  618     -4.96700000     -5.15400000
  619     -5.63800000     -4.91000000
  620     -5.17800000     -4.29200000
  621     -4.01000000     -4.35100000
  622     -4.63600000     -5.52100000
  623     -4.16700000     -5.11000000
  624     -4.04100000     -4.41200000
  625     -4.12600000     -4.46400000
  626     -3.91000000     -4.58400000
  627     -4.14300000     -4.65200000
  628     -5.63000000     -5.14300000
  629     -4.11300000     -4.78400000
  630     -6.26500000     -5.19500000
  631     -5.92300000     -5.90100000
  632     -3.86000000     -4.45700000
  633     -4.12000000     -5.25500000
  634     -4.01800000     -5.00000000
  635     -5.38700000     -4.51500000
  636     -4.96100000     -3.88300000
  637     -4.17200000     -4.36100000
  638     -5.24800000     -4.63900000
  639     -4.16800000     -4.44100000
  640     -4.40300000     -3.10100000
  641     -5.19200000     -4.27600000
  642     -5.36300000     -5.27400000
  643     -5.75200000     -4.59300000
  644     -4.37200000     -4.50900000
  645     -4.24100000     -4.75400000
  646     -3.99700000     -3.89000000
  647     -5.21100000     -4.22800000
  648     -4.13200000     -5.02500000
  649     -4.55100000     -5.03100000
  650     -4.07700000     -4.75900000
  651     -5.52900000     -5.25500000
  652     -6.41400000     -5.60900000
  653     -4.25600000     -4.31400000
  654     -5.04400000     -5.55500000
  655     -4.89600000     -4.92100000
  656     -4.14200000     -4.36300000
  657     -4.87500000     -4.86300000
  658     -5.38600000     -5.21700000
  659     -3.97300000     -5.03700000
  660     -4.55800000     -4.90400000
  661     -5.74400000     -3.90400000
  662     -4.70900000     -5.36900000
  663     -5.47100000     -5.12000000
  664     -4.07500000     -4.19900000
  665     -4.97900000     -4.69400000
  666     -4.03200000     -4.46400000
  667     -5.47700000     -4.59400000
  668     -5.73400000     -6.20800000
  669     -5.54000000     -5.89300000
  670     -3.91800000     -4.24900000
  671     -5.05300000     -5.01200000
  672     -5.81200000     -6.02400000
  673     -3.90700000     -5.44500000
  674     -4.84500000     -3.96700000
  675     -5.12200000     -4.36800000
  676     -5.42100000     -5.17800000
  677     -5.25700000     -3.86500000
  678     -4.29300000     -2.84900000
  679     -3.85800000     -4.29000000
  680     -5.87200000     -4.74900000
  681     -5.17700000     -5.20200000
  682     -4.32100000     -4.96800000
  683     -4.96400000     -4.55400000
  684     -3.98000000     -4.35700000
  685     -4.12800000     -3.96500000
  686     -5.52700000     -4.62000000
  687     -5.37300000     -3.98000000
  688     -4.15700000     -4.42600000
  689     -5.39300000     -5.23900000
  690     -5.43100000     -4.52900000
  691     -4.09200000     -5.15600000
  692     -7.79800000     -5.46000000
  693     -4.89700000     -5.02600000
  694     -4.08800000     -4.25900000
  695     -5.38600000     -3.57400000
  696     -5.54000000     -4.62300000
  697     -4.01100000     -5.16100000
  698     -4.10900000     -4.27900000
  699     -4.14600000     -3.30300000
  700     -3.92700000     -4.34600000
  701     -4.48700000     -5.06900000
  702     -4.54800000     -4.63900000
  703     -4.95500000     -4.83600000
  704     -4.03600000     -4.31900000
  705     -5.19600000     -4.48200000
  706     -3.90000000     -4.30700000
  707     -5.37600000     -3.87900000
  708     -4.09500000     -5.17800000
  709     -3.97400000     -4.22300000
  710     -5.65000000     -5.11900000
  711     -5.00700000     -4.54700000
  712     -4.01700000     -5.24500000
  713     -4.17500000     -4.61500000
  714     -4.65800000     -5.03100000
  715     -3.96800000     -4.56100000
  716     -4.73500000     -4.60800000
  717     -5.20300000     -5.11800000
  718     -3.92000000     -4.37300000
  719     -4.74300000     -4.93800000
  720     -6.97000000     -6.36500000
  721     -4.68700000     -4.61800000
  722     -5.52000000     -5.22900000
  723     -4.12400000     -4.28500000
  724     -4.16100000     -3.58200000
  725     -4.05800000     -4.52900000
  726     -3.95000000     -3.99600000
  727     -4.42600000     -4.73900000
  728     -6.36400000     -5.74600000
  729     -5.41800000     -5.93400000
  730     -4.28800000     -4.49700000
  731     -3.92500000     -4.63700000
  732     -4.72400000     -4.60800000
  733     -4.04100000     -4.57700000
  734     -3.98600000     -3.46000000
  735     -3.99500000     -4.27500000
  736     -4.27800000     -4.36400000
  737     -4.06000000     -4.67400000
  738     -5.49500000     -4.18800000
  739     -4.14500000     -1.91400000
  740     -4.11800000     -4.47100000
  741     -4.43900000     -3.95800000
  742     -4.30200000     -4.37700000
  743     -4.14800000     -4.24000000
  744     -4.12000000     -4.22200000
  745     -4.77200000     -4.46000000
  746     -5.43000000     -5.08900000
  747     -4.00200000     -4.02400000
  748     -4.01800000     -5.00000000
  749     -4.04700000     -4.71600000
  750     -3.77400000     -4.39100000
  751     -4.12100000     -4.26800000
  752     -5.36100000     -5.32300000
  753     -5.97700000     -6.38700000
  754     -4.05500000     -4.47000000
  755     -5.51900000     -4.64100000
  756     -5.40200000     -6.58100000
  757     -5.40200000     -4.68600000
  758     -4.84100000     -4.97600000
  759     -4.12300000     -5.02600000
  760     -4.93700000     -5.13100000
  761     -5.74800000     -4.75700000
  762     -5.18100000     -5.15600000
  763     -3.95400000     -4.08800000
  764     -5.18600000     -5.95700000
  765     -4.62900000     -4.90700000
  766     -4.35700000     -4.27300000
  767     -4.50200000     -5.10800000
  768     -4.52400000     -4.17600000
  769     -5.42000000     -4.69200000
  770     -4.30400000     -4.66700000
  771     -4.17200000     -5.35300000
  772     -5.27300000     -5.36800000
  773     -5.96100000     -5.47500000
  774     -4.82900000     -4.90900000
  775     -4.59200000     -4.97200000
  776     -4.80700000     -4.38900000
  777     -5.34700000     -5.16500000
  778     -4.04700000     -4.49500000
  779     -3.92100000     -4.03200000
  780     -5.34800000     -4.68000000
  781     -4.27300000     -4.84600000
  782     -4.73400000     -4.56200000
  783     -5.28900000     -5.37300000
  784     -4.08200000     -5.17700000
  785     -5.12100000     -5.44600000
  786     -5.45800000     -4.63000000
  787     -4.54200000     -5.47800000
  788     -4.20700000     -3.67000000
  789     -5.65700000     -4.67300000
  790     -4.01000000     -4.20100000
  791     -4.14600000     -4.67200000
  792     -4.93300000     -5.45400000
  793     -4.21500000     -4.93100000
  794     -5.40100000     -3.99000000
  795     -4.78100000     -5.10100000
  796     -4.18000000     -5.26100000
  797     -4.45300000     -5.54900000
  798     -4.62200000     -4.07900000
  799     -5.31700000     -5.53800000
  800     -4.09300000     -5.37700000
  801     -4.04100000     -4.80600000
  802     -5.34600000     -4.35400000
  803     -4.35900000     -5.25100000
  804     -4.72700000     -4.48600000
  805     -4.15700000     -2.76900000
  806     -4.01400000     -4.09300000
  807     -3.98300000     -3.10700000
  808     -4.54600000     -4.64500000
  809     -4.52500000     -5.84200000
  810     -4.58200000     -4.79100000
  811     -4.14100000     -5.13500000
  812     -4.07800000     -4.93500000
  813     -4.34300000     -3.74500000
  814     -4.32600000     -4.95500000
  815     -4.55100000     -5.49200000
  816     -5.33300000     -6.18500000
  817     -4.76500000     -4.61000000
  818     -4.21300000     -4.11100000
  819     -5.24100000     -4.32700000
  820     -5.49500000     -5.81800000
  821     -4.80200000     -6.01000000
  822     -5.18600000     -4.83600000
  823     -6.40700000     -6.11500000
  824     -4.55700000     -4.37400000
  825     -4.69900000     -4.60800000
  826     -4.34400000     -4.64100000
  827     -4.03800000     -4.92200000
  828     -3.92600000     -4.66200000
  829     -4.17200000     -4.43400000
  830     -3.94400000     -3.49100000
  831     -5.12400000     -5.40200000
  832     -4.64200000     -3.50800000
  833     -3.96500000     -5.09700000
  834     -4.89600000     -4.90700000
  835     -5.41600000     -4.33400000
  836     -4.67400000     -3.24100000
  837     -4.03400000     -4.83000000
  838     -6.01600000     -5.69800000
  839     -6.17600000     -5.72800000
  840     -4.51900000     -5.71500000
  841     -4.93300000     -4.69200000
  842     -3.97800000     -4.31900000
  843     -5.23800000     -3.81400000
  844     -4.12100000     -4.78100000
  845     -4.42000000     -4.05500000
  846     -5.68300000     -5.76100000
  847     -4.53700000     -5.47500000
  848     -3.93400000     -4.29500000
  849     -5.27600000     -4.49700000
  850     -4.51500000     -4.87700000
  851     -4.15900000     -4.59300000
  852     -4.16300000     -4.78400000
  853     -4.01000000     -3.42700000
  854     -4.51800000     -4.75700000
  855     -5.20800000     -3.59200000
  856     -4.03100000     -3.34600000
  857     -4.30500000     -5.64000000
  858     -4.01900000     -4.78700000
  859     -4.62200000     -4.48900000
  860     -3.93600000     -2.63300000
  861     -4.28900000     -4.73900000
  862     -5.38800000     -4.91600000
  863     -4.05000000     -4.61900000
  864     -4.32600000     -4.46300000
  865     -5.62400000     -4.90700000
  866     -4.63700000     -4.45900000
  867     -5.29800000     -4.94400000
  868     -4.78500000     -5.01200000
  869     -4.24100000     -4.05200000
  870     -3.93500000     -4.57900000
  871     -5.51600000     -4.34600000
  872     -4.94700000     -5.28200000
  873     -5.20600000     -5.54400000
  874     -4.37500000     -4.17200000
  875     -3.92700000     -4.51800000
  876     -5.26100000     -4.68800000
  877     -4.90700000     -4.78200000
  878     -4.16800000     -3.03700000
  879     -4.18400000     -4.34500000
  880     -4.15100000     -4.50000000
  881     -3.97500000     -4.91600000
  882     -4.27600000     -3.69400000
  883     -4.92400000     -4.71000000
  884     -4.54500000     -3.16500000
  885     -2.77000000     -4.06500000
  886     -4.05100000     -4.52500000
  887     -7.28600000     -3.32800000
  888     -5.40300000     -4.04700000
  889     -4.09500000     -3.93600000
  890     -5.01900000     -4.59700000
  891     -5.23200000     -6.50200000
  892     -5.10600000     -4.67100000
  893     -4.02400000     -2.56900000
  894     -4.45900000     -4.74300000
  895     -4.44000000     -4.58800000
  896     -4.85600000     -4.02000000
  897     -5.25900000     -5.23700000
  898     -3.98700000     -4.44700000
  899     -4.20500000     -4.06000000
  900     -5.39000000     -4.95000000
  901     -4.01000000     -3.38200000
  902     -4.14000000     -4.64900000
  903     -6.29200000     -5.40600000
  904     -4.07700000     -4.57600000
  905     -5.25900000     -4.40900000
  906     -5.04100000     -7.51700000
  907     -5.44800000     -5.12800000
  908     -3.95800000     -3.84700000
  909     -5.12800000     -5.32200000
  910     -5.26400000     -5.43000000
  911     -5.73800000     -4.53500000
  912     -5.48300000     -5.31400000
  913     -4.81000000     -4.69600000
  914     -4.19200000     -5.12400000
  915     -5.83300000     -5.40500000
  916     -4.39500000     -5.30500000
  917     -4.05700000     -4.53900000
  918     -5.20700000     -4.59100000
  919     -3.91000000     -4.27900000
  920     -4.25400000     -4.83700000
  921     -5.06400000     -5.50500000
  922     -5.43800000     -4.52600000
  923     -4.08500000     -4.46300000
  924     -4.59900000     -5.16300000
  925     -4.49200000     -5.58100000
  926     -5.53900000     -4.91900000
  927     -4.05600000     -4.21300000
  928     -5.44200000     -5.07100000
  929     -4.10100000     -4.09900000
  930     -3.99800000     -4.37300000
  931     -4.57600000     -4.57700000
  932     -4.16600000     -4.98900000
  933     -4.50900000     -6.32000000
  934     -5.46200000     -4.24800000
  935     -5.07300000     -5.74300000
  936     -4.44000000     -5.50200000
  937     -5.08800000     -5.29900000
  938     -4.44800000     -3.99800000
  939     -4.99300000     -4.42900000
  940     -4.92300000     -4.55300000
  941     -4.76200000     -4.41500000
  942     -3.99300000     -4.63800000
  943     -4.52900000     -4.53100000
  944     -3.93700000     -4.44300000
  945     -4.12100000     -4.43300000
  946     -4.08600000     -5.21300000
  947     -5.69300000     -4.64500000
  948     -5.26800000     -4.28600000
  949     -5.60600000     -5.82800000
  950     -4.63800000     -5.25000000
  951     -5.47000000     -5.41800000
  952     -4.40800000     -5.79200000
  953     -4.64300000     -4.18800000
  954     -4.09800000     -2.95500000
  955     -3.92500000     -4.99900000
  956     -3.91100000     -4.78600000
  957     -5.05600000     -4.76000000
  958     -5.47600000     -5.91900000
  959     -5.27600000     -5.42900000
  960     -4.09000000     -6.71900000
  961     -4.62600000     -4.58500000
  962     -4.58700000     -4.89200000
  963     -3.93100000     -4.12400000
  964     -4.09300000     -4.83400000
  965     -4.51300000     -6.18100000
  966     -4.22800000     -4.72100000
  967     -3.93700000     -3.59400000
  968     -5.01000000     -5.42500000
  969     -4.88600000     -6.10900000
  970     -4.24000000     -4.77800000
  971     -3.95800000     -3.90300000
  972     -4.01400000     -3.22800000
  973     -4.98100000     -5.11500000
  974     -5.20100000     -5.04100000
  975     -3.90600000     -4.65800000
  976     -4.90600000     -4.76600000
  977     -5.34700000     -4.59000000
  978     -4.00400000     -4.79700000
  979     -5.08400000     -4.65000000
  980     -4.65600000     -4.60500000
  981     -5.05500000     -5.86300000
  982     -4.04700000     -4.85000000
  983     -4.18300000     -4.76200000
  984     -4.16200000     -4.94400000
  985     -4.61000000     -4.09800000
  986     -4.54300000     -5.10700000
  987     -5.10400000     -5.05200000
  988     -5.43800000     -4.27300000
  989     -4.29000000     -5.11300000
  990     -5.33400000     -3.80500000
  991     -4.09000000     -5.15700000
  992     -5.51800000     -7.10300000
  993     -5.68000000     -4.86500000
  994     -5.38200000     -4.42100000
  995     -5.54500000     -4.86500000
  996     -4.01900000     -4.12500000
  997     -4.03600000     -4.91600000
  998     -4.18800000     -3.63000000
  999     -5.27400000     -4.49000000
 1000     -2.70200000     -5.05100000
 1001     -4.74700000     -4.55300000
 1002     -3.94300000     -3.87200000
 1003     -4.74000000     -5.07400000
 1004     -3.93200000     -5.19100000
 1005     -4.11200000     -5.12400000
 1006     -4.25100000     -4.82600000
 1007     -3.92200000     -2.12100000
 1008     -4.71000000     -5.15900000
 1009     -3.98200000     -4.80600000
 1010     -4.16400000     -5.12200000
 1011     -7.11400000     -5.06400000
 1012     -6.02500000     -4.71200000
 1013     -4.96500000     -5.80400000
 1014     -4.20000000     -4.34100000
 1015     -4.07900000     -4.49600000
 1016     -4.54600000     -4.38600000
 1017     -3.95500000     -3.90300000
 1018     -5.39600000     -4.37500000
 1019     -4.02100000     -4.17800000
 1020     -4.63800000     -4.72200000
 1021     -4.79000000     -5.35100000
 1022     -5.45400000     -5.12000000
 1023     -4.83000000     -4.56300000
 1024     -4.14400000     -5.32000000
 1025     -4.01300000     -4.63000000
 1026     -4.46800000     -5.53300000
 1027     -3.98200000     -3.77000000
 1028     -4.09500000     -4.99400000
 1029     -5.37600000     -6.43600000
 1030     -5.71600000     -5.43300000
 1031     -4.34100000     -4.67900000
 1032     -5.40000000     -5.06000000
 1033     -4.01500000     -4.18100000
 1034     -3.92300000     -4.19600000
 1035     -4.13300000     -5.14600000
 1036     -5.15300000     -4.42400000
 1037     -4.13800000     -3.50000000
 1038     -4.72300000     -4.78000000
 1039     -3.92400000     -4.74600000
 1040     -5.23700000     -5.69200000
 1041     -3.90400000     -5.07600000
 1042     -3.92500000     -4.94000000
 1043     -5.45100000     -4.76800000
 1044     -4.84700000     -5.22200000
 1045     -4.75900000     -4.98400000
 1046     -4.09400000     -3.04100000
 1047     -4.16700000     -4.25000000
 1048     -4.83000000     -3.38100000
 1049     -3.97000000     -4.61200000
 1050     -3.96200000     -5.86400000
 1051     -5.44500000     -4.79500000
 1052     -5.62200000     -5.34600000
 1053     -4.01400000     -2.64400000
 1054     -3.97000000     -4.36000000
 1055     -4.47200000     -4.77400000
 1056     -4.87800000     -5.06700000
 1057     -3.97700000     -3.67500000
 1058     -4.00100000     -4.17700000
 1059     -3.98800000     -4.29300000
 1060     -5.43900000     -5.64000000
 1061     -4.06500000     -3.98000000
 1062     -7.51300000     -4.78000000
 1063     -5.41200000     -5.79000000
 1064     -4.60900000     -4.51100000
 1065     -4.11000000     -4.90800000
 1066     -4.61200000     -6.34900000
 1067     -4.63800000     -5.16500000
 1068     -4.54500000     -4.59900000
 1069     -4.35500000     -5.42700000
 1070     -4.66400000     -5.16400000
 1071     -3.92900000     -4.20100000
 1072     -4.24800000     -3.93400000
 1073     -4.21000000     -4.82200000
 1074     -4.96600000     -4.72700000
 1075     -4.16600000     -4.49400000
 1076     -5.62100000     -5.45100000
 1077     -4.11300000     -5.12200000
 1078     -4.18900000     -4.17600000
 1079     -3.99000000     -3.78600000
 1080     -4.39500000     -4.83600000
 1081     -5.48500000     -4.17800000
 1082     -4.70900000     -4.48500000
 1083     -5.18900000     -4.91600000
 1084     -4.25400000     -4.41800000
 1085     -4.13800000     -5.55100000
 1086     -5.32000000     -4.01500000
 1087     -5.22300000     -5.00500000
 1088     -4.65200000     -4.70700000
 1089     -5.23400000     -4.69600000
 1090     -4.12200000     -2.97600000
 1091     -4.23200000     -3.87100000
 1092     -4.04300000     -4.64600000
 1093     -4.01500000     -4.31200000
 1094     -4.06400000     -5.00500000
 1095     -4.06000000     -1.59100000
 1096     -5.88500000     -4.84300000
 1097     -4.40600000     -6.69100000
 1098     -4.15100000     -4.73800000
 1099     -5.72700000     -5.46700000
 1100     -4.14000000     -3.44600000
 1101     -5.54200000     -4.08700000
 1102     -5.77300000     -5.02600000
 1103     -4.38500000     -4.48200000
 1104     -3.91500000     -4.64600000
 1105     -4.41700000     -4.97700000
 1106     -4.26800000     -4.58100000
 1107     -5.38200000     -5.18100000
 1108     -4.06600000     -3.91300000
 1109     -4.41300000     -4.60700000
 1110     -4.74100000     -4.82000000
 1111     -4.00200000     -4.22700000
 1112     -5.47900000     -5.58600000
 1113     -5.03200000     -4.65000000
 1114     -5.01100000     -2.40200000
 1115     -4.02900000     -4.10800000
 1116     -3.96700000     -4.46000000
 1117     -5.75300000     -4.71600000
 1118     -4.82600000     -5.44900000
 1119     -5.40800000     -5.61300000
 1120     -4.38200000     -4.96300000
 1121     -5.43300000     -4.00000000
 1122     -4.72700000     -4.84900000
 1123     -5.38600000     -4.15900000
 1124     -4.12000000     -4.48100000
 1125     -4.07500000     -4.60000000
 1126     -4.20200000     -5.82000000
 1127     -4.93000000     -4.70100000
 1128     -6.23500000     -6.96200000
 1129     -4.00200000     -4.08200000
 1130     -5.18300000     -5.53400000
 1131     -4.38200000     -5.11700000
 1132     -5.45800000     -5.36600000
 1133     -4.30500000     -4.08400000
 1134     -3.92100000     -4.19900000
 1135     -5.17600000     -4.75000000
 1136     -5.38400000     -4.36300000
 1137     -3.99900000     -5.25500000
 1138     -3.99800000     -3.23300000
 1139     -5.17600000     -3.78300000
 1140     -3.38100000     -4.91600000
 1141     -5.52000000     -4.73300000
 1142     -4.71700000     -4.83900000
 1143     -5.45700000     -4.19000000
 1144     -5.24200000     -4.98200000
 1145     -5.01900000     -4.17200000
 1146     -4.10600000     -4.15300000
 1147     -4.61200000     -3.52000000
 1148     -5.27500000     -5.22100000
 1149     -3.91900000     -4.26300000
 1150     -3.90700000     -3.85200000
 1151     -4.02500000     -5.22200000
 1152     -4.87400000     -4.48000000
 1153     -5.14900000     -5.29900000
 1154     -5.48200000     -5.40200000
 1155     -3.95600000     -4.86200000
 1156     -5.31100000     -4.53000000
 1157     -3.99400000     -4.94900000
 1158     -5.43400000     -4.06000000
 1159     -5.11600000     -4.28400000
 1160     -7.24000000     -6.35900000
 1161     -4.43100000     -4.43900000
 1162     -4.18700000     -3.78100000
 1163     -5.45400000     -4.65100000
 1164     -4.41900000     -3.68500000
 1165     -5.18700000     -5.65900000
 1166     -4.15800000     -4.99000000
 1167     -6.16600000     -4.78500000
 1168     -5.51600000     -5.14400000
 1169     -4.04000000     -3.71700000
 1170     -4.72100000     -5.13200000
 1171     -3.95300000     -5.71500000
 1172     -4.15700000     -5.09300000
 1173     -4.79900000     -4.93900000
 1174     -5.61000000     -6.11500000
 1175     -5.42800000     -5.24800000
 1176     -4.44300000     -5.68200000
 1177     -4.48500000     -4.07000000
 1178     -4.12300000     -4.33600000
 1179     -4.80500000     -4.78300000
 1180     -4.11100000     -4.11000000
 1181     -5.09400000     -6.54300000
 1182     -4.02100000     -4.32600000
 1183     -5.76300000     -4.90700000
 1184     -3.99200000     -3.93100000
 1185     -4.15900000     -4.71000000
 1186     -5.37300000     -4.66600000
 1187     -5.81600000     -5.63800000
 1188     -4.08700000     -4.25700000
 1189     -5.54400000     -4.73400000
 1190     -4.14700000     -3.47600000
 1191     -5.53900000     -5.85000000
 1192     -4.67100000     -5.61200000
 1193     -3.92800000     -5.46200000
 1194     -4.62200000     -4.47400000
 1195     -4.00900000     -4.88400000
 1196     -4.09800000     -4.69900000
 1197     -4.98500000     -4.69600000
 1198     -5.04600000     -5.21500000
 1199     -4.36700000     -4.73100000
 1200     -4.82900000     -4.20800000
 1201     -3.98600000     -3.72500000
 1202     -4.94400000     -4.86300000
 1203     -3.90200000     -4.61000000
 1204     -4.07000000     -4.65300000
 1205     -5.43300000     -5.10900000
 1206     -5.07800000     -3.77900000
 1207     -4.31100000     -5.86700000
 1208     -4.38900000     -5.35600000
 1209     -5.49000000     -3.85000000
 1210     -4.17800000     -4.96500000
 1211     -4.78800000     -2.45300000
 1212     -4.20700000     -3.72900000
 1213     -4.08900000     -4.95900000
 1214     -4.95600000     -5.61200000
 1215     -4.08900000     -3.07200000
 1216     -5.52800000     -5.08100000
 1217     -5.44500000     -4.42000000
 1218     -5.38900000     -5.93100000
 1219     -4.11700000     -4.37500000
 1220     -3.91100000     -3.88600000
 1221     -4.15900000     -3.65100000
 1222     -4.09100000     -3.37300000
 1223     -4.20000000     -3.92500000
 1224     -3.99900000     -4.44300000
 1225     -4.28100000     -4.40600000
 1226     -4.01500000     -4.38200000
 1227     -3.90900000     -3.51500000
 1228     -4.05700000     -2.57600000
 1229     -4.39700000     -5.15900000
 1230     -5.13800000     -5.33000000
 1231     -3.90300000     -4.13100000
 1232     -4.03700000     -4.28300000
 1233     -4.24700000     -4.81900000
 1234     -3.93000000     -4.22000000
 1235     -4.09400000     -4.94100000
 1236     -4.01800000     -5.00000000
 1237     -5.45500000     -5.81900000
 1238     -5.42500000     -5.03100000
 1239     -5.33800000     -4.19300000
 1240     -5.88900000     -4.87400000
 1241     -4.17500000     -4.87300000
 1242     -4.21200000     -3.29000000
 1243     -4.15800000     -4.37600000
 1244     -4.93000000     -4.07600000
 1245     -4.13500000     -4.08100000
 1246     -4.28700000     -4.95000000
 1247     -4.09000000     -4.13900000
 1248     -4.93200000     -4.57300000
 1249     -6.56700000     -6.67300000
 1250     -5.43400000     -4.31200000
 1251     -5.90600000     -6.86200000
 1252     -5.11800000     -4.49900000
 1253     -4.68500000     -4.81800000
 1254     -4.47400000     -5.16900000
 1255     -4.03300000     -4.28400000
 1256     -5.11900000     -4.90000000
 1257     -5.44800000     -5.16400000
 1258     -5.54000000     -6.76900000
 1259     -4.59700000     -4.27900000
 1260     -4.67800000     -5.37600000
 1261     -5.03300000     -4.44500000
 1262     -4.60900000     -4.78300000
 1263     -4.02200000     -3.96100000
 1264     -4.22100000     -4.42800000
 1265     -5.55200000     -5.12100000
 1266     -4.00400000     -5.08400000
 1267     -5.56500000     -5.09000000
 1268     -3.99800000     -4.63100000
 1269     -4.00500000     -3.68500000
 1270     -5.30500000     -4.63500000
 1271     -4.13900000     -3.52800000
 1272     -4.16000000     -4.42800000
 1273     -4.75700000     -5.40600000
 1274     -3.91300000     -4.34000000
 1275     -4.46100000     -4.60800000
 1276     -5.46400000     -5.17300000
 1277     -3.93700000     -4.19200000
 1278     -4.88400000     -6.11400000
 1279     -5.14100000     -3.96000000
 1280     -4.50300000     -4.61000000
 1281     -3.98000000     -4.33300000
 1282     -3.93200000     -4.19600000
 1283     -4.27100000     -5.24200000
 1284     -3.97600000     -3.93900000
 1285     -5.04100000     -5.26300000
 1286     -5.16000000     -4.86300000
 1287     -4.12200000     -5.22400000
 1288     -4.35100000     -4.85600000
 1289     -4.32800000     -4.61400000
 1290     -5.49500000     -4.72300000
 1291     -4.11700000     -4.20400000
 1292     -4.33800000     -3.74800000
 1293     -3.99000000     -4.42300000
 1294     -4.11200000     -4.67300000
 1295     -5.05300000     -4.68900000
 1296     -5.57700000     -5.37500000
 1297     -4.78300000     -4.60600000
 1298     -3.95100000     -4.67700000
 1299     -5.42100000     -4.90600000
 1300     -4.79500000     -4.83300000
 1301     -3.99400000     -4.19800000
 1302     -4.29600000     -4.74300000
 1303     -4.86500000     -4.86000000
 1304     -4.14600000     -4.63200000
 1305     -4.45500000     -4.16600000
 1306     -4.26100000     -3.46300000
 1307     -4.92200000     -4.56800000
 1308     -4.71900000     -4.89000000
 1309     -4.08100000     -5.14800000
 1310     -4.00600000     -2.90900000
 1311     -5.08400000     -4.80700000
 1312     -5.35600000     -4.66100000
 1313     -4.25900000     -4.65000000
 1314     -5.02900000     -5.13600000
 1315     -4.56000000     -4.64400000
 1316     -3.93300000     -2.97700000
 1317     -4.21700000     -5.50300000
 1318     -4.48300000     -4.50000000
 1319     -5.43700000     -4.64100000
 1320     -5.16500000     -5.27600000
 1321     -5.40300000     -4.57600000
 1322     -5.65700000     -5.31200000
 1323     -3.95800000     -4.87700000
 1324     -5.44100000     -3.89000000
 1325     -5.20700000     -4.37400000
 1326     -4.24800000     -3.23300000
 1327     -3.93900000     -3.22300000
 1328     -4.52700000     -5.35000000
 1329     -5.39200000     -4.12300000
 1330     -4.08900000     -4.98400000
 1331     -5.53500000     -5.55700000
 1332     -3.96100000     -4.52200000
 1333     -3.97700000     -4.31500000
 1334     -4.88900000     -4.48700000
 1335     -5.10200000     -4.56500000
 1336     -4.25400000     -5.34000000
 1337     -4.32400000     -4.75500000
 1338     -3.95300000     -5.18500000
 1339     -4.11800000     -4.62300000
 1340     -4.29800000     -5.53700000
 1341     -5.00200000     -4.41600000
 1342     -4.33600000     -6.25900000
 1343     -4.19100000     -4.46500000
 1344     -4.02400000     -4.10000000
 1345     -5.42000000     -4.62700000
 1346     -5.22700000     -4.82300000
 1347     -4.48300000     -4.17000000
 1348     -5.58700000     -5.11900000
 1349     -5.37800000     -4.60300000
 1350     -3.94500000     -3.98300000
 1351     -5.44400000     -5.00000000
 1352     -5.45000000     -5.32600000
 1353     -5.43700000     -4.55800000
 1354     -5.14500000     -4.01800000
 1355     -4.31500000     -5.01600000
 1356     -3.97100000     -4.09500000
 1357     -4.87100000     -3.61600000
 1358     -4.33400000     -4.21900000
 1359     -4.52600000     -4.87100000
 1360     -3.98300000     -4.25000000
 1361     -5.56800000     -4.64000000
 1362     -5.61300000     -4.65500000
 1363     -3.93300000     -4.89500000
 1364     -4.75200000     -5.44300000
 1365     -4.98200000     -5.71600000
 1366     -4.12300000     -3.92700000
 1367     -4.43800000     -4.74400000
 1368     -3.92700000     -5.27700000
 1369     -5.74700000     -4.81800000
 1370     -4.24600000     -3.78800000
 1371     -4.05800000     -6.25000000
 1372     -5.57900000     -4.60600000
 1373     -5.64800000     -4.77800000
 1374     -5.64900000     -6.36500000
 1375     -5.47100000     -5.19300000
 1376     -4.16500000     -4.87000000
 1377     -4.85500000     -4.79900000
 1378     -4.36700000     -5.25000000
 1379     -4.67400000     -5.12200000
 1380     -5.24400000     -4.86400000
 1381     -4.77600000     -5.27100000
 1382     -4.46700000     -4.78900000
 1383     -4.81800000     -4.38400000
 1384     -4.11200000     -4.94300000
 1385     -3.94600000     -4.76900000
 1386     -5.34200000     -4.78400000
 1387     -4.23500000     -5.89300000
 1388     -3.91300000     -4.98000000
 1389     -5.49600000     -5.44100000
 1390     -5.52100000     -4.55200000
 1391     -5.14600000     -8.71200000
 1392     -3.94100000     -3.15400000
 1393     -4.92400000     -6.21900000
 1394     -4.81000000     -4.95400000
 1395     -4.10600000     -5.29600000
 1396     -4.07200000     -4.74500000
 1397     -5.03500000     -5.01400000
 1398     -4.29400000     -5.08700000
 1399     -4.34900000     -5.26500000
 1400     -4.14200000     -4.69800000
 1401     -5.32600000     -4.97600000
 1402     -3.90400000     -4.26000000
 1403     -4.37100000     -5.43400000
 1404     -4.05800000     -4.40100000
 1405     -3.79300000     -4.83000000
 1406     -3.94100000     -3.66700000
 1407     -4.09600000     -3.06200000
 1408     -5.35000000     -5.12800000
 1409     -4.13100000     -4.09900000
 1410     -4.07900000     -3.81600000
 1411     -6.06400000     -6.21800000
 1412     -4.03800000     -4.03900000
 1413     -3.99600000     -3.66800000
 1414     -5.61800000     -4.83900000
 1415     -4.73400000     -5.26700000
 1416     -5.89000000     -6.36500000
 1417     -4.10600000     -4.95400000
 1418     -7.03100000     -3.91500000
 1419     -4.07300000     -4.68000000
 1420     -5.27200000     -5.05800000
 1421     -3.92100000     -4.89400000
 1422     -4.74700000     -4.66100000
 1423     -5.41100000     -4.83300000
 1424     -5.44700000     -5.51900000
 1425     -3.94000000     -4.85900000
 1426     -5.52000000     -5.65500000
 1427     -3.95400000     -4.83600000
 1428     -4.46700000     -5.09700000
 1429     -5.38900000     -4.83000000
 1430     -5.64300000     -5.77400000
 1431     -6.01900000     -5.05000000
 1432     -4.10300000     -4.75300000
 1433     -5.39800000     -4.24300000
 1434     -4.04800000     -5.13700000
 1435     -4.97500000     -4.28400000
 1436     -4.76800000     -2.82000000
 1437     -3.98500000     -4.96900000
 1438     -4.59500000     -3.84300000
 1439     -5.48400000     -5.27300000
 1440     -3.99300000     -4.39000000
 1441     -5.13700000     -4.86400000
 1442     -3.93600000     -4.49200000
 1443     -4.44200000     -4.55700000
 1444     -3.90700000     -4.41600000
 1445     -3.90700000     -4.21500000
 1446     -4.37700000     -4.93700000
 1447     -4.19500000     -4.84000000
 1448     -5.75500000     -5.11300000
 1449     -5.12300000     -4.87000000
 1450     -3.90900000     -4.30500000
 1451     -4.12100000     -5.22200000
 1452     -4.09000000     -4.67100000
 1453     -3.99600000     -4.04200000
 1454     -3.94500000     -5.13100000
 1455     -5.85600000     -4.60300000
 1456     -4.75200000     -5.83000000
 1457     -5.03600000     -4.60700000
 1458     -5.28500000     -5.07000000
 1459     -3.98200000     -4.22300000
 1460     -3.99200000     -4.57300000
 1461     -4.61800000     -4.59900000
 1462     -4.52000000     -6.51500000
 1463     -4.58400000     -4.91600000
 1464     -3.95500000     -4.15400000
 1465     -4.42100000     -3.89700000
 1466     -4.15400000     -3.95200000
 1467     -4.04700000     -1.36100000
 1468     -3.91100000     -3.93900000
 1469     -5.31400000     -4.09700000
 1470     -4.12600000     -4.39500000
 1471     -4.87300000     -4.43700000
 1472     -5.40400000     -4.95600000
 1473     -5.11300000     -4.69800000
 1474     -4.64800000     -4.19400000
 1475     -5.44200000     -5.01700000
 1476     -6.44800000     -4.04100000
 1477     -4.09000000     -4.49800000
 1478     -5.43700000     -4.75300000
 1479     -4.16800000     -5.04400000
 1480     -4.19100000     -2.41500000
 1481     -5.62500000     -5.58600000
 1482     -3.93500000     -3.87100000
 1483     -3.94200000     -4.30000000
 1484     -4.11600000     -4.52900000
 1485     -4.21500000     -4.55300000
 1486     -4.63900000     -4.91300000
 1487     -4.21800000     -3.82600000
 1488     -5.19300000     -4.34900000
 1489     -5.53500000     -5.26700000
 1490     -4.35500000     -5.67500000
 1491     -4.12200000     -5.06100000
 1492     -4.11200000     -3.76400000
 1493     -4.30700000     -4.24900000
 1494     -4.07700000     -4.71800000
 1495     -4.51300000     -5.19000000
 1496     -4.72600000     -5.54400000
 1497     -5.40200000     -4.00300000
 1498     -4.08600000     -4.62600000
 1499     -4.22200000     -4.88700000
 1500     -5.39200000     -4.84200000
 1501     -4.28800000     -4.26700000
 1502     -5.09700000     -5.22500000
 1503     -3.98200000     -4.73900000
 1504     -4.47300000     -4.77800000
 1505     -4.94000000     -5.04000000
 1506     -5.50000000     -5.21200000
 1507     -5.81300000     -5.34400000
 1508     -4.50200000     -4.71700000
 1509     -4.11700000     -5.69200000
 1510     -5.52800000     -4.68100000
 1511     -4.08100000     -4.43200000
 1512     -5.35100000     -5.06100000
 1513     -4.94400000     -4.61800000
 1514     -4.07300000     -3.85500000
 1515     -3.99400000     -4.37300000
 1516     -4.40600000     -4.37900000
 1517     -5.70600000     -5.15200000
 1518     -4.21500000     -4.93100000
 1519     -4.74200000     -4.73200000
 1520     -5.71200000     -4.85800000
 1521     -5.46400000     -4.44300000
 1522     -4.85500000     -5.20200000
 1523     -5.30600000     -4.80900000
 1524     -5.37100000     -4.21200000
 1525     -4.75300000     -4.50400000
 1526     -3.93100000     -2.92000000
 1527     -4.01300000     -3.94600000
 1528     -4.10900000     -4.61900000
 1529     -4.17800000     -4.63200000
 1530     -5.22800000     -4.84500000
 1531     -5.33600000     -4.19900000
 1532     -4.81500000     -5.16800000
 1533     -5.37900000     -4.47100000
 1534     -5.22000000     -3.89700000
 1535     -5.51900000     -3.95800000
 1536     -4.37800000     -4.74300000
 1537     -4.18100000     -4.36800000
 1538     -5.32100000     -4.81000000
 1539     -5.61500000     -4.50400000
 1540     -4.40700000     -5.51500000
 1541     -4.61500000     -5.20100000
 1542     -5.67200000     -6.55400000
 1543     -4.91600000     -3.84100000
 1544     -4.13800000     -4.27100000
 1545     -4.37800000     -5.47500000
 1546     -4.29700000     -4.46900000
 1547     -4.53400000     -4.41900000
 1548     -5.02800000     -5.02400000
 1549     -3.92800000     -4.29300000
 1550     -5.46500000     -5.28900000
 1551     -5.62300000     -5.01900000
 1552     -5.47800000     -5.41900000
 1553     -5.33100000     -5.69800000
 1554     -4.31100000     -5.75400000
 1555     -4.74300000     -5.16000000
 1556     -4.07600000     -5.63000000
 1557     -4.42800000     -5.10200000
 1558     -4.84600000     -3.64500000
 1559     -4.99100000     -4.22900000
 1560     -5.34200000     -4.28600000
 1561     -5.42800000     -4.69200000
 1562     -4.98100000     -4.63500000
 1563     -3.90300000     -3.91300000
 1564     -4.46800000     -5.53300000
 1565     -4.02300000     -4.61400000
 1566     -5.49500000     -5.42000000
 1567     -3.92800000     -3.73700000
 1568     -4.05900000     -4.58700000
 1569     -4.93700000     -5.97500000
 1570     -4.55300000     -4.91900000
 1571     -4.62200000     -5.00600000
 1572     -4.52700000     -4.46200000
 1573     -3.98600000     -3.91200000
 1574     -4.36500000     -3.99200000
 1575     -5.65300000     -4.35300000
 1576     -4.32700000     -4.96800000
 1577     -5.57100000     -4.87700000
 1578     -3.90400000     -4.40300000
 1579     -5.21900000     -4.50200000
 1580     -5.45000000     -5.37000000
 1581     -4.83700000     -5.37800000
 1582     -5.21500000     -5.40700000
 1583     -5.49400000     -4.83900000
 1584     -3.98400000     -4.44300000
 1585     -4.28400000     -5.03600000
 1586     -4.41800000     -5.11700000
 1587     -4.19600000     -4.46600000
 1588     -3.96200000     -4.31800000
 1589     -4.21500000     -4.49400000
 1590     -4.17500000     -4.63900000
 1591     -3.91700000     -4.21400000
 1592     -3.99200000     -5.02100000
 1593     -4.54600000     -4.76700000
 1594     -4.20600000     -3.28900000
 1595     -3.95100000     -4.71800000
 1596     -6.70500000     -5.50900000
 1597     -5.28500000     -5.31900000
 1598     -5.60200000     -5.32200000
 1599     -5.36100000     -5.47400000
 1600     -4.29300000     -4.24300000
 1601     -4.15700000     -4.76200000
 1602     -4.05000000     -4.58800000
 1603     -4.30800000     -5.00800000
 1604     -5.52300000     -4.95000000
 1605     -4.93600000     -5.36600000
 1606     -5.39200000     -4.89700000
 1607     -5.46300000     -3.85800000
 1608     -4.14000000     -4.07200000
 1609     -4.23700000     -5.37900000
 1610     -4.42700000     -4.89300000
 1611     -4.26700000     -5.17000000
 1612     -4.88200000     -5.05500000
 1613     -3.92400000     -4.19200000
 1614     -4.65700000     -4.60400000
 1615     -3.93300000     -3.73100000
 1616     -5.18100000     -4.64000000
 1617     -3.93600000     -3.08800000
 1618     -4.28400000     -4.35200000
 1619     -4.06800000     -5.22000000
 1620     -4.29100000     -3.96000000
 1621     -4.42300000     -3.80500000
 1622     -4.26000000     -5.14100000
 1623     -4.70100000     -4.58000000
 1624     -4.06700000     -4.82200000
 1625     -5.01500000     -5.73700000
 1626     -5.18200000     -4.70300000
 1627     -4.57600000     -3.74600000
 1628     -5.62000000     -5.35100000
 1629     -4.01900000     -4.45000000
 1630     -5.19500000     -6.78000000
 1631     -4.24700000     -4.70300000
 1632     -5.42700000     -4.86300000
 1633     -4.22300000     -4.31000000
 1634     -4.02600000     -5.20100000
 1635     -4.16700000     -7.41300000
 1636     -4.36600000     -5.53700000
 1637     -4.03900000     -4.39500000
 1638     -5.47400000     -4.44900000
 1639     -4.98700000     -4.08600000
 1640     -3.94100000     -4.36600000
 1641     -5.05800000     -6.54400000
 1642     -4.97900000     -5.91900000
 1643     -4.05300000     -5.04200000
 1644     -5.42600000     -4.73600000
 1645     -4.62900000     -5.48100000
 1646     -4.19100000     -4.45600000
 1647     -4.74000000     -4.67400000
 1648     -5.52600000     -4.69900000
 1649     -4.17700000     -4.56600000
 1650     -3.93000000     -3.69600000
 1651     -4.92700000     -6.10700000
 1652     -4.16200000     -3.83400000
 1653     -5.16800000     -6.10100000
 1654     -4.08400000     -3.26500000
 1655     -4.82600000     -5.38500000
 1656     -5.57900000     -4.94900000
 1657     -4.21300000     -4.71500000
 1658     -5.55200000     -5.31200000
 1659     -4.88000000     -4.12900000
 1660     -4.03400000     -5.40200000
 1661     -4.96100000     -4.28200000
 1662     -6.24700000     -4.56500000
 1663     -5.78500000     -5.29500000
 1664     -4.31800000     -4.69600000
 1665     -5.48500000     -4.89300000
 1666     -7.48900000     -5.96000000
 1667     -4.19400000     -4.61400000
 1668     -3.93300000     -5.56200000
 1669     -5.50500000     -4.92200000
 1670     -5.51900000     -5.12800000
 1671     -5.57400000     -4.81700000
 1672     -5.47400000     -5.26700000
 1673     -4.01500000     -5.45700000
 1674     -4.32500000     -4.56500000
 1675     -5.23700000     -3.88100000
 1676     -4.73300000     -4.83300000
 1677     -4.73700000     -4.40200000
 1678     -3.92300000     -4.16300000
 1679     -3.98600000     -4.39700000
 1680     -4.32000000     -5.43800000
 1681     -4.48900000     -4.34800000
 1682     -5.28700000     -4.68000000
 1683     -5.47900000     -4.48400000
 1684     -5.12500000     -4.75300000
 1685     -4.91400000     -5.22800000
 1686     -5.45000000     -4.67600000
 1687     -5.30200000     -4.59000000
 1688     -5.09300000     -5.36400000
 1689     -4.25900000     -5.06100000
 1690     -6.95600000     -5.05200000
 1691     -4.09100000     -4.54700000
 1692     -3.96800000     -3.79700000
 1693     -5.05100000     -4.05600000
 1694     -4.79500000     -4.39500000
 1695     -5.45800000     -4.80500000
 1696     -4.53200000     -4.99800000
 1697     -5.58100000     -5.01200000
 1698     -4.69400000     -4.54500000
 1699     -4.28700000     -4.52300000
 1700     -5.52500000     -5.18000000
 1701     -4.77900000     -4.90600000
 1702     -4.73300000     -4.83100000
 1703     -5.02800000     -5.55400000
 1704     -5.48100000     -4.61900000
 1705     -5.83200000     -4.71200000
 1706     -4.26800000     -4.61500000
 1707     -4.15700000     -4.92600000
 1708     -5.36000000     -4.03100000
 1709     -4.03100000     -7.23600000
 1710     -5.34600000     -5.78200000
 1711     -4.09700000     -4.75000000
 1712     -5.25700000     -4.66500000
 1713     -4.82300000     -5.12200000
 1714     -4.28200000     -4.10100000
 1715     -5.38500000     -4.94900000
 1716     -4.47500000     -4.48800000
 1717     -3.92700000     -4.01700000
 1718     -6.74400000     -6.55700000
 1719     -5.00900000     -5.68600000
 1720     -6.69300000     -5.70100000
 1721     -4.49400000     -4.38500000
 1722     -4.30900000     -4.44800000
 1723     -3.97600000     -3.86400000
 1724     -4.24300000     -4.43100000
 1725     -5.71600000     -4.52500000
 1726     -5.71000000     -5.54100000
 1727     -5.43700000     -4.18800000
 1728     -5.51300000     -4.95200000
 1729     -4.07700000     -4.40600000
 1730     -5.03800000     -4.95600000
 1731     -5.54300000     -6.19100000
 1732     -4.95600000     -2.85300000
 1733     -4.68800000     -4.06900000
 1734     -6.12200000     -4.79300000
 1735     -4.32300000     -4.23300000
 1736     -4.58500000     -4.47200000
 1737     -3.95500000     -4.10100000
 1738     -4.41800000     -5.02400000
 1739     -4.04800000     -2.99000000
 1740     -5.33700000     -4.98500000
 1741     -4.53300000     -2.68100000
 1742     -4.56900000     -4.26500000
 1743     -4.33500000     -4.45900000
 1744     -4.91600000     -2.55500000
 1745     -6.40700000     -6.11500000
 1746     -5.28300000     -4.83200000
 1747     -5.79800000     -5.28300000
 1748     -5.54000000     -4.95500000
 1749     -5.80800000     -5.09500000
 1750     -4.02200000     -4.26200000
 1751     -4.33400000     -6.02400000
 1752     -3.92500000     -3.71000000
 1753     -4.04100000     -3.56900000
 1754     -4.28800000     -4.39100000
 1755     -4.06200000     -4.96200000
 1756     -4.12000000     -4.48200000
 1757     -4.64000000     -5.59800000
 1758     -4.24400000     -5.05700000
 1759     -4.00500000     -4.60900000
 1760     -4.20900000     -5.23900000
 1761     -4.68700000     -4.69200000
 1762     -5.49700000     -5.43800000
 1763     -4.11200000     -6.10100000
 1764     -4.14400000     -5.05600000
 1765     -4.76900000     -4.93600000
 1766     -4.06900000     -4.59400000
 1767     -4.47400000     -4.80600000
 1768     -5.73700000     -5.49100000
 1769     -5.16800000     -4.60100000
 1770     -4.80200000     -5.15200000
 1771     -5.38000000     -5.03200000
 1772     -4.65300000     -4.48100000
 1773     -5.07300000     -4.05900000
 1774     -4.01500000     -4.32900000
 1775     -5.36400000     -4.22400000
 1776     -3.93000000     -4.83900000
 1777     -5.60300000     -5.93700000
 1778     -5.04600000     -3.39700000
 1779     -4.10800000     -3.23500000
 1780     -5.55700000     -4.38500000
 1781     -4.05400000     -4.55800000
 1782     -4.00400000     -4.09500000
 1783     -5.24200000     -5.55200000
 1784     -4.15800000     -3.92000000
 1785     -5.40900000     -5.05100000
 1786     -5.06300000     -4.73100000
 1787     -4.61500000     -3.68600000
 1788     -5.93900000     -5.82400000
 1789     -4.16600000     -4.66900000
 1790     -4.75100000     -4.75700000
 1791     -4.00400000     -5.60400000
 1792     -4.29500000     -4.64800000
 1793     -4.94600000     -5.02100000
 1794     -3.90300000     -4.08800000
 1795     -5.14500000     -5.17100000
 1796     -5.61700000     -6.20000000
 1797     -4.85300000     -5.22300000
 1798     -5.43300000     -4.00000000
 1799     -5.23500000     -4.32900000
 1800     -5.21400000     -5.88400000
 1801     -5.01800000     -4.32800000
 1802     -4.97100000     -5.45600000
 1803     -4.74800000     -5.28200000
 1804     -4.26200000     -4.36300000
 1805     -6.24200000     -4.44800000
 1806     -5.08400000     -5.24300000
 1807     -4.94000000     -4.45200000
 1808     -4.10600000     -4.19400000
 1809     -4.47800000     -5.32300000
 1810     -3.91700000     -4.93100000
 1811     -4.85200000     -4.73000000
 1812     -4.93700000     -3.31400000
 1813     -4.24300000     -3.63300000
 1814     -4.44400000     -6.70400000
 1815     -5.46300000     -5.41400000
 1816     -4.37300000     -5.26800000
 1817     -5.09000000     -5.88300000
 1818     -4.06900000     -4.70700000
 1819     -5.47100000     -4.54400000
 1820     -4.59400000     -4.93200000
 1821     -5.14400000     -4.63900000
 1822     -7.67000000     -5.75500000
 1823     -4.83300000     -5.04600000
 1824     -4.22500000     -6.09100000
 1825     -4.11200000     -4.17800000
 1826     -3.91400000     -3.43300000
 1827     -4.96700000     -5.18500000
 1828     -4.05300000     -4.61200000
 1829     -4.34900000     -4.93200000
 1830     -4.31400000     -3.94600000
 1831     -4.47800000     -5.15300000
 1832     -4.03200000     -3.83800000
 1833     -4.87500000     -4.86300000
 1834     -3.96400000     -4.19600000
 1835     -5.44300000     -4.53400000
 1836     -4.27900000     -4.73200000
 1837     -4.71800000     -4.60900000
 1838     -5.43600000     -4.04500000
 1839     -4.22800000     -4.23900000
 1840     -4.02600000     -5.02600000
 1841     -4.10500000     -5.17400000
 1842     -4.20500000     -4.35300000
 1843     -4.75500000     -5.24100000
 1844     -5.62000000     -6.32000000
 1845     -5.26100000     -5.47900000
 1846     -6.55800000     -5.32200000
 1847     -4.11600000     -3.58000000
 1848     -4.78600000     -4.70400000
 1849     -4.10600000     -5.26200000
 1850     -4.11500000     -4.93300000
 1851     -3.99400000     -4.79200000
 1852     -5.29200000     -4.30200000
 1853     -4.18900000     -2.36400000
 1854     -4.54500000     -4.63500000
 1855     -3.93600000     -4.94800000
 1856     -4.13500000     -4.25600000
 1857     -5.64200000     -5.61200000
 1858     -6.04400000     -4.30500000
 1859     -5.43100000     -4.49700000
 1860     -5.04400000     -5.61400000
 1861     -4.20200000     -4.32300000
 1862     -4.62700000     -5.23500000
 1863     -3.99600000     -4.28300000
 1864     -5.23800000     -5.29000000
 1865     -4.89100000     -5.01600000
 1866     -5.02300000     -4.64000000
 1867     -5.94300000     -5.22700000
 1868     -4.53300000     -4.87800000
 1869     -3.91600000     -4.34000000
 1870     -3.98300000     -5.53500000
 1871     -5.36400000     -5.37500000
 1872     -4.16200000     -2.85900000
 1873     -4.55900000     -5.15600000
 1874     -4.65800000     -4.16100000
 1875     -4.10900000     -1.85500000
 1876     -4.03100000     -4.94200000
 1877     -4.22800000     -5.82400000
 1878     -3.91200000     -5.28600000
 1879     -4.02400000     -4.42200000
 1880     -4.11600000     -5.27600000
 1881     -4.35500000     -6.38700000
 1882     -4.89200000     -4.62700000
 1883     -4.12300000     -4.50700000
 1884     -6.21700000     -6.18200000
 1885     -4.31400000     -3.93100000
 1886     -4.16500000     -4.41000000
 1887     -5.54700000     -4.69900000
 1888     -5.48200000     -4.19900000
 1889     -4.07300000     -3.20500000
 1890     -5.36700000     -4.88500000
 1891     -4.85100000     -4.42200000
 1892     -4.82600000     -5.86200000
 1893     -5.17200000     -3.67100000
 1894     -3.47400000     -4.45200000
 1895     -4.15900000     -5.16400000
 1896     -5.21600000     -4.84200000
 1897     -4.20400000     -6.63600000
 1898     -5.08400000     -4.49400000
 1899     -3.98500000     -5.04100000
 1900     -5.51700000     -4.68800000
 1901     -4.89900000     -5.61900000
 1902     -4.31800000     -4.37500000
 1903     -5.42200000     -5.01200000
 1904     -4.98700000     -4.41300000
 1905     -7.63900000     -5.28100000
 1906     -4.68800000     -4.06900000
 1907     -5.39400000     -4.13600000
 1908     -4.17800000     -4.99700000
 1909     -4.14200000     -3.86300000
 1910     -6.31300000     -5.58600000
 1911     -4.18800000     -3.89100000
 1912     -3.92300000     -3.35200000
 1913     -4.46100000     -4.67200000
 1914     -4.56100000     -5.40200000
 1915     -5.58000000     -6.28900000
 1916     -3.96800000     -4.26900000
 1917     -4.64200000     -3.70100000
 1918     -4.70400000     -5.11800000
 1919     -5.40200000     -5.16400000
 1920     -4.40300000     -2.46900000
 1921     -4.99800000     -4.50100000
 1922     -3.95800000     -3.49700000
 1923     -3.99900000     -4.35400000
 1924     -4.81500000     -4.43000000
 1925     -4.14700000     -3.86600000
 1926     -5.48200000     -4.63500000
 1927     -5.91700000     -5.40500000
 1928     -4.54400000     -5.16500000
 1929     -5.29700000     -5.45300000
 1930     -4.38300000     -4.65200000
 1931     -5.52700000     -4.23500000
 1932     -4.13000000     -4.35900000
 1933     -4.46400000     -3.91100000
 1934     -3.98300000     -4.84100000
 1935     -5.63900000     -5.66900000
 1936     -4.82400000     -9.28400000
 1937     -3.98200000     -3.99500000
 1938     -5.09900000     -4.99900000
 1939     -5.05100000     -5.79300000
 1940     -5.32500000     -4.53100000
 1941     -5.63900000     -4.91100000
 1942     -5.13500000     -4.47200000
 1943     -4.15500000     -4.77800000
 1944     -4.70500000     -5.45300000
 1945     -4.32500000     -5.16600000
 1946     -3.97300000     -4.66700000
 1947     -4.75700000     -4.07700000
 1948     -5.43600000     -4.77700000
 1949     -4.08700000     -2.89900000
 1950     -5.68800000     -4.93300000
 1951     -4.84700000     -4.29200000
 1952     -3.93500000     -4.00500000
 1953     -5.44100000     -4.42800000
 1954     -5.04400000     -4.92200000
 1955     -4.17200000     -4.61200000
 1956     -5.43500000     -4.52200000
 1957     -4.01500000     -4.27500000
 1958     -4.21400000     -4.37000000
 1959     -4.97000000     -5.82000000
 1960     -4.87700000     -6.11200000
 1961     -3.99100000     -4.94300000
 1962     -5.46100000     -4.58900000
 1963     -4.14000000     -4.26800000
 1964     -4.55400000     -5.11300000
 1965     -7.26500000     -5.35500000
 1966     -4.04100000     -4.89100000
 1967     -4.37900000     -3.45800000
 1968     -6.52200000     -5.03300000
 1969     -5.36600000     -5.46800000
 1970     -4.50500000     -3.98500000
 1971     -4.62200000     -4.07900000
 1972     -4.20100000     -5.07100000
 1973     -5.00100000     -5.42500000
 1974     -4.85100000     -4.64600000
 1975     -4.53500000     -4.21000000
 1976     -5.45000000     -5.29100000
 1977     -4.76200000     -4.60800000
 1978     -5.57900000     -5.50200000
 1979     -4.45300000     -4.37200000
 1980     -4.10800000     -4.33600000
 1981     -4.09100000     -4.38500000
 1982     -4.04300000     -3.91900000
 1983     -4.03600000     -4.82300000
 1984     -4.03400000     -4.73200000
 1985     -4.03400000     -4.75000000
 1986     -4.65300000     -4.48100000
 1987     -4.97900000     -4.99400000
 1988     -4.58300000     -4.73600000
 1989     -4.28200000     -4.68300000
 1990     -4.93600000     -5.01200000
 1991     -4.66200000     -3.68400000
 1992     -5.00500000     -5.24300000
 1993     -4.01300000     -4.29200000
 1994     -5.41700000     -4.91000000
 1995     -4.07300000     -4.44700000
 1996     -5.52900000     -4.52000000
 1997     -3.92400000     -2.83300000
 1998     -4.42200000     -5.12000000
 1999     -4.06000000     -4.91400000
 2000     -3.90200000     -3.62100000
 2001     -4.06500000     -3.99800000
 2002     -4.59800000     -4.33900000
 2003     -5.14800000     -5.37000000
 2004     -4.77300000     -5.71900000
 2005     -4.33900000     -4.17000000
 2006     -5.17800000     -5.04100000
 2007     -5.29000000     -5.79900000
 2008     -4.22200000     -4.98700000
 2009     -3.99100000     -3.62200000
 2010     -4.22400000     -4.64100000
 2011     -6.55800000     -4.71200000
 2012     -4.28500000     -6.55000000
 2013     -4.29800000     -4.64600000
 2014     -5.10500000     -5.20800000
 2015     -4.17300000     -4.03100000
 2016     -4.39800000     -4.98400000
 2017     -5.56600000     -4.68500000
 2018     -5.54400000     -4.70100000
 2019     -4.14300000     -8.91800000
 2020     -4.29100000     -6.29800000
 2021     -5.52900000     -4.77400000
 2022     -6.40400000     -5.99100000
 2023     -4.81200000     -5.28200000
 2024     -3.91600000     -3.69600000
 2025     -4.25100000     -4.58100000
 2026     -4.00300000     -3.63200000
 2027     -4.23300000     -4.72300000
 2028     -5.24800000     -5.02200000
 2029     -4.06200000     -4.35300000
 2030     -5.17700000     -4.77700000
 2031     -4.18200000     -4.29100000
 2032     -4.90400000     -4.85800000
 2033     -4.27800000     -3.83500000
 2034     -5.12700000     -4.72200000
 2035     -4.81000000     -4.95400000
 2036     -3.92400000     -5.36200000
 2037     -5.62600000     -4.75200000
 2038     -5.56600000     -4.96700000
 2039     -5.83900000     -4.87400000
 2040     -4.97100000     -4.74500000
 2041     -4.51000000     -5.85000000
 2042     -4.12500000     -4.47800000
 2043     -4.18600000     -3.83700000
      0.6145778       0.6355492       0.7972134
++++++++++++++++++++++++++++++++++++++++
process end at : 
Sat Oct 22 04:32:25 CST 2022
