32
process will start at : 
Thu Mar 30 23:16:19 CST 2023
++++++++++++++++++++++++++++++++++++++++
Load GaoDataSet from dataset/ESOL.csv ... done (1145 lines, 18.446 seconds) 
# of all graphs/labels:      1144
# of all graphs/labels:      1144
# of training graphs/labels:      915
# of validing graphs/labels:      115
# of testing graphs/labels:      114
>>> Training of the Model >>>
Start at:  Thu Mar 30 23:20:26 2023
PID:       391027
Learning rate:               1E-03
Batch size:                  32
Maximum epochs:              500
Output frequency:            1
Device:                      cpu
--------------------------------------------------------------------------------------------------------------------------------------------------------------------------------------------------------
     Epoch       TrainLoss        TrainMAE       TrainRMSE         TrainR2         TrainCC        ValidMAE       ValidRMSE         ValidR2         ValidCC         Time(s)
--------------------------------------------------------------------------------------------------------------------------------------------------------------------------------------------------------
         0           1.829           1.466           1.920           0.153           0.635           1.054           1.365           0.592           0.696          14.845
         1           1.262           1.018           1.336           0.590           0.781           1.041           1.325           0.616           0.762          18.769
         2           1.164           0.954           1.246           0.643           0.805           0.945           1.206           0.682           0.801          22.686
         3           1.088           0.902           1.170           0.686           0.828           0.900           1.146           0.713           0.822          26.600
         4           1.066           0.887           1.147           0.698           0.835           0.880           1.113           0.729           0.834          30.518
         5           1.045           0.873           1.126           0.709           0.843           0.877           1.104           0.734           0.837          34.434
         6           1.027           0.861           1.107           0.718           0.848           0.880           1.106           0.732           0.842          38.355
         7           1.009           0.849           1.090           0.727           0.852           0.879           1.103           0.734           0.847          42.275
         8           0.990           0.835           1.072           0.736           0.858           0.872           1.096           0.738           0.853          46.187
         9           0.972           0.824           1.054           0.745           0.862           0.876           1.107           0.732           0.853          50.108
        10           0.960           0.816           1.043           0.750           0.866           0.878           1.112           0.730           0.855          54.060
        11           0.948           0.808           1.033           0.755           0.869           0.878           1.115           0.728           0.857          57.968
        12           0.937           0.800           1.023           0.759           0.872           0.881           1.121           0.725           0.858          61.893
        13           0.926           0.792           1.013           0.764           0.875           0.883           1.124           0.724           0.858          65.802
        14           0.916           0.785           1.003           0.769           0.878           0.880           1.121           0.725           0.854          69.713
        15           0.905           0.777           0.993           0.773           0.880           0.878           1.121           0.725           0.854          73.624
        16           0.882           0.759           0.973           0.783           0.884           0.811           1.039           0.764           0.854          77.533
        17           0.868           0.750           0.954           0.791           0.890           0.866           1.109           0.731           0.853          81.441
        18           0.879           0.759           0.967           0.785           0.887           0.881           1.124           0.724           0.852          85.362
        19           0.878           0.759           0.969           0.784           0.886           0.882           1.126           0.723           0.851          89.277
        20           0.870           0.753           0.961           0.788           0.887           0.875           1.116           0.728           0.853          93.287
        21           0.862           0.748           0.953           0.791           0.889           0.879           1.124           0.724           0.852          97.225
        22           0.856           0.745           0.948           0.793           0.890           0.869           1.111           0.730           0.853         101.162
        23           0.849           0.739           0.941           0.797           0.892           0.873           1.115           0.728           0.853         105.104
        24           0.844           0.736           0.937           0.798           0.893           0.868           1.110           0.731           0.853         109.043
        25           0.838           0.731           0.931           0.801           0.894           0.863           1.104           0.734           0.854         113.016
        26           0.832           0.727           0.925           0.803           0.895           0.863           1.104           0.733           0.853         116.947
        27           0.828           0.724           0.922           0.805           0.896           0.862           1.102           0.734           0.853         120.891
        28           0.825           0.722           0.919           0.806           0.897           0.859           1.098           0.736           0.854         124.817
        29           0.820           0.719           0.914           0.808           0.897           0.854           1.092           0.739           0.854         128.735
        30           0.816           0.715           0.910           0.810           0.898           0.850           1.088           0.741           0.853         132.654
        31           0.812           0.712           0.906           0.811           0.899           0.851           1.089           0.741           0.853         136.576
        32           0.809           0.710           0.904           0.812           0.900           0.845           1.082           0.744           0.853         140.507
        33           0.805           0.707           0.899           0.814           0.901           0.845           1.083           0.744           0.854         144.429
        34           0.803           0.705           0.898           0.815           0.901           0.842           1.078           0.746           0.853         148.350
        35           0.801           0.703           0.896           0.816           0.901           0.837           1.073           0.748           0.855         152.278
        36           0.798           0.702           0.894           0.816           0.902           0.839           1.076           0.747           0.854         156.199
        37           0.797           0.701           0.893           0.817           0.901           0.834           1.070           0.750           0.854         160.140
        38           0.794           0.698           0.890           0.818           0.902           0.830           1.066           0.751           0.854         164.069
        39           0.790           0.695           0.886           0.819           0.903           0.829           1.066           0.752           0.855         167.999
        40           0.789           0.694           0.885           0.820           0.903           0.826           1.064           0.753           0.855         171.963
        41           0.786           0.692           0.883           0.821           0.904           0.828           1.065           0.752           0.856         175.983
        42           0.786           0.691           0.882           0.821           0.904           0.823           1.060           0.754           0.856         179.917
        43           0.783           0.689           0.880           0.822           0.905           0.821           1.058           0.755           0.856         183.904
        44           0.780           0.687           0.877           0.823           0.905           0.820           1.057           0.756           0.857         187.836
        45           0.778           0.685           0.875           0.824           0.906           0.817           1.054           0.757           0.857         191.758
        46           0.775           0.683           0.872           0.825           0.906           0.816           1.052           0.758           0.857         195.689
        47           0.774           0.682           0.871           0.825           0.906           0.815           1.052           0.758           0.858         199.626
        48           0.772           0.681           0.870           0.826           0.906           0.811           1.048           0.760           0.858         203.549
        49           0.769           0.678           0.866           0.827           0.907           0.810           1.049           0.759           0.858         207.474
        50           0.768           0.677           0.865           0.828           0.907           0.813           1.053           0.758           0.856         211.419
        51           0.767           0.676           0.865           0.828           0.908           0.808           1.047           0.760           0.858         215.351
        52           0.764           0.674           0.862           0.829           0.908           0.807           1.046           0.761           0.858         219.296
        53           0.763           0.673           0.861           0.830           0.908           0.803           1.042           0.762           0.859         223.241
        54           0.760           0.670           0.857           0.831           0.909           0.803           1.043           0.762           0.859         227.196
        55           0.759           0.669           0.857           0.831           0.910           0.801           1.040           0.763           0.859         231.182
        56           0.758           0.668           0.856           0.832           0.910           0.801           1.039           0.764           0.859         235.132
        57           0.757           0.667           0.855           0.832           0.910           0.799           1.037           0.765           0.860         239.089
        58           0.755           0.666           0.853           0.833           0.910           0.793           1.031           0.768           0.861         243.091
        59           0.753           0.664           0.851           0.834           0.911           0.790           1.028           0.769           0.861         247.053
        60           0.750           0.662           0.848           0.835           0.911           0.789           1.027           0.770           0.861         251.027
        61           0.750           0.662           0.848           0.835           0.912           0.787           1.026           0.770           0.863         254.991
        62           0.747           0.660           0.846           0.835           0.912           0.784           1.021           0.772           0.863         259.026
        63           0.746           0.659           0.845           0.836           0.912           0.781           1.019           0.773           0.863         263.011
        64           0.743           0.657           0.842           0.837           0.913           0.782           1.020           0.772           0.864         266.985
        65           0.743           0.657           0.842           0.837           0.913           0.778           1.016           0.775           0.864         270.949
        66           0.741           0.656           0.840           0.838           0.913           0.779           1.017           0.774           0.865         274.919
        67           0.741           0.655           0.840           0.838           0.913           0.771           1.009           0.778           0.865         278.889
        68           0.736           0.651           0.835           0.840           0.914           0.772           1.011           0.777           0.865         282.860
        69           0.735           0.650           0.834           0.840           0.915           0.769           1.007           0.778           0.867         286.832
        70           0.732           0.648           0.832           0.841           0.915           0.770           1.008           0.778           0.867         290.806
        71           0.732           0.648           0.831           0.841           0.916           0.768           1.007           0.778           0.865         294.820
        72           0.731           0.648           0.831           0.841           0.916           0.769           1.008           0.778           0.866         298.797
        73           0.731           0.648           0.830           0.841           0.916           0.764           1.003           0.780           0.866         302.804
        74           0.728           0.645           0.828           0.842           0.916           0.764           1.003           0.780           0.866         306.782
        75           0.727           0.644           0.827           0.843           0.916           0.756           0.994           0.784           0.867         310.761
        76           0.725           0.642           0.824           0.844           0.917           0.762           1.001           0.781           0.866         314.737
        77           0.725           0.643           0.825           0.844           0.917           0.755           0.993           0.785           0.868         318.719
        78           0.722           0.641           0.822           0.845           0.918           0.757           0.996           0.783           0.867         322.700
        79           0.720           0.638           0.820           0.845           0.918           0.756           0.995           0.784           0.868         326.682
        80           0.718           0.637           0.818           0.846           0.919           0.756           0.995           0.783           0.866         330.666
        81           0.718           0.637           0.818           0.846           0.919           0.753           0.992           0.785           0.866         334.646
        82           0.715           0.635           0.815           0.847           0.919           0.753           0.993           0.784           0.866         338.636
        83           0.715           0.635           0.814           0.848           0.920           0.756           0.995           0.784           0.865         342.710
        84           0.714           0.634           0.814           0.848           0.920           0.754           0.992           0.785           0.866         346.701
        85           0.713           0.634           0.813           0.848           0.920           0.751           0.989           0.786           0.867         350.695
        86           0.713           0.633           0.813           0.848           0.920           0.750           0.989           0.786           0.867         354.737
        87           0.713           0.633           0.813           0.848           0.920           0.749           0.989           0.786           0.865         358.742
        88           0.710           0.631           0.811           0.849           0.920           0.743           0.983           0.789           0.868         362.816
        89           0.710           0.630           0.810           0.849           0.921           0.743           0.981           0.790           0.868         366.820
        90           0.707           0.629           0.808           0.850           0.921           0.739           0.977           0.791           0.867         370.817
        91           0.706           0.627           0.806           0.851           0.921           0.736           0.974           0.793           0.869         374.815
        92           0.704           0.626           0.804           0.851           0.922           0.732           0.972           0.794           0.870         378.824
        93           0.704           0.626           0.805           0.851           0.922           0.733           0.971           0.794           0.869         382.824
        94           0.701           0.624           0.802           0.852           0.922           0.732           0.973           0.793           0.869         386.822
        95           0.704           0.625           0.805           0.851           0.922           0.729           0.968           0.795           0.868         390.833
        96           0.699           0.622           0.800           0.853           0.922           0.727           0.968           0.795           0.872         394.840
        97           0.704           0.625           0.805           0.851           0.922           0.732           0.972           0.794           0.869         398.851
        98           0.699           0.622           0.800           0.853           0.923           0.723           0.962           0.798           0.873         402.859
        99           0.698           0.621           0.799           0.853           0.923           0.724           0.962           0.798           0.874         406.869
       100           0.698           0.621           0.799           0.853           0.923           0.722           0.962           0.798           0.872         410.883
       101           0.696           0.620           0.798           0.854           0.923           0.721           0.958           0.799           0.873         414.922
       102           0.697           0.620           0.798           0.853           0.923           0.719           0.958           0.799           0.873         418.940
       103           0.695           0.619           0.797           0.854           0.923           0.719           0.956           0.800           0.874         423.080
       104           0.694           0.619           0.797           0.854           0.924           0.717           0.955           0.801           0.874         427.087
       105           0.694           0.617           0.796           0.854           0.924           0.716           0.954           0.801           0.875         431.090
       106           0.694           0.618           0.796           0.854           0.924           0.715           0.955           0.801           0.873         435.094
       107           0.691           0.616           0.793           0.855           0.924           0.715           0.953           0.801           0.874         439.100
       108           0.692           0.617           0.795           0.855           0.924           0.714           0.953           0.801           0.873         443.107
       109           0.691           0.616           0.793           0.855           0.924           0.712           0.951           0.802           0.874         447.122
       110           0.694           0.618           0.797           0.854           0.924           0.712           0.951           0.802           0.873         451.140
       111           0.693           0.617           0.795           0.855           0.924           0.710           0.949           0.803           0.875         455.159
       112           0.697           0.620           0.800           0.853           0.923           0.709           0.947           0.804           0.874         459.189
       113           0.697           0.621           0.800           0.853           0.922           0.703           0.940           0.807           0.878         463.222
       114           0.704           0.626           0.805           0.851           0.920           0.660           0.895           0.825           0.874         467.239
       115           0.683           0.604           0.786           0.858           0.924           0.665           0.900           0.823           0.875         471.270
       116           0.679           0.603           0.782           0.860           0.926           0.667           0.902           0.822           0.875         475.285
       117           0.681           0.605           0.784           0.859           0.925           0.665           0.899           0.823           0.876         479.295
       118           0.680           0.603           0.782           0.859           0.925           0.665           0.899           0.823           0.875         483.379
       119           0.678           0.602           0.781           0.860           0.926           0.664           0.897           0.824           0.876         487.395
       120           0.677           0.600           0.780           0.860           0.926           0.666           0.901           0.823           0.876         491.415
       121           0.677           0.600           0.779           0.860           0.926           0.665           0.899           0.823           0.874         495.432
       122           0.675           0.599           0.778           0.861           0.927           0.666           0.901           0.823           0.873         499.453
       123           0.677           0.599           0.779           0.860           0.927           0.666           0.900           0.823           0.874         503.463
       124           0.673           0.597           0.776           0.862           0.927           0.664           0.898           0.824           0.873         507.561
       125           0.674           0.596           0.777           0.861           0.927           0.666           0.900           0.823           0.872         511.573
       126           0.672           0.595           0.774           0.862           0.927           0.666           0.900           0.823           0.874         515.585
       127           0.674           0.596           0.777           0.861           0.927           0.666           0.900           0.823           0.872         519.602
       128           0.670           0.593           0.773           0.863           0.928           0.666           0.898           0.824           0.875         523.614
       129           0.669           0.593           0.772           0.863           0.928           0.667           0.902           0.822           0.871         527.629
       130           0.669           0.592           0.772           0.863           0.928           0.665           0.896           0.824           0.875         531.693
       131           0.667           0.591           0.770           0.864           0.929           0.664           0.898           0.824           0.873         535.719
       132           0.668           0.591           0.771           0.863           0.929           0.665           0.896           0.824           0.874         539.746
       133           0.666           0.591           0.770           0.864           0.929           0.665           0.897           0.824           0.873         543.849
       134           0.668           0.591           0.771           0.863           0.929           0.666           0.899           0.823           0.872         547.869
       135           0.666           0.590           0.770           0.864           0.929           0.664           0.895           0.825           0.874         551.900
       136           0.667           0.590           0.770           0.864           0.929           0.665           0.897           0.824           0.873         555.928
       137           0.664           0.589           0.767           0.865           0.929           0.665           0.897           0.824           0.873         559.957
       138           0.665           0.589           0.768           0.864           0.929           0.665           0.896           0.825           0.874         563.974
       139           0.664           0.588           0.767           0.865           0.929           0.663           0.893           0.826           0.875         567.992
       140           0.663           0.588           0.767           0.865           0.930           0.664           0.894           0.825           0.875         572.012
       141           0.662           0.587           0.766           0.865           0.930           0.663           0.892           0.826           0.876         576.030
       142           0.663           0.587           0.766           0.865           0.930           0.663           0.891           0.826           0.876         580.050
       143           0.661           0.586           0.764           0.866           0.930           0.660           0.888           0.828           0.876         584.076
       144           0.661           0.585           0.765           0.866           0.930           0.662           0.890           0.827           0.876         588.107
       145           0.660           0.585           0.763           0.866           0.930           0.660           0.888           0.828           0.876         592.250
       146           0.659           0.585           0.763           0.866           0.931           0.659           0.886           0.828           0.877         596.279
       147           0.658           0.584           0.762           0.867           0.931           0.659           0.886           0.828           0.877         600.317
       148           0.658           0.584           0.762           0.866           0.931           0.660           0.887           0.828           0.878         604.412
       149           0.658           0.584           0.762           0.866           0.931           0.660           0.887           0.828           0.877         608.435
       150           0.658           0.584           0.762           0.867           0.931           0.659           0.885           0.829           0.878         612.476
       151           0.656           0.582           0.760           0.867           0.931           0.662           0.889           0.827           0.877         616.505
       152           0.655           0.583           0.759           0.868           0.931           0.657           0.883           0.830           0.880         620.526
       153           0.657           0.583           0.761           0.867           0.931           0.658           0.884           0.829           0.877         624.553
       154           0.655           0.582           0.759           0.868           0.931           0.656           0.882           0.830           0.879         628.584
       155           0.655           0.581           0.759           0.868           0.932           0.657           0.883           0.830           0.878         632.608
       156           0.653           0.581           0.757           0.868           0.932           0.656           0.881           0.830           0.879         636.622
       157           0.654           0.580           0.758           0.868           0.932           0.656           0.881           0.830           0.879         640.642
       158           0.652           0.580           0.756           0.869           0.932           0.654           0.879           0.831           0.881         644.674
       159           0.652           0.579           0.756           0.868           0.932           0.655           0.879           0.831           0.880         648.696
       160           0.651           0.579           0.755           0.869           0.932           0.653           0.877           0.832           0.881         652.724
       161           0.651           0.578           0.755           0.869           0.933           0.655           0.880           0.831           0.879         656.739
       162           0.649           0.577           0.753           0.870           0.933           0.655           0.881           0.830           0.880         660.757
       163           0.649           0.577           0.754           0.869           0.933           0.656           0.881           0.830           0.879         664.806
       164           0.649           0.577           0.753           0.870           0.933           0.652           0.877           0.832           0.882         668.821
       165           0.647           0.576           0.752           0.870           0.933           0.655           0.881           0.830           0.880         672.836
       166           0.647           0.576           0.751           0.870           0.933           0.655           0.881           0.830           0.881         676.938
       167           0.647           0.576           0.751           0.870           0.933           0.653           0.878           0.832           0.881         680.959
       168           0.647           0.576           0.752           0.870           0.933           0.655           0.880           0.831           0.881         684.978
       169           0.647           0.576           0.752           0.870           0.934           0.651           0.874           0.833           0.883         688.952
       170           0.646           0.575           0.750           0.871           0.934           0.652           0.877           0.832           0.883         692.927
       171           0.646           0.574           0.750           0.871           0.934           0.652           0.875           0.833           0.882         696.905
       172           0.644           0.574           0.749           0.871           0.934           0.651           0.876           0.832           0.884         700.877
       173           0.645           0.573           0.749           0.871           0.934           0.653           0.879           0.831           0.883         704.831
       174           0.644           0.574           0.748           0.871           0.934           0.650           0.875           0.833           0.884         708.783
       175           0.643           0.572           0.748           0.872           0.934           0.650           0.873           0.833           0.885         712.723
       176           0.642           0.571           0.746           0.872           0.934           0.649           0.873           0.833           0.885         716.668
       177           0.642           0.571           0.746           0.872           0.935           0.651           0.876           0.832           0.885         720.605
       178           0.641           0.571           0.745           0.872           0.935           0.649           0.871           0.834           0.885         724.570
       179           0.641           0.570           0.745           0.872           0.935           0.649           0.875           0.833           0.884         728.518
       180           0.639           0.569           0.743           0.873           0.935           0.650           0.875           0.833           0.885         732.455
       181           0.639           0.569           0.744           0.873           0.935           0.649           0.873           0.833           0.885         736.391
       182           0.638           0.568           0.742           0.873           0.935           0.649           0.871           0.834           0.886         740.332
       183           0.637           0.568           0.742           0.874           0.936           0.648           0.871           0.834           0.887         744.276
       184           0.638           0.568           0.742           0.873           0.935           0.647           0.870           0.835           0.888         748.224
       185           0.638           0.568           0.742           0.873           0.936           0.648           0.871           0.834           0.886         752.162
       186           0.636           0.566           0.740           0.874           0.936           0.645           0.867           0.836           0.888         756.099
       187           0.636           0.566           0.741           0.874           0.936           0.649           0.873           0.833           0.885         760.103
       188           0.635           0.566           0.740           0.874           0.936           0.646           0.870           0.835           0.886         764.048
       189           0.635           0.566           0.740           0.874           0.936           0.649           0.874           0.833           0.885         767.995
       190           0.635           0.566           0.740           0.874           0.936           0.645           0.869           0.835           0.887         771.966
       191           0.635           0.566           0.740           0.874           0.936           0.646           0.869           0.835           0.888         775.912
       192           0.635           0.566           0.740           0.874           0.936           0.646           0.869           0.835           0.887         779.853
       193           0.634           0.564           0.738           0.875           0.936           0.644           0.867           0.836           0.889         783.864
       194           0.634           0.564           0.738           0.875           0.936           0.646           0.869           0.835           0.888         787.823
       195           0.633           0.564           0.737           0.875           0.936           0.644           0.867           0.836           0.889         791.780
       196           0.633           0.564           0.738           0.875           0.936           0.646           0.870           0.834           0.887         795.728
       197           0.632           0.563           0.736           0.875           0.937           0.645           0.869           0.835           0.888         799.680
       198           0.632           0.564           0.737           0.875           0.937           0.645           0.870           0.835           0.887         803.627
       199           0.632           0.563           0.736           0.875           0.937           0.646           0.870           0.834           0.887         807.578
       200           0.631           0.563           0.736           0.876           0.937           0.647           0.871           0.834           0.887         811.525
       201           0.631           0.563           0.735           0.876           0.937           0.645           0.869           0.835           0.889         815.473
       202           0.631           0.562           0.735           0.876           0.937           0.646           0.869           0.835           0.887         819.422
       203           0.630           0.561           0.735           0.876           0.937           0.645           0.869           0.835           0.888         823.367
       204           0.629           0.560           0.733           0.876           0.937           0.644           0.868           0.835           0.888         827.311
       205           0.628           0.560           0.733           0.877           0.938           0.645           0.868           0.835           0.888         831.303
       206           0.628           0.559           0.732           0.877           0.938           0.643           0.867           0.836           0.888         835.248
       207           0.627           0.559           0.732           0.877           0.938           0.645           0.870           0.835           0.887         839.199
       208           0.627           0.559           0.732           0.877           0.938           0.645           0.870           0.834           0.888         843.262
       209           0.627           0.559           0.731           0.877           0.938           0.646           0.873           0.833           0.888         847.210
       210           0.626           0.559           0.731           0.877           0.938           0.644           0.868           0.835           0.888         851.163
       211           0.627           0.558           0.731           0.877           0.938           0.645           0.869           0.835           0.888         855.100
       212           0.626           0.558           0.731           0.877           0.938           0.647           0.874           0.833           0.887         859.046
       213           0.626           0.558           0.731           0.877           0.938           0.645           0.871           0.834           0.888         862.980
       214           0.626           0.558           0.730           0.877           0.938           0.644           0.868           0.835           0.888         866.915
       215           0.624           0.557           0.729           0.878           0.938           0.644           0.870           0.835           0.888         870.864
       216           0.624           0.556           0.729           0.878           0.938           0.645           0.869           0.835           0.887         874.800
       217           0.624           0.556           0.729           0.878           0.938           0.645           0.871           0.834           0.887         878.739
       218           0.624           0.556           0.729           0.878           0.939           0.644           0.867           0.836           0.888         882.683
       219           0.623           0.555           0.727           0.878           0.939           0.647           0.876           0.832           0.887         886.619
       220           0.623           0.556           0.728           0.878           0.938           0.645           0.869           0.835           0.887         890.564
       221           0.622           0.555           0.727           0.878           0.939           0.646           0.872           0.834           0.887         894.546
       222           0.622           0.554           0.727           0.879           0.939           0.643           0.868           0.835           0.888         898.485
       223           0.622           0.554           0.727           0.879           0.939           0.645           0.869           0.835           0.888         902.488
       224           0.622           0.554           0.726           0.879           0.939           0.645           0.871           0.834           0.887         906.425
       225           0.621           0.553           0.726           0.879           0.939           0.646           0.872           0.834           0.887         910.367
       226           0.621           0.553           0.725           0.879           0.939           0.645           0.872           0.834           0.887         914.308
       227           0.621           0.553           0.726           0.879           0.939           0.645           0.868           0.835           0.888         918.249
       228           0.620           0.553           0.725           0.879           0.939           0.644           0.868           0.835           0.889         922.195
       229           0.620           0.552           0.724           0.879           0.939           0.647           0.877           0.832           0.887         926.215
       230           0.619           0.552           0.724           0.880           0.940           0.646           0.872           0.834           0.888         930.180
       231           0.619           0.551           0.723           0.880           0.939           0.646           0.874           0.833           0.888         934.136
       232           0.619           0.551           0.724           0.880           0.940           0.646           0.871           0.834           0.888         938.096
       233           0.618           0.551           0.723           0.880           0.940           0.645           0.872           0.834           0.888         942.055
       234           0.618           0.550           0.723           0.880           0.940           0.646           0.874           0.833           0.888         946.014
       235           0.618           0.550           0.722           0.880           0.940           0.647           0.873           0.833           0.888         949.977
       236           0.618           0.550           0.722           0.880           0.940           0.647           0.874           0.833           0.888         953.969
       237           0.618           0.550           0.722           0.880           0.940           0.649           0.876           0.832           0.888         957.926
       238           0.617           0.550           0.722           0.880           0.940           0.646           0.871           0.834           0.889         961.959
       239           0.617           0.549           0.722           0.880           0.940           0.646           0.874           0.833           0.889         965.928
       240           0.617           0.549           0.721           0.880           0.940           0.648           0.875           0.833           0.888         969.900
       241           0.617           0.549           0.721           0.880           0.940           0.648           0.875           0.833           0.889         973.870
       242           0.616           0.549           0.721           0.881           0.940           0.647           0.875           0.833           0.889         977.836
       243           0.616           0.549           0.721           0.881           0.940           0.650           0.878           0.831           0.887         981.800
       244           0.616           0.549           0.721           0.881           0.940           0.650           0.879           0.831           0.888         985.755
       245           0.616           0.549           0.721           0.881           0.940           0.652           0.882           0.830           0.887         989.717
       246           0.616           0.549           0.721           0.881           0.940           0.652           0.880           0.831           0.888         993.677
       247           0.617           0.549           0.721           0.880           0.940           0.652           0.881           0.830           0.888         997.637
       248           0.616           0.549           0.720           0.881           0.940           0.652           0.882           0.830           0.889        1001.597
       249           0.617           0.549           0.722           0.880           0.940           0.653           0.882           0.830           0.888        1005.569
       250           0.616           0.549           0.721           0.881           0.940           0.655           0.885           0.829           0.887        1009.618
       251           0.617           0.549           0.722           0.880           0.940           0.657           0.889           0.827           0.887        1013.625
       252           0.618           0.550           0.722           0.880           0.940           0.660           0.894           0.825           0.887        1017.597
       253           0.645           0.568           0.750           0.871           0.935           0.761           1.005           0.779           0.882        1021.559
       254           0.754           0.650           0.865           0.828           0.912           0.715           0.958           0.799           0.883        1025.593
       255           0.783           0.675           0.891           0.817           0.910           0.594           0.807           0.858           0.896        1029.563
       256           0.703           0.607           0.810           0.849           0.927           0.616           0.835           0.848           0.895        1033.538
       257           0.693           0.600           0.799           0.853           0.928           0.585           0.793           0.863           0.900        1037.512
       258           0.668           0.580           0.774           0.862           0.934           0.585           0.795           0.862           0.898        1041.475
       259           0.668           0.580           0.774           0.862           0.933           0.584           0.794           0.862           0.900        1045.452
       260           0.664           0.578           0.771           0.864           0.934           0.583           0.793           0.863           0.901        1049.429
       261           0.647           0.566           0.753           0.870           0.937           0.579           0.783           0.866           0.902        1053.402
       262           0.632           0.555           0.738           0.875           0.940           0.575           0.780           0.867           0.904        1057.377
       263           0.635           0.557           0.741           0.874           0.939           0.576           0.781           0.866           0.904        1061.355
       264           0.633           0.556           0.739           0.874           0.939           0.575           0.780           0.867           0.905        1065.322
       265           0.620           0.546           0.726           0.879           0.941           0.575           0.778           0.868           0.905        1069.295
       266           0.612           0.541           0.718           0.881           0.943           0.571           0.777           0.868           0.904        1073.301
       267           0.615           0.542           0.720           0.881           0.942           0.573           0.778           0.868           0.904        1077.276
       268           0.614           0.542           0.720           0.881           0.943           0.572           0.777           0.868           0.904        1081.246
       269           0.613           0.541           0.719           0.881           0.943           0.573           0.779           0.867           0.904        1085.243
       270           0.613           0.541           0.719           0.881           0.943           0.572           0.777           0.868           0.904        1089.218
       271           0.603           0.534           0.709           0.885           0.945           0.573           0.777           0.868           0.905        1093.250
       272           0.599           0.532           0.705           0.886           0.945           0.571           0.777           0.868           0.905        1097.222
       273           0.600           0.532           0.706           0.885           0.945           0.571           0.776           0.868           0.905        1101.195
       274           0.600           0.532           0.706           0.886           0.945           0.571           0.776           0.868           0.905        1105.173
       275           0.600           0.532           0.706           0.886           0.945           0.570           0.776           0.869           0.904        1109.143
       276           0.600           0.532           0.706           0.885           0.945           0.570           0.775           0.869           0.905        1113.120
       277           0.592           0.526           0.698           0.888           0.946           0.570           0.774           0.869           0.906        1117.099
       278           0.590           0.525           0.697           0.888           0.947           0.569           0.773           0.869           0.905        1121.076
       279           0.591           0.525           0.697           0.888           0.947           0.569           0.774           0.869           0.905        1125.050
       280           0.591           0.525           0.697           0.888           0.947           0.569           0.774           0.869           0.905        1129.028
       281           0.591           0.525           0.697           0.888           0.947           0.569           0.773           0.869           0.905        1133.036
       282           0.591           0.525           0.697           0.888           0.947           0.568           0.773           0.869           0.905        1136.997
       283           0.586           0.522           0.693           0.890           0.948           0.570           0.774           0.869           0.905        1140.975
       284           0.585           0.521           0.691           0.890           0.948           0.570           0.774           0.869           0.904        1144.977
       285           0.586           0.521           0.692           0.890           0.948           0.569           0.774           0.869           0.905        1148.951
       286           0.585           0.521           0.691           0.890           0.948           0.570           0.774           0.869           0.905        1152.941
       287           0.585           0.521           0.692           0.890           0.948           0.569           0.774           0.869           0.905        1156.925
       288           0.585           0.521           0.692           0.890           0.948           0.570           0.774           0.869           0.905        1160.907
       289           0.583           0.520           0.689           0.891           0.948           0.573           0.777           0.868           0.904        1164.889
       290           0.584           0.520           0.690           0.891           0.948           0.572           0.777           0.868           0.904        1168.872
       291           0.583           0.520           0.689           0.891           0.948           0.573           0.777           0.868           0.904        1172.918
       292           0.583           0.520           0.689           0.891           0.948           0.573           0.777           0.868           0.904        1176.905
       293           0.583           0.520           0.689           0.891           0.948           0.572           0.776           0.869           0.905        1180.888
       294           0.583           0.519           0.689           0.891           0.948           0.572           0.777           0.868           0.905        1184.874
       295           0.583           0.519           0.689           0.891           0.948           0.572           0.776           0.868           0.904        1188.852
       296           0.582           0.519           0.689           0.891           0.948           0.571           0.775           0.869           0.904        1192.851
       297           0.582           0.519           0.688           0.891           0.948           0.571           0.776           0.868           0.904        1196.817
       298           0.582           0.519           0.688           0.891           0.948           0.567           0.773           0.870           0.905        1200.793
       299           0.582           0.519           0.688           0.891           0.948           0.571           0.775           0.869           0.904        1204.837
       300           0.581           0.519           0.688           0.891           0.948           0.571           0.775           0.869           0.904        1208.822
       301           0.582           0.518           0.688           0.891           0.948           0.570           0.775           0.869           0.904        1212.808
       302           0.581           0.518           0.688           0.891           0.948           0.570           0.774           0.869           0.903        1216.792
       303           0.581           0.518           0.687           0.891           0.948           0.569           0.773           0.869           0.904        1220.775
       304           0.581           0.518           0.687           0.891           0.948           0.569           0.774           0.869           0.904        1224.758
       305           0.581           0.517           0.687           0.892           0.948           0.568           0.773           0.869           0.905        1228.739
       306           0.581           0.517           0.687           0.892           0.948           0.569           0.774           0.869           0.904        1232.720
       307           0.580           0.517           0.687           0.892           0.949           0.568           0.773           0.869           0.904        1236.699
       308           0.580           0.517           0.687           0.892           0.949           0.568           0.773           0.869           0.905        1240.688
       309           0.580           0.517           0.686           0.892           0.948           0.569           0.774           0.869           0.904        1244.678
       310           0.580           0.517           0.686           0.892           0.949           0.567           0.772           0.870           0.905        1248.640
       311           0.580           0.517           0.686           0.892           0.949           0.569           0.774           0.869           0.904        1252.628
       312           0.580           0.517           0.686           0.892           0.949           0.568           0.774           0.869           0.904        1256.652
       313           0.580           0.517           0.686           0.892           0.949           0.567           0.772           0.870           0.905        1260.590
       314           0.580           0.517           0.686           0.892           0.949           0.568           0.773           0.869           0.905        1264.596
       315           0.579           0.516           0.686           0.892           0.949           0.567           0.772           0.870           0.905        1268.504
       316           0.579           0.516           0.686           0.892           0.949           0.567           0.772           0.870           0.905        1272.410
       317           0.579           0.516           0.686           0.892           0.949           0.568           0.774           0.869           0.904        1276.325
       318           0.579           0.516           0.686           0.892           0.949           0.566           0.772           0.870           0.905        1280.235
       319           0.579           0.516           0.685           0.892           0.949           0.567           0.773           0.870           0.905        1284.146
       320           0.579           0.516           0.685           0.892           0.949           0.566           0.772           0.870           0.905        1288.061
       321           0.579           0.516           0.685           0.892           0.949           0.568           0.773           0.869           0.904        1291.975
       322           0.579           0.516           0.685           0.892           0.949           0.566           0.772           0.870           0.905        1295.883
       323           0.579           0.516           0.685           0.892           0.949           0.567           0.772           0.870           0.905        1299.795
       324           0.579           0.516           0.685           0.892           0.949           0.566           0.771           0.870           0.905        1303.704
       325           0.578           0.515           0.685           0.892           0.949           0.567           0.772           0.870           0.906        1307.617
       326           0.578           0.515           0.685           0.892           0.949           0.565           0.770           0.870           0.906        1311.578
       327           0.578           0.515           0.685           0.892           0.949           0.567           0.772           0.870           0.905        1315.488
       328           0.578           0.515           0.684           0.892           0.949           0.566           0.772           0.870           0.905        1319.399
       329           0.578           0.515           0.685           0.892           0.949           0.567           0.772           0.870           0.906        1323.386
       330           0.578           0.515           0.684           0.892           0.949           0.566           0.772           0.870           0.905        1327.300
       331           0.578           0.515           0.684           0.892           0.949           0.567           0.772           0.870           0.905        1331.216
       332           0.578           0.515           0.684           0.892           0.949           0.566           0.771           0.870           0.905        1335.148
       333           0.575           0.513           0.681           0.893           0.949           0.569           0.774           0.869           0.906        1339.147
       334           0.574           0.513           0.681           0.893           0.949           0.568           0.773           0.869           0.906        1343.057
       335           0.574           0.513           0.681           0.893           0.949           0.568           0.773           0.869           0.905        1346.965
       336           0.574           0.513           0.681           0.893           0.950           0.568           0.772           0.870           0.906        1350.870
       337           0.574           0.513           0.681           0.893           0.949           0.568           0.773           0.869           0.906        1354.768
       338           0.574           0.513           0.681           0.894           0.950           0.568           0.772           0.870           0.906        1358.677
       339           0.574           0.513           0.680           0.894           0.950           0.568           0.773           0.869           0.905        1362.583
       340           0.574           0.513           0.680           0.894           0.950           0.568           0.772           0.870           0.906        1366.490
       341           0.574           0.513           0.680           0.894           0.950           0.568           0.773           0.869           0.905        1370.412
       342           0.573           0.512           0.680           0.894           0.950           0.567           0.772           0.870           0.906        1374.345
       343           0.573           0.512           0.680           0.894           0.950           0.568           0.773           0.869           0.905        1378.256
       344           0.573           0.512           0.680           0.894           0.950           0.568           0.772           0.870           0.905        1382.190
       345           0.573           0.512           0.680           0.894           0.950           0.568           0.773           0.869           0.905        1386.109
       346           0.573           0.512           0.679           0.894           0.950           0.568           0.772           0.870           0.906        1390.021
       347           0.572           0.511           0.679           0.894           0.950           0.567           0.772           0.870           0.906        1393.928
       348           0.572           0.511           0.679           0.894           0.950           0.568           0.773           0.869           0.906        1397.843
       349           0.572           0.512           0.679           0.894           0.950           0.568           0.772           0.870           0.906        1401.753
       350           0.572           0.511           0.679           0.894           0.950           0.567           0.772           0.870           0.906        1405.657
       351           0.572           0.511           0.679           0.894           0.950           0.568           0.773           0.869           0.906        1409.570
       352           0.572           0.511           0.679           0.894           0.950           0.567           0.773           0.870           0.906        1413.481
       353           0.572           0.511           0.678           0.894           0.950           0.567           0.773           0.869           0.906        1417.395
       354           0.572           0.511           0.679           0.894           0.950           0.567           0.772           0.870           0.907        1421.385
       355           0.572           0.511           0.678           0.894           0.950           0.568           0.773           0.870           0.907        1425.294
       356           0.571           0.510           0.678           0.894           0.950           0.567           0.773           0.869           0.906        1429.205
       357           0.571           0.511           0.678           0.894           0.950           0.567           0.772           0.870           0.907        1433.165
       358           0.571           0.510           0.678           0.894           0.950           0.567           0.772           0.870           0.906        1437.081
       359           0.571           0.510           0.678           0.894           0.950           0.568           0.772           0.870           0.907        1440.998
       360           0.571           0.510           0.678           0.894           0.950           0.568           0.772           0.870           0.906        1444.983
       361           0.571           0.510           0.678           0.894           0.950           0.567           0.772           0.870           0.906        1448.901
       362           0.571           0.510           0.677           0.895           0.950           0.568           0.773           0.870           0.906        1452.823
       363           0.570           0.510           0.677           0.895           0.950           0.567           0.772           0.870           0.906        1456.741
       364           0.570           0.510           0.677           0.895           0.950           0.568           0.772           0.870           0.906        1460.664
       365           0.570           0.510           0.677           0.895           0.950           0.567           0.772           0.870           0.906        1464.584
       366           0.570           0.510           0.677           0.895           0.950           0.567           0.772           0.870           0.906        1468.502
       367           0.570           0.509           0.677           0.895           0.950           0.567           0.772           0.870           0.906        1472.430
       368           0.570           0.509           0.677           0.895           0.950           0.567           0.771           0.870           0.906        1476.352
       369           0.570           0.509           0.677           0.895           0.950           0.567           0.771           0.870           0.906        1480.273
       370           0.569           0.509           0.676           0.895           0.950           0.567           0.772           0.870           0.906        1484.196
       371           0.569           0.509           0.676           0.895           0.950           0.567           0.772           0.870           0.906        1488.122
       372           0.569           0.509           0.676           0.895           0.950           0.567           0.771           0.870           0.906        1492.082
       373           0.569           0.509           0.676           0.895           0.950           0.567           0.771           0.870           0.906        1495.993
       374           0.569           0.509           0.676           0.895           0.950           0.567           0.771           0.870           0.906        1499.915
       375           0.569           0.509           0.676           0.895           0.950           0.567           0.771           0.870           0.906        1503.966
       376           0.569           0.508           0.675           0.895           0.950           0.567           0.772           0.870           0.907        1507.891
       377           0.569           0.508           0.676           0.895           0.950           0.567           0.771           0.870           0.906        1511.817
       378           0.569           0.508           0.676           0.895           0.950           0.567           0.770           0.870           0.907        1515.739
       379           0.568           0.508           0.675           0.895           0.950           0.567           0.771           0.870           0.906        1519.660
       380           0.568           0.508           0.675           0.895           0.951           0.567           0.771           0.870           0.907        1523.578
       381           0.568           0.508           0.675           0.895           0.951           0.566           0.771           0.870           0.907        1527.500
       382           0.568           0.508           0.675           0.895           0.951           0.566           0.770           0.870           0.907        1531.422
       383           0.568           0.508           0.675           0.895           0.951           0.566           0.770           0.870           0.907        1535.391
       384           0.568           0.508           0.675           0.895           0.951           0.566           0.770           0.870           0.907        1539.310
       385           0.567           0.507           0.674           0.895           0.951           0.566           0.770           0.870           0.907        1543.233
       386           0.567           0.507           0.674           0.895           0.951           0.567           0.771           0.870           0.907        1547.151
       387           0.567           0.507           0.674           0.896           0.951           0.566           0.770           0.870           0.907        1551.122
       388           0.567           0.507           0.674           0.895           0.951           0.567           0.770           0.870           0.907        1555.036
       389           0.567           0.507           0.674           0.896           0.951           0.566           0.770           0.870           0.907        1558.962
       390           0.567           0.507           0.674           0.896           0.951           0.566           0.770           0.870           0.907        1562.946
       391           0.566           0.506           0.674           0.896           0.951           0.566           0.770           0.870           0.906        1566.867
       392           0.567           0.506           0.674           0.896           0.951           0.566           0.770           0.870           0.907        1570.802
       393           0.566           0.506           0.674           0.896           0.951           0.566           0.770           0.870           0.907        1574.726
       394           0.566           0.506           0.673           0.896           0.951           0.566           0.770           0.870           0.907        1578.645
       395           0.566           0.506           0.673           0.896           0.951           0.566           0.770           0.871           0.907        1582.562
       396           0.566           0.506           0.673           0.896           0.951           0.566           0.769           0.871           0.908        1586.566
       397           0.566           0.506           0.673           0.896           0.951           0.566           0.770           0.871           0.907        1590.495
       398           0.566           0.506           0.673           0.896           0.951           0.566           0.770           0.871           0.907        1594.420
       399           0.566           0.506           0.673           0.896           0.951           0.566           0.770           0.870           0.907        1598.350
       400           0.565           0.505           0.672           0.896           0.951           0.566           0.769           0.871           0.907        1602.284
       401           0.565           0.505           0.672           0.896           0.951           0.566           0.769           0.871           0.906        1606.212
       402           0.565           0.505           0.672           0.896           0.951           0.566           0.769           0.871           0.907        1610.138
       403           0.565           0.505           0.672           0.896           0.951           0.566           0.770           0.870           0.906        1614.111
       404           0.565           0.505           0.672           0.896           0.951           0.566           0.770           0.871           0.907        1618.043
       405           0.565           0.505           0.672           0.896           0.951           0.566           0.770           0.870           0.907        1621.970
       406           0.564           0.505           0.672           0.896           0.951           0.566           0.770           0.870           0.907        1625.965
       407           0.565           0.505           0.672           0.896           0.951           0.566           0.769           0.871           0.908        1629.890
       408           0.564           0.505           0.671           0.896           0.951           0.565           0.769           0.871           0.907        1633.816
       409           0.564           0.504           0.671           0.896           0.951           0.566           0.770           0.870           0.907        1637.743
       410           0.564           0.504           0.671           0.896           0.951           0.565           0.768           0.871           0.908        1641.671
       411           0.564           0.504           0.671           0.896           0.951           0.566           0.769           0.871           0.907        1645.594
       412           0.564           0.504           0.671           0.897           0.951           0.565           0.769           0.871           0.907        1649.525
       413           0.564           0.504           0.671           0.896           0.951           0.565           0.768           0.871           0.908        1653.461
       414           0.563           0.504           0.671           0.897           0.951           0.565           0.769           0.871           0.908        1657.396
       415           0.563           0.504           0.671           0.897           0.951           0.565           0.769           0.871           0.907        1661.331
       416           0.563           0.504           0.670           0.897           0.951           0.565           0.769           0.871           0.907        1665.267
       417           0.563           0.504           0.671           0.897           0.951           0.565           0.768           0.871           0.908        1669.265
       418           0.563           0.503           0.670           0.897           0.951           0.565           0.769           0.871           0.907        1673.244
       419           0.563           0.503           0.670           0.897           0.951           0.565           0.769           0.871           0.907        1677.178
       420           0.563           0.503           0.670           0.897           0.951           0.565           0.768           0.871           0.907        1681.107
       421           0.563           0.503           0.670           0.897           0.951           0.566           0.769           0.871           0.907        1685.105
       422           0.562           0.503           0.670           0.897           0.952           0.564           0.768           0.871           0.908        1689.032
       423           0.562           0.503           0.670           0.897           0.951           0.565           0.768           0.871           0.908        1692.969
       424           0.562           0.503           0.669           0.897           0.951           0.565           0.769           0.871           0.908        1696.911
       425           0.562           0.503           0.669           0.897           0.951           0.565           0.768           0.871           0.908        1700.859
       426           0.562           0.502           0.669           0.897           0.952           0.565           0.768           0.871           0.908        1704.807
       427           0.562           0.502           0.669           0.897           0.951           0.565           0.768           0.871           0.908        1708.757
       428           0.561           0.502           0.669           0.897           0.952           0.565           0.768           0.871           0.908        1712.709
       429           0.561           0.502           0.669           0.897           0.952           0.564           0.768           0.871           0.908        1716.657
       430           0.561           0.502           0.669           0.897           0.952           0.564           0.767           0.871           0.908        1720.611
       431           0.561           0.501           0.668           0.897           0.952           0.565           0.769           0.871           0.908        1724.560
       432           0.561           0.502           0.669           0.897           0.952           0.564           0.768           0.871           0.908        1728.514
       433           0.561           0.501           0.668           0.897           0.952           0.565           0.768           0.871           0.908        1732.509
       434           0.561           0.502           0.668           0.897           0.952           0.564           0.768           0.871           0.908        1736.460
       435           0.561           0.501           0.668           0.897           0.952           0.564           0.768           0.871           0.908        1740.419
       436           0.560           0.501           0.668           0.897           0.952           0.565           0.768           0.871           0.908        1744.443
       437           0.560           0.501           0.668           0.897           0.952           0.564           0.768           0.871           0.908        1748.404
       438           0.560           0.501           0.668           0.897           0.952           0.564           0.767           0.871           0.909        1752.450
       439           0.560           0.501           0.668           0.898           0.952           0.564           0.768           0.871           0.908        1756.402
       440           0.560           0.501           0.667           0.898           0.952           0.564           0.768           0.871           0.908        1760.352
       441           0.560           0.501           0.667           0.898           0.952           0.564           0.767           0.871           0.909        1764.309
       442           0.560           0.501           0.667           0.898           0.952           0.564           0.768           0.871           0.908        1768.257
       443           0.559           0.500           0.667           0.898           0.952           0.564           0.768           0.871           0.908        1772.206
       444           0.559           0.500           0.667           0.898           0.952           0.564           0.768           0.871           0.908        1776.160
       445           0.559           0.500           0.667           0.898           0.952           0.564           0.767           0.871           0.908        1780.111
       446           0.559           0.500           0.667           0.898           0.952           0.565           0.768           0.871           0.908        1784.063
       447           0.559           0.500           0.667           0.898           0.952           0.564           0.768           0.871           0.908        1788.013
       448           0.559           0.500           0.666           0.898           0.952           0.565           0.768           0.871           0.908        1792.002
       449           0.559           0.500           0.666           0.898           0.952           0.565           0.768           0.871           0.908        1795.955
       450           0.559           0.500           0.667           0.898           0.952           0.564           0.767           0.871           0.908        1799.910
       451           0.559           0.499           0.666           0.898           0.952           0.564           0.767           0.871           0.908        1803.877
       452           0.558           0.499           0.666           0.898           0.952           0.564           0.768           0.871           0.908        1807.820
       453           0.558           0.499           0.666           0.898           0.952           0.564           0.767           0.871           0.908        1811.764
       454           0.558           0.499           0.666           0.898           0.952           0.565           0.767           0.871           0.909        1815.710
       455           0.558           0.499           0.666           0.898           0.952           0.565           0.767           0.871           0.909        1819.658
       456           0.558           0.499           0.666           0.898           0.952           0.564           0.767           0.871           0.908        1823.603
       457           0.558           0.499           0.665           0.898           0.952           0.564           0.768           0.871           0.908        1827.558
       458           0.558           0.499           0.665           0.898           0.952           0.564           0.767           0.871           0.908        1831.513
       459           0.557           0.498           0.665           0.898           0.952           0.565           0.768           0.871           0.909        1835.531
       460           0.557           0.498           0.665           0.898           0.952           0.564           0.767           0.871           0.908        1839.494
       461           0.557           0.498           0.665           0.898           0.952           0.564           0.767           0.871           0.908        1843.447
       462           0.557           0.498           0.665           0.898           0.952           0.564           0.767           0.871           0.909        1847.407
       463           0.557           0.498           0.665           0.898           0.952           0.565           0.768           0.871           0.908        1851.398
       464           0.557           0.498           0.664           0.899           0.952           0.564           0.767           0.871           0.908        1855.368
       465           0.557           0.498           0.665           0.898           0.952           0.565           0.767           0.871           0.908        1859.325
       466           0.557           0.498           0.664           0.899           0.952           0.565           0.767           0.871           0.909        1863.303
       467           0.556           0.498           0.664           0.899           0.952           0.564           0.767           0.871           0.909        1867.260
       468           0.556           0.498           0.664           0.899           0.952           0.564           0.767           0.871           0.909        1871.220
       469           0.556           0.497           0.664           0.899           0.952           0.564           0.767           0.871           0.908        1875.176
       470           0.556           0.498           0.664           0.899           0.952           0.564           0.767           0.871           0.908        1879.135
       471           0.556           0.497           0.664           0.899           0.952           0.564           0.767           0.871           0.908        1883.089
       472           0.556           0.497           0.664           0.899           0.952           0.564           0.766           0.872           0.909        1887.046
       473           0.556           0.497           0.663           0.899           0.952           0.565           0.767           0.871           0.908        1891.002
       474           0.556           0.497           0.664           0.899           0.952           0.564           0.767           0.871           0.908        1894.915
       475           0.555           0.497           0.663           0.899           0.953           0.564           0.768           0.871           0.908        1898.828
       476           0.556           0.497           0.663           0.899           0.953           0.565           0.767           0.871           0.908        1902.739
       477           0.555           0.496           0.663           0.899           0.953           0.565           0.767           0.871           0.908        1906.648
       478           0.555           0.496           0.663           0.899           0.953           0.565           0.767           0.871           0.908        1910.557
       479           0.555           0.496           0.663           0.899           0.953           0.565           0.767           0.872           0.908        1914.501
       480           0.555           0.496           0.663           0.899           0.953           0.565           0.767           0.871           0.908        1918.492
       481           0.554           0.496           0.662           0.899           0.953           0.564           0.766           0.872           0.908        1922.398
       482           0.554           0.496           0.662           0.899           0.953           0.565           0.767           0.871           0.908        1926.339
       483           0.554           0.496           0.662           0.899           0.953           0.565           0.767           0.871           0.908        1930.260
       484           0.554           0.496           0.662           0.899           0.953           0.565           0.767           0.872           0.908        1934.180
       485           0.554           0.495           0.662           0.899           0.953           0.564           0.767           0.871           0.908        1938.099
       486           0.554           0.495           0.662           0.899           0.953           0.565           0.767           0.871           0.908        1942.003
       487           0.554           0.495           0.662           0.899           0.953           0.565           0.767           0.872           0.908        1945.910
       488           0.553           0.495           0.662           0.899           0.953           0.564           0.766           0.872           0.908        1949.827
       489           0.553           0.495           0.662           0.899           0.953           0.565           0.766           0.872           0.909        1953.736
       490           0.553           0.495           0.661           0.899           0.953           0.564           0.766           0.872           0.908        1957.658
       491           0.553           0.495           0.661           0.900           0.953           0.564           0.766           0.872           0.907        1961.579
       492           0.553           0.495           0.661           0.900           0.953           0.564           0.766           0.872           0.907        1965.497
       493           0.553           0.495           0.661           0.900           0.953           0.564           0.766           0.872           0.907        1969.414
       494           0.553           0.495           0.661           0.900           0.953           0.564           0.766           0.872           0.908        1973.339
       495           0.553           0.494           0.661           0.900           0.953           0.564           0.766           0.872           0.907        1977.253
       496           0.552           0.494           0.661           0.900           0.953           0.564           0.766           0.872           0.907        1981.162
       497           0.552           0.494           0.661           0.900           0.953           0.564           0.765           0.872           0.908        1985.117
       498           0.552           0.494           0.660           0.900           0.953           0.564           0.766           0.872           0.907        1989.037
       499           0.552           0.494           0.660           0.900           0.953           0.563           0.765           0.872           0.907        1992.959
       500           0.552           0.494           0.660           0.900           0.953           0.564           0.766           0.872           0.908        1996.888
--------------------------------------------------------------------------------------------------------------------------------------------------------------------------------------------------------
The best indicator statistics
      BestEpoch        TrainMAE       TrainRMSE         TrainR2         TrainCC        ValidMAE       ValidRMSE         ValidR2         ValidCC
       499           0.494           0.660           0.900           0.953           0.563           0.765           0.872           0.907
Total training time: 1997.0228 seconds
>>> Training of the Model Accomplished! >>>
End at:  Thu Mar 30 23:53:43 2023
++++++++++++++++++++++++++++++++++++++++
process end at : 
Thu Mar 30 23:53:47 CST 2023
