32
process will start at : 
Mon Apr  3 23:55:10 CST 2023
++++++++++++++++++++++++++++++++++++++++
Load GaoDataSet from dataset/HouTrain.csv ... done (1032 lines, 16.427 seconds) 
Load GaoDataSet from dataset/HouValid.csv ... done (129 lines, 1.738 seconds) 
# of training graphs/labels:      1031
# of Validing graphs/labels:      128
>>> Training of the Model >>>
Start at:  Mon Apr  3 23:58:59 2023
PID:       142466
Learning rate:               1E-03
Batch size:                  32
Maximum epochs:              500
Output frequency:            1
Device:                      cpu
--------------------------------------------------------------------------------------------------------------------------------------------------------------------------------------------------------
     Epoch       TrainLoss        TrainMAE       TrainRMSE         TrainR2         TrainCC       ValidLoss        ValidMAE       ValidRMSE         ValidR2         ValidCC         Time(s)
--------------------------------------------------------------------------------------------------------------------------------------------------------------------------------------------------------
         0           7.260           4.531           6.113         -11.136           0.174           5.714           4.278           5.400          -3.142           0.200          15.638
         1           4.458           3.041           3.935          -4.029           0.210           3.786           2.927           3.693          -0.937           0.340          20.126
         2           3.143           2.310           2.981          -1.886           0.319           3.400           2.654           3.342          -0.586           0.388          24.629
         3           2.513           1.909           2.461          -0.967           0.347           2.730           2.131           2.724          -0.054           0.525          29.046
         4           2.060           1.571           1.999          -0.297           0.435           2.547           2.090           2.554           0.074           0.533          33.482
         5           1.712           1.357           1.734           0.024           0.535           2.401           1.933           2.418           0.169           0.599          37.905
         6           1.555           1.245           1.580           0.190           0.553           2.023           1.671           2.062           0.396           0.657          42.325
         7           1.463           1.199           1.514           0.256           0.584           2.208           1.770           2.237           0.289           0.657          46.736
         8           1.402           1.152           1.451           0.316           0.603           2.086           1.671           2.122           0.361           0.701          51.159
         9           1.295           1.075           1.354           0.405           0.643           1.865           1.543           1.913           0.480           0.690          55.580
        10           1.220           0.999           1.284           0.464           0.693           1.781           1.469           1.834           0.522           0.801          60.005
        11           1.239           1.001           1.282           0.466           0.683           1.771           1.437           1.824           0.527           0.778          64.466
        12           1.153           0.967           1.224           0.513           0.709           1.661           1.323           1.719           0.580           0.780          68.882
        13           1.150           0.954           1.210           0.525           0.718           1.547           1.289           1.610           0.632           0.829          73.308
        14           1.134           0.943           1.196           0.536           0.721           1.396           1.149           1.466           0.695           0.881          77.805
        15           1.102           0.926           1.174           0.552           0.747           1.420           1.174           1.489           0.685           0.865          82.230
        16           1.095           0.907           1.164           0.560           0.739           1.462           1.192           1.529           0.668           0.851          86.654
        17           1.111           0.927           1.168           0.557           0.733           1.539           1.327           1.603           0.635           0.853          91.161
        18           1.103           0.926           1.171           0.555           0.737           1.328           1.094           1.400           0.722           0.862          95.598
        19           1.060           0.883           1.120           0.593           0.756           1.253           1.088           1.328           0.750           0.885         100.033
        20           1.088           0.909           1.158           0.565           0.750           1.483           1.235           1.549           0.659           0.859         104.474
        21           1.057           0.889           1.126           0.588           0.759           1.354           1.154           1.425           0.712           0.879         108.906
        22           1.068           0.898           1.139           0.579           0.751           1.304           1.094           1.377           0.731           0.869         113.338
        23           1.049           0.873           1.104           0.604           0.770           1.345           1.052           1.416           0.715           0.869         117.766
        24           1.038           0.882           1.110           0.600           0.760           1.169           1.016           1.247           0.779           0.895         122.209
        25           1.012           0.855           1.084           0.619           0.776           1.227           1.045           1.303           0.759           0.879         126.643
        26           1.009           0.849           1.075           0.625           0.774           1.067           0.946           1.148           0.813           0.907         131.081
        27           0.980           0.837           1.063           0.633           0.784           1.276           1.062           1.350           0.741           0.877         135.596
        28           1.012           0.853           1.086           0.617           0.777           1.290           1.038           1.364           0.736           0.848         140.030
        29           1.002           0.845           1.069           0.629           0.781           1.060           0.957           1.142           0.815           0.910         144.511
        30           0.994           0.832           1.060           0.635           0.792           1.201           1.019           1.277           0.768           0.883         148.949
        31           0.990           0.836           1.063           0.633           0.789           1.176           0.980           1.254           0.777           0.887         153.389
        32           0.969           0.815           1.037           0.651           0.797           1.029           0.919           1.112           0.824           0.918         157.828
        33           0.979           0.822           1.045           0.645           0.791           1.125           0.902           1.204           0.794           0.919         162.256
        34           0.974           0.821           1.046           0.645           0.793           1.206           0.983           1.283           0.766           0.909         166.702
        35           0.982           0.824           1.052           0.640           0.793           1.024           0.884           1.106           0.826           0.928         171.147
        36           0.969           0.829           1.045           0.645           0.793           1.058           0.914           1.140           0.816           0.911         175.677
        37           0.998           0.838           1.062           0.633           0.790           1.022           0.904           1.105           0.827           0.915         180.110
        38           0.978           0.823           1.035           0.652           0.802           1.145           0.988           1.224           0.787           0.914         184.555
        39           0.977           0.822           1.055           0.638           0.797           1.172           1.001           1.250           0.778           0.912         188.996
        40           0.958           0.807           1.022           0.661           0.807           1.169           0.991           1.247           0.779           0.906         193.432
        41           0.949           0.783           1.016           0.665           0.809           0.994           0.850           1.077           0.835           0.933         197.935
        42           0.912           0.782           0.990           0.682           0.814           0.949           0.839           1.034           0.848           0.926         202.411
        43           0.926           0.789           1.003           0.673           0.809           1.082           0.959           1.163           0.808           0.908         206.847
        44           0.944           0.802           1.025           0.659           0.806           1.138           0.974           1.217           0.790           0.912         211.277
        45           0.954           0.806           1.027           0.658           0.799           1.108           0.927           1.188           0.800           0.914         215.715
        46           0.939           0.795           1.018           0.663           0.812           0.962           0.834           1.046           0.845           0.922         220.154
        47           0.960           0.802           1.020           0.662           0.807           1.074           0.924           1.155           0.811           0.917         224.607
        48           0.948           0.790           1.019           0.663           0.817           1.250           1.064           1.325           0.751           0.917         229.071
        49           0.952           0.802           1.021           0.661           0.803           1.086           0.921           1.167           0.807           0.916         233.532
        50           0.929           0.800           1.009           0.670           0.818           0.934           0.823           1.019           0.853           0.930         238.003
        51           0.926           0.779           1.003           0.674           0.810           1.075           0.918           1.156           0.810           0.910         242.454
        52           0.929           0.787           1.002           0.674           0.811           0.990           0.863           1.074           0.836           0.929         246.907
        53           0.907           0.761           0.969           0.695           0.831           0.916           0.774           1.001           0.858           0.931         251.365
        54           0.919           0.773           0.994           0.679           0.818           0.983           0.844           1.066           0.838           0.933         255.954
        55           0.914           0.778           0.986           0.684           0.819           0.906           0.788           0.992           0.860           0.936         260.413
        56           0.941           0.803           1.005           0.672           0.808           0.924           0.802           1.010           0.855           0.927         264.870
        57           0.913           0.777           0.988           0.683           0.819           0.956           0.850           1.041           0.846           0.926         269.325
        58           0.926           0.788           1.007           0.671           0.815           0.890           0.772           0.976           0.865           0.931         273.783
        59           0.894           0.761           0.971           0.694           0.820           1.013           0.847           1.096           0.829           0.933         278.263
        60           0.906           0.767           0.980           0.688           0.828           0.945           0.864           1.030           0.849           0.928         282.733
        61           0.910           0.779           0.989           0.682           0.818           0.991           0.867           1.074           0.836           0.927         287.209
        62           0.910           0.764           0.981           0.687           0.830           1.006           0.877           1.089           0.831           0.923         291.675
        63           0.911           0.764           0.986           0.684           0.823           0.954           0.861           1.038           0.847           0.922         296.153
        64           0.920           0.792           0.994           0.679           0.814           1.023           0.919           1.106           0.826           0.936         300.629
        65           0.918           0.777           0.994           0.679           0.823           0.865           0.770           0.952           0.871           0.949         305.109
        66           0.895           0.758           0.967           0.696           0.830           0.937           0.806           1.022           0.852           0.930         309.581
        67           0.901           0.777           0.984           0.685           0.830           0.960           0.862           1.044           0.845           0.935         314.053
        68           0.910           0.762           0.977           0.690           0.826           1.023           0.865           1.106           0.826           0.915         318.567
        69           0.911           0.776           0.983           0.686           0.830           0.924           0.805           1.010           0.855           0.933         323.086
        70           0.885           0.752           0.956           0.703           0.826           0.998           0.869           1.081           0.834           0.932         327.555
        71           0.914           0.779           0.983           0.686           0.825           0.979           0.862           1.063           0.839           0.943         332.021
        72           0.897           0.767           0.974           0.692           0.830           0.899           0.756           0.985           0.862           0.949         336.575
        73           0.904           0.764           0.968           0.696           0.824           0.928           0.791           1.013           0.854           0.930         341.053
        74           0.903           0.769           0.986           0.684           0.823           0.899           0.820           0.985           0.862           0.933         345.542
        75           0.866           0.737           0.941           0.712           0.839           0.901           0.795           0.987           0.862           0.938         350.022
        76           0.898           0.761           0.971           0.694           0.826           0.903           0.811           0.989           0.861           0.943         354.506
        77           0.873           0.749           0.950           0.707           0.837           0.908           0.822           0.994           0.860           0.945         358.990
        78           0.877           0.750           0.956           0.703           0.829           0.958           0.847           1.042           0.846           0.933         363.481
        79           0.896           0.754           0.968           0.696           0.829           0.899           0.782           0.985           0.862           0.941         367.965
        80           0.911           0.769           0.980           0.688           0.829           0.912           0.793           0.998           0.859           0.930         372.449
        81           0.868           0.743           0.941           0.713           0.841           0.802           0.695           0.891           0.887           0.945         376.943
        82           0.865           0.738           0.943           0.711           0.837           0.884           0.757           0.971           0.866           0.930         381.419
        83           0.880           0.739           0.947           0.709           0.836           0.989           0.808           1.073           0.836           0.943         385.883
        84           0.865           0.747           0.946           0.709           0.835           0.895           0.793           0.982           0.863           0.942         390.348
        85           0.864           0.742           0.944           0.711           0.839           0.920           0.838           1.005           0.856           0.936         394.813
        86           0.859           0.730           0.938           0.714           0.842           0.866           0.779           0.953           0.871           0.943         399.275
        87           0.879           0.740           0.947           0.708           0.834           0.884           0.768           0.971           0.866           0.943         403.743
        88           0.885           0.750           0.959           0.702           0.838           0.780           0.707           0.869           0.893           0.950         408.210
        89           0.877           0.741           0.941           0.713           0.838           0.935           0.822           1.020           0.852           0.938         412.682
        90           0.867           0.744           0.949           0.707           0.834           0.872           0.730           0.959           0.869           0.946         417.204
        91           0.878           0.737           0.950           0.707           0.847           0.820           0.743           0.908           0.883           0.949         421.671
        92           0.842           0.712           0.907           0.733           0.851           0.821           0.740           0.909           0.883           0.935         426.136
        93           0.840           0.731           0.926           0.721           0.846           0.755           0.704           0.845           0.899           0.950         430.596
        94           0.858           0.733           0.933           0.717           0.841           0.794           0.708           0.883           0.889           0.947         435.085
        95           0.856           0.729           0.932           0.718           0.842           0.779           0.695           0.869           0.893           0.947         439.545
        96           0.863           0.740           0.939           0.713           0.841           0.852           0.724           0.939           0.875           0.943         444.068
        97           0.864           0.740           0.941           0.712           0.848           0.849           0.733           0.937           0.875           0.936         448.542
        98           0.828           0.712           0.910           0.731           0.854           0.853           0.744           0.941           0.874           0.946         453.020
        99           0.859           0.726           0.934           0.717           0.840           0.882           0.790           0.968           0.867           0.936         457.491
       100           0.829           0.713           0.908           0.732           0.855           0.782           0.705           0.871           0.892           0.954         461.964
       101           0.856           0.739           0.934           0.717           0.839           0.851           0.744           0.939           0.875           0.945         466.433
       102           0.834           0.715           0.912           0.730           0.852           0.699           0.633           0.790           0.911           0.957         470.912
       103           0.877           0.734           0.938           0.714           0.848           0.830           0.722           0.918           0.880           0.939         475.380
       104           0.840           0.718           0.913           0.729           0.848           0.810           0.728           0.899           0.885           0.947         479.856
       105           0.874           0.751           0.954           0.704           0.839           0.873           0.770           0.960           0.869           0.935         484.325
       106           0.833           0.717           0.909           0.731           0.855           0.891           0.782           0.977           0.864           0.945         488.797
       107           0.828           0.715           0.903           0.735           0.859           0.784           0.691           0.873           0.892           0.943         493.267
       108           0.845           0.740           0.936           0.715           0.837           0.797           0.698           0.886           0.889           0.949         497.805
       109           0.819           0.707           0.896           0.739           0.859           0.796           0.710           0.885           0.889           0.951         502.382
       110           0.838           0.727           0.919           0.726           0.850           0.803           0.709           0.892           0.887           0.941         506.860
       111           0.794           0.688           0.875           0.751           0.860           0.732           0.679           0.822           0.904           0.953         511.334
       112           0.860           0.739           0.939           0.714           0.838           0.813           0.730           0.901           0.885           0.940         515.801
       113           0.830           0.717           0.907           0.733           0.850           0.850           0.716           0.937           0.875           0.942         520.266
       114           0.835           0.713           0.911           0.731           0.851           0.842           0.756           0.930           0.877           0.938         524.735
       115           0.836           0.714           0.923           0.723           0.853           0.866           0.761           0.953           0.871           0.946         529.202
       116           0.812           0.696           0.888           0.744           0.859           0.799           0.703           0.887           0.888           0.950         533.667
       117           0.843           0.728           0.926           0.721           0.848           0.861           0.745           0.948           0.872           0.937         538.140
       118           0.847           0.722           0.914           0.729           0.852           0.769           0.651           0.858           0.895           0.956         542.603
       119           0.795           0.693           0.873           0.753           0.860           0.901           0.791           0.987           0.862           0.937         547.078
       120           0.833           0.707           0.912           0.730           0.854           0.863           0.752           0.950           0.872           0.939         551.543
       121           0.822           0.698           0.894           0.740           0.857           0.727           0.638           0.817           0.905           0.955         556.087
       122           0.800           0.698           0.884           0.746           0.861           0.867           0.751           0.954           0.871           0.937         560.550
       123           0.823           0.701           0.895           0.740           0.861           0.750           0.679           0.840           0.900           0.953         564.943
       124           0.825           0.710           0.894           0.740           0.852           0.783           0.716           0.872           0.892           0.955         569.337
       125           0.827           0.720           0.909           0.732           0.857           0.758           0.662           0.848           0.898           0.947         573.727
       126           0.814           0.692           0.885           0.746           0.866           0.676           0.608           0.768           0.916           0.960         578.119
       127           0.829           0.717           0.906           0.734           0.855           0.859           0.762           0.946           0.873           0.939         582.523
       128           0.820           0.708           0.897           0.739           0.853           0.832           0.721           0.920           0.880           0.946         586.998
       129           0.869           0.727           0.927           0.721           0.847           0.745           0.683           0.835           0.901           0.951         591.398
       130           0.806           0.696           0.887           0.745           0.860           0.715           0.646           0.806           0.908           0.952         595.796
       131           0.845           0.716           0.916           0.728           0.852           0.818           0.714           0.906           0.883           0.949         600.195
       132           0.802           0.694           0.878           0.750           0.863           0.805           0.686           0.894           0.886           0.947         604.589
       133           0.799           0.692           0.873           0.752           0.864           0.753           0.677           0.843           0.899           0.949         608.983
       134           0.822           0.703           0.899           0.737           0.860           0.796           0.717           0.885           0.889           0.946         613.386
       135           0.831           0.715           0.905           0.734           0.850           0.794           0.707           0.883           0.889           0.946         617.850
       136           0.803           0.688           0.879           0.749           0.864           0.818           0.739           0.907           0.883           0.942         622.286
       137           0.793           0.688           0.880           0.749           0.864           0.814           0.698           0.902           0.884           0.947         626.684
       138           0.814           0.695           0.889           0.743           0.861           0.775           0.685           0.865           0.894           0.954         631.076
       139           0.798           0.691           0.882           0.748           0.866           0.877           0.768           0.964           0.868           0.934         635.591
       140           0.795           0.695           0.873           0.753           0.862           0.813           0.714           0.902           0.885           0.949         639.982
       141           0.811           0.703           0.893           0.741           0.860           0.829           0.758           0.917           0.881           0.945         644.382
       142           0.808           0.700           0.890           0.743           0.864           0.882           0.749           0.969           0.867           0.939         648.782
       143           0.824           0.710           0.902           0.736           0.858           0.775           0.666           0.865           0.894           0.944         653.182
       144           0.818           0.702           0.894           0.741           0.864           0.774           0.691           0.863           0.894           0.946         657.584
       145           0.803           0.709           0.892           0.741           0.860           0.739           0.651           0.829           0.902           0.954         661.977
       146           0.817           0.707           0.896           0.739           0.865           0.709           0.653           0.799           0.909           0.954         666.435
       147           0.785           0.682           0.871           0.753           0.868           0.817           0.711           0.906           0.883           0.951         670.833
       148           0.815           0.698           0.889           0.743           0.860           0.780           0.685           0.869           0.893           0.947         675.297
       149           0.808           0.696           0.885           0.745           0.865           0.804           0.736           0.893           0.887           0.945         679.700
       150           0.813           0.703           0.889           0.744           0.865           0.787           0.711           0.876           0.891           0.955         684.140
       151           0.813           0.701           0.892           0.741           0.860           0.773           0.683           0.862           0.894           0.946         688.536
       152           0.815           0.703           0.892           0.742           0.859           0.729           0.617           0.819           0.905           0.959         692.937
       153           0.807           0.699           0.886           0.745           0.862           0.791           0.696           0.880           0.890           0.947         697.333
       154           0.812           0.693           0.885           0.745           0.861           0.759           0.641           0.849           0.898           0.952         701.734
       155           0.795           0.685           0.872           0.753           0.870           0.753           0.651           0.843           0.899           0.955         706.131
       156           0.789           0.682           0.870           0.754           0.867           0.786           0.671           0.875           0.891           0.948         710.530
       157           0.827           0.702           0.906           0.734           0.853           0.719           0.638           0.809           0.907           0.952         714.932
       158           0.812           0.704           0.893           0.741           0.864           0.778           0.676           0.867           0.893           0.950         719.329
       159           0.809           0.689           0.879           0.749           0.866           0.755           0.688           0.845           0.899           0.954         723.735
       160           0.821           0.704           0.892           0.742           0.861           0.755           0.664           0.845           0.899           0.954         728.141
       161           0.794           0.694           0.880           0.749           0.869           0.814           0.722           0.903           0.884           0.946         732.534
       162           0.806           0.690           0.878           0.750           0.866           0.629           0.567           0.721           0.926           0.964         737.004
       163           0.843           0.717           0.908           0.732           0.851           0.743           0.662           0.833           0.901           0.949         741.471
       164           0.802           0.684           0.883           0.747           0.864           0.827           0.733           0.915           0.881           0.940         745.984
       165           0.802           0.702           0.880           0.748           0.861           0.746           0.670           0.836           0.901           0.949         750.408
       166           0.789           0.691           0.876           0.751           0.870           0.740           0.645           0.831           0.902           0.957         754.840
       167           0.812           0.706           0.889           0.743           0.862           0.788           0.703           0.877           0.891           0.948         759.264
       168           0.819           0.707           0.892           0.742           0.863           0.811           0.704           0.900           0.885           0.949         763.691
       169           0.789           0.686           0.879           0.749           0.864           0.780           0.688           0.869           0.893           0.949         768.118
       170           0.812           0.700           0.892           0.741           0.861           0.743           0.680           0.834           0.901           0.953         772.549
       171           0.786           0.677           0.866           0.757           0.874           0.793           0.721           0.882           0.890           0.950         776.974
       172           0.804           0.695           0.884           0.746           0.861           0.731           0.639           0.822           0.904           0.953         781.395
       173           0.815           0.704           0.888           0.744           0.860           0.842           0.724           0.930           0.877           0.939         785.817
       174           0.815           0.691           0.885           0.746           0.864           0.782           0.687           0.871           0.892           0.949         790.244
       175           0.813           0.703           0.899           0.737           0.859           0.711           0.652           0.802           0.909           0.959         794.663
       176           0.776           0.673           0.861           0.759           0.872           0.740           0.652           0.830           0.902           0.950         799.163
       177           0.783           0.676           0.858           0.761           0.870           0.874           0.775           0.961           0.869           0.942         803.632
       178           0.799           0.699           0.884           0.746           0.862           0.716           0.658           0.807           0.908           0.953         808.054
       179           0.787           0.678           0.864           0.757           0.871           0.853           0.762           0.941           0.874           0.934         812.476
       180           0.785           0.677           0.870           0.754           0.869           0.787           0.703           0.877           0.891           0.948         816.894
       181           0.803           0.693           0.880           0.749           0.867           0.799           0.668           0.888           0.888           0.948         821.323
       182           0.793           0.682           0.867           0.756           0.868           0.729           0.664           0.820           0.905           0.952         825.746
       183           0.780           0.679           0.863           0.758           0.865           0.738           0.655           0.828           0.903           0.954         830.231
       184           0.799           0.699           0.873           0.752           0.868           0.710           0.668           0.801           0.909           0.955         834.660
       185           0.799           0.683           0.875           0.752           0.863           0.820           0.714           0.908           0.883           0.948         839.087
       186           0.810           0.690           0.883           0.747           0.862           0.746           0.659           0.836           0.901           0.951         843.518
       187           0.784           0.684           0.866           0.757           0.867           0.774           0.671           0.863           0.894           0.952         847.939
       188           0.801           0.685           0.876           0.751           0.862           0.796           0.697           0.885           0.889           0.948         852.368
       189           0.788           0.684           0.865           0.757           0.868           0.710           0.646           0.801           0.909           0.953         856.867
       190           0.786           0.685           0.867           0.756           0.867           0.815           0.704           0.903           0.884           0.948         861.337
       191           0.773           0.670           0.847           0.767           0.872           0.761           0.685           0.851           0.897           0.953         865.757
       192           0.812           0.698           0.892           0.742           0.865           0.850           0.728           0.937           0.875           0.944         870.174
       193           0.812           0.697           0.888           0.744           0.860           0.705           0.663           0.796           0.910           0.960         874.593
       194           0.810           0.703           0.880           0.748           0.860           0.768           0.680           0.858           0.896           0.950         879.000
       195           0.815           0.696           0.891           0.742           0.862           0.709           0.607           0.800           0.909           0.961         883.412
       196           0.819           0.704           0.894           0.740           0.866           0.766           0.689           0.856           0.896           0.944         887.833
       197           0.813           0.703           0.896           0.740           0.861           0.771           0.682           0.860           0.895           0.954         892.248
       198           0.803           0.693           0.882           0.747           0.862           0.690           0.626           0.781           0.913           0.960         896.679
       199           0.798           0.692           0.874           0.752           0.867           0.830           0.756           0.918           0.880           0.945         901.094
       200           0.796           0.696           0.882           0.747           0.861           0.730           0.642           0.821           0.904           0.960         905.522
       201           0.804           0.689           0.878           0.750           0.865           0.809           0.712           0.897           0.886           0.943         910.005
       202           0.774           0.679           0.858           0.761           0.877           0.784           0.678           0.873           0.892           0.947         914.436
       203           0.800           0.680           0.871           0.754           0.865           0.799           0.708           0.888           0.888           0.946         918.926
       204           0.809           0.696           0.884           0.746           0.864           0.889           0.789           0.976           0.865           0.929         923.381
       205           0.806           0.697           0.882           0.747           0.865           0.741           0.653           0.832           0.902           0.953         927.812
       206           0.783           0.671           0.868           0.755           0.871           0.861           0.771           0.948           0.872           0.937         932.234
       207           0.781           0.686           0.859           0.760           0.869           0.717           0.633           0.807           0.907           0.956         936.676
       208           0.821           0.713           0.904           0.735           0.855           0.772           0.673           0.861           0.895           0.955         941.094
       209           0.771           0.676           0.856           0.762           0.877           0.741           0.629           0.832           0.902           0.947         945.526
       210           0.812           0.703           0.890           0.743           0.859           0.755           0.650           0.845           0.899           0.948         949.950
       211           0.792           0.684           0.872           0.753           0.875           0.757           0.667           0.847           0.898           0.948         954.369
       212           0.803           0.691           0.886           0.745           0.862           0.799           0.703           0.887           0.888           0.947         958.803
       213           0.799           0.684           0.871           0.754           0.869           0.757           0.648           0.847           0.898           0.953         963.226
       214           0.822           0.709           0.896           0.739           0.856           0.805           0.713           0.894           0.887           0.944         967.653
       215           0.782           0.677           0.871           0.754           0.864           0.738           0.659           0.828           0.903           0.955         972.072
       216           0.784           0.677           0.860           0.760           0.870           0.782           0.687           0.871           0.892           0.946         976.567
       217           0.804           0.693           0.876           0.751           0.869           0.795           0.716           0.884           0.889           0.954         980.999
       218           0.776           0.665           0.858           0.761           0.881           0.651           0.580           0.743           0.922           0.961         985.425
       219           0.793           0.690           0.873           0.753           0.861           0.797           0.711           0.885           0.889           0.950         989.865
       220           0.796           0.675           0.870           0.754           0.871           0.723           0.658           0.814           0.906           0.956         994.369
       221           0.797           0.687           0.878           0.750           0.865           0.789           0.697           0.878           0.891           0.950         998.802
       222           0.813           0.692           0.884           0.746           0.864           0.832           0.740           0.920           0.880           0.941        1003.230
       223           0.810           0.694           0.881           0.748           0.864           0.787           0.681           0.876           0.891           0.946        1007.657
       224           0.778           0.680           0.861           0.759           0.870           0.848           0.764           0.935           0.876           0.939        1012.090
       225           0.800           0.678           0.870           0.754           0.872           0.812           0.720           0.900           0.885           0.939        1016.511
       226           0.798           0.696           0.883           0.747           0.862           0.740           0.654           0.830           0.902           0.949        1020.935
       227           0.792           0.687           0.873           0.752           0.867           0.730           0.646           0.821           0.904           0.956        1025.356
       228           0.825           0.709           0.901           0.736           0.861           0.761           0.661           0.851           0.897           0.948        1029.780
       229           0.798           0.689           0.883           0.747           0.868           0.842           0.737           0.929           0.877           0.943        1034.214
       230           0.791           0.680           0.868           0.756           0.867           0.862           0.751           0.949           0.872           0.934        1038.663
       231           0.784           0.676           0.864           0.758           0.869           0.775           0.681           0.865           0.894           0.955        1043.126
       232           0.783           0.675           0.855           0.763           0.871           0.686           0.612           0.778           0.914           0.961        1047.546
       233           0.800           0.690           0.872           0.753           0.869           0.835           0.701           0.922           0.879           0.940        1051.975
       234           0.838           0.705           0.892           0.742           0.862           0.770           0.662           0.859           0.895           0.951        1056.402
       235           0.794           0.689           0.882           0.747           0.867           0.775           0.704           0.864           0.894           0.952        1060.834
       236           0.786           0.673           0.867           0.756           0.873           0.790           0.702           0.879           0.890           0.949        1065.263
       237           0.804           0.701           0.894           0.740           0.863           0.739           0.666           0.830           0.902           0.957        1069.698
       238           0.778           0.676           0.865           0.757           0.873           0.863           0.707           0.950           0.872           0.949        1074.192
       239           0.822           0.711           0.906           0.733           0.859           0.784           0.696           0.873           0.892           0.946        1078.618
       240           0.817           0.691           0.891           0.742           0.860           0.816           0.728           0.904           0.884           0.949        1083.049
       241           0.798           0.693           0.876           0.751           0.863           0.776           0.672           0.865           0.894           0.952        1087.477
       242           0.787           0.684           0.867           0.756           0.870           0.742           0.667           0.833           0.902           0.951        1091.902
       243           0.782           0.680           0.860           0.760           0.875           0.790           0.690           0.879           0.890           0.945        1096.400
       244           0.804           0.692           0.882           0.747           0.864           0.788           0.715           0.877           0.891           0.947        1100.867
       245           0.781           0.683           0.864           0.758           0.871           0.745           0.658           0.835           0.901           0.953        1105.297
       246           0.799           0.689           0.874           0.752           0.865           0.858           0.746           0.946           0.873           0.935        1109.717
       247           0.766           0.658           0.844           0.769           0.877           0.725           0.635           0.815           0.906           0.962        1114.149
       248           0.794           0.683           0.873           0.753           0.869           0.695           0.614           0.786           0.912           0.957        1118.578
       249           0.787           0.679           0.858           0.761           0.874           0.694           0.612           0.785           0.912           0.957        1123.004
       250           0.779           0.686           0.867           0.756           0.866           0.777           0.710           0.866           0.893           0.951        1127.434
       251           0.797           0.694           0.882           0.747           0.867           0.769           0.677           0.858           0.895           0.949        1131.855
       252           0.799           0.685           0.876           0.751           0.864           0.845           0.754           0.932           0.877           0.940        1136.283
       253           0.810           0.695           0.884           0.746           0.866           0.731           0.675           0.821           0.904           0.950        1140.710
       254           0.792           0.690           0.873           0.752           0.873           0.741           0.671           0.832           0.902           0.950        1145.135
       255           0.796           0.686           0.881           0.748           0.865           0.698           0.628           0.789           0.912           0.959        1149.572
       256           0.804           0.689           0.879           0.749           0.865           0.787           0.694           0.876           0.891           0.946        1153.999
       257           0.784           0.677           0.861           0.759           0.871           0.792           0.711           0.881           0.890           0.946        1158.543
       258           0.783           0.675           0.861           0.759           0.868           0.731           0.649           0.821           0.904           0.959        1163.010
       259           0.789           0.691           0.866           0.756           0.864           0.801           0.711           0.890           0.888           0.947        1167.439
       260           0.795           0.698           0.881           0.748           0.863           0.705           0.619           0.796           0.910           0.957        1171.866
       261           0.812           0.701           0.893           0.741           0.862           0.766           0.697           0.856           0.896           0.951        1176.299
       262           0.798           0.688           0.875           0.751           0.868           0.737           0.659           0.827           0.903           0.948        1180.729
       263           0.809           0.692           0.890           0.743           0.862           0.801           0.711           0.890           0.887           0.945        1185.157
       264           0.799           0.690           0.879           0.749           0.867           0.772           0.694           0.861           0.895           0.944        1189.582
       265           0.800           0.687           0.872           0.753           0.867           0.786           0.705           0.875           0.891           0.950        1194.011
       266           0.786           0.681           0.867           0.756           0.869           0.764           0.648           0.853           0.897           0.948        1198.436
       267           0.795           0.680           0.873           0.753           0.867           0.787           0.676           0.876           0.891           0.944        1202.876
       268           0.807           0.696           0.886           0.745           0.864           0.809           0.725           0.897           0.886           0.944        1207.299
       269           0.802           0.693           0.870           0.754           0.868           0.825           0.745           0.913           0.882           0.946        1211.730
       270           0.797           0.682           0.876           0.751           0.869           0.758           0.667           0.848           0.898           0.948        1216.210
       271           0.804           0.687           0.879           0.749           0.866           0.810           0.715           0.899           0.885           0.950        1220.677
       272           0.821           0.707           0.894           0.740           0.861           0.712           0.632           0.803           0.908           0.953        1225.101
       273           0.802           0.682           0.878           0.750           0.868           0.811           0.723           0.899           0.885           0.942        1229.523
       274           0.780           0.671           0.865           0.757           0.871           0.747           0.659           0.837           0.901           0.955        1233.959
       275           0.780           0.680           0.864           0.758           0.869           0.734           0.649           0.825           0.903           0.954        1238.442
       276           0.808           0.698           0.887           0.744           0.866           0.788           0.713           0.878           0.891           0.947        1242.873
       277           0.790           0.680           0.869           0.755           0.871           0.776           0.691           0.865           0.894           0.941        1247.292
       278           0.809           0.693           0.883           0.747           0.863           0.796           0.706           0.885           0.889           0.947        1251.721
       279           0.791           0.690           0.877           0.750           0.870           0.763           0.671           0.853           0.897           0.953        1256.148
       280           0.773           0.672           0.859           0.760           0.878           0.757           0.658           0.846           0.898           0.953        1260.569
       281           0.785           0.679           0.874           0.752           0.870           0.792           0.703           0.881           0.890           0.948        1264.999
       282           0.800           0.685           0.877           0.750           0.867           0.726           0.611           0.817           0.905           0.953        1269.426
       283           0.784           0.683           0.862           0.759           0.867           0.778           0.674           0.867           0.893           0.945        1273.854
       284           0.779           0.684           0.865           0.757           0.867           0.845           0.735           0.933           0.876           0.942        1278.310
       285           0.800           0.699           0.879           0.749           0.867           0.764           0.656           0.854           0.897           0.956        1282.757
       286           0.786           0.681           0.867           0.756           0.870           0.777           0.679           0.866           0.893           0.947        1287.160
       287           0.814           0.687           0.882           0.747           0.866           0.791           0.703           0.880           0.890           0.943        1291.560
       288           0.771           0.674           0.858           0.761           0.873           0.763           0.690           0.852           0.897           0.951        1295.971
       289           0.792           0.681           0.870           0.754           0.869           0.808           0.689           0.897           0.886           0.943        1300.371
       290           0.809           0.692           0.883           0.747           0.867           0.717           0.645           0.808           0.907           0.955        1304.771
       291           0.806           0.703           0.888           0.744           0.865           0.797           0.701           0.886           0.889           0.943        1309.174
       292           0.807           0.703           0.879           0.749           0.865           0.832           0.748           0.920           0.880           0.944        1313.579
       293           0.790           0.676           0.862           0.759           0.865           0.735           0.631           0.825           0.903           0.957        1317.978
       294           0.789           0.688           0.864           0.757           0.872           0.746           0.664           0.836           0.901           0.951        1322.451
       295           0.804           0.695           0.881           0.748           0.863           0.873           0.787           0.960           0.869           0.937        1326.868
       296           0.783           0.681           0.869           0.755           0.869           0.834           0.735           0.922           0.879           0.947        1331.282
       297           0.790           0.678           0.865           0.757           0.866           0.717           0.624           0.808           0.907           0.956        1335.759
       298           0.786           0.677           0.860           0.760           0.871           0.829           0.733           0.917           0.880           0.947        1340.173
       299           0.789           0.682           0.869           0.755           0.867           0.786           0.686           0.875           0.891           0.946        1344.616
       300           0.783           0.689           0.867           0.756           0.866           0.733           0.629           0.823           0.904           0.953        1349.023
       301           0.817           0.688           0.889           0.743           0.865           0.764           0.672           0.854           0.896           0.948        1353.438
       302           0.805           0.686           0.885           0.746           0.865           0.726           0.636           0.816           0.905           0.951        1357.850
       303           0.814           0.707           0.889           0.743           0.865           0.793           0.694           0.882           0.889           0.955        1362.258
       304           0.791           0.678           0.869           0.755           0.870           0.801           0.722           0.890           0.887           0.947        1366.666
       305           0.765           0.671           0.849           0.766           0.876           0.713           0.653           0.804           0.908           0.954        1371.077
       306           0.787           0.673           0.861           0.759           0.874           0.744           0.657           0.834           0.901           0.952        1375.484
       307           0.778           0.678           0.861           0.759           0.869           0.696           0.608           0.787           0.912           0.961        1379.888
       308           0.793           0.681           0.873           0.752           0.866           0.704           0.638           0.795           0.910           0.952        1384.295
       309           0.808           0.700           0.886           0.745           0.866           0.636           0.582           0.728           0.925           0.966        1388.701
       310           0.784           0.675           0.854           0.763           0.874           0.749           0.643           0.839           0.900           0.950        1393.103
       311           0.775           0.674           0.857           0.761           0.870           0.746           0.696           0.836           0.901           0.954        1397.575
       312           0.788           0.688           0.875           0.751           0.865           0.742           0.618           0.832           0.902           0.958        1402.092
       313           0.794           0.680           0.866           0.757           0.871           0.768           0.685           0.858           0.896           0.954        1406.510
       314           0.802           0.696           0.886           0.745           0.867           0.723           0.652           0.813           0.906           0.958        1410.916
       315           0.769           0.678           0.852           0.764           0.872           0.773           0.687           0.863           0.894           0.950        1415.328
       316           0.778           0.681           0.865           0.757           0.871           0.796           0.714           0.885           0.889           0.947        1419.735
       317           0.767           0.661           0.850           0.766           0.873           0.869           0.732           0.956           0.870           0.933        1424.140
       318           0.776           0.676           0.860           0.760           0.872           0.728           0.623           0.819           0.905           0.959        1428.552
       319           0.789           0.681           0.869           0.755           0.867           0.805           0.696           0.894           0.887           0.942        1432.971
       320           0.786           0.683           0.872           0.753           0.871           0.792           0.702           0.881           0.890           0.942        1437.384
       321           0.810           0.708           0.894           0.740           0.856           0.688           0.596           0.779           0.914           0.960        1441.798
       322           0.793           0.679           0.872           0.753           0.866           0.809           0.691           0.897           0.886           0.945        1446.211
       323           0.821           0.704           0.896           0.739           0.858           0.778           0.676           0.867           0.893           0.950        1450.633
       324           0.772           0.681           0.859           0.760           0.871           0.747           0.678           0.838           0.900           0.952        1455.046
       325           0.784           0.684           0.865           0.757           0.872           0.722           0.644           0.812           0.906           0.952        1459.495
       326           0.831           0.703           0.898           0.738           0.859           0.769           0.674           0.859           0.895           0.948        1463.938
       327           0.806           0.688           0.876           0.751           0.872           0.764           0.656           0.854           0.896           0.954        1468.357
       328           0.779           0.678           0.863           0.758           0.872           0.800           0.704           0.889           0.888           0.941        1472.778
       329           0.778           0.675           0.861           0.759           0.871           0.890           0.795           0.976           0.865           0.929        1477.192
       330           0.787           0.685           0.861           0.759           0.868           0.788           0.685           0.877           0.891           0.943        1481.612
       331           0.807           0.690           0.880           0.748           0.865           0.784           0.703           0.873           0.892           0.953        1486.086
       332           0.797           0.680           0.873           0.753           0.870           0.773           0.652           0.863           0.894           0.954        1490.492
       333           0.756           0.664           0.849           0.766           0.874           0.696           0.621           0.787           0.912           0.962        1494.911
       334           0.776           0.678           0.857           0.762           0.871           0.747           0.648           0.837           0.900           0.951        1499.324
       335           0.781           0.681           0.862           0.759           0.871           0.751           0.674           0.841           0.899           0.952        1503.736
       336           0.798           0.691           0.880           0.748           0.859           0.779           0.699           0.868           0.893           0.942        1508.143
       337           0.775           0.666           0.850           0.765           0.876           0.841           0.753           0.929           0.878           0.941        1512.552
       338           0.768           0.670           0.852           0.764           0.877           0.748           0.662           0.838           0.900           0.955        1516.983
       339           0.793           0.695           0.883           0.747           0.867           0.758           0.665           0.848           0.898           0.950        1521.432
       340           0.780           0.681           0.864           0.758           0.866           0.846           0.737           0.934           0.876           0.942        1525.848
       341           0.774           0.670           0.858           0.761           0.876           0.729           0.654           0.820           0.905           0.954        1530.261
       342           0.781           0.678           0.864           0.757           0.869           0.733           0.659           0.823           0.904           0.950        1534.669
       343           0.792           0.692           0.879           0.749           0.861           0.752           0.659           0.842           0.899           0.957        1539.080
       344           0.806           0.693           0.882           0.747           0.863           0.732           0.636           0.823           0.904           0.956        1543.490
       345           0.759           0.658           0.837           0.772           0.874           0.739           0.627           0.830           0.902           0.960        1547.899
       346           0.787           0.672           0.865           0.757           0.870           0.872           0.766           0.959           0.869           0.936        1552.313
       347           0.799           0.689           0.873           0.753           0.864           0.727           0.653           0.817           0.905           0.955        1556.722
       348           0.804           0.704           0.887           0.745           0.866           0.796           0.683           0.885           0.889           0.945        1561.140
       349           0.769           0.665           0.846           0.768           0.876           0.672           0.596           0.764           0.917           0.963        1565.610
       350           0.788           0.682           0.865           0.757           0.869           0.807           0.686           0.896           0.886           0.941        1570.032
       351           0.781           0.675           0.859           0.760           0.869           0.759           0.681           0.849           0.898           0.954        1574.441
       352           0.794           0.695           0.875           0.752           0.862           0.746           0.654           0.836           0.901           0.950        1578.904
       353           0.771           0.659           0.855           0.763           0.870           0.820           0.687           0.908           0.883           0.945        1583.355
       354           0.796           0.691           0.877           0.750           0.866           0.803           0.708           0.891           0.887           0.949        1587.754
       355           0.791           0.687           0.867           0.756           0.869           0.807           0.693           0.895           0.886           0.938        1592.154
       356           0.778           0.682           0.862           0.759           0.869           0.759           0.667           0.849           0.898           0.959        1596.554
       357           0.796           0.693           0.876           0.751           0.863           0.698           0.621           0.789           0.912           0.963        1600.959
       358           0.814           0.697           0.889           0.743           0.862           0.735           0.664           0.825           0.903           0.954        1605.365
       359           0.811           0.690           0.882           0.748           0.867           0.783           0.724           0.873           0.892           0.949        1609.758
       360           0.810           0.701           0.889           0.743           0.862           0.788           0.702           0.877           0.891           0.941        1614.157
       361           0.799           0.701           0.881           0.748           0.865           0.669           0.616           0.761           0.918           0.961        1618.554
       362           0.773           0.668           0.858           0.761           0.869           0.729           0.653           0.819           0.905           0.957        1622.952
       363           0.795           0.689           0.879           0.749           0.866           0.767           0.671           0.857           0.896           0.955        1627.360
       364           0.784           0.678           0.865           0.757           0.869           0.779           0.695           0.869           0.893           0.941        1631.758
       365           0.786           0.686           0.867           0.756           0.868           0.744           0.663           0.834           0.901           0.950        1636.226
       366           0.796           0.698           0.877           0.751           0.865           0.875           0.737           0.962           0.869           0.945        1640.672
       367           0.789           0.676           0.873           0.752           0.870           0.794           0.699           0.883           0.889           0.943        1645.073
       368           0.780           0.686           0.861           0.760           0.872           0.745           0.648           0.836           0.901           0.953        1649.558
       369           0.796           0.690           0.875           0.751           0.865           0.747           0.647           0.837           0.900           0.959        1653.966
       370           0.798           0.683           0.875           0.751           0.864           0.779           0.680           0.868           0.893           0.943        1658.371
       371           0.779           0.676           0.872           0.753           0.868           0.805           0.687           0.893           0.887           0.937        1662.777
       372           0.796           0.687           0.872           0.753           0.869           0.781           0.687           0.870           0.893           0.955        1667.184
       373           0.807           0.700           0.883           0.747           0.866           0.745           0.683           0.835           0.901           0.953        1671.603
       374           0.775           0.679           0.859           0.760           0.872           0.762           0.678           0.851           0.897           0.950        1676.008
       375           0.781           0.671           0.860           0.760           0.873           0.735           0.653           0.825           0.903           0.950        1680.409
       376           0.794           0.686           0.873           0.753           0.863           0.768           0.679           0.858           0.896           0.955        1684.810
       377           0.786           0.683           0.870           0.754           0.873           0.699           0.643           0.790           0.911           0.953        1689.210
       378           0.785           0.676           0.869           0.755           0.870           0.762           0.652           0.852           0.897           0.958        1693.614
       379           0.776           0.673           0.857           0.762           0.871           0.759           0.668           0.848           0.898           0.950        1698.074
       380           0.819           0.704           0.892           0.741           0.862           0.800           0.699           0.889           0.888           0.949        1702.501
       381           0.785           0.681           0.870           0.754           0.871           0.716           0.645           0.806           0.908           0.954        1706.905
       382           0.783           0.680           0.870           0.754           0.870           0.793           0.706           0.882           0.890           0.944        1711.298
       383           0.809           0.699           0.887           0.745           0.864           0.764           0.678           0.854           0.896           0.946        1715.703
       384           0.775           0.672           0.856           0.762           0.872           0.792           0.704           0.881           0.890           0.945        1720.103
       385           0.790           0.685           0.871           0.754           0.869           0.748           0.681           0.838           0.900           0.949        1724.507
       386           0.803           0.695           0.886           0.745           0.860           0.809           0.710           0.898           0.886           0.947        1728.971
       387           0.792           0.694           0.879           0.749           0.859           0.671           0.608           0.763           0.917           0.960        1733.371
       388           0.799           0.693           0.877           0.750           0.870           0.712           0.651           0.803           0.909           0.955        1737.774
       389           0.809           0.687           0.871           0.754           0.867           0.711           0.642           0.802           0.909           0.953        1742.174
       390           0.766           0.683           0.856           0.762           0.873           0.756           0.672           0.845           0.898           0.949        1746.580
       391           0.785           0.677           0.865           0.757           0.866           0.801           0.672           0.890           0.888           0.954        1750.977
       392           0.799           0.695           0.876           0.751           0.866           0.762           0.656           0.852           0.897           0.949        1755.372
       393           0.800           0.686           0.876           0.751           0.863           0.835           0.744           0.923           0.879           0.946        1759.838
       394           0.788           0.677           0.860           0.760           0.874           0.777           0.663           0.866           0.894           0.952        1764.279
       395           0.770           0.675           0.852           0.764           0.871           0.758           0.647           0.848           0.898           0.957        1768.676
       396           0.792           0.684           0.870           0.754           0.871           0.764           0.660           0.853           0.897           0.955        1773.079
       397           0.804           0.682           0.877           0.750           0.865           0.813           0.729           0.901           0.885           0.949        1777.475
       398           0.807           0.690           0.880           0.749           0.862           0.731           0.646           0.821           0.904           0.955        1781.884
       399           0.773           0.684           0.860           0.760           0.868           0.782           0.694           0.871           0.892           0.949        1786.280
       400           0.784           0.689           0.875           0.751           0.869           0.707           0.627           0.798           0.910           0.955        1790.674
       401           0.784           0.680           0.864           0.758           0.871           0.800           0.694           0.889           0.888           0.943        1795.076
       402           0.775           0.675           0.861           0.759           0.870           0.755           0.664           0.845           0.899           0.951        1799.470
       403           0.809           0.691           0.883           0.747           0.865           0.710           0.621           0.801           0.909           0.956        1803.870
       404           0.803           0.699           0.885           0.746           0.867           0.775           0.709           0.864           0.894           0.945        1808.266
       405           0.792           0.684           0.877           0.750           0.865           0.761           0.700           0.851           0.897           0.954        1812.749
       406           0.814           0.701           0.884           0.746           0.869           0.870           0.766           0.957           0.870           0.940        1817.191
       407           0.802           0.694           0.882           0.748           0.864           0.761           0.656           0.851           0.897           0.949        1821.616
       408           0.793           0.684           0.874           0.752           0.864           0.765           0.684           0.855           0.896           0.949        1826.027
       409           0.791           0.693           0.874           0.752           0.868           0.777           0.678           0.866           0.893           0.948        1830.431
       410           0.802           0.693           0.880           0.749           0.865           0.748           0.658           0.838           0.900           0.952        1834.835
       411           0.782           0.679           0.867           0.756           0.868           0.631           0.578           0.724           0.926           0.960        1839.244
       412           0.786           0.685           0.872           0.753           0.869           0.684           0.605           0.776           0.915           0.959        1843.651
       413           0.789           0.683           0.866           0.756           0.867           0.835           0.690           0.923           0.879           0.940        1848.060
       414           0.777           0.674           0.857           0.762           0.874           0.826           0.694           0.914           0.881           0.947        1852.468
       415           0.785           0.678           0.869           0.755           0.870           0.737           0.675           0.827           0.903           0.949        1856.868
       416           0.783           0.682           0.863           0.758           0.869           0.731           0.674           0.821           0.904           0.952        1861.279
       417           0.814           0.699           0.887           0.744           0.862           0.742           0.655           0.832           0.902           0.952        1865.689
       418           0.765           0.667           0.840           0.771           0.875           0.846           0.731           0.933           0.876           0.937        1870.091
       419           0.798           0.686           0.877           0.751           0.867           0.822           0.722           0.910           0.882           0.939        1874.494
       420           0.824           0.711           0.895           0.740           0.859           0.728           0.662           0.819           0.905           0.952        1878.914
       421           0.798           0.678           0.870           0.754           0.867           0.659           0.609           0.751           0.920           0.961        1883.367
       422           0.767           0.672           0.855           0.763           0.871           0.703           0.614           0.794           0.910           0.958        1887.768
       423           0.798           0.678           0.875           0.752           0.871           0.756           0.664           0.846           0.898           0.948        1892.233
       424           0.793           0.686           0.877           0.750           0.868           0.802           0.694           0.891           0.887           0.949        1896.646
       425           0.790           0.684           0.876           0.751           0.872           0.731           0.681           0.822           0.904           0.949        1901.051
       426           0.773           0.669           0.862           0.759           0.876           0.894           0.733           0.980           0.864           0.944        1905.453
       427           0.800           0.690           0.877           0.750           0.872           0.851           0.763           0.938           0.875           0.932        1909.851
       428           0.781           0.669           0.856           0.762           0.878           0.788           0.704           0.877           0.891           0.949        1914.258
       429           0.818           0.702           0.888           0.744           0.861           0.736           0.651           0.826           0.903           0.957        1918.658
       430           0.779           0.677           0.859           0.760           0.873           0.768           0.676           0.858           0.895           0.949        1923.058
       431           0.773           0.668           0.848           0.767           0.873           0.753           0.668           0.843           0.899           0.952        1927.460
       432           0.809           0.683           0.877           0.750           0.868           0.730           0.637           0.820           0.904           0.953        1931.862
       433           0.765           0.670           0.853           0.764           0.875           0.802           0.725           0.891           0.887           0.944        1936.338
       434           0.795           0.688           0.873           0.752           0.867           0.808           0.708           0.897           0.886           0.944        1940.782
       435           0.806           0.691           0.876           0.751           0.869           0.742           0.662           0.832           0.902           0.950        1945.182
       436           0.804           0.686           0.882           0.747           0.868           0.742           0.638           0.832           0.902           0.949        1949.584
       437           0.779           0.678           0.868           0.756           0.863           0.739           0.642           0.829           0.902           0.944        1953.984
       438           0.794           0.692           0.879           0.749           0.866           0.765           0.674           0.855           0.896           0.950        1958.381
       439           0.786           0.676           0.865           0.757           0.871           0.734           0.645           0.824           0.904           0.950        1962.777
       440           0.802           0.685           0.874           0.752           0.868           0.722           0.621           0.813           0.906           0.952        1967.172
       441           0.785           0.681           0.870           0.754           0.868           0.844           0.719           0.932           0.877           0.947        1971.579
       442           0.788           0.673           0.858           0.761           0.870           0.835           0.723           0.923           0.879           0.948        1976.043
       443           0.801           0.687           0.876           0.751           0.863           0.677           0.599           0.769           0.916           0.955        1980.445
       444           0.782           0.674           0.864           0.758           0.869           0.813           0.698           0.901           0.885           0.949        1984.851
       445           0.807           0.689           0.885           0.746           0.864           0.720           0.644           0.811           0.907           0.953        1989.256
       446           0.784           0.685           0.862           0.759           0.870           0.783           0.646           0.873           0.892           0.955        1993.657
       447           0.799           0.684           0.874           0.752           0.865           0.618           0.551           0.711           0.928           0.962        1998.079
       448           0.786           0.677           0.869           0.755           0.872           0.769           0.693           0.858           0.895           0.953        2002.510
       449           0.800           0.690           0.876           0.751           0.867           0.809           0.677           0.898           0.885           0.953        2006.918
       450           0.794           0.694           0.878           0.750           0.861           0.722           0.661           0.813           0.906           0.955        2011.322
       451           0.781           0.671           0.861           0.759           0.866           0.736           0.646           0.826           0.903           0.951        2015.728
       452           0.764           0.669           0.853           0.764           0.880           0.817           0.708           0.906           0.883           0.946        2020.132
       453           0.789           0.686           0.879           0.749           0.869           0.696           0.634           0.787           0.912           0.956        2024.539
       454           0.787           0.689           0.868           0.755           0.864           0.828           0.741           0.916           0.881           0.939        2028.946
       455           0.796           0.688           0.870           0.754           0.864           0.745           0.702           0.835           0.901           0.953        2033.347
       456           0.785           0.681           0.862           0.759           0.869           0.770           0.660           0.860           0.895           0.955        2037.751
       457           0.767           0.673           0.853           0.764           0.872           0.798           0.723           0.887           0.888           0.941        2042.152
       458           0.797           0.681           0.869           0.755           0.869           0.819           0.694           0.907           0.883           0.952        2046.552
       459           0.806           0.696           0.881           0.748           0.861           0.746           0.655           0.836           0.901           0.951        2050.958
       460           0.774           0.671           0.857           0.761           0.874           0.770           0.667           0.859           0.895           0.951        2055.440
       461           0.773           0.669           0.857           0.761           0.873           0.757           0.639           0.847           0.898           0.953        2059.873
       462           0.775           0.671           0.856           0.762           0.874           0.793           0.711           0.882           0.889           0.941        2064.324
       463           0.798           0.681           0.869           0.755           0.866           0.809           0.734           0.898           0.885           0.945        2068.720
       464           0.797           0.691           0.875           0.751           0.865           0.825           0.719           0.913           0.882           0.943        2073.121
       465           0.803           0.686           0.878           0.750           0.873           0.768           0.696           0.857           0.896           0.954        2077.514
       466           0.778           0.672           0.857           0.761           0.867           0.804           0.713           0.893           0.887           0.948        2081.917
       467           0.793           0.691           0.877           0.750           0.866           0.712           0.653           0.803           0.909           0.954        2086.317
       468           0.809           0.695           0.890           0.743           0.865           0.817           0.735           0.906           0.883           0.953        2090.711
       469           0.783           0.680           0.866           0.757           0.871           0.725           0.638           0.816           0.905           0.953        2095.108
       470           0.790           0.685           0.877           0.750           0.863           0.764           0.652           0.854           0.896           0.950        2099.504
       471           0.793           0.679           0.872           0.753           0.872           0.846           0.759           0.934           0.876           0.941        2103.900
       472           0.819           0.690           0.887           0.744           0.869           0.778           0.688           0.867           0.893           0.948        2108.294
       473           0.776           0.679           0.856           0.762           0.874           0.783           0.688           0.872           0.892           0.945        2112.691
       474           0.778           0.673           0.858           0.761           0.874           0.739           0.653           0.829           0.902           0.954        2117.155
       475           0.817           0.706           0.897           0.739           0.862           0.796           0.698           0.885           0.889           0.954        2121.590
       476           0.812           0.698           0.890           0.742           0.859           0.764           0.656           0.853           0.897           0.952        2125.990
       477           0.794           0.682           0.876           0.751           0.867           0.810           0.698           0.899           0.885           0.949        2130.389
       478           0.786           0.683           0.867           0.756           0.873           0.767           0.680           0.857           0.896           0.949        2134.785
       479           0.794           0.696           0.882           0.747           0.865           0.813           0.673           0.901           0.885           0.950        2139.244
       480           0.787           0.688           0.868           0.755           0.867           0.768           0.661           0.857           0.896           0.945        2143.648
       481           0.792           0.686           0.863           0.758           0.867           0.750           0.645           0.840           0.900           0.959        2148.050
       482           0.810           0.699           0.885           0.746           0.860           0.750           0.663           0.840           0.900           0.951        2152.452
       483           0.785           0.674           0.871           0.754           0.870           0.767           0.680           0.856           0.896           0.953        2156.853
       484           0.806           0.699           0.884           0.746           0.860           0.792           0.658           0.881           0.890           0.948        2161.253
       485           0.783           0.675           0.864           0.758           0.869           0.797           0.730           0.886           0.889           0.940        2165.654
       486           0.797           0.680           0.875           0.752           0.864           0.807           0.688           0.896           0.886           0.948        2170.052
       487           0.776           0.676           0.859           0.760           0.874           0.775           0.704           0.864           0.894           0.945        2174.448
       488           0.796           0.682           0.866           0.756           0.874           0.711           0.628           0.802           0.909           0.955        2178.873
       489           0.795           0.683           0.880           0.749           0.863           0.832           0.721           0.920           0.880           0.939        2183.299
       490           0.799           0.682           0.867           0.756           0.870           0.721           0.655           0.812           0.906           0.959        2187.697
       491           0.784           0.675           0.864           0.758           0.872           0.796           0.705           0.885           0.889           0.944        2192.087
       492           0.800           0.690           0.881           0.748           0.862           0.720           0.666           0.811           0.907           0.954        2196.488
       493           0.793           0.681           0.871           0.754           0.868           0.738           0.662           0.828           0.903           0.951        2200.889
       494           0.806           0.688           0.876           0.751           0.865           0.788           0.694           0.877           0.891           0.949        2205.287
       495           0.781           0.684           0.866           0.757           0.870           0.765           0.647           0.854           0.896           0.956        2209.683
       496           0.786           0.682           0.867           0.756           0.870           0.784           0.672           0.873           0.892           0.946        2214.083
       497           0.793           0.687           0.880           0.749           0.868           0.739           0.664           0.829           0.902           0.956        2218.561
       498           0.804           0.692           0.880           0.749           0.860           0.701           0.625           0.792           0.911           0.956        2222.960
       499           0.793           0.684           0.881           0.748           0.867           0.696           0.561           0.787           0.912           0.954        2227.360
       500           0.785           0.679           0.859           0.760           0.874           0.764           0.658           0.853           0.897           0.950        2231.753
--------------------------------------------------------------------------------------------------------------------------------------------------------------------------------------------------------
The best indicator statistics
      BestEpoch        TrainMAE       TrainRMSE         TrainR2         TrainCC        ValidMAE       ValidRMSE         ValidR2         ValidCC
       447           0.684           0.874           0.752           0.865           0.551           0.711           0.928           0.962
Total training time: 2231.9048 seconds
>>> Training of the Model Accomplished! >>>
End at:  Tue Apr  4 00:36:11 2023
++++++++++++++++++++++++++++++++++++++++
process end at : 
Tue Apr  4 00:36:14 CST 2023
