32
process will start at : 
Thu Mar 30 11:40:50 CST 2023
++++++++++++++++++++++++++++++++++++++++
Load GaoDataSet from dataset/Cui9943.csv ... done (9944 lines, 158.732 seconds) 
# of all graphs/labels:      9943
# of all graphs/labels:      9943
# of training graphs/labels:      7954
# of validing graphs/labels:      995
# of testing graphs/labels:      994
>>> Training of the Model >>>
Start at:  Thu Mar 30 11:50:14 2023
PID:       60919
Learning rate:               1E-03
Batch size:                  32
Maximum epochs:              500
Output frequency:            1
Device:                      cpu
--------------------------------------------------------------------------------------------------------------------------------------------------------------------------------------------------------
     Epoch       TrainLoss        TrainMAE       TrainRMSE         TrainR2         TrainCC        ValidMAE       ValidRMSE         ValidR2         ValidCC         Time(s)
--------------------------------------------------------------------------------------------------------------------------------------------------------------------------------------------------------
         0           1.717           1.345           1.818           0.334           0.656           0.988           1.404           0.530           0.792          45.165
         1           1.441           1.138           1.532           0.527           0.743           0.931           1.310           0.591           0.816          78.473
         2           1.383           1.094           1.480           0.559           0.762           0.906           1.284           0.607           0.826         111.399
         3           1.348           1.065           1.447           0.578           0.774           0.884           1.277           0.611           0.833         144.369
         4           1.328           1.047           1.425           0.591           0.783           0.964           1.423           0.517           0.835         177.512
         5           1.296           1.020           1.393           0.609           0.794           1.036           1.519           0.450           0.837         210.938
         6           1.274           1.002           1.372           0.621           0.801           1.040           1.527           0.444           0.839         244.803
         7           1.254           0.986           1.354           0.631           0.807           1.020           1.506           0.459           0.841         279.039
         8           1.239           0.974           1.341           0.638           0.811           1.054           1.545           0.431           0.842         313.349
         9           1.230           0.965           1.333           0.642           0.814           1.200           1.709           0.304           0.842         347.776
        10           1.216           0.954           1.320           0.649           0.818           1.201           1.710           0.303           0.844         382.137
        11           1.207           0.946           1.313           0.653           0.821           1.252           1.766           0.257           0.844         416.596
        12           1.204           0.943           1.310           0.654           0.822           1.259           1.774           0.250           0.845         451.200
        13           1.195           0.935           1.301           0.659           0.825           1.207           1.716           0.298           0.847         485.833
        14           1.181           0.922           1.287           0.666           0.829           1.160           1.661           0.343           0.849         520.719
        15           1.168           0.910           1.274           0.673           0.833           1.114           1.609           0.383           0.851         555.457
        16           1.155           0.899           1.262           0.679           0.837           1.083           1.576           0.408           0.852         590.264
        17           1.145           0.890           1.252           0.684           0.840           1.058           1.548           0.429           0.854         625.048
        18           1.136           0.883           1.243           0.689           0.842           1.036           1.524           0.446           0.854         659.864
        19           1.128           0.877           1.236           0.692           0.844           1.010           1.493           0.468           0.855         694.280
        20           1.121           0.870           1.228           0.696           0.847           0.986           1.465           0.489           0.856         728.424
        21           1.114           0.865           1.222           0.699           0.848           0.967           1.444           0.503           0.856         762.501
        22           1.110           0.862           1.218           0.701           0.850           0.946           1.417           0.521           0.857         796.460
        23           1.106           0.859           1.214           0.703           0.851           0.926           1.396           0.536           0.859         830.282
        24           1.102           0.856           1.210           0.705           0.852           0.908           1.375           0.550           0.859         864.039
        25           1.099           0.854           1.207           0.706           0.853           0.886           1.348           0.567           0.860         897.740
        26           1.096           0.852           1.204           0.708           0.854           0.872           1.332           0.577           0.861         931.550
        27           1.093           0.849           1.202           0.709           0.855           0.855           1.311           0.590           0.863         965.368
        28           1.089           0.845           1.198           0.711           0.856           0.841           1.292           0.602           0.864         999.379
        29           1.084           0.840           1.194           0.713           0.858           0.832           1.280           0.609           0.864        1033.300
        30           1.078           0.835           1.190           0.715           0.860           0.827           1.277           0.611           0.866        1067.242
        31           1.074           0.831           1.186           0.717           0.861           0.813           1.258           0.623           0.866        1101.161
        32           1.069           0.826           1.181           0.719           0.863           0.803           1.247           0.629           0.867        1135.040
        33           1.062           0.822           1.176           0.722           0.864           0.792           1.233           0.638           0.867        1168.717
        34           1.058           0.819           1.172           0.723           0.866           0.789           1.230           0.640           0.868        1202.317
        35           1.056           0.817           1.170           0.724           0.866           0.782           1.220           0.645           0.869        1235.925
        36           1.053           0.816           1.167           0.725           0.867           0.778           1.217           0.647           0.870        1269.619
        37           1.049           0.813           1.164           0.727           0.868           0.771           1.208           0.652           0.871        1303.350
        38           1.046           0.811           1.160           0.729           0.868           0.764           1.196           0.659           0.872        1337.228
        39           1.046           0.812           1.160           0.729           0.868           0.753           1.171           0.673           0.873        1371.065
        40           1.044           0.810           1.158           0.730           0.869           0.750           1.164           0.677           0.873        1404.897
        41           1.041           0.807           1.156           0.731           0.870           0.751           1.149           0.685           0.874        1438.950
        42           1.038           0.805           1.153           0.732           0.871           0.753           1.144           0.688           0.875        1472.689
        43           1.035           0.803           1.151           0.733           0.872           0.755           1.143           0.688           0.875        1506.463
        44           1.033           0.801           1.150           0.733           0.873           0.757           1.143           0.689           0.875        1540.085
        45           1.029           0.798           1.148           0.735           0.874           0.757           1.139           0.691           0.876        1573.671
        46           1.026           0.795           1.145           0.736           0.875           0.757           1.138           0.691           0.876        1607.289
        47           1.025           0.794           1.144           0.736           0.875           0.758           1.139           0.691           0.876        1641.090
        48           1.022           0.792           1.142           0.737           0.876           0.757           1.137           0.692           0.877        1674.803
        49           1.020           0.790           1.140           0.738           0.876           0.756           1.134           0.693           0.877        1708.600
        50           1.018           0.788           1.138           0.739           0.877           0.754           1.134           0.694           0.878        1742.378
        51           1.015           0.786           1.136           0.740           0.877           0.752           1.132           0.694           0.879        1776.116
        52           1.012           0.783           1.133           0.741           0.878           0.751           1.131           0.695           0.879        1810.035
        53           1.010           0.782           1.132           0.742           0.879           0.748           1.130           0.696           0.879        1843.940
        54           1.008           0.780           1.130           0.743           0.879           0.748           1.130           0.696           0.880        1877.982
        55           1.006           0.778           1.129           0.743           0.879           0.746           1.130           0.696           0.880        1912.077
        56           1.003           0.776           1.126           0.744           0.880           0.745           1.129           0.696           0.880        1946.243
        57           1.001           0.774           1.125           0.745           0.880           0.747           1.132           0.695           0.880        1980.559
        58           1.000           0.773           1.124           0.745           0.881           0.744           1.132           0.695           0.881        2014.448
        59           0.999           0.772           1.123           0.746           0.881           0.744           1.132           0.695           0.881        2048.437
        60           0.995           0.770           1.120           0.747           0.882           0.745           1.132           0.694           0.881        2082.530
        61           0.993           0.768           1.118           0.748           0.882           0.745           1.133           0.694           0.881        2116.541
        62           0.992           0.767           1.118           0.748           0.882           0.744           1.133           0.694           0.881        2150.751
        63           0.988           0.764           1.114           0.750           0.883           0.742           1.131           0.695           0.882        2184.952
        64           0.986           0.762           1.112           0.751           0.884           0.745           1.136           0.693           0.881        2219.100
        65           0.985           0.760           1.111           0.751           0.884           0.742           1.132           0.695           0.882        2253.392
        66           0.982           0.758           1.109           0.752           0.885           0.743           1.132           0.695           0.883        2287.027
        67           0.980           0.757           1.107           0.753           0.885           0.740           1.135           0.693           0.882        2320.689
        68           0.978           0.755           1.105           0.754           0.886           0.739           1.135           0.693           0.883        2354.104
        69           0.976           0.753           1.104           0.754           0.886           0.738           1.135           0.693           0.883        2387.923
        70           0.974           0.752           1.102           0.755           0.886           0.740           1.138           0.692           0.883        2421.828
        71           0.972           0.750           1.101           0.756           0.887           0.742           1.139           0.691           0.882        2455.702
        72           0.971           0.750           1.099           0.757           0.887           0.740           1.138           0.691           0.883        2489.898
        73           0.968           0.747           1.098           0.757           0.887           0.739           1.137           0.692           0.883        2523.942
        74           0.967           0.747           1.097           0.758           0.887           0.737           1.134           0.694           0.884        2558.041
        75           0.965           0.745           1.095           0.759           0.888           0.735           1.135           0.693           0.884        2592.170
        76           0.964           0.744           1.094           0.759           0.888           0.736           1.134           0.693           0.884        2626.226
        77           0.963           0.743           1.093           0.759           0.888           0.731           1.130           0.696           0.885        2660.569
        78           0.962           0.742           1.092           0.760           0.888           0.730           1.130           0.696           0.885        2694.743
        79           0.961           0.741           1.091           0.760           0.889           0.731           1.132           0.695           0.885        2729.019
        80           0.960           0.741           1.091           0.760           0.889           0.729           1.130           0.696           0.885        2763.262
        81           0.958           0.739           1.089           0.761           0.889           0.728           1.129           0.696           0.885        2797.706
        82           0.957           0.738           1.088           0.762           0.889           0.728           1.128           0.696           0.886        2832.123
        83           0.956           0.737           1.087           0.762           0.889           0.727           1.128           0.697           0.886        2866.560
        84           0.954           0.736           1.085           0.763           0.890           0.725           1.125           0.698           0.886        2901.017
        85           0.954           0.736           1.085           0.763           0.890           0.725           1.128           0.697           0.886        2935.420
        86           0.952           0.734           1.083           0.764           0.890           0.724           1.127           0.697           0.886        2969.685
        87           0.950           0.733           1.082           0.764           0.890           0.723           1.126           0.698           0.887        3003.701
        88           0.950           0.734           1.082           0.764           0.890           0.722           1.125           0.698           0.887        3037.697
        89           0.949           0.732           1.081           0.765           0.891           0.721           1.123           0.699           0.887        3071.748
        90           0.947           0.731           1.079           0.765           0.891           0.720           1.126           0.698           0.887        3105.881
        91           0.946           0.730           1.078           0.766           0.891           0.721           1.126           0.698           0.887        3140.167
        92           0.945           0.729           1.077           0.766           0.891           0.720           1.130           0.696           0.887        3174.209
        93           0.944           0.728           1.076           0.767           0.891           0.722           1.129           0.696           0.887        3208.279
        94           0.942           0.727           1.075           0.767           0.892           0.721           1.128           0.697           0.887        3242.252
        95           0.941           0.726           1.074           0.768           0.892           0.720           1.128           0.697           0.887        3276.391
        96           0.940           0.726           1.073           0.768           0.892           0.718           1.124           0.699           0.888        3310.673
        97           0.941           0.726           1.074           0.768           0.892           0.718           1.127           0.697           0.888        3344.908
        98           0.938           0.724           1.071           0.769           0.893           0.716           1.124           0.699           0.888        3379.328
        99           0.938           0.723           1.071           0.769           0.893           0.713           1.120           0.701           0.889        3413.383
       100           0.937           0.723           1.070           0.769           0.893           0.716           1.127           0.697           0.889        3447.550
       101           0.935           0.722           1.069           0.770           0.893           0.714           1.123           0.700           0.888        3482.627
       102           0.934           0.721           1.067           0.771           0.893           0.712           1.118           0.702           0.889        3516.926
       103           0.933           0.720           1.067           0.771           0.893           0.711           1.120           0.701           0.889        3551.322
       104           0.932           0.720           1.065           0.771           0.893           0.713           1.123           0.699           0.889        3586.014
       105           0.931           0.719           1.065           0.772           0.894           0.712           1.123           0.699           0.889        3620.196
       106           0.930           0.718           1.063           0.772           0.894           0.708           1.115           0.704           0.890        3654.805
       107           0.929           0.717           1.063           0.772           0.894           0.709           1.117           0.703           0.890        3689.021
       108           0.929           0.717           1.062           0.773           0.894           0.709           1.117           0.702           0.890        3723.151
       109           0.928           0.716           1.061           0.773           0.894           0.708           1.117           0.703           0.890        3812.697
       110           0.927           0.716           1.060           0.774           0.894           0.705           1.111           0.706           0.891        3848.997
       111           0.925           0.714           1.058           0.774           0.895           0.706           1.113           0.705           0.890        3883.277
       112           0.925           0.714           1.058           0.774           0.895           0.705           1.111           0.706           0.891        3917.587
       113           0.924           0.713           1.057           0.775           0.895           0.705           1.110           0.706           0.891        3951.818
       114           0.922           0.712           1.056           0.775           0.895           0.705           1.110           0.706           0.891        3986.072
       115           0.921           0.712           1.055           0.776           0.895           0.706           1.112           0.705           0.891        4020.638
       116           0.920           0.711           1.053           0.777           0.895           0.706           1.111           0.706           0.891        4055.096
       117           0.919           0.710           1.052           0.777           0.896           0.706           1.111           0.706           0.891        4089.411
       118           0.918           0.709           1.051           0.777           0.896           0.704           1.107           0.708           0.891        4123.671
       119           0.917           0.708           1.050           0.778           0.896           0.704           1.108           0.707           0.892        4157.996
       120           0.915           0.707           1.048           0.779           0.896           0.702           1.103           0.710           0.892        4192.480
       121           0.915           0.707           1.048           0.779           0.896           0.705           1.110           0.706           0.891        4228.805
       122           0.914           0.706           1.046           0.779           0.897           0.701           1.102           0.710           0.892        4267.625
       123           0.913           0.705           1.046           0.779           0.897           0.699           1.099           0.712           0.893        4306.208
       124           0.913           0.706           1.046           0.780           0.897           0.701           1.102           0.710           0.892        4344.965
       125           0.911           0.704           1.045           0.780           0.897           0.700           1.101           0.711           0.892        4383.698
       126           0.910           0.703           1.043           0.781           0.897           0.699           1.099           0.712           0.893        4422.287
       127           0.910           0.703           1.044           0.781           0.897           0.700           1.100           0.712           0.893        4456.313
       128           0.908           0.702           1.042           0.781           0.897           0.700           1.099           0.712           0.893        4490.080
       129           0.907           0.701           1.041           0.782           0.898           0.699           1.098           0.712           0.893        4523.919
       130           0.906           0.700           1.039           0.782           0.898           0.696           1.093           0.715           0.893        4557.768
       131           0.905           0.699           1.039           0.783           0.898           0.697           1.096           0.714           0.893        4591.628
       132           0.904           0.699           1.038           0.783           0.898           0.695           1.092           0.716           0.893        4625.393
       133           0.903           0.697           1.037           0.783           0.898           0.698           1.095           0.714           0.893        4658.949
       134           0.902           0.697           1.036           0.784           0.898           0.695           1.092           0.716           0.893        4692.480
       135           0.900           0.696           1.034           0.785           0.899           0.696           1.093           0.715           0.893        4726.155
       136           0.899           0.694           1.032           0.785           0.899           0.697           1.093           0.715           0.893        4759.705
       137           0.898           0.694           1.031           0.786           0.899           0.694           1.092           0.716           0.893        4793.144
       138           0.897           0.693           1.030           0.786           0.899           0.695           1.090           0.717           0.893        4826.717
       139           0.896           0.692           1.030           0.786           0.900           0.694           1.091           0.716           0.893        4860.394
       140           0.895           0.692           1.028           0.787           0.900           0.695           1.093           0.715           0.893        4896.472
       141           0.894           0.691           1.028           0.787           0.900           0.694           1.091           0.716           0.893        4931.956
       142           0.893           0.690           1.026           0.788           0.900           0.693           1.089           0.718           0.894        4965.665
       143           0.892           0.689           1.025           0.788           0.900           0.693           1.086           0.719           0.894        4999.360
       144           0.892           0.689           1.025           0.788           0.900           0.694           1.087           0.718           0.893        5033.265
       145           0.890           0.688           1.024           0.789           0.900           0.690           1.079           0.723           0.895        5067.091
       146           0.890           0.688           1.023           0.789           0.900           0.691           1.082           0.721           0.894        5100.902
       147           0.889           0.687           1.023           0.789           0.901           0.694           1.083           0.721           0.894        5134.514
       148           0.889           0.687           1.022           0.789           0.900           0.692           1.084           0.720           0.894        5168.030
       149           0.887           0.685           1.021           0.790           0.901           0.687           1.082           0.721           0.894        5201.644
       150           0.885           0.684           1.020           0.791           0.901           0.692           1.088           0.718           0.894        5235.247
       151           0.885           0.683           1.019           0.791           0.901           0.687           1.079           0.723           0.895        5268.850
       152           0.884           0.683           1.019           0.791           0.901           0.684           1.074           0.725           0.895        5302.394
       153           0.883           0.682           1.017           0.791           0.902           0.686           1.079           0.723           0.895        5336.085
       154           0.882           0.681           1.017           0.792           0.902           0.684           1.074           0.725           0.895        5369.931
       155           0.881           0.681           1.016           0.792           0.902           0.683           1.074           0.725           0.896        5403.755
       156           0.881           0.681           1.015           0.792           0.902           0.681           1.071           0.726           0.895        5437.626
       157           0.881           0.681           1.014           0.793           0.902           0.681           1.072           0.726           0.895        5471.580
       158           0.880           0.680           1.014           0.793           0.902           0.680           1.069           0.727           0.896        5505.568
       159           0.879           0.680           1.013           0.793           0.902           0.680           1.073           0.726           0.895        5539.822
       160           0.879           0.680           1.013           0.793           0.902           0.679           1.073           0.726           0.895        5573.981
       161           0.878           0.679           1.012           0.794           0.903           0.678           1.073           0.726           0.895        5608.202
       162           0.878           0.679           1.012           0.794           0.903           0.678           1.073           0.726           0.895        5642.306
       163           0.877           0.678           1.012           0.794           0.903           0.678           1.072           0.726           0.895        5676.550
       164           0.876           0.677           1.010           0.794           0.903           0.677           1.069           0.728           0.896        5710.850
       165           0.875           0.676           1.010           0.794           0.903           0.676           1.067           0.728           0.896        5745.100
       166           0.874           0.675           1.009           0.795           0.903           0.677           1.073           0.726           0.896        5779.265
       167           0.874           0.675           1.009           0.795           0.903           0.677           1.066           0.729           0.895        5813.513
       168           0.874           0.675           1.009           0.795           0.903           0.677           1.067           0.729           0.896        5847.805
       169           0.873           0.674           1.008           0.795           0.903           0.677           1.068           0.728           0.895        5882.257
       170           0.873           0.674           1.008           0.795           0.904           0.676           1.065           0.730           0.896        5916.546
       171           0.872           0.673           1.008           0.796           0.904           0.675           1.065           0.729           0.896        5950.675
       172           0.871           0.672           1.007           0.796           0.904           0.679           1.073           0.725           0.895        5984.467
       173           0.871           0.672           1.007           0.796           0.904           0.676           1.071           0.727           0.896        6018.390
       174           0.870           0.671           1.006           0.796           0.904           0.678           1.073           0.725           0.895        6052.035
       175           0.869           0.670           1.004           0.797           0.904           0.677           1.072           0.726           0.895        6085.546
       176           0.869           0.670           1.005           0.797           0.904           0.675           1.069           0.727           0.896        6119.057
       177           0.866           0.668           1.002           0.798           0.905           0.675           1.070           0.727           0.895        6152.790
       178           0.865           0.668           1.002           0.798           0.905           0.674           1.068           0.728           0.896        6186.702
       179           0.866           0.668           1.002           0.798           0.905           0.676           1.068           0.728           0.896        6220.595
       180           0.865           0.667           1.001           0.798           0.905           0.674           1.065           0.730           0.896        6254.453
       181           0.862           0.665           0.999           0.799           0.905           0.674           1.067           0.729           0.896        6288.071
       182           0.863           0.666           1.000           0.799           0.905           0.674           1.067           0.729           0.896        6321.600
       183           0.862           0.665           0.998           0.799           0.905           0.671           1.065           0.730           0.896        6355.352
       184           0.862           0.665           0.999           0.799           0.905           0.671           1.064           0.730           0.896        6389.129
       185           0.861           0.664           0.998           0.800           0.905           0.670           1.063           0.731           0.896        6422.831
       186           0.860           0.663           0.997           0.800           0.906           0.671           1.063           0.731           0.896        6456.621
       187           0.860           0.663           0.997           0.800           0.906           0.672           1.067           0.729           0.896        6490.390
       188           0.859           0.662           0.996           0.800           0.906           0.670           1.061           0.732           0.896        6524.093
       189           0.857           0.661           0.995           0.801           0.906           0.670           1.057           0.734           0.896        6557.976
       190           0.858           0.661           0.995           0.801           0.906           0.671           1.060           0.732           0.896        6591.789
       191           0.856           0.661           0.994           0.801           0.906           0.669           1.060           0.732           0.896        6625.623
       192           0.855           0.660           0.993           0.801           0.906           0.669           1.055           0.735           0.896        6659.418
       193           0.855           0.660           0.993           0.801           0.906           0.670           1.059           0.733           0.896        6693.400
       194           0.854           0.659           0.992           0.802           0.907           0.669           1.054           0.735           0.897        6727.483
       195           0.854           0.659           0.992           0.802           0.907           0.669           1.058           0.733           0.897        6760.986
       196           0.853           0.658           0.990           0.802           0.907           0.670           1.056           0.734           0.897        6794.449
       197           0.852           0.658           0.990           0.803           0.907           0.669           1.057           0.734           0.897        6827.981
       198           0.851           0.657           0.989           0.803           0.907           0.668           1.055           0.735           0.897        6861.690
       199           0.851           0.657           0.989           0.803           0.907           0.669           1.056           0.734           0.897        6895.257
       200           0.850           0.656           0.988           0.803           0.907           0.668           1.053           0.736           0.897        6928.847
       201           0.850           0.656           0.988           0.803           0.907           0.667           1.053           0.736           0.897        6962.390
       202           0.849           0.655           0.987           0.804           0.908           0.667           1.052           0.736           0.897        6996.015
       203           0.848           0.654           0.986           0.804           0.908           0.667           1.051           0.737           0.897        7029.779
       204           0.848           0.654           0.986           0.804           0.908           0.665           1.052           0.736           0.898        7063.490
       205           0.847           0.653           0.985           0.805           0.908           0.667           1.048           0.738           0.898        7097.135
       206           0.847           0.653           0.985           0.805           0.908           0.665           1.049           0.738           0.898        7130.818
       207           0.846           0.653           0.984           0.805           0.908           0.664           1.049           0.738           0.898        7164.670
       208           0.845           0.652           0.983           0.805           0.908           0.665           1.048           0.738           0.898        7198.304
       209           0.845           0.652           0.983           0.805           0.908           0.664           1.048           0.738           0.898        7232.079
       210           0.844           0.651           0.982           0.806           0.908           0.664           1.048           0.738           0.898        7266.092
       211           0.844           0.651           0.983           0.805           0.908           0.663           1.050           0.737           0.898        7300.187
       212           0.844           0.650           0.982           0.806           0.908           0.663           1.047           0.739           0.898        7334.457
       213           0.843           0.650           0.981           0.806           0.908           0.663           1.047           0.739           0.898        7392.504
       214           0.842           0.650           0.981           0.806           0.909           0.663           1.046           0.739           0.898        7426.395
       215           0.842           0.649           0.980           0.806           0.909           0.663           1.046           0.739           0.898        7460.382
       216           0.841           0.649           0.980           0.807           0.909           0.662           1.045           0.740           0.898        7494.582
       217           0.841           0.649           0.980           0.807           0.909           0.661           1.046           0.739           0.898        7529.062
       218           0.840           0.648           0.979           0.807           0.909           0.660           1.041           0.742           0.899        7562.533
       219           0.840           0.648           0.978           0.807           0.909           0.661           1.043           0.741           0.899        7595.915
       220           0.839           0.647           0.977           0.808           0.909           0.661           1.040           0.742           0.899        7632.802
       221           0.839           0.647           0.978           0.807           0.909           0.660           1.038           0.743           0.899        7679.550
       222           0.838           0.647           0.977           0.808           0.909           0.659           1.038           0.743           0.899        7721.085
       223           0.838           0.647           0.977           0.808           0.909           0.661           1.038           0.743           0.899        7756.494
       224           0.838           0.646           0.977           0.808           0.909           0.659           1.039           0.743           0.899        7794.225
       225           0.837           0.646           0.976           0.808           0.909           0.657           1.037           0.744           0.899        7831.078
       226           0.836           0.645           0.975           0.808           0.910           0.656           1.037           0.744           0.900        7864.930
       227           0.836           0.645           0.975           0.809           0.910           0.657           1.038           0.743           0.900        7900.175
       228           0.836           0.645           0.975           0.809           0.910           0.658           1.039           0.743           0.900        7934.409
       229           0.835           0.645           0.975           0.809           0.910           0.654           1.036           0.744           0.900        7968.700
       230           0.834           0.644           0.973           0.809           0.910           0.655           1.037           0.743           0.900        8003.179
       231           0.833           0.643           0.973           0.809           0.910           0.655           1.035           0.745           0.900        8037.747
       232           0.834           0.644           0.974           0.809           0.910           0.653           1.035           0.745           0.900        8072.509
       233           0.834           0.644           0.974           0.809           0.910           0.654           1.040           0.742           0.900        8107.037
       234           0.833           0.643           0.973           0.809           0.910           0.653           1.038           0.743           0.900        8141.578
       235           0.832           0.642           0.972           0.810           0.910           0.655           1.034           0.745           0.900        8175.940
       236           0.832           0.642           0.972           0.810           0.910           0.654           1.033           0.746           0.901        8210.285
       237           0.831           0.642           0.971           0.810           0.910           0.652           1.033           0.746           0.901        8244.534
       238           0.831           0.642           0.972           0.810           0.910           0.653           1.035           0.745           0.901        8278.945
       239           0.831           0.641           0.971           0.810           0.910           0.653           1.036           0.744           0.900        8313.437
       240           0.830           0.641           0.971           0.810           0.910           0.653           1.037           0.744           0.900        8347.927
       241           0.830           0.640           0.970           0.810           0.911           0.652           1.029           0.747           0.901        8382.611
       242           0.829           0.640           0.970           0.811           0.911           0.652           1.032           0.746           0.900        8416.976
       243           0.829           0.640           0.969           0.811           0.911           0.652           1.030           0.747           0.900        8451.152
       244           0.829           0.640           0.970           0.811           0.911           0.652           1.029           0.748           0.901        8485.185
       245           0.828           0.639           0.968           0.811           0.911           0.650           1.026           0.749           0.901        8519.085
       246           0.827           0.639           0.968           0.811           0.911           0.651           1.031           0.747           0.901        8552.540
       247           0.827           0.639           0.967           0.812           0.911           0.650           1.027           0.748           0.902        8585.881
       248           0.827           0.639           0.967           0.812           0.911           0.650           1.031           0.747           0.901        8619.309
       249           0.826           0.638           0.966           0.812           0.911           0.650           1.029           0.748           0.901        8655.969
       250           0.826           0.638           0.967           0.812           0.911           0.651           1.028           0.748           0.901        8689.998
       251           0.826           0.638           0.966           0.812           0.911           0.649           1.030           0.747           0.901        8724.216
       252           0.824           0.637           0.965           0.812           0.912           0.651           1.031           0.747           0.901        8758.352
       253           0.823           0.636           0.965           0.813           0.912           0.651           1.029           0.748           0.901        8792.586
       254           0.823           0.636           0.964           0.813           0.912           0.654           1.029           0.748           0.901        8826.435
       255           0.823           0.636           0.964           0.813           0.912           0.650           1.026           0.749           0.901        8860.234
       256           0.823           0.636           0.963           0.813           0.912           0.648           1.027           0.749           0.901        8894.221
       257           0.821           0.636           0.962           0.814           0.912           0.649           1.030           0.747           0.901        8928.121
       258           0.821           0.635           0.962           0.814           0.912           0.650           1.031           0.747           0.901        8962.036
       259           0.821           0.635           0.962           0.814           0.912           0.651           1.029           0.748           0.901        8995.991
       260           0.821           0.635           0.962           0.814           0.912           0.649           1.029           0.747           0.901        9030.082
       261           0.820           0.635           0.960           0.814           0.912           0.648           1.024           0.750           0.902        9064.294
       262           0.819           0.634           0.960           0.814           0.912           0.650           1.026           0.749           0.901        9098.418
       263           0.819           0.634           0.960           0.814           0.912           0.651           1.028           0.748           0.901        9132.489
       264           0.818           0.634           0.959           0.815           0.912           0.649           1.027           0.749           0.901        9166.293
       265           0.817           0.633           0.958           0.815           0.912           0.650           1.026           0.749           0.901        9200.076
       266           0.817           0.633           0.958           0.815           0.913           0.654           1.024           0.750           0.901        9237.649
       267           0.817           0.633           0.958           0.815           0.912           0.654           1.023           0.750           0.901        9271.288
       268           0.818           0.634           0.959           0.815           0.912           0.651           1.026           0.749           0.901        9305.676
       269           0.816           0.633           0.957           0.815           0.913           0.655           1.024           0.750           0.901        9344.090
       270           0.817           0.633           0.958           0.815           0.913           0.658           1.025           0.750           0.900        9379.641
       271           0.816           0.632           0.957           0.816           0.913           0.653           1.025           0.750           0.901        9413.523
       272           0.815           0.632           0.957           0.816           0.913           0.657           1.025           0.750           0.900        9447.416
       273           0.815           0.631           0.957           0.816           0.913           0.658           1.024           0.750           0.900        9481.304
       274           0.815           0.631           0.957           0.816           0.913           0.660           1.029           0.748           0.900        9515.297
       275           0.814           0.631           0.956           0.816           0.913           0.655           1.023           0.751           0.900        9549.398
       276           0.813           0.630           0.955           0.816           0.913           0.657           1.024           0.750           0.900        9583.366
       277           0.814           0.631           0.956           0.816           0.913           0.653           1.024           0.750           0.901        9617.305
       278           0.814           0.631           0.955           0.816           0.913           0.657           1.022           0.751           0.900        9651.244
       279           0.814           0.631           0.956           0.816           0.913           0.657           1.024           0.750           0.900        9685.193
       280           0.813           0.630           0.955           0.816           0.913           0.658           1.025           0.750           0.900        9719.383
       281           0.810           0.627           0.952           0.817           0.914           0.649           1.029           0.748           0.901        9753.477
       282           0.808           0.626           0.950           0.818           0.914           0.647           1.030           0.747           0.901        9787.389
       283           0.807           0.625           0.950           0.818           0.914           0.650           1.028           0.748           0.901        9821.220
       284           0.808           0.626           0.950           0.818           0.914           0.648           1.024           0.750           0.901        9855.013
       285           0.807           0.625           0.949           0.819           0.914           0.649           1.024           0.750           0.901        9888.940
       286           0.807           0.625           0.949           0.819           0.914           0.647           1.023           0.750           0.901        9922.806
       287           0.807           0.626           0.950           0.818           0.914           0.649           1.022           0.751           0.901        9956.790
       288           0.806           0.625           0.949           0.819           0.914           0.648           1.022           0.751           0.901        9990.675
       289           0.806           0.624           0.948           0.819           0.914           0.647           1.020           0.752           0.902       10024.577
       290           0.806           0.624           0.949           0.819           0.914           0.647           1.020           0.752           0.902       10058.796
       291           0.805           0.624           0.948           0.819           0.915           0.647           1.021           0.752           0.902       10092.905
       292           0.804           0.624           0.947           0.819           0.915           0.647           1.020           0.752           0.902       10127.162
       293           0.804           0.624           0.947           0.819           0.915           0.647           1.020           0.752           0.902       10161.315
       294           0.804           0.623           0.947           0.820           0.915           0.645           1.021           0.751           0.902       10195.313
       295           0.803           0.623           0.946           0.820           0.915           0.644           1.023           0.751           0.902       10229.492
       296           0.803           0.623           0.946           0.820           0.915           0.645           1.018           0.753           0.902       10263.376
       297           0.802           0.622           0.945           0.820           0.915           0.645           1.019           0.753           0.902       10297.352
       298           0.802           0.622           0.946           0.820           0.915           0.647           1.020           0.752           0.902       10331.343
       299           0.802           0.622           0.945           0.820           0.915           0.645           1.019           0.752           0.902       10365.533
       300           0.801           0.622           0.944           0.820           0.915           0.647           1.019           0.753           0.902       10399.570
       301           0.801           0.621           0.944           0.820           0.915           0.646           1.023           0.751           0.902       10433.565
       302           0.802           0.623           0.945           0.820           0.915           0.647           1.019           0.752           0.902       10467.575
       303           0.800           0.621           0.944           0.821           0.915           0.647           1.020           0.752           0.902       10501.582
       304           0.801           0.622           0.944           0.820           0.915           0.648           1.020           0.752           0.901       10535.783
       305           0.800           0.621           0.943           0.821           0.915           0.649           1.022           0.751           0.901       10569.837
       306           0.799           0.620           0.942           0.821           0.915           0.649           1.022           0.751           0.901       10603.925
       307           0.800           0.621           0.943           0.821           0.915           0.648           1.022           0.751           0.902       10637.708
       308           0.799           0.621           0.943           0.821           0.915           0.649           1.022           0.751           0.902       10671.433
       309           0.799           0.620           0.943           0.821           0.915           0.648           1.021           0.751           0.902       10705.283
       310           0.799           0.620           0.942           0.821           0.915           0.649           1.026           0.749           0.901       10741.956
       311           0.799           0.620           0.942           0.821           0.915           0.651           1.025           0.750           0.901       10778.839
       312           0.799           0.621           0.942           0.821           0.915           0.650           1.026           0.749           0.901       10812.673
       313           0.798           0.620           0.942           0.821           0.915           0.650           1.022           0.751           0.901       10846.600
       314           0.798           0.620           0.941           0.822           0.916           0.649           1.024           0.750           0.901       10880.706
       315           0.798           0.620           0.941           0.821           0.916           0.651           1.025           0.750           0.901       10914.730
       316           0.797           0.620           0.941           0.822           0.916           0.649           1.028           0.748           0.901       10948.719
       317           0.797           0.620           0.942           0.821           0.916           0.649           1.028           0.748           0.901       10982.660
       318           0.797           0.620           0.941           0.822           0.916           0.649           1.025           0.749           0.901       11016.767
       319           0.797           0.619           0.941           0.822           0.916           0.649           1.023           0.750           0.901       11051.094
       320           0.796           0.619           0.941           0.822           0.916           0.648           1.026           0.749           0.901       11085.223
       321           0.796           0.619           0.940           0.822           0.916           0.649           1.028           0.748           0.901       11119.427
       322           0.795           0.619           0.939           0.822           0.916           0.648           1.024           0.750           0.901       11153.590
       323           0.795           0.619           0.940           0.822           0.916           0.649           1.025           0.750           0.901       11187.452
       324           0.795           0.618           0.939           0.822           0.916           0.649           1.027           0.748           0.901       11222.272
       325           0.795           0.619           0.939           0.822           0.916           0.647           1.022           0.751           0.901       11256.880
       326           0.794           0.618           0.938           0.823           0.916           0.647           1.024           0.750           0.901       11316.616
       327           0.794           0.618           0.938           0.823           0.916           0.648           1.022           0.751           0.901       11350.915
       328           0.793           0.617           0.938           0.823           0.916           0.649           1.025           0.750           0.901       11385.282
       329           0.793           0.617           0.937           0.823           0.916           0.649           1.021           0.751           0.901       11419.795
       330           0.793           0.617           0.937           0.823           0.916           0.646           1.025           0.750           0.901       11453.283
       331           0.792           0.616           0.936           0.824           0.917           0.647           1.024           0.750           0.901       11489.165
       332           0.791           0.616           0.936           0.824           0.917           0.647           1.024           0.750           0.901       11527.971
       333           0.792           0.616           0.936           0.824           0.916           0.646           1.021           0.751           0.901       11577.120
       334           0.791           0.616           0.936           0.824           0.917           0.647           1.023           0.750           0.901       11612.407
       335           0.790           0.616           0.934           0.824           0.917           0.648           1.021           0.752           0.901       11654.412
       336           0.790           0.616           0.934           0.824           0.917           0.649           1.026           0.749           0.901       11688.334
       337           0.791           0.617           0.935           0.824           0.917           0.651           1.022           0.751           0.901       11722.113
       338           0.791           0.616           0.935           0.824           0.917           0.649           1.022           0.751           0.901       11758.244
       339           0.791           0.616           0.935           0.824           0.917           0.648           1.026           0.749           0.900       11793.652
       340           0.790           0.616           0.934           0.824           0.917           0.650           1.024           0.750           0.901       11828.173
       341           0.788           0.615           0.932           0.825           0.917           0.644           1.032           0.746           0.901       11862.434
       342           0.787           0.613           0.930           0.826           0.917           0.644           1.029           0.748           0.902       11896.344
       343           0.786           0.613           0.929           0.826           0.918           0.643           1.030           0.747           0.901       11931.156
       344           0.786           0.613           0.929           0.826           0.918           0.644           1.028           0.748           0.901       11965.427
       345           0.786           0.613           0.930           0.826           0.917           0.643           1.027           0.749           0.901       11999.804
       346           0.785           0.612           0.929           0.826           0.918           0.645           1.030           0.747           0.901       12034.105
       347           0.785           0.612           0.929           0.826           0.918           0.645           1.030           0.747           0.901       12068.276
       348           0.784           0.612           0.929           0.826           0.918           0.645           1.028           0.748           0.901       12103.714
       349           0.785           0.612           0.929           0.826           0.918           0.646           1.028           0.748           0.901       12137.466
       350           0.784           0.611           0.928           0.827           0.918           0.645           1.031           0.747           0.901       12171.179
       351           0.783           0.611           0.927           0.827           0.918           0.647           1.032           0.746           0.901       12204.671
       352           0.783           0.611           0.927           0.827           0.918           0.644           1.027           0.748           0.902       12238.344
       353           0.783           0.611           0.927           0.827           0.918           0.646           1.029           0.747           0.901       12272.374
       354           0.782           0.610           0.927           0.827           0.918           0.644           1.028           0.748           0.901       12306.144
       355           0.782           0.611           0.927           0.827           0.918           0.645           1.032           0.746           0.901       12339.815
       356           0.782           0.611           0.926           0.827           0.918           0.645           1.030           0.747           0.901       12373.097
       357           0.783           0.611           0.927           0.827           0.918           0.644           1.029           0.748           0.902       12406.912
       358           0.781           0.610           0.925           0.828           0.918           0.645           1.028           0.748           0.901       12445.117
       359           0.781           0.609           0.925           0.828           0.918           0.644           1.030           0.747           0.901       12483.133
       360           0.781           0.609           0.925           0.828           0.918           0.644           1.027           0.748           0.901       12516.621
       361           0.780           0.609           0.925           0.828           0.918           0.645           1.028           0.748           0.901       12550.102
       362           0.780           0.609           0.925           0.828           0.918           0.646           1.027           0.748           0.901       12583.755
       363           0.781           0.609           0.925           0.828           0.918           0.646           1.028           0.748           0.901       12617.797
       364           0.780           0.609           0.924           0.828           0.919           0.645           1.027           0.748           0.901       12651.582
       365           0.780           0.609           0.925           0.828           0.918           0.646           1.030           0.747           0.901       12685.331
       366           0.779           0.609           0.924           0.828           0.919           0.648           1.032           0.746           0.901       12719.169
       367           0.779           0.608           0.923           0.828           0.919           0.649           1.031           0.747           0.901       12753.105
       368           0.779           0.608           0.924           0.828           0.919           0.648           1.031           0.746           0.901       12786.995
       369           0.778           0.608           0.923           0.828           0.919           0.650           1.033           0.746           0.901       12820.809
       370           0.778           0.608           0.923           0.829           0.919           0.647           1.031           0.747           0.901       12854.453
       371           0.779           0.608           0.923           0.828           0.919           0.649           1.032           0.746           0.901       12888.045
       372           0.779           0.608           0.923           0.828           0.919           0.648           1.028           0.748           0.901       12921.779
       373           0.778           0.608           0.922           0.829           0.919           0.649           1.031           0.747           0.901       12955.387
       374           0.778           0.608           0.923           0.828           0.919           0.650           1.031           0.747           0.901       12988.989
       375           0.777           0.607           0.922           0.829           0.919           0.649           1.031           0.747           0.901       13022.587
       376           0.778           0.608           0.923           0.828           0.919           0.651           1.034           0.745           0.900       13056.224
       377           0.777           0.607           0.922           0.829           0.919           0.649           1.030           0.747           0.901       13089.989
       378           0.778           0.607           0.922           0.829           0.919           0.650           1.033           0.746           0.901       13123.624
       379           0.776           0.606           0.920           0.829           0.919           0.649           1.030           0.747           0.901       13157.244
       380           0.776           0.606           0.921           0.829           0.919           0.650           1.029           0.748           0.901       13190.830
       381           0.777           0.606           0.921           0.829           0.919           0.649           1.032           0.746           0.901       13224.412
       382           0.777           0.607           0.921           0.829           0.919           0.650           1.032           0.746           0.901       13258.143
       383           0.776           0.605           0.921           0.829           0.919           0.648           1.029           0.748           0.901       13291.601
       384           0.776           0.606           0.921           0.829           0.919           0.649           1.031           0.747           0.901       13325.092
       385           0.776           0.606           0.920           0.829           0.919           0.649           1.035           0.745           0.901       13358.704
       386           0.776           0.606           0.921           0.829           0.919           0.649           1.032           0.746           0.901       13392.386
       387           0.775           0.606           0.921           0.829           0.919           0.648           1.031           0.746           0.901       13426.733
       388           0.775           0.605           0.920           0.829           0.919           0.649           1.031           0.747           0.901       13460.773
       389           0.775           0.606           0.920           0.829           0.919           0.650           1.031           0.747           0.901       13494.851
       390           0.775           0.605           0.920           0.830           0.919           0.649           1.033           0.746           0.901       13528.896
       391           0.775           0.605           0.920           0.830           0.919           0.651           1.031           0.747           0.900       13562.925
       392           0.775           0.606           0.919           0.830           0.919           0.650           1.033           0.746           0.900       13597.205
       393           0.774           0.605           0.919           0.830           0.920           0.648           1.033           0.746           0.901       13630.781
       394           0.775           0.605           0.919           0.830           0.919           0.648           1.031           0.747           0.901       13664.350
       395           0.774           0.605           0.919           0.830           0.920           0.648           1.033           0.746           0.900       13697.870
       396           0.774           0.605           0.919           0.830           0.919           0.647           1.032           0.746           0.900       13731.558
       397           0.774           0.605           0.918           0.830           0.920           0.650           1.035           0.745           0.900       13765.187
       398           0.774           0.605           0.918           0.830           0.919           0.649           1.034           0.745           0.901       13798.878
       399           0.773           0.605           0.918           0.830           0.920           0.647           1.030           0.747           0.900       13832.676
       400           0.773           0.604           0.917           0.830           0.920           0.649           1.031           0.746           0.901       13866.401
       401           0.773           0.605           0.917           0.830           0.920           0.649           1.031           0.747           0.901       13900.297
       402           0.773           0.604           0.917           0.831           0.920           0.648           1.029           0.748           0.900       13934.144
       403           0.773           0.604           0.917           0.830           0.920           0.647           1.029           0.748           0.901       13968.060
       404           0.773           0.604           0.917           0.831           0.920           0.649           1.029           0.748           0.900       14001.921
       405           0.773           0.605           0.918           0.830           0.919           0.650           1.030           0.747           0.900       14035.775
       406           0.772           0.603           0.916           0.831           0.920           0.648           1.030           0.747           0.901       14069.858
       407           0.771           0.604           0.916           0.831           0.920           0.649           1.031           0.747           0.900       14103.975
       408           0.773           0.604           0.917           0.830           0.920           0.649           1.032           0.746           0.900       14138.031
       409           0.772           0.604           0.916           0.831           0.920           0.650           1.033           0.746           0.900       14172.058
       410           0.772           0.604           0.916           0.831           0.920           0.647           1.029           0.747           0.900       14206.017
       411           0.772           0.604           0.917           0.831           0.920           0.649           1.029           0.747           0.900       14240.142
       412           0.770           0.603           0.914           0.832           0.920           0.648           1.039           0.743           0.900       14274.245
       413           0.769           0.602           0.913           0.832           0.920           0.648           1.037           0.744           0.901       14308.361
       414           0.768           0.601           0.912           0.832           0.920           0.647           1.037           0.744           0.900       14342.511
       415           0.768           0.601           0.912           0.832           0.920           0.648           1.036           0.744           0.900       14376.660
       416           0.767           0.601           0.911           0.833           0.921           0.647           1.037           0.743           0.901       14412.081
       417           0.768           0.601           0.912           0.832           0.920           0.647           1.034           0.745           0.901       14448.789
       418           0.767           0.600           0.912           0.832           0.921           0.649           1.037           0.744           0.900       14483.042
       419           0.767           0.600           0.911           0.833           0.921           0.648           1.035           0.745           0.900       14517.360
       420           0.767           0.601           0.911           0.833           0.921           0.649           1.037           0.744           0.900       14551.661
       421           0.766           0.600           0.910           0.833           0.921           0.650           1.037           0.744           0.900       14586.426
       422           0.767           0.601           0.912           0.833           0.921           0.648           1.034           0.745           0.900       14620.939
       423           0.766           0.600           0.910           0.833           0.921           0.649           1.035           0.745           0.900       14655.449
       424           0.767           0.600           0.911           0.833           0.921           0.649           1.034           0.745           0.900       14690.039
       425           0.765           0.599           0.910           0.833           0.921           0.645           1.030           0.747           0.901       14724.663
       426           0.766           0.599           0.911           0.833           0.921           0.650           1.035           0.745           0.900       14759.474
       427           0.766           0.600           0.910           0.833           0.921           0.648           1.034           0.745           0.901       14793.814
       428           0.765           0.599           0.910           0.833           0.921           0.647           1.032           0.746           0.901       14828.155
       429           0.764           0.599           0.909           0.834           0.921           0.650           1.033           0.746           0.901       14862.500
       430           0.764           0.599           0.909           0.833           0.921           0.647           1.031           0.747           0.901       14896.870
       431           0.763           0.598           0.908           0.834           0.921           0.646           1.031           0.747           0.901       14931.011
       432           0.763           0.598           0.908           0.834           0.921           0.648           1.031           0.747           0.901       14965.056
       433           0.764           0.598           0.909           0.833           0.921           0.663           1.025           0.750           0.900       14998.958
       434           0.764           0.598           0.909           0.834           0.921           0.645           1.029           0.748           0.901       15032.821
       435           0.763           0.597           0.907           0.834           0.921           0.646           1.031           0.747           0.901       15066.894
       436           0.762           0.597           0.907           0.834           0.921           0.651           1.033           0.746           0.900       15100.465
       437           0.762           0.597           0.907           0.834           0.921           0.647           1.031           0.746           0.901       15134.027
       438           0.762           0.597           0.907           0.834           0.921           0.647           1.032           0.746           0.901       15167.560
       439           0.762           0.597           0.907           0.834           0.921           0.646           1.030           0.747           0.901       15223.155
       440           0.761           0.596           0.906           0.834           0.921           0.646           1.031           0.746           0.901       15257.223
       441           0.761           0.596           0.906           0.835           0.921           0.646           1.030           0.747           0.901       15290.565
       442           0.760           0.596           0.905           0.835           0.922           0.649           1.029           0.748           0.901       15323.891
       443           0.761           0.596           0.906           0.835           0.921           0.646           1.029           0.747           0.901       15357.228
       444           0.761           0.596           0.906           0.835           0.921           0.649           1.032           0.746           0.900       15390.621
       445           0.760           0.596           0.905           0.835           0.922           0.648           1.030           0.747           0.900       15424.221
       446           0.760           0.596           0.905           0.835           0.922           0.647           1.031           0.747           0.900       15457.804
       447           0.760           0.596           0.905           0.835           0.922           0.647           1.030           0.747           0.900       15504.590
       448           0.760           0.595           0.905           0.835           0.922           0.647           1.032           0.746           0.900       15547.510
       449           0.759           0.595           0.904           0.835           0.922           0.646           1.027           0.749           0.901       15581.851
       450           0.759           0.595           0.905           0.835           0.922           0.646           1.030           0.747           0.901       15616.924
       451           0.759           0.595           0.904           0.835           0.922           0.648           1.028           0.748           0.901       15651.276
       452           0.758           0.594           0.903           0.836           0.922           0.646           1.028           0.748           0.901       15685.540
       453           0.759           0.594           0.904           0.835           0.922           0.647           1.029           0.748           0.901       15719.797
       454           0.758           0.594           0.903           0.836           0.922           0.648           1.032           0.746           0.900       15753.864
       455           0.758           0.594           0.903           0.836           0.922           0.647           1.029           0.748           0.901       15788.188
       456           0.758           0.594           0.903           0.836           0.922           0.648           1.027           0.749           0.900       15826.502
       457           0.757           0.593           0.902           0.836           0.922           0.649           1.029           0.748           0.900       15860.444
       458           0.758           0.594           0.903           0.836           0.922           0.647           1.028           0.748           0.901       15894.332
       459           0.758           0.594           0.903           0.836           0.922           0.649           1.028           0.748           0.900       15928.084
       460           0.757           0.594           0.902           0.836           0.922           0.648           1.028           0.748           0.900       15962.246
       461           0.758           0.594           0.903           0.836           0.922           0.646           1.024           0.750           0.901       15995.882
       462           0.755           0.592           0.900           0.837           0.922           0.646           1.035           0.745           0.900       16029.384
       463           0.754           0.592           0.899           0.837           0.922           0.646           1.034           0.745           0.900       16062.834
       464           0.754           0.592           0.899           0.837           0.922           0.646           1.032           0.746           0.900       16096.267
       465           0.754           0.592           0.899           0.837           0.922           0.645           1.034           0.745           0.901       16129.680
       466           0.754           0.591           0.899           0.837           0.922           0.646           1.032           0.746           0.901       16163.085
       467           0.754           0.591           0.899           0.837           0.923           0.644           1.033           0.746           0.901       16196.467
       468           0.753           0.591           0.899           0.837           0.922           0.647           1.033           0.745           0.900       16229.877
       469           0.754           0.591           0.899           0.837           0.922           0.646           1.031           0.746           0.901       16263.504
       470           0.753           0.591           0.898           0.837           0.923           0.646           1.032           0.746           0.901       16297.091
       471           0.753           0.591           0.898           0.838           0.923           0.645           1.032           0.746           0.901       16330.868
       472           0.753           0.591           0.899           0.837           0.923           0.645           1.031           0.746           0.901       16364.871
       473           0.753           0.590           0.898           0.838           0.923           0.646           1.031           0.747           0.901       16398.869
       474           0.752           0.591           0.897           0.838           0.923           0.647           1.033           0.746           0.901       16433.121
       475           0.752           0.590           0.897           0.838           0.923           0.647           1.032           0.746           0.900       16467.327
       476           0.753           0.591           0.898           0.838           0.923           0.647           1.033           0.746           0.901       16501.570
       477           0.752           0.590           0.897           0.838           0.923           0.647           1.033           0.746           0.900       16535.731
       478           0.751           0.589           0.896           0.838           0.923           0.648           1.034           0.745           0.900       16569.893
       479           0.752           0.590           0.897           0.838           0.923           0.647           1.034           0.745           0.901       16604.009
       480           0.752           0.590           0.897           0.838           0.923           0.645           1.033           0.746           0.901       16637.705
       481           0.752           0.591           0.897           0.838           0.923           0.647           1.032           0.746           0.901       16671.510
       482           0.752           0.590           0.897           0.838           0.923           0.647           1.034           0.745           0.901       16705.338
       483           0.749           0.588           0.894           0.839           0.923           0.646           1.039           0.743           0.901       16739.348
       484           0.748           0.587           0.893           0.839           0.923           0.647           1.039           0.743           0.900       16773.683
       485           0.748           0.587           0.893           0.839           0.923           0.648           1.036           0.744           0.900       16807.482
       486           0.747           0.587           0.892           0.840           0.924           0.646           1.039           0.743           0.900       16841.118
       487           0.747           0.586           0.892           0.840           0.924           0.648           1.037           0.744           0.900       16874.768
       488           0.747           0.586           0.892           0.840           0.923           0.647           1.034           0.745           0.901       16908.477
       489           0.747           0.586           0.892           0.840           0.924           0.648           1.038           0.743           0.900       16942.438
       490           0.746           0.586           0.891           0.840           0.924           0.647           1.035           0.745           0.901       16976.315
       491           0.746           0.586           0.891           0.840           0.924           0.647           1.035           0.745           0.901       17010.096
       492           0.746           0.586           0.891           0.840           0.924           0.647           1.037           0.744           0.900       17043.986
       493           0.747           0.586           0.892           0.840           0.924           0.647           1.034           0.745           0.901       17077.839
       494           0.746           0.586           0.891           0.840           0.924           0.647           1.036           0.744           0.900       17112.181
       495           0.746           0.586           0.891           0.840           0.924           0.648           1.036           0.744           0.900       17146.267
       496           0.744           0.584           0.889           0.841           0.924           0.650           1.040           0.742           0.900       17180.348
       497           0.744           0.584           0.889           0.841           0.924           0.649           1.040           0.742           0.900       17214.453
       498           0.744           0.584           0.888           0.841           0.924           0.648           1.039           0.743           0.900       17248.591
       499           0.743           0.584           0.888           0.841           0.924           0.649           1.040           0.742           0.900       17282.618
       500           0.744           0.584           0.888           0.841           0.924           0.649           1.035           0.745           0.900       17316.369
--------------------------------------------------------------------------------------------------------------------------------------------------------------------------------------------------------
The best indicator statistics
      BestEpoch        TrainMAE       TrainRMSE         TrainR2         TrainCC        ValidMAE       ValidRMSE         ValidR2         ValidCC
       345           0.613           0.930           0.826           0.917           0.643           1.027           0.749           0.901
Total training time: 17317.9023 seconds
>>> Training of the Model Accomplished! >>>
End at:  Thu Mar 30 16:38:52 2023
++++++++++++++++++++++++++++++++++++++++
process end at : 
Thu Mar 30 16:39:24 CST 2023
