32
process will start at : 
Sat Jun 17 23:40:04 CST 2023
++++++++++++++++++++++++++++++++++++++++
Load GaoDataSet from /lustre/home/qfchen/Mult-Target-Molecular/TAGCN-N-feature/dataset/N_train_lbl.scv ... done (6996 lines, 141.404 seconds) 
Load GaoDataSet from /lustre/home/qfchen/Mult-Target-Molecular/TAGCN-N-feature/dataset/N_test_lbl.scv ... done (3000 lines, 60.246 seconds) 
>>> Training of the Model >>>
Start at:  Sat Jun 17 23:44:50 2023
PID:       290303
Learning rate:               1E-03
Batch size:                  32
Maximum epochs:              500
Output frequency:            1
Device:                      cpu
--------------------------------------------------------------------------------------------------------------------------------------------------------------------------------------------------------
     Epoch       TrainLoss        TrainMAE       TrainRMSE         TrainR2         TrainCC        ValidMAE       ValidRMSE         ValidR2         ValidCC         Time(s)
--------------------------------------------------------------------------------------------------------------------------------------------------------------------------------------------------------
         0           1.166           0.980           1.307          -0.655           0.305           0.679           0.930           0.129           0.522          38.677
         1           0.881           0.829           1.096          -0.163           0.494           0.609           0.849           0.275           0.633          74.100
         2           0.743           0.739           0.989           0.053           0.613           0.648           0.871           0.237           0.728         109.352
         3           0.683           0.698           0.949           0.128           0.671           0.698           0.906           0.174           0.772         144.571
         4           0.636           0.676           0.919           0.182           0.698           0.402           0.662           0.558           0.781         179.894
         5           0.597           0.650           0.890           0.233           0.722           0.378           0.637           0.591           0.801         215.359
         6           0.552           0.628           0.866           0.274           0.748           0.325           0.588           0.652           0.815         250.723
         7           0.545           0.623           0.865           0.276           0.755           0.308           0.571           0.672           0.831         287.008
         8           0.522           0.612           0.847           0.305           0.767           0.298           0.558           0.687           0.841         324.006
         9           0.509           0.605           0.834           0.327           0.782           0.283           0.544           0.702           0.847         361.333
        10           0.506           0.607           0.842           0.313           0.777           0.523           0.746           0.440           0.832         399.097
        11           0.479           0.595           0.830           0.333           0.794           1.274           1.379          -0.913           0.843         436.875
        12           0.479           0.608           0.843           0.312           0.788           0.726           0.882           0.217           0.862         474.649
        13           0.424           0.570           0.798           0.384           0.818           0.707           0.868           0.243           0.861         512.408
        14           0.455           0.589           0.823           0.344           0.807           0.230           0.488           0.761           0.886         549.484
        15           0.465           0.588           0.817           0.354           0.802           0.262           0.522           0.726           0.879         586.609
        16           0.408           0.556           0.773           0.421           0.829           0.526           0.739           0.451           0.845         623.347
        17           0.407           0.572           0.795           0.388           0.821           0.568           0.768           0.407           0.850         660.284
        18           0.408           0.567           0.794           0.390           0.826           0.215           0.469           0.779           0.898         697.103
        19           0.391           0.551           0.770           0.427           0.833           0.281           0.534           0.713           0.882         735.988
        20           0.376           0.547           0.769           0.428           0.839           0.903           0.990           0.013           0.918         776.387
        21           0.370           0.559           0.780           0.411           0.832           0.854           0.951           0.090           0.914         814.014
        22           0.328           0.538           0.755           0.448           0.850           0.482           0.703           0.502           0.853         850.826
        23           0.415           0.561           0.789           0.398           0.830           1.279           1.370          -0.888           0.868         887.900
        24           0.356           0.546           0.764           0.436           0.843           0.700           0.850           0.273           0.878         924.432
        25           0.340           0.538           0.754           0.449           0.848           0.207           0.458           0.789           0.907         962.008
        26           0.400           0.572           0.795           0.388           0.824           0.620           0.800           0.356           0.857         998.788
        27           0.324           0.528           0.745           0.463           0.854           0.930           0.993           0.007           0.943        1035.531
        28           0.312           0.530           0.746           0.461           0.855           0.254           0.506           0.742           0.895        1072.290
        29           0.315           0.527           0.742           0.466           0.856           0.234           0.486           0.763           0.902        1108.409
        30           0.310           0.526           0.741           0.468           0.857           0.221           0.473           0.775           0.906        1144.601
        31           0.304           0.525           0.740           0.470           0.858           0.337           0.585           0.656           0.876        1180.813
        32           0.303           0.528           0.744           0.463           0.858           0.621           0.793           0.366           0.871        1216.879
        33           0.297           0.532           0.748           0.459           0.857           0.712           0.852           0.270           0.885        1252.664
        34           0.295           0.526           0.741           0.468           0.859           0.708           0.849           0.275           0.886        1288.561
        35           0.283           0.527           0.740           0.470           0.862           0.696           0.840           0.290           0.884        1324.645
        36           0.338           0.536           0.754           0.450           0.851           0.942           0.997           0.000           0.950        1359.637
        37           0.286           0.524           0.737           0.475           0.863           0.288           0.541           0.706           0.890        1394.436
        38           0.255           0.510           0.724           0.493           0.867           0.734           0.862           0.252           0.895        1428.977
        39           0.280           0.524           0.737           0.474           0.864           0.731           0.860           0.255           0.895        1463.524
        40           0.244           0.517           0.729           0.486           0.867           0.734           0.862           0.252           0.895        1498.282
        41           0.265           0.522           0.736           0.476           0.863           0.732           0.862           0.253           0.894        1532.942
        42           0.291           0.526           0.738           0.473           0.864           0.727           0.858           0.259           0.893        1567.632
        43           0.234           0.509           0.721           0.496           0.869           0.417           0.649           0.576           0.869        1602.301
        44           0.278           0.522           0.734           0.478           0.866           0.585           0.769           0.404           0.868        1636.946
        45           0.228           0.510           0.722           0.496           0.869           0.736           0.863           0.250           0.896        1671.779
        46           0.208           0.505           0.716           0.503           0.871           0.407           0.641           0.587           0.873        1706.568
        47           0.267           0.518           0.728           0.487           0.868           0.906           0.964           0.064           0.947        1741.464
        48           0.215           0.513           0.722           0.496           0.872           0.764           0.881           0.219           0.904        1776.594
        49           0.205           0.513           0.722           0.495           0.872           0.734           0.863           0.251           0.898        1812.122
        50           0.203           0.509           0.720           0.498           0.872           0.742           0.867           0.243           0.900        1847.681
        51           0.199           0.508           0.718           0.502           0.872           0.333           0.580           0.661           0.885        1883.021
        52           0.215           0.511           0.721           0.497           0.873           0.822           0.914           0.160           0.923        1922.799
        53           0.198           0.508           0.719           0.500           0.872           0.859           0.934           0.123           0.936        1962.375
        54           0.192           0.511           0.720           0.499           0.874           0.308           0.557           0.687           0.890        2001.911
        55           0.206           0.513           0.721           0.497           0.874           0.378           0.617           0.616           0.878        2041.466
        56           0.196           0.507           0.718           0.502           0.873           0.506           0.715           0.485           0.868        2081.398
        57           0.258           0.511           0.723           0.495           0.872           0.940           0.980           0.034           0.965        2121.052
        58           0.208           0.504           0.716           0.504           0.873           0.824           0.914           0.160           0.926        2160.815
        59           0.174           0.502           0.712           0.509           0.876           0.462           0.683           0.530           0.869        2200.437
        60           0.207           0.510           0.720           0.499           0.874           0.885           0.948           0.096           0.945        2240.258
        61           0.208           0.508           0.717           0.502           0.874           0.890           0.950           0.092           0.947        2280.249
        62           0.196           0.512           0.720           0.498           0.875           0.892           0.951           0.089           0.948        2320.032
        63           0.187           0.509           0.717           0.502           0.875           0.914           0.963           0.066           0.957        2359.987
        64           0.181           0.507           0.716           0.504           0.876           0.865           0.936           0.119           0.939        2399.907
        65           0.158           0.507           0.714           0.506           0.877           0.541           0.738           0.452           0.873        2439.118
        66           0.171           0.502           0.712           0.510           0.877           0.624           0.794           0.366           0.878        2474.803
        67           0.178           0.505           0.715           0.506           0.876           0.869           0.938           0.115           0.940        2510.469
        68           0.164           0.503           0.712           0.510           0.878           0.541           0.738           0.452           0.873        2546.149
        69           0.164           0.499           0.710           0.512           0.877           0.617           0.788           0.375           0.880        2581.980
        70           0.142           0.504           0.713           0.508           0.876           0.618           0.788           0.375           0.881        2617.750
        71           0.154           0.499           0.710           0.513           0.877           0.679           0.829           0.309           0.887        2653.780
        72           0.161           0.503           0.712           0.509           0.877           0.509           0.716           0.484           0.869        2689.590
        73           0.159           0.503           0.712           0.509           0.876           0.858           0.932           0.126           0.936        2725.501
        74           0.145           0.508           0.715           0.505           0.877           0.589           0.770           0.404           0.878        2761.524
        75           0.129           0.507           0.715           0.505           0.877           0.631           0.797           0.360           0.883        2797.551
        76           0.133           0.502           0.711           0.510           0.877           0.640           0.803           0.351           0.884        2833.882
        77           0.134           0.503           0.712           0.509           0.877           0.660           0.816           0.331           0.888        2870.156
        78           0.143           0.498           0.708           0.515           0.878           0.633           0.798           0.359           0.883        2906.510
        79           0.148           0.499           0.709           0.514           0.879           0.836           0.919           0.150           0.932        2942.955
        80           0.148           0.503           0.712           0.510           0.877           0.804           0.901           0.183           0.920        2979.385
        81           0.143           0.503           0.712           0.510           0.878           0.791           0.894           0.196           0.915        3016.034
        82           0.140           0.504           0.712           0.509           0.878           0.786           0.891           0.202           0.915        3052.548
        83           0.138           0.503           0.712           0.510           0.878           0.783           0.889           0.204           0.913        3089.216
        84           0.128           0.499           0.709           0.514           0.876           0.709           0.846           0.280           0.894        3126.254
        85           0.128           0.501           0.710           0.512           0.876           0.727           0.857           0.261           0.897        3163.479
        86           0.128           0.501           0.710           0.512           0.877           0.738           0.863           0.250           0.900        3200.740
        87           0.127           0.503           0.711           0.510           0.877           0.746           0.867           0.243           0.902        3237.949
        88           0.127           0.502           0.711           0.510           0.877           0.751           0.870           0.238           0.903        3275.044
        89           0.126           0.501           0.710           0.512           0.877           0.750           0.870           0.239           0.903        3312.258
        90           0.125           0.501           0.710           0.511           0.877           0.750           0.870           0.239           0.903        3349.501
        91           0.124           0.500           0.710           0.512           0.877           0.746           0.867           0.243           0.902        3387.142
        92           0.121           0.498           0.708           0.515           0.877           0.769           0.881           0.219           0.910        3424.000
        93           0.118           0.498           0.708           0.515           0.877           0.722           0.853           0.267           0.899        3460.665
        94           0.121           0.496           0.706           0.518           0.878           0.835           0.918           0.153           0.933        3497.411
        95           0.116           0.495           0.705           0.518           0.878           0.612           0.785           0.379           0.880        3535.883
        96           0.117           0.498           0.708           0.515           0.879           0.631           0.798           0.359           0.882        3576.652
        97           0.117           0.496           0.707           0.517           0.879           0.671           0.823           0.319           0.889        3617.427
        98           0.116           0.495           0.706           0.518           0.879           0.712           0.848           0.277           0.897        3658.637
        99           0.117           0.494           0.704           0.520           0.878           0.705           0.844           0.284           0.896        3699.011
       100           0.116           0.495           0.705           0.518           0.878           0.745           0.867           0.243           0.904        3739.368
       101           0.121           0.498           0.708           0.515           0.878           0.778           0.886           0.210           0.913        3775.330
       102           0.117           0.499           0.709           0.514           0.878           0.767           0.880           0.221           0.909        3812.298
       103           0.109           0.500           0.710           0.513           0.878           0.682           0.829           0.308           0.890        3848.449
       104           0.109           0.501           0.710           0.512           0.877           0.703           0.842           0.287           0.893        3884.264
       105           0.109           0.501           0.710           0.512           0.877           0.711           0.847           0.279           0.896        3924.849
       106           0.109           0.500           0.709           0.513           0.878           0.711           0.847           0.279           0.896        3960.580
       107           0.108           0.499           0.709           0.514           0.878           0.713           0.848           0.277           0.896        3996.780
       108           0.108           0.498           0.708           0.515           0.878           0.712           0.847           0.278           0.896        4033.124
       109           0.107           0.498           0.708           0.515           0.878           0.715           0.849           0.275           0.896        4068.870
       110           0.107           0.498           0.708           0.515           0.878           0.718           0.851           0.271           0.898        4104.586
       111           0.106           0.498           0.708           0.515           0.878           0.716           0.850           0.274           0.897        4140.431
       112           0.106           0.499           0.708           0.514           0.878           0.721           0.852           0.269           0.899        4176.209
       113           0.105           0.499           0.709           0.514           0.878           0.723           0.854           0.267           0.899        4211.837
       114           0.104           0.500           0.709           0.514           0.878           0.722           0.853           0.267           0.899        4247.434
       115           0.104           0.499           0.708           0.514           0.878           0.720           0.852           0.269           0.899        4283.058
       116           0.103           0.498           0.708           0.515           0.878           0.719           0.851           0.271           0.899        4318.826
       117           0.102           0.499           0.709           0.514           0.878           0.722           0.853           0.267           0.899        4354.851
       118           0.102           0.498           0.708           0.515           0.878           0.722           0.853           0.267           0.899        4390.847
       119           0.101           0.496           0.707           0.517           0.878           0.721           0.853           0.268           0.899        4426.642
       120           0.101           0.498           0.707           0.516           0.878           0.724           0.854           0.266           0.900        4462.401
       121           0.100           0.498           0.708           0.515           0.878           0.723           0.854           0.266           0.899        4498.241
       122           0.099           0.497           0.707           0.516           0.878           0.728           0.857           0.261           0.900        4534.290
       123           0.099           0.498           0.708           0.515           0.878           0.725           0.855           0.264           0.900        4570.271
       124           0.098           0.497           0.707           0.516           0.878           0.730           0.858           0.259           0.901        4606.199
       125           0.097           0.497           0.707           0.516           0.879           0.734           0.860           0.255           0.902        4642.128
       126           0.097           0.497           0.707           0.516           0.878           0.737           0.862           0.252           0.903        4678.087
       127           0.096           0.498           0.707           0.516           0.878           0.739           0.863           0.251           0.903        4714.198
       128           0.096           0.496           0.706           0.517           0.878           0.741           0.864           0.248           0.904        4750.288
       129           0.095           0.496           0.707           0.517           0.878           0.738           0.862           0.252           0.903        4786.141
       130           0.095           0.495           0.706           0.518           0.878           0.733           0.859           0.257           0.902        4821.811
       131           0.094           0.497           0.707           0.516           0.878           0.730           0.858           0.260           0.902        4857.535
       132           0.093           0.496           0.706           0.517           0.878           0.730           0.858           0.260           0.901        4893.411
       133           0.093           0.496           0.706           0.517           0.879           0.729           0.857           0.261           0.901        4929.284
       134           0.092           0.497           0.707           0.516           0.879           0.731           0.858           0.259           0.901        4966.332
       135           0.091           0.497           0.708           0.515           0.879           0.730           0.858           0.260           0.901        5001.949
       136           0.090           0.498           0.708           0.515           0.878           0.729           0.857           0.261           0.901        5037.264
       137           0.089           0.498           0.708           0.515           0.878           0.730           0.857           0.260           0.901        5072.701
       138           0.089           0.498           0.708           0.514           0.878           0.729           0.857           0.261           0.901        5108.108
       139           0.088           0.499           0.708           0.514           0.878           0.727           0.856           0.263           0.900        5143.445
       140           0.088           0.499           0.709           0.514           0.878           0.729           0.857           0.261           0.901        5178.883
       141           0.087           0.497           0.707           0.516           0.878           0.728           0.856           0.262           0.901        5214.322
       142           0.087           0.497           0.708           0.515           0.878           0.732           0.859           0.258           0.902        5250.177
       143           0.086           0.500           0.709           0.513           0.878           0.731           0.858           0.259           0.902        5287.680
       144           0.086           0.498           0.708           0.515           0.878           0.733           0.859           0.257           0.902        5323.546
       145           0.085           0.498           0.708           0.515           0.878           0.728           0.856           0.262           0.901        5359.479
       146           0.085           0.500           0.709           0.513           0.878           0.722           0.853           0.268           0.900        5395.390
       147           0.085           0.499           0.709           0.513           0.878           0.726           0.855           0.264           0.901        5431.338
       148           0.085           0.499           0.709           0.514           0.879           0.725           0.855           0.265           0.901        5467.535
       149           0.084           0.500           0.710           0.512           0.878           0.721           0.852           0.269           0.900        5503.600
       150           0.083           0.500           0.709           0.513           0.879           0.732           0.859           0.258           0.903        5539.750
       151           0.082           0.500           0.710           0.512           0.878           0.739           0.863           0.251           0.905        5576.019
       152           0.081           0.501           0.709           0.513           0.879           0.766           0.878           0.224           0.913        5612.288
       153           0.081           0.502           0.710           0.512           0.878           0.780           0.886           0.209           0.918        5648.875
       154           0.080           0.498           0.708           0.515           0.878           0.767           0.879           0.223           0.914        5685.293
       155           0.079           0.498           0.708           0.515           0.878           0.764           0.877           0.226           0.913        5721.797
       156           0.079           0.498           0.708           0.515           0.878           0.750           0.869           0.240           0.909        5758.316
       157           0.078           0.498           0.707           0.516           0.878           0.755           0.872           0.235           0.910        5794.968
       158           0.078           0.500           0.709           0.514           0.879           0.763           0.876           0.227           0.912        5831.902
       159           0.078           0.501           0.710           0.512           0.879           0.764           0.877           0.226           0.913        5868.724
       160           0.077           0.499           0.709           0.514           0.879           0.760           0.875           0.230           0.912        5905.442
       161           0.076           0.499           0.708           0.514           0.879           0.757           0.873           0.233           0.911        5942.247
       162           0.076           0.498           0.708           0.515           0.879           0.754           0.871           0.236           0.910        5978.986
       163           0.076           0.499           0.708           0.514           0.879           0.763           0.877           0.227           0.913        6015.939
       164           0.075           0.501           0.710           0.512           0.879           0.770           0.881           0.219           0.915        6052.734
       165           0.075           0.501           0.710           0.513           0.879           0.773           0.882           0.217           0.916        6089.352
       166           0.074           0.500           0.709           0.514           0.879           0.769           0.880           0.221           0.915        6126.038
       167           0.074           0.499           0.709           0.514           0.879           0.766           0.878           0.224           0.914        6162.705
       168           0.074           0.498           0.708           0.515           0.879           0.770           0.880           0.220           0.915        6199.746
       169           0.073           0.498           0.708           0.515           0.879           0.770           0.880           0.220           0.916        6236.693
       170           0.073           0.499           0.708           0.514           0.879           0.778           0.885           0.212           0.918        6273.665
       171           0.073           0.497           0.707           0.516           0.879           0.784           0.888           0.206           0.920        6310.616
       172           0.072           0.498           0.708           0.515           0.879           0.785           0.889           0.205           0.920        6347.307
       173           0.072           0.497           0.707           0.516           0.879           0.789           0.891           0.201           0.921        6384.122
       174           0.071           0.496           0.706           0.517           0.879           0.792           0.893           0.198           0.922        6420.614
       175           0.071           0.495           0.706           0.518           0.879           0.789           0.891           0.201           0.921        6457.061
       176           0.071           0.496           0.706           0.517           0.880           0.797           0.896           0.193           0.923        6493.563
       177           0.070           0.495           0.705           0.519           0.879           0.804           0.899           0.186           0.926        6530.098
       178           0.069           0.495           0.706           0.518           0.879           0.810           0.903           0.180           0.928        6566.753
       179           0.069           0.495           0.706           0.518           0.879           0.813           0.905           0.176           0.929        6603.368
       180           0.069           0.495           0.706           0.518           0.879           0.816           0.906           0.174           0.930        6639.883
       181           0.068           0.496           0.706           0.517           0.880           0.770           0.880           0.220           0.915        6676.599
       182           0.068           0.494           0.705           0.519           0.880           0.825           0.911           0.164           0.933        6713.236
       183           0.068           0.494           0.705           0.519           0.879           0.830           0.914           0.160           0.935        6749.999
       184           0.067           0.494           0.705           0.519           0.880           0.833           0.916           0.156           0.936        6786.553
       185           0.072           0.501           0.709           0.513           0.879           0.840           0.919           0.150           0.939        6822.583
       186           0.065           0.496           0.706           0.517           0.879           0.833           0.915           0.157           0.936        6858.212
       187           0.065           0.496           0.706           0.517           0.879           0.832           0.915           0.158           0.936        6893.793
       188           0.065           0.496           0.706           0.517           0.879           0.837           0.918           0.152           0.938        6929.581
       189           0.065           0.497           0.707           0.517           0.879           0.837           0.918           0.152           0.938        6965.353
       190           0.065           0.497           0.707           0.516           0.879           0.839           0.919           0.150           0.938        7001.124
       191           0.064           0.498           0.708           0.515           0.879           0.840           0.920           0.149           0.939        7036.964
       192           0.064           0.496           0.706           0.517           0.879           0.846           0.923           0.143           0.941        7072.749
       193           0.064           0.496           0.706           0.517           0.879           0.847           0.923           0.142           0.941        7108.328
       194           0.063           0.496           0.706           0.518           0.879           0.847           0.923           0.142           0.942        7144.160
       195           0.063           0.495           0.706           0.518           0.879           0.845           0.922           0.144           0.940        7179.806
       196           0.063           0.496           0.706           0.518           0.879           0.847           0.923           0.142           0.942        7215.564
       197           0.062           0.496           0.706           0.518           0.879           0.852           0.926           0.137           0.943        7251.251
       198           0.062           0.495           0.705           0.519           0.880           0.849           0.924           0.140           0.942        7286.950
       199           0.062           0.494           0.705           0.519           0.879           0.850           0.925           0.139           0.942        7322.811
       200           0.061           0.494           0.705           0.519           0.879           0.852           0.926           0.137           0.943        7358.473
       201           0.061           0.495           0.705           0.518           0.879           0.852           0.926           0.137           0.943        7394.226
       202           0.061           0.495           0.706           0.518           0.879           0.850           0.925           0.139           0.942        7430.541
       203           0.060           0.496           0.706           0.517           0.879           0.851           0.925           0.138           0.942        7466.299
       204           0.060           0.495           0.705           0.519           0.879           0.850           0.925           0.140           0.942        7502.275
       205           0.059           0.496           0.706           0.517           0.880           0.852           0.926           0.137           0.942        7537.668
       206           0.059           0.496           0.706           0.518           0.879           0.854           0.927           0.136           0.943        7572.851
       207           0.059           0.496           0.706           0.517           0.879           0.856           0.928           0.134           0.944        7607.993
       208           0.058           0.494           0.704           0.520           0.879           0.854           0.927           0.135           0.943        7643.094
       209           0.058           0.496           0.706           0.517           0.880           0.859           0.930           0.130           0.945        7678.366
       210           0.058           0.495           0.705           0.518           0.880           0.859           0.930           0.130           0.945        7713.544
       211           0.057           0.496           0.706           0.517           0.880           0.859           0.930           0.130           0.945        7748.778
       212           0.057           0.496           0.706           0.517           0.880           0.860           0.930           0.129           0.945        7784.108
       213           0.057           0.498           0.707           0.516           0.880           0.858           0.929           0.131           0.945        7825.420
       214           0.056           0.498           0.707           0.516           0.880           0.857           0.928           0.133           0.944        7862.364
       215           0.056           0.498           0.708           0.515           0.880           0.854           0.927           0.135           0.943        7897.952
       216           0.056           0.496           0.706           0.517           0.880           0.856           0.928           0.133           0.944        7933.456
       217           0.055           0.495           0.706           0.518           0.880           0.853           0.927           0.136           0.943        7969.056
       218           0.055           0.495           0.705           0.519           0.880           0.855           0.928           0.134           0.943        8005.108
       219           0.055           0.494           0.704           0.520           0.880           0.858           0.929           0.131           0.945        8041.440
       220           0.054           0.494           0.705           0.519           0.880           0.858           0.929           0.132           0.944        8077.191
       221           0.054           0.494           0.705           0.519           0.880           0.854           0.927           0.135           0.943        8113.094
       222           0.054           0.494           0.705           0.520           0.880           0.857           0.929           0.132           0.944        8149.024
       223           0.053           0.494           0.705           0.519           0.880           0.858           0.929           0.132           0.944        8184.982
       224           0.053           0.494           0.705           0.520           0.880           0.859           0.930           0.130           0.945        8221.158
       225           0.053           0.494           0.705           0.519           0.880           0.861           0.931           0.129           0.945        8257.224
       226           0.052           0.493           0.704           0.520           0.880           0.861           0.931           0.128           0.945        8293.395
       227           0.052           0.494           0.705           0.519           0.880           0.860           0.930           0.129           0.945        8329.545
       228           0.051           0.491           0.703           0.522           0.880           0.858           0.929           0.132           0.944        8365.672
       229           0.051           0.492           0.703           0.522           0.880           0.860           0.930           0.129           0.945        8401.996
       230           0.051           0.491           0.703           0.522           0.880           0.860           0.930           0.129           0.945        8438.217
       231           0.050           0.491           0.703           0.522           0.880           0.859           0.930           0.130           0.944        8474.550
       232           0.050           0.492           0.703           0.522           0.880           0.859           0.929           0.131           0.944        8510.867
       233           0.050           0.491           0.702           0.522           0.880           0.858           0.929           0.132           0.944        8547.218
       234           0.049           0.493           0.704           0.521           0.881           0.857           0.929           0.132           0.943        8583.820
       235           0.049           0.491           0.703           0.522           0.880           0.860           0.930           0.129           0.945        8620.244
       236           0.049           0.493           0.704           0.521           0.881           0.863           0.932           0.126           0.946        8656.753
       237           0.048           0.492           0.703           0.521           0.881           0.864           0.932           0.125           0.946        8693.210
       238           0.048           0.492           0.703           0.521           0.881           0.859           0.930           0.130           0.944        8729.675
       239           0.048           0.493           0.704           0.520           0.881           0.860           0.930           0.129           0.944        8766.169
       240           0.048           0.493           0.704           0.521           0.881           0.857           0.929           0.132           0.944        8802.825
       241           0.047           0.494           0.705           0.519           0.881           0.858           0.929           0.131           0.944        8839.465
       242           0.047           0.493           0.704           0.520           0.881           0.862           0.931           0.128           0.945        8876.137
       243           0.046           0.493           0.704           0.520           0.881           0.861           0.931           0.128           0.944        8912.844
       244           0.046           0.493           0.704           0.520           0.881           0.858           0.929           0.131           0.943        8949.210
       245           0.046           0.494           0.705           0.519           0.881           0.858           0.929           0.131           0.943        8985.519
       246           0.046           0.495           0.705           0.519           0.881           0.858           0.929           0.131           0.943        9022.533
       247           0.045           0.496           0.706           0.518           0.881           0.860           0.930           0.129           0.944        9058.694
       248           0.045           0.496           0.706           0.518           0.881           0.858           0.929           0.131           0.944        9094.904
       249           0.045           0.496           0.706           0.517           0.881           0.862           0.931           0.128           0.945        9131.244
       250           0.044           0.495           0.705           0.519           0.880           0.859           0.929           0.131           0.944        9167.700
       251           0.044           0.495           0.705           0.518           0.881           0.857           0.928           0.133           0.943        9204.108
       252           0.044           0.495           0.705           0.519           0.881           0.846           0.922           0.144           0.940        9240.540
       253           0.044           0.494           0.704           0.520           0.881           0.854           0.927           0.136           0.942        9276.932
       254           0.044           0.496           0.706           0.518           0.881           0.851           0.926           0.138           0.941        9313.533
       255           0.044           0.495           0.705           0.518           0.880           0.853           0.927           0.136           0.942        9350.378
       256           0.043           0.495           0.705           0.519           0.881           0.850           0.925           0.140           0.941        9387.083
       257           0.043           0.494           0.705           0.519           0.881           0.847           0.923           0.142           0.941        9423.827
       258           0.042           0.493           0.703           0.521           0.881           0.847           0.923           0.143           0.941        9460.560
       259           0.042           0.492           0.703           0.522           0.881           0.847           0.923           0.142           0.941        9497.435
       260           0.042           0.490           0.701           0.524           0.881           0.846           0.922           0.144           0.940        9534.449
       261           0.041           0.495           0.705           0.519           0.881           0.845           0.922           0.144           0.940        9571.383
       262           0.041           0.491           0.702           0.523           0.880           0.844           0.922           0.145           0.940        9608.313
       263           0.041           0.492           0.703           0.522           0.880           0.847           0.923           0.143           0.940        9645.230
       264           0.041           0.491           0.702           0.523           0.881           0.848           0.924           0.142           0.941        9682.262
       265           0.040           0.491           0.702           0.523           0.881           0.850           0.925           0.140           0.941        9719.576
       266           0.040           0.494           0.704           0.520           0.881           0.849           0.924           0.140           0.941        9756.546
       267           0.040           0.492           0.703           0.522           0.881           0.848           0.924           0.141           0.941        9793.668
       268           0.040           0.493           0.704           0.521           0.881           0.843           0.921           0.146           0.939        9830.284
       269           0.039           0.491           0.702           0.523           0.880           0.843           0.921           0.146           0.940        9866.692
       270           0.039           0.490           0.701           0.524           0.881           0.844           0.922           0.145           0.940        9903.308
       271           0.039           0.489           0.701           0.524           0.880           0.840           0.919           0.149           0.938        9939.799
       272           0.038           0.489           0.700           0.525           0.880           0.839           0.919           0.151           0.937        9976.385
       273           0.038           0.490           0.701           0.524           0.880           0.835           0.917           0.154           0.936       10012.944
       274           0.037           0.491           0.702           0.523           0.881           0.829           0.913           0.161           0.934       10049.507
       275           0.037           0.492           0.703           0.522           0.880           0.819           0.908           0.170           0.931       10086.061
       276           0.037           0.493           0.703           0.521           0.881           0.817           0.907           0.172           0.931       10122.383
       277           0.037           0.492           0.703           0.522           0.880           0.813           0.905           0.177           0.929       10158.799
       278           0.036           0.492           0.703           0.522           0.880           0.817           0.907           0.172           0.931       10195.022
       279           0.036           0.491           0.702           0.523           0.881           0.817           0.907           0.173           0.931       10231.261
       280           0.036           0.492           0.703           0.522           0.881           0.819           0.908           0.171           0.931       10267.717
       281           0.036           0.491           0.702           0.523           0.881           0.815           0.906           0.175           0.930       10303.553
       282           0.036           0.493           0.704           0.521           0.881           0.803           0.899           0.187           0.926       10339.222
       283           0.035           0.493           0.704           0.521           0.881           0.796           0.895           0.194           0.923       10374.942
       284           0.035           0.492           0.703           0.522           0.881           0.801           0.898           0.189           0.925       10410.691
       285           0.035           0.492           0.703           0.522           0.881           0.800           0.897           0.190           0.925       10446.481
       286           0.035           0.492           0.703           0.522           0.881           0.807           0.901           0.182           0.928       10482.363
       287           0.034           0.490           0.702           0.523           0.881           0.810           0.903           0.180           0.928       10518.299
       288           0.034           0.492           0.703           0.521           0.881           0.812           0.904           0.178           0.929       10554.252
       289           0.034           0.494           0.704           0.520           0.881           0.813           0.904           0.177           0.929       10590.224
       290           0.034           0.491           0.702           0.523           0.881           0.816           0.906           0.173           0.931       10626.318
       291           0.034           0.490           0.702           0.524           0.881           0.818           0.907           0.172           0.931       10662.506
       292           0.033           0.493           0.704           0.521           0.881           0.809           0.903           0.180           0.928       10698.662
       293           0.033           0.492           0.703           0.522           0.881           0.821           0.909           0.169           0.932       10734.836
       294           0.032           0.492           0.703           0.522           0.881           0.820           0.908           0.170           0.932       10770.992
       295           0.033           0.491           0.702           0.522           0.881           0.820           0.908           0.170           0.932       10807.210
       296           0.032           0.492           0.703           0.521           0.882           0.813           0.905           0.177           0.930       10843.522
       297           0.031           0.493           0.703           0.521           0.881           0.809           0.903           0.180           0.929       10879.859
       298           0.031           0.491           0.702           0.523           0.881           0.810           0.903           0.179           0.929       10916.174
       299           0.031           0.491           0.702           0.523           0.881           0.801           0.898           0.188           0.926       10952.450
       300           0.030           0.491           0.702           0.522           0.881           0.787           0.890           0.202           0.922       10988.760
       301           0.030           0.493           0.704           0.521           0.881           0.793           0.893           0.197           0.924       11025.187
       302           0.029           0.491           0.702           0.522           0.880           0.790           0.892           0.200           0.924       11061.620
       303           0.029           0.491           0.702           0.522           0.880           0.797           0.896           0.193           0.926       11098.013
       304           0.029           0.493           0.704           0.521           0.880           0.780           0.886           0.210           0.921       11134.403
       305           0.029           0.492           0.703           0.521           0.880           0.797           0.895           0.194           0.926       11170.833
       306           0.028           0.494           0.704           0.520           0.880           0.768           0.879           0.222           0.917       11207.194
       307           0.028           0.495           0.705           0.519           0.880           0.770           0.880           0.221           0.918       11243.464
       308           0.028           0.493           0.704           0.521           0.880           0.769           0.879           0.222           0.918       11279.687
       309           0.028           0.493           0.704           0.521           0.880           0.776           0.884           0.214           0.920       11315.880
       310           0.027           0.492           0.703           0.522           0.880           0.781           0.887           0.209           0.921       11352.203
       311           0.027           0.490           0.701           0.524           0.880           0.799           0.897           0.191           0.926       11388.640
       312           0.027           0.493           0.703           0.521           0.880           0.782           0.887           0.208           0.921       11425.089
       313           0.027           0.490           0.701           0.524           0.880           0.773           0.882           0.218           0.919       11461.586
       314           0.026           0.491           0.701           0.524           0.881           0.781           0.886           0.210           0.920       11498.016
       315           0.026           0.490           0.701           0.524           0.880           0.775           0.883           0.216           0.919       11534.566
       316           0.026           0.489           0.700           0.526           0.881           0.786           0.889           0.205           0.922       11571.195
       317           0.026           0.489           0.700           0.526           0.881           0.790           0.891           0.201           0.923       11607.790
       318           0.025           0.489           0.700           0.525           0.881           0.781           0.886           0.210           0.920       11646.556
       319           0.025           0.489           0.700           0.525           0.881           0.772           0.881           0.219           0.918       11687.893
       320           0.025           0.488           0.700           0.526           0.881           0.789           0.890           0.202           0.923       11732.814
       321           0.025           0.490           0.701           0.525           0.881           0.784           0.887           0.207           0.921       11770.475
       322           0.024           0.488           0.699           0.526           0.881           0.734           0.859           0.257           0.907       11806.849
       323           0.024           0.487           0.699           0.527           0.881           0.781           0.886           0.210           0.920       11843.319
       324           0.024           0.489           0.700           0.525           0.881           0.757           0.872           0.235           0.912       11879.851
       325           0.024           0.490           0.701           0.524           0.881           0.753           0.870           0.238           0.912       11916.365
       326           0.023           0.489           0.700           0.525           0.881           0.755           0.871           0.236           0.913       11953.225
       327           0.023           0.490           0.701           0.525           0.881           0.763           0.876           0.228           0.914       11990.230
       328           0.023           0.490           0.701           0.525           0.881           0.733           0.858           0.258           0.907       12026.959
       329           0.023           0.491           0.702           0.523           0.881           0.749           0.868           0.242           0.911       12063.778
       330           0.022           0.491           0.702           0.524           0.882           0.675           0.824           0.317           0.895       12100.520
       331           0.022           0.488           0.699           0.527           0.881           0.720           0.851           0.272           0.904       12137.368
       332           0.022           0.490           0.702           0.524           0.882           0.781           0.886           0.210           0.920       12174.196
       333           0.022           0.491           0.702           0.523           0.881           0.739           0.862           0.252           0.908       12210.967
       334           0.022           0.493           0.704           0.521           0.882           0.708           0.844           0.284           0.901       12247.576
       335           0.021           0.493           0.704           0.521           0.882           0.568           0.756           0.424           0.880       12284.127
       336           0.022           0.491           0.701           0.524           0.881           0.741           0.863           0.251           0.908       12320.782
       337           0.021           0.495           0.705           0.519           0.881           0.667           0.819           0.325           0.894       12357.611
       338           0.021           0.494           0.704           0.521           0.882           0.738           0.862           0.253           0.908       12394.199
       339           0.020           0.498           0.707           0.516           0.882           0.515           0.720           0.478           0.879       12430.691
       340           0.021           0.488           0.700           0.526           0.882           0.651           0.809           0.341           0.890       12466.975
       341           0.021           0.491           0.702           0.523           0.882           0.679           0.826           0.313           0.895       12502.941
       342           0.020           0.494           0.704           0.521           0.881           0.728           0.856           0.263           0.905       12539.140
       343           0.021           0.488           0.700           0.526           0.881           0.734           0.859           0.258           0.906       12575.741
       344           0.019           0.490           0.701           0.524           0.881           0.570           0.758           0.422           0.881       12613.344
       345           0.016           0.497           0.706           0.518           0.880           0.676           0.824           0.316           0.897       12649.420
       346           0.017           0.490           0.701           0.524           0.881           0.627           0.794           0.365           0.887       12685.305
       347           0.019           0.487           0.699           0.527           0.881           0.728           0.855           0.264           0.907       12720.812
       348           0.016           0.491           0.702           0.523           0.881           0.638           0.801           0.354           0.890       12756.156
       349           0.016           0.492           0.702           0.522           0.881           0.637           0.801           0.355           0.889       12791.600
       350           0.016           0.490           0.701           0.525           0.882           0.598           0.776           0.394           0.883       12826.934
       351           0.016           0.491           0.702           0.523           0.881           0.539           0.737           0.454           0.879       12862.351
       352           0.015           0.487           0.699           0.527           0.881           0.522           0.725           0.470           0.879       12897.898
       353           0.015           0.487           0.699           0.527           0.881           0.552           0.745           0.441           0.879       12933.303
       354           0.015           0.494           0.704           0.520           0.881           0.496           0.707           0.496           0.878       12968.758
       355           0.017           0.495           0.705           0.519           0.880           0.508           0.716           0.485           0.879       13004.129
       356           0.016           0.494           0.704           0.520           0.881           0.538           0.736           0.455           0.880       13039.608
       357           0.014           0.489           0.701           0.525           0.882           0.491           0.704           0.501           0.879       13075.264
       358           0.014           0.489           0.700           0.525           0.881           0.485           0.699           0.508           0.878       13110.777
       359           0.016           0.494           0.704           0.520           0.881           0.577           0.762           0.416           0.881       13146.351
       360           0.014           0.494           0.704           0.520           0.881           0.545           0.741           0.447           0.879       13181.826
       361           0.013           0.496           0.706           0.518           0.881           0.529           0.730           0.463           0.878       13217.347
       362           0.014           0.492           0.702           0.523           0.882           0.480           0.695           0.514           0.879       13252.873
       363           0.013           0.492           0.703           0.522           0.882           0.490           0.702           0.504           0.879       13288.276
       364           0.016           0.494           0.704           0.520           0.881           0.582           0.765           0.410           0.882       13323.756
       365           0.015           0.492           0.703           0.522           0.882           0.614           0.786           0.379           0.886       13359.220
       366           0.012           0.492           0.702           0.522           0.881           0.542           0.739           0.450           0.879       13394.791
       367           0.014           0.488           0.699           0.526           0.881           0.497           0.707           0.497           0.878       13430.433
       368           0.013           0.495           0.705           0.519           0.881           0.686           0.831           0.305           0.897       13466.106
       369           0.012           0.493           0.703           0.522           0.882           0.496           0.707           0.498           0.878       13501.769
       370           0.015           0.494           0.704           0.520           0.882           0.502           0.711           0.492           0.879       13537.437
       371           0.014           0.490           0.701           0.524           0.881           0.650           0.809           0.342           0.892       13573.275
       372           0.013           0.492           0.702           0.523           0.881           0.669           0.820           0.323           0.896       13609.146
       373           0.013           0.490           0.701           0.525           0.881           0.640           0.803           0.352           0.891       13644.962
       374           0.013           0.489           0.700           0.525           0.882           0.628           0.795           0.364           0.889       13680.807
       375           0.010           0.494           0.704           0.520           0.881           0.679           0.827           0.312           0.898       13716.665
       376           0.010           0.496           0.706           0.518           0.881           0.669           0.821           0.323           0.897       13752.648
       377           0.010           0.490           0.701           0.524           0.881           0.661           0.816           0.331           0.895       13788.610
       378           0.010           0.492           0.702           0.523           0.881           0.658           0.814           0.334           0.894       13824.906
       379           0.010           0.489           0.701           0.525           0.881           0.655           0.812           0.337           0.894       13861.107
       380           0.010           0.489           0.700           0.525           0.881           0.651           0.809           0.341           0.893       13897.281
       381           0.010           0.492           0.702           0.522           0.881           0.657           0.813           0.335           0.894       13933.525
       382           0.010           0.489           0.701           0.525           0.881           0.665           0.818           0.327           0.895       13969.749
       383           0.010           0.489           0.700           0.525           0.881           0.673           0.823           0.319           0.897       14006.187
       384           0.009           0.489           0.700           0.525           0.881           0.665           0.818           0.327           0.895       14042.505
       385           0.009           0.490           0.701           0.525           0.881           0.670           0.821           0.322           0.896       14078.764
       386           0.009           0.489           0.700           0.525           0.881           0.665           0.818           0.327           0.896       14115.146
       387           0.009           0.489           0.700           0.526           0.881           0.666           0.818           0.326           0.895       14151.537
       388           0.009           0.489           0.701           0.525           0.881           0.673           0.823           0.319           0.897       14188.238
       389           0.008           0.490           0.701           0.524           0.881           0.663           0.817           0.329           0.895       14224.895
       390           0.009           0.489           0.700           0.525           0.881           0.664           0.817           0.328           0.895       14261.521
       391           0.008           0.491           0.702           0.524           0.881           0.671           0.822           0.321           0.896       14298.216
       392           0.008           0.490           0.701           0.525           0.881           0.669           0.821           0.323           0.897       14334.868
       393           0.008           0.489           0.701           0.525           0.881           0.664           0.817           0.328           0.895       14371.420
       394           0.008           0.491           0.702           0.523           0.881           0.676           0.825           0.315           0.897       14407.842
       395           0.008           0.491           0.702           0.523           0.881           0.672           0.822           0.320           0.897       14444.247
       396           0.008           0.490           0.701           0.525           0.881           0.664           0.817           0.329           0.895       14480.783
       397           0.008           0.491           0.702           0.523           0.882           0.662           0.815           0.331           0.895       14517.318
       398           0.007           0.491           0.702           0.523           0.881           0.660           0.814           0.333           0.895       14553.949
       399           0.007           0.491           0.702           0.523           0.881           0.658           0.813           0.335           0.895       14590.025
       400           0.007           0.490           0.701           0.524           0.881           0.658           0.813           0.335           0.894       14625.815
       401           0.007           0.491           0.702           0.524           0.881           0.661           0.815           0.332           0.895       14661.769
       402           0.007           0.493           0.703           0.521           0.881           0.661           0.815           0.332           0.895       14697.748
       403           0.007           0.490           0.701           0.524           0.882           0.664           0.817           0.329           0.895       14733.784
       404           0.006           0.491           0.702           0.523           0.882           0.661           0.815           0.332           0.895       14769.808
       405           0.006           0.491           0.702           0.523           0.881           0.662           0.815           0.331           0.895       14805.573
       406           0.006           0.491           0.702           0.523           0.882           0.660           0.814           0.333           0.895       14841.453
       407           0.006           0.492           0.702           0.523           0.881           0.662           0.816           0.330           0.895       14877.309
       408           0.006           0.492           0.703           0.522           0.882           0.669           0.820           0.323           0.896       14913.306
       409           0.005           0.493           0.703           0.521           0.882           0.657           0.813           0.336           0.894       14949.225
       410           0.006           0.493           0.703           0.521           0.882           0.656           0.812           0.337           0.894       14985.058
       411           0.005           0.490           0.701           0.524           0.882           0.653           0.810           0.340           0.894       15020.989
       412           0.005           0.490           0.701           0.524           0.882           0.659           0.814           0.334           0.894       15056.954
       413           0.005           0.491           0.702           0.523           0.882           0.651           0.809           0.342           0.893       15093.132
       414           0.005           0.491           0.702           0.523           0.882           0.656           0.812           0.337           0.893       15129.225
       415           0.005           0.490           0.701           0.524           0.882           0.654           0.811           0.338           0.893       15165.346
       416           0.005           0.492           0.702           0.523           0.882           0.653           0.810           0.340           0.893       15201.648
       417           0.005           0.491           0.702           0.523           0.882           0.654           0.811           0.338           0.893       15237.988
       418           0.005           0.490           0.701           0.524           0.882           0.665           0.817           0.328           0.895       15274.488
       419           0.004           0.492           0.702           0.522           0.882           0.647           0.807           0.345           0.892       15310.914
       420           0.004           0.492           0.702           0.523           0.882           0.646           0.806           0.347           0.891       15346.741
       421           0.004           0.491           0.702           0.524           0.882           0.630           0.796           0.362           0.889       15382.588
       422           0.004           0.492           0.702           0.523           0.881           0.639           0.801           0.354           0.890       15418.434
       423           0.004           0.491           0.702           0.524           0.882           0.649           0.807           0.344           0.892       15454.060
       424           0.004           0.491           0.701           0.524           0.882           0.644           0.804           0.349           0.891       15489.872
       425           0.004           0.491           0.702           0.523           0.882           0.641           0.803           0.351           0.890       15525.503
       426           0.003           0.491           0.702           0.523           0.882           0.636           0.799           0.357           0.889       15561.288
       427           0.004           0.493           0.703           0.522           0.882           0.654           0.811           0.339           0.892       15600.220
       428           0.003           0.491           0.702           0.524           0.882           0.653           0.810           0.340           0.892       15642.803
       429           0.003           0.491           0.702           0.523           0.882           0.641           0.803           0.351           0.890       15679.792
       430           0.003           0.491           0.702           0.523           0.882           0.651           0.809           0.341           0.891       15716.114
       431           0.003           0.491           0.702           0.524           0.882           0.665           0.817           0.328           0.894       15752.490
       432           0.003           0.492           0.702           0.523           0.882           0.662           0.816           0.331           0.894       15788.887
       433           0.003           0.491           0.701           0.524           0.882           0.676           0.824           0.316           0.896       15825.204
       434           0.003           0.491           0.702           0.524           0.882           0.679           0.826           0.313           0.896       15862.014
       435           0.003           0.492           0.702           0.522           0.882           0.681           0.827           0.311           0.896       15898.400
       436           0.002           0.492           0.702           0.523           0.882           0.671           0.821           0.321           0.895       15934.615
       437           0.002           0.494           0.703           0.521           0.882           0.678           0.826           0.314           0.896       15970.735
       438           0.002           0.492           0.702           0.522           0.882           0.687           0.831           0.306           0.898       16006.805
       439           0.002           0.493           0.703           0.522           0.882           0.666           0.818           0.326           0.894       16043.284
       440           0.002           0.492           0.702           0.522           0.882           0.705           0.842           0.287           0.901       16079.624
       441           0.002           0.494           0.704           0.520           0.882           0.682           0.828           0.311           0.897       16115.904
       442           0.002           0.494           0.703           0.521           0.882           0.699           0.838           0.294           0.900       16152.297
       443           0.001           0.492           0.702           0.522           0.882           0.670           0.821           0.322           0.895       16188.684
       444           0.002           0.492           0.703           0.522           0.882           0.693           0.834           0.300           0.899       16225.348
       445           0.001           0.495           0.704           0.520           0.882           0.689           0.832           0.303           0.898       16261.921
       446           0.001           0.493           0.703           0.521           0.882           0.659           0.814           0.333           0.892       16298.390
       447           0.002           0.494           0.704           0.520           0.882           0.705           0.842           0.287           0.901       16334.903
       448           0.001           0.491           0.702           0.523           0.882           0.662           0.815           0.331           0.893       16371.154
       449           0.001           0.495           0.704           0.520           0.882           0.708           0.843           0.285           0.902       16407.532
       450           0.001           0.495           0.705           0.519           0.882           0.678           0.825           0.315           0.895       16443.839
       451           0.001           0.496           0.705           0.519           0.882           0.705           0.842           0.287           0.901       16480.038
       452           0.001           0.495           0.704           0.520           0.882           0.686           0.830           0.307           0.897       16517.870
       453           0.001           0.496           0.705           0.519           0.882           0.699           0.838           0.294           0.899       16553.402
       454           0.000           0.494           0.704           0.521           0.882           0.664           0.817           0.328           0.893       16589.164
       455           0.000           0.496           0.705           0.519           0.882           0.707           0.843           0.285           0.902       16627.926
       456           0.000           0.496           0.705           0.518           0.882           0.699           0.838           0.293           0.900       16668.336
       457           0.000           0.496           0.705           0.518           0.882           0.702           0.840           0.290           0.900       16705.635
       458          -0.000           0.494           0.704           0.521           0.882           0.689           0.832           0.304           0.898       16741.545
       459          -0.000           0.494           0.704           0.521           0.882           0.686           0.830           0.306           0.897       16778.058
       460          -0.000           0.496           0.705           0.518           0.882           0.695           0.836           0.297           0.899       16814.464
       461          -0.000           0.496           0.705           0.519           0.882           0.688           0.832           0.304           0.898       16850.832
       462          -0.001           0.493           0.703           0.521           0.882           0.674           0.823           0.319           0.895       16887.313
       463          -0.001           0.492           0.703           0.522           0.882           0.679           0.826           0.313           0.896       16924.018
       464          -0.001           0.493           0.703           0.522           0.882           0.675           0.824           0.317           0.895       16960.785
       465          -0.001           0.491           0.701           0.524           0.883           0.667           0.819           0.326           0.893       16997.619
       466          -0.001           0.493           0.703           0.521           0.883           0.691           0.833           0.301           0.899       17034.435
       467          -0.001           0.492           0.702           0.523           0.882           0.679           0.826           0.313           0.896       17071.275
       468          -0.001           0.493           0.703           0.521           0.882           0.679           0.826           0.313           0.896       17108.049
       469          -0.002           0.494           0.703           0.521           0.882           0.656           0.811           0.338           0.891       17144.561
       470          -0.002           0.493           0.703           0.522           0.883           0.677           0.825           0.315           0.896       17181.324
       471          -0.002           0.493           0.703           0.522           0.882           0.674           0.822           0.319           0.895       17217.568
       472          -0.002           0.493           0.703           0.521           0.883           0.693           0.834           0.300           0.899       17253.755
       473          -0.002           0.494           0.704           0.521           0.882           0.659           0.814           0.334           0.892       17289.820
       474          -0.002           0.493           0.703           0.522           0.883           0.665           0.817           0.328           0.893       17327.195
       475          -0.002           0.493           0.703           0.522           0.882           0.686           0.830           0.307           0.898       17365.261
       476          -0.002           0.492           0.703           0.522           0.883           0.651           0.809           0.342           0.890       17401.281
       477          -0.002           0.496           0.705           0.519           0.883           0.663           0.816           0.330           0.892       17437.158
       478          -0.003           0.493           0.703           0.522           0.882           0.660           0.814           0.333           0.892       17473.103
       479          -0.003           0.492           0.702           0.523           0.883           0.659           0.813           0.335           0.892       17509.052
       480          -0.003           0.493           0.703           0.521           0.883           0.668           0.819           0.326           0.894       17545.304
       481          -0.003           0.494           0.704           0.521           0.883           0.678           0.825           0.315           0.896       17581.457
       482          -0.003           0.493           0.703           0.522           0.882           0.679           0.826           0.314           0.896       17617.555
       483          -0.003           0.493           0.703           0.522           0.883           0.678           0.825           0.315           0.896       17653.793
       484          -0.003           0.491           0.701           0.524           0.882           0.702           0.839           0.291           0.901       17689.288
       485          -0.003           0.493           0.702           0.522           0.882           0.676           0.824           0.317           0.895       17725.223
       486          -0.004           0.493           0.703           0.522           0.883           0.652           0.809           0.341           0.891       17761.236
       487          -0.003           0.493           0.703           0.522           0.883           0.665           0.817           0.328           0.893       17797.144
       488          -0.003           0.493           0.703           0.522           0.883           0.654           0.810           0.340           0.891       17833.070
       489          -0.004           0.494           0.704           0.521           0.883           0.653           0.810           0.340           0.891       17868.989
       490          -0.004           0.494           0.703           0.521           0.883           0.646           0.805           0.347           0.891       17905.133
       491          -0.004           0.495           0.704           0.520           0.883           0.658           0.813           0.336           0.893       17941.211
       492          -0.004           0.496           0.705           0.519           0.883           0.652           0.809           0.341           0.892       17977.315
       493          -0.004           0.492           0.702           0.523           0.883           0.677           0.824           0.316           0.896       18013.472
       494          -0.004           0.493           0.703           0.522           0.883           0.661           0.814           0.333           0.894       18049.624
       495          -0.004           0.494           0.703           0.521           0.882           0.639           0.801           0.355           0.890       18086.056
       496          -0.004           0.493           0.703           0.522           0.883           0.655           0.811           0.339           0.893       18122.401
       497          -0.005           0.494           0.703           0.521           0.883           0.635           0.798           0.359           0.889       18158.716
       498          -0.005           0.488           0.699           0.527           0.883           0.617           0.787           0.377           0.887       18195.149
       499          -0.005           0.486           0.697           0.529           0.883           0.620           0.789           0.374           0.887       18231.600
       500          -0.005           0.490           0.700           0.525           0.882           0.619           0.788           0.375           0.887       18268.355
--------------------------------------------------------------------------------------------------------------------------------------------------------------------------------------------------------
The best indicator statistics
      BestEpoch        TrainMAE       TrainRMSE         TrainR2         TrainCC        ValidMAE       ValidRMSE         ValidR2         ValidCC
        25           0.538           0.754           0.449           0.848           0.207           0.458           0.789           0.907
Total training time: 18268.5149 seconds
>>> Training of the Model Accomplished! >>>
End at:  Sun Jun 18 04:49:19 2023
++++++++++++++++++++++++++++++++++++++++
process end at : 
Sun Jun 18 04:49:23 CST 2023
