32
process will start at : 
Thu Mar 30 23:48:21 CST 2023
++++++++++++++++++++++++++++++++++++++++
Load GaoDataSet from dataset/Hou1289.csv ... done (1290 lines, 21.588 seconds) 
# of all graphs/labels:      1289
# of all graphs/labels:      1289
# of training graphs/labels:      1031
# of validing graphs/labels:      129
# of testing graphs/labels:      129
>>> Training of the Model >>>
Start at:  Thu Mar 30 23:52:17 2023
PID:       17598
Learning rate:               1E-03
Batch size:                  32
Maximum epochs:              500
Output frequency:            1
Device:                      cpu
--------------------------------------------------------------------------------------------------------------------------------------------------------------------------------------------------------
     Epoch       TrainLoss        TrainMAE       TrainRMSE         TrainR2         TrainCC        ValidMAE       ValidRMSE         ValidR2         ValidCC         Time(s)
--------------------------------------------------------------------------------------------------------------------------------------------------------------------------------------------------------
         0           1.688           1.356           1.812           0.172           0.621           0.975           1.276           0.570           0.725          15.106
         1           1.144           0.933           1.219           0.625           0.784           0.860           1.122           0.668           0.772          19.503
         2           1.049           0.876           1.126           0.680           0.817           0.777           1.005           0.733           0.803          23.900
         3           0.976           0.824           1.056           0.719           0.836           0.759           0.985           0.744           0.810          28.272
         4           0.945           0.800           1.026           0.735           0.845           0.755           0.975           0.749           0.814          32.643
         5           0.922           0.782           1.003           0.746           0.852           0.757           0.967           0.753           0.818          37.008
         6           0.907           0.771           0.988           0.754           0.857           0.757           0.960           0.757           0.819          41.386
         7           0.890           0.759           0.972           0.762           0.862           0.758           0.954           0.760           0.819          45.760
         8           0.877           0.749           0.959           0.768           0.865           0.755           0.945           0.764           0.822          50.124
         9           0.863           0.740           0.945           0.775           0.869           0.755           0.940           0.767           0.822          54.498
        10           0.847           0.729           0.931           0.782           0.872           0.740           0.915           0.779           0.828          58.871
        11           0.826           0.715           0.913           0.790           0.875           0.729           0.900           0.786           0.830          63.316
        12           0.806           0.700           0.892           0.799           0.881           0.716           0.886           0.793           0.832          67.675
        13           0.801           0.696           0.888           0.801           0.882           0.708           0.875           0.798           0.834          72.038
        14           0.788           0.685           0.873           0.808           0.887           0.699           0.867           0.802           0.833          76.398
        15           0.783           0.681           0.868           0.810           0.888           0.693           0.861           0.804           0.837          80.765
        16           0.774           0.674           0.860           0.813           0.891           0.686           0.856           0.807           0.836          85.240
        17           0.769           0.669           0.855           0.816           0.892           0.680           0.849           0.810           0.838          89.627
        18           0.763           0.664           0.849           0.818           0.894           0.675           0.846           0.811           0.839          94.011
        19           0.759           0.660           0.844           0.820           0.896           0.669           0.842           0.813           0.840          98.382
        20           0.755           0.656           0.841           0.822           0.897           0.666           0.838           0.814           0.844         102.749
        21           0.750           0.652           0.836           0.824           0.898           0.661           0.836           0.816           0.844         107.131
        22           0.747           0.649           0.832           0.825           0.899           0.655           0.831           0.817           0.845         111.496
        23           0.745           0.647           0.831           0.826           0.900           0.654           0.828           0.819           0.849         115.885
        24           0.741           0.644           0.827           0.828           0.902           0.647           0.824           0.821           0.850         120.321
        25           0.738           0.641           0.824           0.829           0.902           0.645           0.820           0.822           0.852         124.714
        26           0.734           0.638           0.820           0.830           0.904           0.641           0.818           0.823           0.851         129.080
        27           0.733           0.637           0.819           0.831           0.904           0.641           0.815           0.825           0.853         133.444
        28           0.729           0.633           0.815           0.832           0.905           0.636           0.814           0.825           0.853         137.809
        29           0.728           0.634           0.815           0.832           0.905           0.637           0.809           0.827           0.856         142.181
        30           0.726           0.631           0.812           0.833           0.907           0.633           0.808           0.827           0.857         146.548
        31           0.721           0.628           0.808           0.835           0.907           0.632           0.805           0.829           0.858         150.918
        32           0.720           0.626           0.806           0.836           0.908           0.628           0.802           0.830           0.859         155.292
        33           0.719           0.625           0.806           0.836           0.908           0.628           0.800           0.831           0.859         159.659
        34           0.717           0.624           0.804           0.837           0.909           0.627           0.798           0.832           0.859         164.139
        35           0.715           0.622           0.802           0.838           0.909           0.625           0.796           0.833           0.860         168.523
        36           0.713           0.621           0.800           0.839           0.910           0.624           0.794           0.833           0.860         172.918
        37           0.711           0.619           0.798           0.839           0.911           0.623           0.792           0.834           0.861         177.306
        38           0.709           0.618           0.796           0.840           0.911           0.621           0.790           0.835           0.861         181.683
        39           0.708           0.616           0.795           0.841           0.912           0.621           0.789           0.836           0.861         186.133
        40           0.706           0.615           0.793           0.841           0.912           0.620           0.788           0.836           0.861         190.510
        41           0.704           0.614           0.791           0.842           0.912           0.618           0.785           0.837           0.861         194.885
        42           0.703           0.613           0.790           0.843           0.913           0.618           0.784           0.838           0.863         199.270
        43           0.701           0.611           0.789           0.843           0.913           0.616           0.782           0.838           0.863         203.658
        44           0.700           0.610           0.787           0.844           0.914           0.615           0.781           0.839           0.863         208.037
        45           0.698           0.609           0.785           0.845           0.914           0.614           0.779           0.840           0.864         212.418
        46           0.696           0.608           0.783           0.845           0.915           0.613           0.778           0.840           0.865         216.808
        47           0.694           0.606           0.782           0.846           0.915           0.610           0.774           0.842           0.866         221.219
        48           0.692           0.605           0.780           0.847           0.915           0.609           0.771           0.843           0.867         225.643
        49           0.691           0.604           0.778           0.847           0.916           0.607           0.770           0.844           0.867         230.085
        50           0.690           0.603           0.777           0.848           0.916           0.606           0.769           0.844           0.867         234.534
        51           0.688           0.602           0.776           0.848           0.916           0.605           0.767           0.844           0.868         238.992
        52           0.687           0.601           0.774           0.849           0.917           0.604           0.767           0.845           0.867         243.625
        53           0.686           0.600           0.773           0.849           0.917           0.603           0.765           0.846           0.868         248.109
        54           0.684           0.599           0.772           0.850           0.917           0.602           0.764           0.846           0.868         252.591
        55           0.683           0.598           0.771           0.850           0.917           0.602           0.763           0.846           0.868         257.074
        56           0.682           0.597           0.770           0.850           0.918           0.601           0.762           0.846           0.869         261.560
        57           0.681           0.597           0.769           0.851           0.918           0.600           0.760           0.847           0.869         266.049
        58           0.680           0.596           0.768           0.851           0.918           0.600           0.760           0.847           0.870         270.546
        59           0.679           0.595           0.767           0.852           0.918           0.599           0.759           0.848           0.870         275.047
        60           0.678           0.594           0.766           0.852           0.919           0.599           0.758           0.848           0.871         279.546
        61           0.677           0.593           0.765           0.853           0.919           0.598           0.758           0.848           0.871         284.041
        62           0.677           0.593           0.764           0.853           0.919           0.599           0.758           0.848           0.871         288.548
        63           0.675           0.592           0.763           0.853           0.919           0.597           0.756           0.849           0.872         293.061
        64           0.674           0.591           0.762           0.854           0.920           0.598           0.756           0.849           0.872         297.573
        65           0.673           0.590           0.761           0.854           0.920           0.596           0.754           0.850           0.873         302.169
        66           0.673           0.590           0.760           0.854           0.920           0.596           0.753           0.850           0.873         306.687
        67           0.671           0.588           0.759           0.855           0.920           0.594           0.752           0.851           0.873         311.205
        68           0.671           0.588           0.758           0.855           0.921           0.594           0.751           0.851           0.874         315.731
        69           0.669           0.587           0.757           0.855           0.921           0.594           0.751           0.851           0.874         320.265
        70           0.668           0.586           0.756           0.856           0.921           0.594           0.750           0.851           0.874         324.878
        71           0.668           0.585           0.756           0.856           0.921           0.594           0.751           0.851           0.874         329.400
        72           0.666           0.584           0.754           0.857           0.922           0.593           0.748           0.852           0.875         333.927
        73           0.665           0.584           0.753           0.857           0.922           0.593           0.748           0.852           0.875         338.455
        74           0.664           0.582           0.752           0.858           0.922           0.593           0.748           0.852           0.875         342.982
        75           0.662           0.581           0.750           0.858           0.922           0.591           0.745           0.853           0.874         347.511
        76           0.661           0.581           0.749           0.859           0.923           0.591           0.744           0.854           0.875         352.032
        77           0.659           0.579           0.748           0.859           0.923           0.590           0.743           0.854           0.875         356.563
        78           0.659           0.579           0.747           0.859           0.923           0.590           0.743           0.854           0.876         361.093
        79           0.657           0.578           0.746           0.860           0.924           0.589           0.742           0.855           0.876         365.695
        80           0.656           0.577           0.745           0.860           0.924           0.588           0.741           0.855           0.877         370.231
        81           0.656           0.576           0.744           0.860           0.924           0.586           0.738           0.856           0.879         374.765
        82           0.655           0.576           0.743           0.861           0.924           0.586           0.739           0.856           0.878         379.298
        83           0.654           0.575           0.742           0.861           0.924           0.585           0.737           0.857           0.880         383.825
        84           0.653           0.575           0.741           0.861           0.925           0.586           0.739           0.856           0.879         388.363
        85           0.652           0.574           0.741           0.862           0.925           0.585           0.737           0.857           0.879         392.905
        86           0.651           0.573           0.740           0.862           0.925           0.584           0.737           0.857           0.879         397.462
        87           0.650           0.572           0.739           0.862           0.925           0.584           0.735           0.857           0.880         402.009
        88           0.650           0.572           0.738           0.863           0.925           0.584           0.735           0.857           0.880         406.563
        89           0.649           0.571           0.737           0.863           0.926           0.584           0.734           0.858           0.881         411.181
        90           0.648           0.570           0.736           0.863           0.926           0.584           0.735           0.857           0.880         415.740
        91           0.647           0.570           0.736           0.864           0.926           0.583           0.733           0.858           0.882         420.333
        92           0.646           0.569           0.735           0.864           0.926           0.584           0.735           0.857           0.881         424.943
        93           0.646           0.569           0.734           0.864           0.926           0.584           0.734           0.858           0.882         429.475
        94           0.645           0.568           0.734           0.864           0.926           0.583           0.733           0.858           0.881         434.013
        95           0.644           0.568           0.733           0.865           0.927           0.582           0.731           0.859           0.883         438.524
        96           0.643           0.567           0.732           0.865           0.927           0.582           0.732           0.858           0.882         443.037
        97           0.643           0.567           0.732           0.865           0.927           0.582           0.732           0.858           0.884         447.564
        98           0.642           0.566           0.731           0.865           0.927           0.582           0.732           0.858           0.884         452.085
        99           0.641           0.566           0.730           0.866           0.927           0.580           0.730           0.859           0.884         456.608
       100           0.641           0.565           0.730           0.866           0.927           0.581           0.729           0.859           0.885         461.134
       101           0.639           0.564           0.728           0.866           0.928           0.579           0.728           0.860           0.884         465.697
       102           0.638           0.564           0.727           0.867           0.928           0.579           0.727           0.860           0.885         470.213
       103           0.637           0.563           0.726           0.867           0.928           0.579           0.728           0.860           0.885         474.735
       104           0.637           0.563           0.726           0.867           0.928           0.580           0.728           0.860           0.886         479.251
       105           0.636           0.562           0.725           0.867           0.928           0.579           0.728           0.860           0.886         483.880
       106           0.636           0.562           0.725           0.868           0.928           0.580           0.729           0.860           0.886         488.408
       107           0.634           0.561           0.723           0.868           0.928           0.579           0.728           0.860           0.887         492.993
       108           0.634           0.561           0.723           0.868           0.929           0.579           0.727           0.861           0.886         497.481
       109           0.633           0.561           0.723           0.868           0.929           0.578           0.727           0.860           0.888         501.971
       110           0.633           0.560           0.722           0.869           0.929           0.579           0.727           0.860           0.887         506.477
       111           0.632           0.560           0.721           0.869           0.929           0.579           0.727           0.860           0.887         510.977
       112           0.631           0.559           0.720           0.869           0.929           0.579           0.727           0.860           0.887         515.483
       113           0.630           0.558           0.720           0.869           0.929           0.578           0.725           0.861           0.889         519.985
       114           0.629           0.558           0.719           0.870           0.929           0.579           0.726           0.861           0.889         524.496
       115           0.629           0.557           0.718           0.870           0.929           0.577           0.723           0.862           0.889         529.007
       116           0.628           0.557           0.718           0.870           0.930           0.578           0.725           0.861           0.889         533.537
       117           0.627           0.556           0.717           0.870           0.930           0.578           0.724           0.861           0.889         538.050
       118           0.626           0.556           0.716           0.871           0.930           0.578           0.724           0.861           0.889         542.640
       119           0.626           0.556           0.715           0.871           0.930           0.578           0.724           0.862           0.890         547.160
       120           0.625           0.555           0.714           0.871           0.930           0.578           0.724           0.862           0.890         551.678
       121           0.624           0.554           0.714           0.871           0.930           0.576           0.722           0.862           0.890         556.182
       122           0.623           0.554           0.713           0.872           0.930           0.577           0.723           0.862           0.890         560.680
       123           0.623           0.554           0.713           0.872           0.930           0.577           0.724           0.862           0.889         565.169
       124           0.621           0.553           0.711           0.872           0.931           0.577           0.723           0.862           0.890         569.667
       125           0.621           0.553           0.711           0.872           0.931           0.578           0.724           0.862           0.890         574.162
       126           0.620           0.552           0.710           0.873           0.931           0.576           0.722           0.862           0.890         578.774
       127           0.619           0.551           0.709           0.873           0.931           0.576           0.722           0.862           0.891         583.289
       128           0.619           0.551           0.708           0.873           0.931           0.576           0.722           0.862           0.890         587.816
       129           0.618           0.550           0.708           0.874           0.932           0.575           0.721           0.863           0.890         592.331
       130           0.617           0.550           0.707           0.874           0.932           0.576           0.723           0.862           0.890         596.857
       131           0.617           0.550           0.707           0.874           0.932           0.574           0.720           0.863           0.891         601.400
       132           0.615           0.549           0.705           0.875           0.932           0.574           0.721           0.863           0.891         605.993
       133           0.615           0.549           0.705           0.875           0.932           0.573           0.720           0.863           0.892         610.506
       134           0.614           0.548           0.704           0.875           0.932           0.574           0.721           0.863           0.891         615.025
       135           0.613           0.547           0.703           0.875           0.932           0.573           0.720           0.863           0.892         619.536
       136           0.612           0.547           0.703           0.876           0.932           0.572           0.720           0.863           0.891         624.050
       137           0.611           0.546           0.701           0.876           0.933           0.573           0.720           0.863           0.892         628.558
       138           0.610           0.546           0.701           0.876           0.933           0.573           0.720           0.863           0.891         633.079
       139           0.610           0.545           0.700           0.876           0.933           0.571           0.718           0.864           0.892         637.595
       140           0.609           0.545           0.700           0.877           0.933           0.571           0.718           0.864           0.892         642.118
       141           0.608           0.544           0.698           0.877           0.933           0.571           0.718           0.864           0.892         646.636
       142           0.607           0.544           0.699           0.877           0.933           0.571           0.718           0.864           0.892         651.162
       143           0.606           0.544           0.698           0.877           0.934           0.572           0.719           0.863           0.892         655.683
       144           0.605           0.543           0.697           0.878           0.934           0.571           0.719           0.864           0.892         660.307
       145           0.605           0.542           0.696           0.878           0.934           0.571           0.718           0.864           0.893         664.886
       146           0.603           0.542           0.695           0.878           0.934           0.569           0.716           0.865           0.894         669.404
       147           0.603           0.541           0.694           0.878           0.934           0.568           0.714           0.865           0.893         673.932
       148           0.602           0.540           0.693           0.879           0.934           0.570           0.716           0.865           0.893         678.467
       149           0.601           0.540           0.692           0.879           0.934           0.570           0.716           0.865           0.894         682.989
       150           0.600           0.539           0.691           0.880           0.934           0.570           0.718           0.864           0.894         687.488
       151           0.599           0.539           0.691           0.880           0.935           0.570           0.717           0.864           0.894         691.975
       152           0.598           0.538           0.689           0.880           0.935           0.568           0.715           0.865           0.894         696.468
       153           0.596           0.537           0.688           0.881           0.935           0.568           0.714           0.865           0.894         700.948
       154           0.595           0.536           0.686           0.881           0.935           0.568           0.716           0.864           0.894         705.439
       155           0.596           0.536           0.687           0.881           0.935           0.568           0.716           0.865           0.896         709.923
       156           0.593           0.535           0.685           0.882           0.936           0.569           0.718           0.864           0.894         714.426
       157           0.594           0.535           0.685           0.881           0.936           0.565           0.713           0.866           0.896         718.914
       158           0.591           0.533           0.683           0.882           0.936           0.567           0.716           0.865           0.894         723.518
       159           0.592           0.534           0.684           0.882           0.936           0.566           0.715           0.865           0.896         728.014
       160           0.590           0.532           0.682           0.883           0.936           0.565           0.714           0.865           0.895         732.505
       161           0.589           0.532           0.681           0.883           0.937           0.565           0.713           0.866           0.896         737.002
       162           0.588           0.531           0.680           0.883           0.937           0.566           0.715           0.865           0.896         741.509
       163           0.589           0.532           0.681           0.883           0.937           0.569           0.720           0.863           0.895         746.089
       164           0.587           0.530           0.679           0.884           0.937           0.565           0.715           0.865           0.895         750.575
       165           0.587           0.530           0.679           0.884           0.937           0.565           0.714           0.865           0.896         755.062
       166           0.586           0.530           0.679           0.884           0.937           0.564           0.715           0.865           0.896         759.568
       167           0.585           0.529           0.677           0.884           0.937           0.563           0.714           0.865           0.896         764.061
       168           0.584           0.528           0.677           0.884           0.937           0.563           0.713           0.866           0.896         768.550
       169           0.584           0.528           0.676           0.885           0.937           0.561           0.712           0.866           0.896         773.036
       170           0.583           0.527           0.675           0.885           0.937           0.561           0.712           0.866           0.896         777.528
       171           0.582           0.527           0.675           0.885           0.938           0.561           0.713           0.866           0.897         782.045
       172           0.581           0.526           0.674           0.885           0.938           0.561           0.713           0.866           0.897         786.598
       173           0.580           0.525           0.673           0.886           0.938           0.560           0.711           0.867           0.898         791.068
       174           0.580           0.525           0.673           0.886           0.938           0.559           0.710           0.867           0.899         795.553
       175           0.579           0.525           0.672           0.886           0.938           0.562           0.713           0.866           0.898         800.028
       176           0.578           0.524           0.671           0.886           0.938           0.560           0.710           0.867           0.900         804.514
       177           0.577           0.523           0.670           0.887           0.939           0.560           0.712           0.866           0.900         808.991
       178           0.576           0.522           0.669           0.887           0.939           0.559           0.710           0.867           0.901         813.469
       179           0.576           0.522           0.669           0.887           0.939           0.559           0.710           0.867           0.902         817.950
       180           0.574           0.521           0.667           0.888           0.939           0.557           0.708           0.867           0.901         822.431
       181           0.574           0.521           0.667           0.888           0.939           0.559           0.712           0.866           0.901         826.916
       182           0.573           0.519           0.666           0.888           0.939           0.559           0.712           0.866           0.900         831.455
       183           0.572           0.519           0.665           0.888           0.939           0.558           0.710           0.867           0.903         835.936
       184           0.571           0.518           0.664           0.889           0.940           0.557           0.709           0.867           0.902         840.451
       185           0.570           0.518           0.663           0.889           0.940           0.559           0.711           0.867           0.902         844.959
       186           0.569           0.517           0.663           0.889           0.940           0.559           0.712           0.866           0.902         849.437
       187           0.568           0.516           0.661           0.890           0.940           0.557           0.708           0.867           0.903         853.923
       188           0.567           0.516           0.661           0.890           0.940           0.557           0.710           0.867           0.903         858.406
       189           0.566           0.515           0.659           0.890           0.941           0.559           0.711           0.867           0.903         862.897
       190           0.565           0.514           0.659           0.891           0.940           0.558           0.711           0.867           0.902         867.378
       191           0.564           0.514           0.658           0.891           0.941           0.558           0.711           0.867           0.903         871.863
       192           0.563           0.513           0.657           0.891           0.941           0.556           0.710           0.867           0.903         876.347
       193           0.563           0.512           0.656           0.891           0.941           0.558           0.710           0.867           0.903         880.834
       194           0.562           0.512           0.655           0.892           0.941           0.556           0.709           0.867           0.902         885.313
       195           0.561           0.511           0.654           0.892           0.941           0.556           0.708           0.868           0.904         889.802
       196           0.560           0.510           0.654           0.892           0.942           0.554           0.706           0.868           0.905         894.275
       197           0.559           0.510           0.653           0.892           0.942           0.556           0.709           0.867           0.904         898.723
       198           0.558           0.509           0.652           0.893           0.942           0.552           0.704           0.869           0.906         903.275
       199           0.558           0.509           0.651           0.893           0.942           0.551           0.705           0.869           0.905         907.720
       200           0.557           0.508           0.651           0.893           0.942           0.554           0.706           0.868           0.906         912.238
       201           0.557           0.508           0.650           0.893           0.942           0.554           0.708           0.868           0.904         916.675
       202           0.556           0.507           0.649           0.894           0.942           0.551           0.704           0.869           0.905         921.121
       203           0.556           0.507           0.649           0.894           0.942           0.554           0.707           0.868           0.905         925.565
       204           0.554           0.506           0.648           0.894           0.942           0.553           0.706           0.868           0.907         930.013
       205           0.554           0.506           0.648           0.894           0.942           0.553           0.706           0.868           0.906         934.461
       206           0.554           0.506           0.647           0.894           0.942           0.549           0.704           0.869           0.904         938.909
       207           0.553           0.505           0.647           0.895           0.943           0.549           0.702           0.870           0.908         943.366
       208           0.552           0.504           0.646           0.895           0.943           0.553           0.708           0.868           0.904         947.813
       209           0.552           0.504           0.647           0.895           0.942           0.553           0.707           0.868           0.907         952.261
       210           0.551           0.504           0.645           0.895           0.943           0.552           0.707           0.868           0.905         956.704
       211           0.550           0.503           0.644           0.895           0.943           0.552           0.707           0.868           0.905         961.196
       212           0.550           0.503           0.644           0.895           0.943           0.552           0.706           0.868           0.907         965.709
       213           0.549           0.502           0.644           0.896           0.943           0.554           0.710           0.867           0.905         970.155
       214           0.549           0.503           0.643           0.896           0.943           0.544           0.699           0.871           0.909         974.599
       215           0.549           0.503           0.643           0.896           0.943           0.552           0.709           0.867           0.904         979.047
       216           0.549           0.502           0.644           0.896           0.943           0.549           0.705           0.869           0.906         983.492
       217           0.547           0.501           0.642           0.896           0.943           0.550           0.707           0.868           0.907         987.934
       218           0.547           0.501           0.641           0.896           0.943           0.552           0.707           0.868           0.908         992.387
       219           0.546           0.500           0.640           0.897           0.944           0.549           0.706           0.868           0.905         996.907
       220           0.545           0.499           0.640           0.897           0.944           0.551           0.707           0.868           0.908        1001.353
       221           0.545           0.499           0.639           0.897           0.944           0.552           0.709           0.867           0.907        1005.799
       222           0.545           0.499           0.639           0.897           0.944           0.549           0.705           0.869           0.907        1010.238
       223           0.544           0.498           0.638           0.897           0.944           0.548           0.706           0.869           0.908        1014.681
       224           0.543           0.498           0.638           0.897           0.944           0.550           0.707           0.868           0.908        1019.136
       225           0.543           0.497           0.637           0.898           0.944           0.546           0.704           0.869           0.908        1023.687
       226           0.542           0.497           0.637           0.898           0.944           0.549           0.706           0.868           0.908        1028.186
       227           0.540           0.496           0.635           0.898           0.944           0.551           0.708           0.867           0.909        1032.690
       228           0.541           0.496           0.636           0.898           0.944           0.550           0.708           0.868           0.908        1037.187
       229           0.540           0.495           0.635           0.898           0.945           0.550           0.709           0.867           0.909        1041.693
       230           0.540           0.496           0.635           0.898           0.944           0.551           0.711           0.867           0.907        1046.195
       231           0.539           0.495           0.635           0.898           0.945           0.548           0.706           0.868           0.909        1050.701
       232           0.539           0.495           0.634           0.899           0.945           0.550           0.709           0.867           0.910        1055.206
       233           0.538           0.494           0.633           0.899           0.945           0.547           0.705           0.869           0.909        1059.714
       234           0.537           0.493           0.633           0.899           0.945           0.550           0.710           0.867           0.909        1064.218
       235           0.537           0.494           0.633           0.899           0.945           0.552           0.712           0.866           0.909        1068.730
       236           0.537           0.493           0.632           0.899           0.945           0.552           0.710           0.867           0.909        1073.239
       237           0.536           0.492           0.631           0.900           0.945           0.549           0.709           0.867           0.910        1077.755
       238           0.535           0.492           0.630           0.900           0.945           0.552           0.712           0.866           0.909        1082.349
       239           0.535           0.491           0.630           0.900           0.945           0.548           0.707           0.868           0.910        1086.900
       240           0.535           0.491           0.630           0.900           0.945           0.549           0.708           0.868           0.909        1091.391
       241           0.534           0.490           0.629           0.900           0.945           0.544           0.702           0.870           0.911        1095.902
       242           0.536           0.492           0.631           0.900           0.945           0.551           0.712           0.866           0.908        1100.405
       243           0.534           0.490           0.630           0.900           0.945           0.548           0.707           0.868           0.909        1104.911
       244           0.532           0.489           0.627           0.901           0.946           0.547           0.706           0.868           0.911        1109.407
       245           0.532           0.489           0.627           0.901           0.946           0.546           0.706           0.868           0.909        1113.909
       246           0.531           0.488           0.627           0.901           0.946           0.552           0.712           0.866           0.911        1118.407
       247           0.530           0.488           0.626           0.901           0.946           0.550           0.711           0.867           0.911        1122.887
       248           0.530           0.487           0.625           0.901           0.946           0.551           0.711           0.866           0.911        1127.355
       249           0.529           0.487           0.625           0.902           0.946           0.539           0.696           0.872           0.912        1131.818
       250           0.532           0.489           0.627           0.901           0.946           0.551           0.711           0.866           0.909        1136.280
       251           0.529           0.486           0.625           0.902           0.946           0.546           0.706           0.868           0.912        1140.790
       252           0.527           0.486           0.623           0.902           0.946           0.545           0.706           0.868           0.911        1145.280
       253           0.527           0.485           0.623           0.902           0.946           0.551           0.713           0.866           0.911        1149.747
       254           0.527           0.485           0.623           0.902           0.946           0.548           0.709           0.867           0.912        1154.225
       255           0.527           0.485           0.622           0.902           0.947           0.551           0.712           0.866           0.911        1158.695
       256           0.526           0.484           0.622           0.902           0.947           0.537           0.696           0.872           0.912        1163.167
       257           0.528           0.486           0.624           0.902           0.946           0.551           0.712           0.866           0.910        1167.735
       258           0.526           0.484           0.622           0.902           0.947           0.548           0.710           0.867           0.911        1172.207
       259           0.525           0.483           0.620           0.903           0.947           0.540           0.700           0.870           0.912        1176.676
       260           0.527           0.486           0.623           0.902           0.947           0.552           0.714           0.865           0.910        1181.156
       261           0.525           0.483           0.621           0.903           0.947           0.544           0.706           0.868           0.911        1185.619
       262           0.523           0.482           0.619           0.903           0.947           0.551           0.713           0.866           0.911        1190.096
       263           0.523           0.482           0.619           0.903           0.947           0.553           0.715           0.865           0.912        1194.569
       264           0.522           0.482           0.619           0.903           0.947           0.550           0.712           0.866           0.911        1199.046
       265           0.523           0.481           0.619           0.903           0.947           0.552           0.715           0.865           0.911        1203.621
       266           0.521           0.481           0.618           0.904           0.947           0.537           0.697           0.872           0.913        1208.106
       267           0.524           0.483           0.621           0.903           0.947           0.553           0.716           0.865           0.910        1212.572
       268           0.522           0.481           0.619           0.904           0.947           0.548           0.711           0.866           0.911        1217.049
       269           0.520           0.479           0.616           0.904           0.947           0.548           0.712           0.866           0.911        1221.518
       270           0.519           0.479           0.616           0.904           0.947           0.551           0.714           0.865           0.911        1225.999
       271           0.519           0.479           0.616           0.904           0.948           0.553           0.718           0.864           0.911        1230.470
       272           0.519           0.479           0.616           0.904           0.948           0.551           0.715           0.865           0.912        1234.946
       273           0.518           0.479           0.615           0.905           0.948           0.551           0.715           0.865           0.911        1239.425
       274           0.520           0.479           0.616           0.904           0.947           0.550           0.714           0.865           0.909        1243.907
       275           0.518           0.477           0.615           0.905           0.948           0.547           0.711           0.866           0.911        1248.403
       276           0.516           0.477           0.614           0.905           0.948           0.554           0.718           0.864           0.912        1252.959
       277           0.517           0.477           0.613           0.905           0.948           0.555           0.720           0.863           0.912        1257.449
       278           0.516           0.476           0.613           0.905           0.948           0.553           0.718           0.864           0.912        1261.948
       279           0.515           0.476           0.612           0.905           0.948           0.552           0.717           0.864           0.912        1266.467
       280           0.515           0.475           0.612           0.905           0.948           0.553           0.719           0.863           0.911        1270.958
       281           0.515           0.475           0.612           0.905           0.948           0.554           0.719           0.863           0.912        1275.454
       282           0.515           0.475           0.612           0.906           0.948           0.556           0.723           0.862           0.911        1279.940
       283           0.514           0.474           0.610           0.906           0.948           0.549           0.714           0.865           0.911        1284.432
       284           0.516           0.476           0.612           0.905           0.948           0.551           0.717           0.864           0.909        1288.915
       285           0.514           0.473           0.611           0.906           0.948           0.552           0.718           0.864           0.912        1293.408
       286           0.512           0.473           0.609           0.906           0.949           0.555           0.722           0.862           0.912        1297.893
       287           0.512           0.473           0.609           0.906           0.948           0.557           0.724           0.862           0.912        1302.382
       288           0.512           0.473           0.609           0.906           0.948           0.557           0.724           0.862           0.912        1306.868
       289           0.512           0.473           0.609           0.906           0.948           0.556           0.724           0.862           0.913        1311.356
       290           0.512           0.473           0.609           0.906           0.949           0.560           0.729           0.860           0.912        1315.846
       291           0.511           0.472           0.608           0.907           0.949           0.552           0.719           0.864           0.913        1320.385
       292           0.511           0.472           0.608           0.907           0.949           0.559           0.727           0.860           0.914        1324.943
       293           0.511           0.472           0.608           0.907           0.949           0.560           0.730           0.859           0.913        1329.434
       294           0.511           0.472           0.608           0.907           0.949           0.560           0.729           0.860           0.913        1333.929
       295           0.510           0.471           0.607           0.907           0.949           0.557           0.726           0.861           0.913        1338.500
       296           0.509           0.471           0.607           0.907           0.949           0.561           0.731           0.859           0.913        1342.987
       297           0.509           0.471           0.606           0.907           0.949           0.559           0.728           0.860           0.913        1347.481
       298           0.510           0.471           0.608           0.907           0.949           0.557           0.727           0.860           0.914        1351.965
       299           0.508           0.470           0.606           0.907           0.949           0.559           0.728           0.860           0.913        1356.455
       300           0.508           0.470           0.606           0.908           0.949           0.561           0.731           0.859           0.914        1360.938
       301           0.509           0.470           0.606           0.907           0.949           0.547           0.716           0.865           0.915        1365.438
       302           0.511           0.472           0.608           0.907           0.949           0.561           0.729           0.859           0.909        1369.925
       303           0.508           0.469           0.606           0.907           0.949           0.553           0.719           0.863           0.913        1374.414
       304           0.506           0.468           0.605           0.908           0.949           0.562           0.731           0.859           0.913        1378.903
       305           0.507           0.470           0.605           0.908           0.949           0.543           0.709           0.867           0.914        1383.497
       306           0.511           0.472           0.609           0.906           0.949           0.563           0.730           0.859           0.911        1387.999
       307           0.506           0.468           0.604           0.908           0.949           0.555           0.724           0.861           0.913        1392.496
       308           0.504           0.467           0.603           0.908           0.950           0.562           0.733           0.858           0.912        1397.007
       309           0.505           0.467           0.602           0.908           0.950           0.547           0.716           0.864           0.914        1401.525
       310           0.509           0.471           0.607           0.907           0.949           0.566           0.738           0.856           0.910        1406.063
       311           0.506           0.467           0.604           0.908           0.949           0.555           0.727           0.860           0.912        1410.590
       312           0.503           0.466           0.601           0.909           0.950           0.557           0.728           0.860           0.914        1415.128
       313           0.502           0.465           0.601           0.909           0.950           0.564           0.739           0.856           0.914        1419.741
       314           0.527           0.487           0.624           0.902           0.945           0.547           0.719           0.864           0.913        1424.310
       315           0.506           0.468           0.605           0.908           0.950           0.551           0.717           0.864           0.910        1428.872
       316           0.503           0.465           0.602           0.909           0.950           0.563           0.735           0.857           0.912        1433.410
       317           0.502           0.465           0.600           0.909           0.950           0.555           0.723           0.862           0.914        1437.913
       318           0.501           0.465           0.600           0.909           0.950           0.552           0.721           0.863           0.915        1442.444
       319           0.505           0.467           0.603           0.908           0.949           0.558           0.729           0.859           0.911        1446.956
       320           0.501           0.463           0.600           0.909           0.950           0.554           0.725           0.861           0.913        1451.394
       321           0.499           0.462           0.597           0.910           0.950           0.559           0.732           0.858           0.912        1455.839
       322           0.498           0.463           0.597           0.910           0.950           0.548           0.720           0.863           0.913        1460.285
       323           0.503           0.466           0.601           0.909           0.950           0.561           0.735           0.857           0.909        1464.706
       324           0.500           0.462           0.598           0.910           0.950           0.555           0.729           0.859           0.913        1469.132
       325           0.498           0.462           0.597           0.910           0.950           0.565           0.743           0.854           0.912        1473.552
       326           0.498           0.462           0.596           0.910           0.950           0.554           0.728           0.860           0.913        1477.981
       327           0.501           0.464           0.599           0.909           0.950           0.557           0.730           0.859           0.910        1482.406
       328           0.499           0.461           0.598           0.910           0.950           0.557           0.730           0.859           0.912        1486.833
       329           0.500           0.464           0.599           0.909           0.950           0.573           0.751           0.851           0.913        1491.261
       330           0.499           0.463           0.597           0.910           0.950           0.548           0.722           0.862           0.912        1495.688
       331           0.499           0.462           0.597           0.910           0.950           0.547           0.723           0.862           0.907        1500.129
       332           0.492           0.455           0.592           0.912           0.951           0.550           0.724           0.861           0.909        1504.598
       333           0.491           0.455           0.590           0.912           0.951           0.556           0.735           0.857           0.910        1509.100
       334           0.490           0.455           0.589           0.912           0.951           0.543           0.715           0.865           0.910        1513.504
       335           0.497           0.460           0.596           0.910           0.950           0.553           0.728           0.860           0.906        1517.910
       336           0.492           0.455           0.592           0.912           0.951           0.551           0.725           0.861           0.910        1522.318
       337           0.490           0.454           0.590           0.912           0.951           0.557           0.734           0.858           0.910        1526.724
       338           0.489           0.454           0.589           0.913           0.951           0.550           0.725           0.861           0.910        1531.119
       339           0.496           0.459           0.595           0.911           0.951           0.550           0.728           0.860           0.907        1535.526
       340           0.490           0.453           0.590           0.912           0.951           0.552           0.728           0.860           0.909        1539.925
       341           0.489           0.454           0.589           0.913           0.952           0.556           0.735           0.857           0.910        1544.336
       342           0.488           0.453           0.587           0.913           0.952           0.545           0.720           0.863           0.910        1548.726
       343           0.496           0.460           0.595           0.911           0.951           0.552           0.730           0.859           0.907        1553.111
       344           0.489           0.453           0.589           0.913           0.952           0.559           0.738           0.856           0.908        1557.514
       345           0.488           0.453           0.588           0.913           0.952           0.557           0.733           0.858           0.911        1561.943
       346           0.487           0.452           0.587           0.913           0.952           0.557           0.735           0.857           0.910        1566.398
       347           0.487           0.452           0.586           0.913           0.952           0.548           0.723           0.862           0.910        1570.783
       348           0.494           0.458           0.593           0.911           0.951           0.553           0.730           0.859           0.908        1575.179
       349           0.488           0.451           0.588           0.913           0.952           0.554           0.731           0.859           0.910        1579.568
       350           0.487           0.452           0.586           0.913           0.952           0.556           0.734           0.858           0.910        1583.946
       351           0.487           0.453           0.587           0.913           0.951           0.547           0.725           0.861           0.909        1588.435
       352           0.491           0.456           0.590           0.912           0.951           0.538           0.713           0.866           0.908        1592.812
       353           0.501           0.467           0.602           0.909           0.949           0.542           0.721           0.863           0.903        1597.193
       354           0.500           0.466           0.601           0.909           0.949           0.540           0.716           0.865           0.905        1601.576
       355           0.507           0.477           0.609           0.906           0.947           0.542           0.718           0.864           0.907        1605.956
       356           0.523           0.487           0.626           0.901           0.944           0.554           0.727           0.860           0.911        1610.328
       357           0.517           0.482           0.621           0.903           0.945           0.562           0.735           0.857           0.910        1614.712
       358           0.505           0.474           0.608           0.907           0.947           0.556           0.730           0.859           0.909        1619.091
       359           0.506           0.472           0.609           0.906           0.947           0.595           0.771           0.843           0.911        1623.513
       360           0.503           0.473           0.607           0.907           0.948           0.572           0.754           0.850           0.910        1627.930
       361           0.497           0.466           0.599           0.909           0.949           0.571           0.751           0.851           0.912        1632.304
       362           0.501           0.469           0.604           0.908           0.948           0.581           0.759           0.848           0.909        1636.692
       363           0.506           0.470           0.607           0.907           0.948           0.569           0.749           0.852           0.911        1641.070
       364           0.531           0.489           0.632           0.899           0.943           0.545           0.721           0.863           0.911        1645.449
       365           0.557           0.509           0.659           0.890           0.937           0.537           0.723           0.862           0.905        1649.832
       366           0.580           0.533           0.684           0.882           0.932           0.532           0.719           0.864           0.907        1654.219
       367           0.546           0.505           0.650           0.893           0.939           0.515           0.691           0.874           0.913        1658.600
       368           0.520           0.484           0.622           0.902           0.944           0.522           0.700           0.871           0.911        1662.988
       369           0.531           0.493           0.634           0.898           0.941           0.518           0.698           0.871           0.913        1667.373
       370           0.521           0.485           0.624           0.902           0.943           0.520           0.699           0.871           0.912        1671.841
       371           0.512           0.478           0.615           0.905           0.945           0.522           0.702           0.870           0.917        1676.212
       372           0.500           0.468           0.602           0.908           0.947           0.521           0.701           0.870           0.915        1680.620
       373           0.505           0.472           0.608           0.907           0.947           0.521           0.700           0.870           0.916        1685.066
       374           0.502           0.469           0.604           0.908           0.947           0.522           0.703           0.870           0.915        1689.440
       375           0.496           0.464           0.599           0.910           0.948           0.530           0.714           0.865           0.918        1693.813
       376           0.493           0.461           0.595           0.911           0.949           0.528           0.713           0.866           0.918        1698.192
       377           0.495           0.463           0.597           0.910           0.949           0.529           0.716           0.865           0.917        1702.564
       378           0.493           0.462           0.596           0.910           0.949           0.529           0.716           0.864           0.917        1706.950
       379           0.490           0.459           0.592           0.912           0.950           0.542           0.730           0.859           0.921        1711.324
       380           0.494           0.462           0.596           0.910           0.949           0.546           0.739           0.856           0.920        1715.698
       381           0.493           0.462           0.595           0.911           0.949           0.545           0.738           0.856           0.921        1720.074
       382           0.494           0.463           0.597           0.910           0.949           0.548           0.742           0.855           0.920        1724.445
       383           0.490           0.460           0.593           0.911           0.950           0.560           0.755           0.849           0.921        1728.827
       384           0.496           0.464           0.599           0.909           0.949           0.567           0.764           0.846           0.920        1733.206
       385           0.498           0.465           0.601           0.909           0.949           0.564           0.761           0.847           0.921        1737.581
       386           0.497           0.464           0.600           0.909           0.949           0.565           0.761           0.847           0.921        1741.996
       387           0.489           0.456           0.592           0.912           0.951           0.558           0.753           0.850           0.921        1746.426
       388           0.488           0.454           0.591           0.912           0.951           0.554           0.746           0.853           0.921        1750.799
       389           0.487           0.453           0.589           0.912           0.951           0.552           0.746           0.853           0.921        1755.323
       390           0.486           0.453           0.589           0.912           0.951           0.554           0.749           0.852           0.921        1759.700
       391           0.486           0.452           0.589           0.913           0.951           0.553           0.747           0.852           0.921        1764.081
       392           0.486           0.452           0.588           0.913           0.951           0.551           0.744           0.854           0.921        1768.457
       393           0.485           0.452           0.588           0.913           0.951           0.554           0.748           0.852           0.921        1772.837
       394           0.485           0.452           0.588           0.913           0.951           0.551           0.745           0.854           0.922        1777.222
       395           0.485           0.452           0.588           0.913           0.951           0.553           0.748           0.852           0.921        1781.594
       396           0.485           0.452           0.588           0.913           0.951           0.550           0.743           0.854           0.922        1786.012
       397           0.484           0.452           0.587           0.913           0.951           0.551           0.744           0.854           0.921        1790.388
       398           0.485           0.452           0.588           0.913           0.951           0.553           0.747           0.853           0.921        1794.760
       399           0.485           0.452           0.588           0.913           0.951           0.551           0.745           0.854           0.922        1799.124
       400           0.485           0.452           0.588           0.913           0.951           0.552           0.746           0.853           0.921        1803.536
       401           0.484           0.452           0.587           0.913           0.951           0.552           0.746           0.853           0.922        1807.959
       402           0.477           0.444           0.579           0.915           0.953           0.541           0.735           0.857           0.921        1812.310
       403           0.475           0.442           0.577           0.916           0.953           0.537           0.729           0.860           0.921        1816.664
       404           0.473           0.442           0.576           0.916           0.953           0.538           0.730           0.859           0.920        1821.017
       405           0.474           0.442           0.576           0.916           0.953           0.538           0.730           0.859           0.920        1825.379
       406           0.474           0.442           0.576           0.916           0.953           0.539           0.730           0.859           0.920        1829.736
       407           0.474           0.442           0.576           0.916           0.953           0.539           0.730           0.859           0.921        1834.096
       408           0.474           0.442           0.576           0.916           0.953           0.539           0.731           0.859           0.920        1838.726
       409           0.469           0.438           0.570           0.918           0.954           0.530           0.719           0.863           0.921        1843.085
       410           0.467           0.436           0.569           0.918           0.954           0.529           0.719           0.863           0.920        1847.450
       411           0.466           0.436           0.568           0.919           0.954           0.530           0.720           0.863           0.920        1851.812
       412           0.466           0.436           0.569           0.918           0.954           0.531           0.722           0.862           0.920        1856.175
       413           0.467           0.437           0.569           0.918           0.954           0.530           0.720           0.863           0.920        1860.585
       414           0.467           0.437           0.569           0.918           0.954           0.531           0.721           0.863           0.920        1864.973
       415           0.467           0.437           0.569           0.918           0.954           0.532           0.723           0.862           0.920        1869.330
       416           0.463           0.433           0.565           0.919           0.955           0.526           0.716           0.865           0.920        1873.690
       417           0.462           0.433           0.564           0.920           0.955           0.527           0.716           0.864           0.920        1878.050
       418           0.462           0.433           0.564           0.920           0.955           0.527           0.716           0.865           0.920        1882.408
       419           0.462           0.433           0.564           0.920           0.955           0.527           0.717           0.864           0.920        1886.768
       420           0.462           0.433           0.564           0.920           0.955           0.528           0.717           0.864           0.920        1891.127
       421           0.462           0.433           0.565           0.920           0.955           0.528           0.717           0.864           0.920        1895.487
       422           0.459           0.431           0.562           0.920           0.955           0.526           0.715           0.865           0.920        1899.851
       423           0.458           0.430           0.561           0.921           0.955           0.526           0.715           0.865           0.920        1904.210
       424           0.459           0.430           0.561           0.921           0.955           0.526           0.714           0.865           0.920        1908.565
       425           0.459           0.430           0.561           0.921           0.955           0.525           0.713           0.866           0.920        1912.926
       426           0.459           0.430           0.561           0.921           0.955           0.526           0.714           0.865           0.920        1917.290
       427           0.459           0.430           0.561           0.921           0.955           0.525           0.713           0.866           0.920        1921.777
       428           0.456           0.428           0.559           0.921           0.955           0.525           0.712           0.866           0.921        1926.205
       429           0.456           0.428           0.558           0.921           0.955           0.526           0.714           0.865           0.920        1930.565
       430           0.456           0.428           0.559           0.921           0.955           0.525           0.713           0.866           0.920        1934.941
       431           0.456           0.428           0.558           0.921           0.955           0.526           0.713           0.866           0.920        1939.304
       432           0.456           0.428           0.559           0.921           0.955           0.525           0.713           0.866           0.921        1943.665
       433           0.456           0.428           0.558           0.921           0.955           0.525           0.713           0.866           0.921        1948.033
       434           0.454           0.427           0.557           0.922           0.955           0.528           0.715           0.865           0.920        1952.394
       435           0.454           0.427           0.557           0.922           0.956           0.527           0.714           0.865           0.921        1956.755
       436           0.454           0.427           0.557           0.922           0.956           0.526           0.712           0.866           0.921        1961.119
       437           0.454           0.427           0.557           0.922           0.956           0.526           0.712           0.866           0.921        1965.480
       438           0.454           0.427           0.557           0.922           0.955           0.526           0.712           0.866           0.921        1969.838
       439           0.454           0.427           0.557           0.922           0.956           0.526           0.711           0.866           0.921        1974.198
       440           0.454           0.427           0.557           0.922           0.956           0.526           0.711           0.867           0.921        1978.555
       441           0.454           0.427           0.557           0.922           0.956           0.525           0.711           0.866           0.921        1982.958
       442           0.454           0.427           0.557           0.922           0.956           0.525           0.711           0.867           0.921        1987.354
       443           0.454           0.427           0.557           0.922           0.956           0.525           0.710           0.867           0.921        1991.714
       444           0.454           0.427           0.557           0.922           0.956           0.525           0.710           0.867           0.921        1996.092
       445           0.454           0.427           0.557           0.922           0.956           0.525           0.709           0.867           0.921        2000.460
       446           0.452           0.426           0.555           0.922           0.956           0.527           0.711           0.867           0.921        2004.915
       447           0.452           0.426           0.555           0.922           0.956           0.526           0.709           0.867           0.921        2009.280
       448           0.452           0.425           0.555           0.922           0.956           0.525           0.709           0.867           0.921        2013.639
       449           0.452           0.425           0.555           0.922           0.956           0.525           0.709           0.867           0.921        2018.006
       450           0.452           0.425           0.555           0.922           0.956           0.525           0.708           0.868           0.921        2022.368
       451           0.452           0.425           0.555           0.922           0.956           0.525           0.707           0.868           0.921        2026.729
       452           0.452           0.425           0.555           0.922           0.956           0.525           0.708           0.867           0.921        2031.093
       453           0.452           0.425           0.555           0.922           0.956           0.525           0.707           0.868           0.921        2035.454
       454           0.452           0.425           0.555           0.922           0.956           0.525           0.707           0.868           0.921        2039.815
       455           0.452           0.425           0.555           0.922           0.956           0.524           0.706           0.868           0.921        2044.268
       456           0.452           0.425           0.555           0.922           0.956           0.525           0.707           0.868           0.921        2048.637
       457           0.452           0.425           0.555           0.922           0.956           0.524           0.706           0.868           0.921        2052.997
       458           0.452           0.425           0.555           0.922           0.956           0.524           0.707           0.868           0.921        2057.366
       459           0.452           0.425           0.555           0.922           0.956           0.524           0.706           0.868           0.921        2061.727
       460           0.452           0.425           0.555           0.922           0.956           0.524           0.706           0.868           0.921        2066.088
       461           0.452           0.425           0.555           0.922           0.956           0.525           0.707           0.868           0.921        2070.449
       462           0.452           0.425           0.555           0.922           0.956           0.525           0.707           0.868           0.921        2074.808
       463           0.452           0.425           0.555           0.922           0.956           0.525           0.707           0.868           0.921        2079.171
       464           0.452           0.425           0.555           0.922           0.956           0.524           0.706           0.868           0.921        2083.600
       465           0.452           0.425           0.555           0.922           0.956           0.524           0.706           0.868           0.921        2087.961
       466           0.451           0.425           0.555           0.922           0.956           0.524           0.707           0.868           0.921        2092.328
       467           0.451           0.425           0.555           0.922           0.956           0.524           0.707           0.868           0.921        2096.692
       468           0.452           0.425           0.555           0.922           0.956           0.524           0.706           0.868           0.921        2101.093
       469           0.451           0.425           0.555           0.922           0.956           0.524           0.707           0.868           0.921        2105.526
       470           0.451           0.425           0.555           0.922           0.956           0.525           0.708           0.868           0.921        2109.885
       471           0.451           0.425           0.555           0.922           0.956           0.525           0.707           0.868           0.921        2114.249
       472           0.451           0.425           0.554           0.922           0.956           0.524           0.707           0.868           0.921        2118.616
       473           0.451           0.425           0.554           0.922           0.956           0.525           0.707           0.868           0.921        2122.978
       474           0.451           0.424           0.554           0.922           0.956           0.524           0.707           0.868           0.921        2127.335
       475           0.451           0.424           0.554           0.923           0.956           0.524           0.706           0.868           0.921        2131.693
       476           0.451           0.424           0.554           0.923           0.956           0.524           0.707           0.868           0.921        2136.055
       477           0.451           0.424           0.554           0.923           0.956           0.524           0.707           0.868           0.921        2140.413
       478           0.451           0.424           0.554           0.922           0.956           0.524           0.706           0.868           0.921        2144.787
       479           0.451           0.424           0.554           0.923           0.956           0.524           0.706           0.868           0.921        2149.153
       480           0.451           0.424           0.554           0.923           0.956           0.524           0.706           0.868           0.921        2153.512
       481           0.449           0.423           0.553           0.923           0.956           0.525           0.708           0.868           0.921        2157.882
       482           0.449           0.423           0.553           0.923           0.956           0.525           0.707           0.868           0.921        2162.290
       483           0.449           0.423           0.553           0.923           0.956           0.525           0.707           0.868           0.921        2166.756
       484           0.449           0.423           0.553           0.923           0.956           0.525           0.707           0.868           0.921        2171.113
       485           0.449           0.423           0.552           0.923           0.956           0.525           0.707           0.868           0.921        2175.473
       486           0.449           0.423           0.552           0.923           0.956           0.525           0.707           0.868           0.921        2179.849
       487           0.449           0.423           0.552           0.923           0.956           0.525           0.707           0.868           0.921        2184.215
       488           0.449           0.423           0.552           0.923           0.956           0.525           0.707           0.868           0.921        2188.568
       489           0.449           0.423           0.552           0.923           0.956           0.525           0.706           0.868           0.921        2192.928
       490           0.449           0.423           0.552           0.923           0.956           0.525           0.707           0.868           0.921        2197.287
       491           0.449           0.423           0.552           0.923           0.956           0.525           0.707           0.868           0.921        2201.642
       492           0.449           0.423           0.552           0.923           0.956           0.525           0.707           0.868           0.921        2206.004
       493           0.449           0.423           0.552           0.923           0.956           0.524           0.706           0.868           0.921        2210.366
       494           0.449           0.422           0.552           0.923           0.956           0.525           0.707           0.868           0.921        2214.728
       495           0.449           0.422           0.552           0.923           0.956           0.525           0.707           0.868           0.921        2219.093
       496           0.449           0.422           0.552           0.923           0.956           0.525           0.707           0.868           0.921        2223.503
       497           0.449           0.422           0.552           0.923           0.956           0.525           0.706           0.868           0.921        2227.914
       498           0.448           0.422           0.552           0.923           0.956           0.524           0.707           0.868           0.921        2232.273
       499           0.448           0.422           0.552           0.923           0.956           0.524           0.706           0.868           0.921        2236.630
       500           0.448           0.422           0.552           0.923           0.956           0.525           0.707           0.868           0.921        2241.001
--------------------------------------------------------------------------------------------------------------------------------------------------------------------------------------------------------
The best indicator statistics
      BestEpoch        TrainMAE       TrainRMSE         TrainR2         TrainCC        ValidMAE       ValidRMSE         ValidR2         ValidCC
       367           0.505           0.650           0.893           0.939           0.515           0.691           0.874           0.913
Total training time: 2241.1305 seconds
>>> Training of the Model Accomplished! >>>
End at:  Fri Mar 31 00:29:39 2023
++++++++++++++++++++++++++++++++++++++++
process end at : 
Fri Mar 31 00:29:42 CST 2023
