32
process will start at : 
Sat Jun 17 23:32:36 CST 2023
++++++++++++++++++++++++++++++++++++++++
Load GaoDataSet from /lustre/home/qfchen/Mult-Target-Molecular/TAGCN-amide-feature/dataset/amide_train_lbl.scv ... done (7001 lines, 153.049 seconds) 
Load GaoDataSet from /lustre/home/qfchen/Mult-Target-Molecular/TAGCN-amide-feature/dataset/amide_test_lbl.scv ... done (3002 lines, 65.683 seconds) 
>>> Training of the Model >>>
Start at:  Sat Jun 17 23:38:12 2023
PID:       448996
Learning rate:               1E-03
Batch size:                  32
Maximum epochs:              500
Output frequency:            1
Device:                      cpu
--------------------------------------------------------------------------------------------------------------------------------------------------------------------------------------------------------
     Epoch       TrainLoss        TrainMAE       TrainRMSE         TrainR2         TrainCC        ValidMAE       ValidRMSE         ValidR2         ValidCC         Time(s)
--------------------------------------------------------------------------------------------------------------------------------------------------------------------------------------------------------
         0           1.379           1.137           1.483          -0.619           0.264           0.957           1.225          -0.075           0.565          38.901
         1           1.035           0.915           1.206          -0.071           0.471           0.935           1.194          -0.020           0.664          74.806
         2           0.944           0.860           1.141           0.041           0.540           1.052           1.296          -0.203           0.708         110.715
         3           0.825           0.779           1.048           0.191           0.626           0.735           0.976           0.318           0.759         146.671
         4           0.755           0.737           1.001           0.263           0.678           0.754           0.984           0.306           0.786         182.626
         5           0.709           0.717           0.971           0.306           0.709           0.777           0.998           0.286           0.806         218.693
         6           0.680           0.688           0.932           0.361           0.736           0.739           0.953           0.349           0.825         254.404
         7           0.653           0.674           0.917           0.381           0.754           0.512           0.741           0.606           0.824         291.156
         8           0.599           0.645           0.882           0.427           0.782           0.444           0.685           0.664           0.825         328.680
         9           0.564           0.630           0.860           0.456           0.800           0.380           0.639           0.707           0.838         366.599
        10           0.545           0.621           0.845           0.474           0.810           0.355           0.618           0.726           0.851         404.982
        11           0.516           0.604           0.827           0.497           0.825           0.396           0.644           0.703           0.847         443.481
        12           0.520           0.604           0.831           0.492           0.821           0.404           0.650           0.698           0.851         481.983
        13           0.507           0.596           0.824           0.500           0.827           0.421           0.662           0.686           0.857         520.594
        14           0.495           0.584           0.812           0.514           0.833           0.469           0.698           0.651           0.865         558.541
        15           0.487           0.583           0.809           0.518           0.837           0.408           0.652           0.695           0.863         596.603
        16           0.473           0.579           0.802           0.526           0.843           0.491           0.714           0.635           0.871         634.432
        17           0.467           0.577           0.798           0.531           0.844           0.383           0.630           0.716           0.870         672.063
        18           0.468           0.576           0.800           0.529           0.844           0.524           0.737           0.610           0.876         709.759
        19           0.462           0.570           0.790           0.540           0.848           0.432           0.669           0.679           0.871         747.457
        20           0.494           0.583           0.809           0.518           0.838           0.288           0.549           0.784           0.887         785.478
        21           0.441           0.559           0.780           0.552           0.857           0.261           0.532           0.798           0.901         823.099
        22           0.503           0.584           0.819           0.507           0.830           0.252           0.516           0.810           0.898         859.393
        23           0.437           0.558           0.777           0.556           0.857           0.321           0.576           0.763           0.884         895.836
        24           0.415           0.551           0.765           0.569           0.866           0.226           0.492           0.826           0.910         932.203
        25           0.421           0.555           0.772           0.562           0.863           0.223           0.488           0.829           0.911         969.236
        26           0.406           0.545           0.761           0.573           0.867           0.526           0.736           0.612           0.883        1005.967
        27           0.413           0.549           0.769           0.564           0.862           0.418           0.655           0.692           0.882        1042.658
        28           0.422           0.555           0.775           0.557           0.859           0.275           0.533           0.796           0.896        1079.587
        29           0.385           0.537           0.752           0.584           0.872           0.571           0.767           0.578           0.886        1117.179
        30           0.418           0.552           0.769           0.564           0.864           0.300           0.555           0.780           0.894        1155.267
        31           0.374           0.535           0.750           0.586           0.874           0.630           0.808           0.532           0.893        1193.200
        32           0.374           0.537           0.752           0.584           0.873           0.265           0.522           0.805           0.901        1231.422
        33           0.360           0.533           0.747           0.589           0.877           0.656           0.823           0.514           0.903        1268.926
        34           0.367           0.528           0.745           0.591           0.875           0.522           0.731           0.618           0.886        1306.420
        35           0.374           0.536           0.753           0.582           0.873           0.577           0.770           0.575           0.891        1344.007
        36           0.353           0.532           0.747           0.589           0.878           0.316           0.569           0.768           0.897        1381.211
        37           0.383           0.532           0.749           0.586           0.874           0.652           0.821           0.517           0.903        1418.333
        38           0.343           0.526           0.741           0.595           0.880           0.386           0.627           0.719           0.891        1455.466
        39           0.361           0.526           0.741           0.596           0.879           0.335           0.583           0.757           0.898        1492.771
        40           0.359           0.528           0.743           0.593           0.878           0.511           0.723           0.626           0.888        1530.582
        41           0.318           0.529           0.741           0.596           0.882           0.694           0.846           0.487           0.912        1568.362
        42           0.326           0.522           0.736           0.601           0.883           0.665           0.828           0.509           0.907        1606.223
        43           0.327           0.519           0.735           0.602           0.883           0.722           0.864           0.465           0.919        1644.033
        44           0.325           0.522           0.737           0.600           0.884           0.672           0.832           0.504           0.910        1681.850
        45           0.318           0.516           0.732           0.606           0.885           0.503           0.715           0.634           0.892        1719.791
        46           0.298           0.517           0.730           0.607           0.886           0.541           0.742           0.606           0.895        1757.642
        47           0.286           0.514           0.727           0.611           0.888           0.649           0.816           0.523           0.907        1795.280
        48           0.286           0.514           0.725           0.613           0.889           0.657           0.819           0.519           0.910        1832.813
        49           0.283           0.515           0.727           0.611           0.889           0.607           0.785           0.559           0.904        1870.402
        50           0.285           0.515           0.728           0.610           0.889           0.613           0.787           0.556           0.906        1908.021
        51           0.285           0.511           0.724           0.614           0.890           0.611           0.786           0.558           0.906        1945.250
        52           0.277           0.511           0.724           0.614           0.890           0.590           0.772           0.573           0.904        1982.463
        53           0.276           0.508           0.722           0.617           0.891           0.606           0.782           0.562           0.907        2019.750
        54           0.272           0.506           0.720           0.619           0.891           0.622           0.791           0.552           0.911        2056.961
        55           0.265           0.504           0.718           0.621           0.892           0.597           0.775           0.570           0.907        2094.318
        56           0.265           0.505           0.719           0.620           0.892           0.708           0.849           0.484           0.926        2131.585
        57           0.261           0.506           0.718           0.620           0.893           0.620           0.790           0.553           0.910        2168.912
        58           0.256           0.505           0.718           0.620           0.893           0.598           0.776           0.569           0.907        2206.298
        59           0.254           0.504           0.716           0.622           0.893           0.492           0.703           0.646           0.899        2243.237
        60           0.245           0.503           0.715           0.623           0.894           0.583           0.766           0.580           0.905        2280.260
        61           0.245           0.500           0.714           0.625           0.894           0.591           0.771           0.574           0.907        2317.531
        62           0.263           0.498           0.711           0.627           0.893           0.576           0.761           0.585           0.904        2354.628
        63           0.233           0.499           0.713           0.626           0.895           0.635           0.799           0.543           0.915        2391.768
        64           0.226           0.500           0.712           0.627           0.895           0.612           0.784           0.559           0.912        2428.976
        65           0.239           0.495           0.708           0.631           0.894           0.354           0.597           0.744           0.905        2466.163
        66           0.249           0.490           0.705           0.634           0.895           0.211           0.462           0.847           0.930        2503.466
        67           0.238           0.495           0.708           0.631           0.896           0.148           0.389           0.892           0.945        2540.043
        68           0.240           0.499           0.711           0.627           0.895           0.142           0.381           0.896           0.946        2576.182
        69           0.214           0.495           0.706           0.633           0.896           0.185           0.432           0.866           0.936        2612.204
        70           0.221           0.501           0.711           0.628           0.897           0.201           0.449           0.855           0.932        2648.577
        71           0.204           0.491           0.704           0.635           0.896           0.140           0.378           0.898           0.947        2688.486
        72           0.208           0.496           0.707           0.632           0.897           0.129           0.362           0.906           0.951        2724.471
        73           0.201           0.492           0.705           0.634           0.897           0.187           0.434           0.865           0.936        2760.550
        74           0.202           0.492           0.704           0.635           0.898           0.219           0.468           0.843           0.930        2796.573
        75           0.188           0.489           0.701           0.638           0.898           0.393           0.628           0.718           0.905        2832.807
        76           0.193           0.490           0.702           0.637           0.898           0.308           0.556           0.778           0.914        2869.457
        77           0.192           0.488           0.700           0.639           0.898           0.166           0.409           0.880           0.943        2906.049
        78           0.187           0.488           0.700           0.639           0.899           0.308           0.556           0.778           0.914        2942.750
        79           0.181           0.488           0.700           0.639           0.900           0.332           0.578           0.761           0.911        2979.559
        80           0.179           0.486           0.698           0.641           0.900           0.121           0.349           0.913           0.955        3016.341
        81           0.176           0.481           0.695           0.644           0.900           0.121           0.349           0.913           0.955        3054.634
        82           0.174           0.483           0.697           0.643           0.900           0.255           0.507           0.816           0.923        3091.348
        83           0.165           0.484           0.697           0.642           0.901           0.096           0.311           0.931           0.964        3128.041
        84           0.165           0.482           0.695           0.644           0.900           0.098           0.315           0.929           0.964        3165.068
        85           0.163           0.482           0.696           0.643           0.901           0.097           0.313           0.930           0.964        3202.194
        86           0.157           0.481           0.695           0.644           0.900           0.261           0.512           0.812           0.923        3239.564
        87           0.164           0.477           0.691           0.648           0.901           0.094           0.308           0.932           0.965        3276.838
        88           0.158           0.480           0.693           0.646           0.902           0.118           0.345           0.915           0.958        3314.176
        89           0.153           0.482           0.695           0.644           0.902           0.095           0.310           0.931           0.965        3351.551
        90           0.144           0.480           0.694           0.646           0.901           0.469           0.686           0.663           0.906        3388.998
        91           0.140           0.484           0.697           0.643           0.902           0.542           0.737           0.610           0.910        3426.201
        92           0.146           0.486           0.699           0.641           0.903           0.222           0.472           0.840           0.933        3462.950
        93           0.142           0.483           0.696           0.643           0.904           0.273           0.523           0.804           0.923        3499.330
        94           0.173           0.478           0.692           0.647           0.904           0.172           0.417           0.876           0.943        3535.842
        95           0.135           0.488           0.699           0.640           0.903           0.292           0.542           0.790           0.920        3572.190
        96           0.142           0.478           0.692           0.647           0.903           0.178           0.423           0.872           0.942        3612.820
        97           0.137           0.479           0.693           0.646           0.902           0.586           0.766           0.579           0.915        3649.666
        98           0.129           0.484           0.696           0.643           0.904           0.398           0.632           0.714           0.912        3687.169
        99           0.138           0.477           0.691           0.648           0.904           0.499           0.707           0.642           0.910        3729.673
       100           0.126           0.473           0.688           0.652           0.903           0.434           0.659           0.688           0.910        3766.451
       101           0.124           0.474           0.689           0.651           0.904           0.434           0.660           0.688           0.911        3804.078
       102           0.125           0.472           0.687           0.652           0.904           0.637           0.799           0.543           0.924        3841.445
       103           0.117           0.479           0.693           0.647           0.903           0.629           0.794           0.549           0.923        3878.950
       104           0.117           0.474           0.689           0.650           0.904           0.687           0.829           0.507           0.933        3916.685
       105           0.112           0.482           0.694           0.645           0.904           0.193           0.441           0.861           0.940        3953.702
       106           0.118           0.470           0.686           0.654           0.904           0.679           0.825           0.513           0.931        3990.691
       107           0.120           0.481           0.694           0.645           0.904           0.613           0.784           0.560           0.917        4027.448
       108           0.134           0.467           0.683           0.656           0.905           0.318           0.565           0.771           0.919        4064.163
       109           0.120           0.480           0.693           0.646           0.905           0.134           0.367           0.903           0.954        4100.873
       110           0.114           0.471           0.687           0.652           0.905           0.191           0.439           0.862           0.942        4137.718
       111           0.102           0.475           0.690           0.649           0.904           0.199           0.448           0.856           0.941        4173.781
       112           0.101           0.472           0.688           0.652           0.904           0.185           0.431           0.867           0.944        4209.618
       113           0.102           0.473           0.688           0.651           0.905           0.178           0.423           0.872           0.945        4245.473
       114           0.098           0.471           0.687           0.653           0.905           0.279           0.530           0.799           0.927        4281.239
       115           0.104           0.473           0.688           0.651           0.905           0.303           0.552           0.782           0.923        4317.115
       116           0.104           0.471           0.687           0.653           0.905           0.166           0.409           0.880           0.948        4353.219
       117           0.096           0.474           0.689           0.651           0.905           0.150           0.389           0.892           0.953        4389.206
       118           0.095           0.472           0.687           0.652           0.905           0.138           0.373           0.900           0.956        4427.249
       119           0.091           0.473           0.688           0.652           0.905           0.144           0.382           0.896           0.955        4464.188
       120           0.090           0.471           0.687           0.653           0.905           0.149           0.388           0.892           0.954        4500.579
       121           0.088           0.471           0.687           0.653           0.905           0.160           0.401           0.885           0.951        4536.956
       122           0.086           0.472           0.687           0.652           0.905           0.164           0.407           0.881           0.950        4573.318
       123           0.085           0.472           0.687           0.652           0.905           0.163           0.406           0.882           0.950        4609.729
       124           0.084           0.473           0.688           0.651           0.905           0.214           0.464           0.846           0.940        4646.182
       125           0.083           0.473           0.688           0.652           0.906           0.182           0.427           0.869           0.947        4682.735
       126           0.081           0.471           0.686           0.653           0.905           0.171           0.414           0.877           0.949        4719.665
       127           0.079           0.471           0.686           0.653           0.906           0.371           0.610           0.734           0.917        4757.972
       128           0.078           0.466           0.683           0.657           0.906           0.358           0.599           0.743           0.919        4795.546
       129           0.086           0.465           0.682           0.657           0.906           0.384           0.620           0.725           0.916        4836.750
       130           0.074           0.468           0.685           0.655           0.905           0.167           0.409           0.880           0.950        4874.311
       131           0.073           0.470           0.686           0.653           0.905           0.226           0.476           0.838           0.937        4911.687
       132           0.074           0.464           0.681           0.658           0.906           0.325           0.571           0.767           0.922        4952.300
       133           0.076           0.466           0.683           0.656           0.906           0.193           0.440           0.861           0.945        4989.326
       134           0.075           0.469           0.685           0.654           0.906           0.154           0.393           0.889           0.954        5026.441
       135           0.067           0.462           0.680           0.659           0.906           0.295           0.544           0.788           0.927        5063.571
       136           0.071           0.468           0.684           0.655           0.906           0.161           0.402           0.884           0.952        5100.710
       137           0.070           0.465           0.682           0.657           0.906           0.237           0.487           0.830           0.936        5138.116
       138           0.063           0.465           0.683           0.657           0.906           0.227           0.477           0.837           0.938        5174.889
       139           0.077           0.465           0.682           0.657           0.906           0.241           0.491           0.827           0.937        5211.323
       140           0.075           0.465           0.682           0.657           0.907           0.212           0.461           0.848           0.943        5247.569
       141           0.072           0.465           0.682           0.657           0.907           0.129           0.359           0.908           0.962        5283.784
       142           0.075           0.463           0.681           0.658           0.907           0.162           0.403           0.884           0.954        5320.242
       143           0.067           0.463           0.681           0.658           0.907           0.480           0.693           0.656           0.910        5356.587
       144           0.064           0.462           0.680           0.660           0.907           0.447           0.669           0.680           0.911        5392.987
       145           0.063           0.466           0.683           0.656           0.908           0.367           0.605           0.737           0.917        5429.300
       146           0.060           0.468           0.684           0.655           0.908           0.316           0.562           0.773           0.924        5465.662
       147           0.058           0.465           0.682           0.657           0.908           0.301           0.549           0.784           0.927        5502.231
       148           0.057           0.470           0.686           0.654           0.909           0.267           0.517           0.809           0.932        5538.776
       149           0.057           0.465           0.682           0.657           0.908           0.283           0.532           0.798           0.929        5575.634
       150           0.055           0.461           0.679           0.660           0.908           0.294           0.542           0.790           0.928        5614.638
       151           0.053           0.460           0.679           0.661           0.908           0.267           0.516           0.809           0.932        5653.109
       152           0.051           0.465           0.682           0.658           0.908           0.309           0.556           0.778           0.927        5689.954
       153           0.049           0.463           0.680           0.659           0.909           0.337           0.580           0.759           0.924        5726.675
       154           0.049           0.464           0.681           0.658           0.908           0.330           0.574           0.764           0.924        5763.433
       155           0.047           0.463           0.681           0.659           0.909           0.357           0.597           0.744           0.920        5803.710
       156           0.045           0.465           0.682           0.657           0.909           0.391           0.625           0.720           0.918        5842.533
       157           0.042           0.460           0.678           0.661           0.908           0.349           0.590           0.750           0.921        5879.225
       158           0.044           0.464           0.681           0.658           0.909           0.419           0.647           0.700           0.916        5915.665
       159           0.046           0.459           0.677           0.662           0.908           0.264           0.513           0.811           0.933        5952.138
       160           0.046           0.464           0.681           0.658           0.909           0.260           0.510           0.814           0.935        5988.621
       161           0.044           0.463           0.681           0.659           0.909           0.220           0.469           0.842           0.942        6025.151
       162           0.038           0.457           0.676           0.663           0.909           0.177           0.420           0.873           0.951        6061.866
       163           0.035           0.456           0.676           0.664           0.908           0.172           0.415           0.877           0.951        6098.595
       164           0.035           0.461           0.679           0.660           0.908           0.202           0.449           0.856           0.946        6135.279
       165           0.034           0.461           0.679           0.660           0.908           0.168           0.410           0.880           0.952        6172.066
       166           0.033           0.459           0.678           0.662           0.908           0.159           0.399           0.886           0.953        6208.828
       167           0.034           0.461           0.679           0.660           0.908           0.158           0.398           0.887           0.954        6245.683
       168           0.032           0.459           0.677           0.662           0.908           0.177           0.421           0.873           0.950        6282.363
       169           0.032           0.457           0.676           0.663           0.908           0.157           0.396           0.888           0.954        6318.954
       170           0.031           0.458           0.677           0.662           0.909           0.169           0.411           0.879           0.951        6355.663
       171           0.030           0.458           0.677           0.663           0.909           0.154           0.392           0.890           0.955        6392.420
       172           0.029           0.455           0.675           0.664           0.909           0.163           0.404           0.883           0.953        6429.485
       173           0.031           0.455           0.674           0.665           0.909           0.157           0.396           0.888           0.955        6466.593
       174           0.027           0.452           0.673           0.667           0.909           0.170           0.412           0.879           0.951        6503.712
       175           0.031           0.450           0.671           0.668           0.909           0.156           0.395           0.888           0.955        6540.924
       176           0.026           0.450           0.671           0.668           0.908           0.175           0.419           0.874           0.950        6578.176
       177           0.028           0.453           0.673           0.666           0.909           0.159           0.399           0.886           0.955        6615.470
       178           0.024           0.450           0.671           0.668           0.909           0.184           0.429           0.868           0.948        6652.753
       179           0.028           0.446           0.668           0.671           0.909           0.202           0.449           0.856           0.945        6690.012
       180           0.027           0.451           0.671           0.668           0.910           0.185           0.430           0.868           0.948        6727.278
       181           0.026           0.448           0.670           0.670           0.910           0.173           0.416           0.876           0.951        6764.683
       182           0.027           0.452           0.673           0.667           0.909           0.204           0.452           0.854           0.944        6801.930
       183           0.022           0.458           0.677           0.663           0.909           0.181           0.426           0.870           0.949        6838.906
       184           0.019           0.452           0.672           0.667           0.909           0.201           0.449           0.856           0.945        6876.147
       185           0.020           0.452           0.673           0.667           0.909           0.201           0.448           0.856           0.945        6913.020
       186           0.018           0.448           0.669           0.670           0.909           0.238           0.488           0.829           0.937        6949.649
       187           0.019           0.450           0.671           0.668           0.909           0.244           0.494           0.825           0.936        6986.353
       188           0.018           0.451           0.672           0.668           0.909           0.225           0.474           0.839           0.939        7022.668
       189           0.018           0.451           0.672           0.668           0.909           0.236           0.486           0.831           0.937        7059.601
       190           0.018           0.452           0.672           0.667           0.909           0.257           0.507           0.816           0.934        7096.004
       191           0.017           0.454           0.674           0.665           0.909           0.286           0.535           0.795           0.929        7132.467
       192           0.016           0.449           0.671           0.669           0.909           0.282           0.531           0.798           0.930        7169.033
       193           0.015           0.448           0.670           0.670           0.909           0.294           0.542           0.790           0.927        7205.570
       194           0.015           0.449           0.670           0.669           0.909           0.273           0.522           0.805           0.931        7242.205
       195           0.015           0.450           0.671           0.668           0.909           0.246           0.496           0.824           0.936        7278.763
       196           0.015           0.451           0.672           0.667           0.909           0.274           0.523           0.804           0.931        7315.294
       197           0.015           0.453           0.674           0.666           0.909           0.228           0.477           0.837           0.939        7351.893
       198           0.015           0.454           0.674           0.666           0.909           0.228           0.478           0.836           0.939        7388.417
       199           0.013           0.455           0.674           0.665           0.909           0.265           0.514           0.810           0.933        7424.808
       200           0.013           0.454           0.674           0.666           0.909           0.242           0.492           0.827           0.937        7461.228
       201           0.013           0.454           0.674           0.665           0.909           0.225           0.474           0.839           0.940        7502.478
       202           0.012           0.456           0.676           0.664           0.909           0.239           0.489           0.829           0.937        7539.158
       203           0.012           0.457           0.676           0.663           0.909           0.206           0.454           0.852           0.943        7575.940
       204           0.012           0.457           0.676           0.663           0.909           0.196           0.442           0.860           0.945        7612.098
       205           0.012           0.458           0.677           0.663           0.909           0.205           0.453           0.853           0.944        7648.327
       206           0.011           0.455           0.675           0.665           0.909           0.214           0.462           0.847           0.942        7684.512
       207           0.010           0.454           0.674           0.665           0.909           0.200           0.447           0.857           0.945        7720.733
       208           0.010           0.453           0.673           0.667           0.909           0.207           0.455           0.852           0.944        7757.415
       209           0.009           0.452           0.672           0.667           0.909           0.200           0.447           0.857           0.945        7793.352
       210           0.009           0.453           0.673           0.667           0.909           0.204           0.452           0.854           0.945        7830.950
       211           0.008           0.453           0.673           0.667           0.909           0.196           0.443           0.860           0.946        7867.443
       212           0.008           0.454           0.674           0.665           0.909           0.206           0.453           0.853           0.944        7904.060
       213           0.008           0.452           0.673           0.667           0.909           0.187           0.432           0.866           0.948        7940.915
       214           0.007           0.451           0.671           0.668           0.910           0.226           0.475           0.838           0.940        7977.620
       215           0.007           0.452           0.672           0.667           0.910           0.203           0.450           0.855           0.945        8014.182
       216           0.006           0.452           0.672           0.667           0.910           0.237           0.487           0.830           0.939        8050.752
       217           0.006           0.454           0.674           0.665           0.909           0.206           0.454           0.852           0.945        8087.142
       218           0.005           0.451           0.671           0.668           0.910           0.237           0.487           0.830           0.939        8123.656
       219           0.005           0.453           0.673           0.666           0.909           0.258           0.508           0.815           0.934        8160.222
       220           0.005           0.454           0.673           0.666           0.910           0.227           0.477           0.837           0.940        8196.772
       221           0.004           0.452           0.673           0.667           0.910           0.188           0.434           0.865           0.949        8233.468
       222           0.004           0.451           0.671           0.668           0.910           0.232           0.481           0.834           0.939        8270.321
       223           0.003           0.451           0.671           0.668           0.910           0.222           0.471           0.841           0.941        8307.359
       224           0.003           0.453           0.673           0.667           0.910           0.234           0.484           0.832           0.939        8344.400
       225           0.003           0.451           0.672           0.668           0.910           0.250           0.500           0.821           0.936        8381.391
       226           0.002           0.451           0.672           0.668           0.910           0.250           0.500           0.821           0.936        8418.004
       227           0.002           0.452           0.672           0.667           0.909           0.236           0.486           0.831           0.939        8455.433
       228           0.002           0.451           0.672           0.668           0.910           0.233           0.482           0.833           0.940        8493.230
       229           0.001           0.453           0.673           0.667           0.910           0.204           0.452           0.854           0.945        8530.847
       230           0.001           0.451           0.671           0.668           0.910           0.211           0.460           0.849           0.943        8567.918
       231           0.000           0.449           0.670           0.670           0.910           0.237           0.486           0.831           0.937        8604.903
       232          -0.000           0.451           0.672           0.668           0.910           0.229           0.478           0.836           0.939        8642.044
       233          -0.001           0.449           0.670           0.669           0.910           0.216           0.465           0.845           0.941        8679.563
       234          -0.001           0.449           0.670           0.669           0.910           0.269           0.519           0.807           0.931        8716.638
       235          -0.003           0.449           0.670           0.669           0.910           0.172           0.414           0.877           0.951        8753.705
       236          -0.002           0.446           0.668           0.672           0.910           0.176           0.419           0.874           0.949        8790.761
       237          -0.003           0.445           0.667           0.672           0.910           0.187           0.432           0.866           0.947        8827.761
       238          -0.003           0.447           0.669           0.671           0.910           0.159           0.399           0.886           0.954        8864.603
       239          -0.004           0.447           0.669           0.671           0.910           0.171           0.414           0.877           0.951        8901.327
       240          -0.004           0.447           0.668           0.671           0.911           0.199           0.446           0.858           0.945        8938.173
       241          -0.005           0.449           0.670           0.670           0.911           0.171           0.413           0.878           0.951        8975.025
       242          -0.004           0.447           0.668           0.671           0.911           0.191           0.437           0.863           0.948        9011.571
       243          -0.004           0.452           0.673           0.667           0.910           0.164           0.405           0.882           0.952        9048.350
       244          -0.005           0.448           0.669           0.670           0.910           0.203           0.450           0.855           0.944        9084.910
       245          -0.005           0.451           0.671           0.668           0.910           0.173           0.416           0.876           0.949        9121.491
       246          -0.006           0.449           0.670           0.669           0.910           0.140           0.375           0.900           0.958        9158.148
       247          -0.006           0.453           0.673           0.667           0.910           0.205           0.452           0.853           0.943        9194.735
       248          -0.006           0.451           0.672           0.668           0.910           0.217           0.466           0.845           0.940        9231.573
       249          -0.007           0.450           0.671           0.669           0.910           0.233           0.482           0.833           0.937        9268.385
       250          -0.007           0.450           0.671           0.669           0.910           0.250           0.500           0.821           0.935        9305.236
       251          -0.008           0.451           0.672           0.668           0.910           0.262           0.512           0.812           0.933        9342.145
       252          -0.008           0.452           0.672           0.667           0.910           0.268           0.518           0.808           0.931        9378.992
       253          -0.008           0.454           0.674           0.666           0.910           0.130           0.360           0.907           0.962        9416.243
       254          -0.008           0.447           0.669           0.671           0.910           0.110           0.331           0.921           0.967        9453.435
       255          -0.011           0.448           0.669           0.670           0.910           0.105           0.324           0.925           0.968        9490.596
       256          -0.011           0.447           0.669           0.671           0.910           0.091           0.301           0.935           0.972        9527.837
       257          -0.011           0.449           0.670           0.669           0.910           0.077           0.277           0.945           0.976        9565.595
       258          -0.011           0.446           0.668           0.672           0.910           0.088           0.296           0.937           0.973        9603.219
       259          -0.012           0.448           0.669           0.670           0.910           0.093           0.305           0.933           0.971        9640.691
       260          -0.012           0.448           0.669           0.670           0.910           0.105           0.324           0.925           0.968        9677.623
       261          -0.012           0.448           0.669           0.670           0.910           0.085           0.291           0.939           0.974        9714.619
       262          -0.013           0.447           0.669           0.671           0.910           0.080           0.283           0.943           0.975        9751.621
       263          -0.013           0.445           0.667           0.673           0.911           0.082           0.286           0.941           0.974        9788.761
       264          -0.013           0.447           0.669           0.671           0.911           0.080           0.283           0.943           0.975        9825.613
       265          -0.013           0.444           0.667           0.673           0.910           0.086           0.294           0.938           0.972        9862.257
       266          -0.014           0.445           0.667           0.672           0.911           0.075           0.273           0.947           0.976        9899.200
       267          -0.014           0.445           0.667           0.672           0.911           0.080           0.283           0.943           0.974        9935.990
       268          -0.013           0.448           0.669           0.670           0.911           0.108           0.329           0.922           0.967        9972.752
       269          -0.014           0.449           0.670           0.669           0.911           0.080           0.283           0.943           0.974       10009.625
       270          -0.015           0.446           0.668           0.671           0.911           0.105           0.324           0.925           0.967       10046.055
       271          -0.015           0.448           0.669           0.670           0.911           0.098           0.314           0.930           0.969       10082.335
       272          -0.015           0.448           0.669           0.670           0.911           0.081           0.285           0.942           0.974       10118.655
       273          -0.016           0.446           0.668           0.671           0.911           0.098           0.313           0.930           0.969       10154.940
       274          -0.016           0.446           0.668           0.671           0.911           0.085           0.292           0.939           0.972       10191.414
       275          -0.017           0.447           0.668           0.671           0.911           0.098           0.313           0.930           0.969       10227.772
       276          -0.016           0.447           0.668           0.671           0.911           0.082           0.286           0.941           0.973       10264.151
       277          -0.016           0.452           0.673           0.667           0.911           0.080           0.282           0.943           0.974       10300.698
       278          -0.018           0.451           0.672           0.668           0.911           0.086           0.294           0.938           0.972       10337.128
       279          -0.019           0.450           0.671           0.668           0.911           0.072           0.269           0.948           0.976       10373.958
       280          -0.020           0.452           0.672           0.667           0.911           0.067           0.258           0.952           0.978       10410.693
       281          -0.020           0.451           0.671           0.668           0.911           0.064           0.254           0.954           0.978       10447.365
       282          -0.020           0.449           0.670           0.669           0.910           0.061           0.247           0.956           0.979       10484.154
       283          -0.020           0.453           0.673           0.666           0.911           0.065           0.256           0.953           0.978       10520.883
       284          -0.021           0.451           0.671           0.668           0.911           0.062           0.250           0.955           0.979       10557.819
       285          -0.021           0.454           0.674           0.666           0.911           0.061           0.248           0.956           0.979       10594.664
       286          -0.021           0.455           0.674           0.665           0.911           0.058           0.241           0.958           0.980       10631.555
       287          -0.021           0.454           0.674           0.666           0.911           0.062           0.250           0.955           0.979       10668.454
       288          -0.022           0.457           0.676           0.664           0.910           0.062           0.249           0.956           0.979       10705.200
       289          -0.022           0.453           0.673           0.666           0.910           0.063           0.251           0.955           0.979       10742.120
       290          -0.022           0.453           0.673           0.666           0.910           0.093           0.304           0.934           0.970       10778.864
       291          -0.022           0.450           0.671           0.669           0.910           0.074           0.273           0.947           0.975       10815.470
       292          -0.022           0.457           0.676           0.664           0.910           0.075           0.274           0.946           0.976       10852.058
       293          -0.023           0.456           0.675           0.664           0.910           0.200           0.447           0.857           0.943       10888.617
       294          -0.020           0.456           0.675           0.664           0.910           0.068           0.261           0.951           0.977       10925.407
       295          -0.024           0.450           0.671           0.668           0.910           0.120           0.346           0.914           0.963       10962.206
       296          -0.024           0.456           0.675           0.664           0.910           0.206           0.453           0.853           0.941       10998.905
       297          -0.018           0.445           0.667           0.672           0.911           0.129           0.360           0.907           0.961       11035.802
       298          -0.024           0.453           0.673           0.666           0.910           0.059           0.244           0.958           0.980       11072.655
       299          -0.025           0.453           0.673           0.667           0.910           0.060           0.245           0.957           0.979       11109.709
       300          -0.025           0.449           0.670           0.669           0.910           0.056           0.236           0.960           0.981       11146.679
       301          -0.025           0.451           0.671           0.668           0.911           0.058           0.240           0.959           0.980       11183.706
       302          -0.025           0.448           0.670           0.670           0.910           0.224           0.474           0.839           0.939       11220.863
       303          -0.025           0.449           0.670           0.669           0.911           0.195           0.442           0.860           0.945       11258.105
       304          -0.026           0.451           0.671           0.668           0.911           0.329           0.573           0.765           0.920       11295.427
       305          -0.021           0.448           0.669           0.670           0.911           0.143           0.379           0.897           0.957       11332.651
       306          -0.021           0.445           0.667           0.673           0.910           0.442           0.664           0.684           0.912       11369.669
       307          -0.028           0.448           0.670           0.670           0.910           0.120           0.346           0.914           0.963       11408.549
       308          -0.021           0.444           0.666           0.673           0.910           0.117           0.342           0.916           0.964       11445.660
       309          -0.023           0.445           0.667           0.673           0.911           0.161           0.401           0.885           0.953       11483.035
       310          -0.024           0.449           0.670           0.669           0.910           0.162           0.402           0.884           0.953       11520.074
       311          -0.024           0.447           0.669           0.671           0.910           0.256           0.506           0.817           0.933       11557.359
       312          -0.026           0.450           0.671           0.668           0.911           0.135           0.368           0.903           0.959       11594.068
       313          -0.028           0.444           0.666           0.673           0.910           0.148           0.385           0.894           0.956       11630.923
       314          -0.027           0.444           0.666           0.673           0.910           0.153           0.391           0.890           0.954       11668.533
       315          -0.027           0.441           0.664           0.675           0.910           0.168           0.409           0.880           0.952       11705.907
       316          -0.030           0.448           0.669           0.670           0.910           0.126           0.355           0.910           0.962       11744.453
       317          -0.030           0.443           0.666           0.673           0.910           0.126           0.354           0.910           0.962       11781.783
       318          -0.030           0.447           0.668           0.671           0.911           0.133           0.365           0.905           0.960       11819.154
       319          -0.030           0.446           0.668           0.672           0.911           0.127           0.356           0.909           0.961       11856.768
       320          -0.030           0.448           0.669           0.670           0.910           0.122           0.349           0.913           0.962       11893.954
       321          -0.030           0.446           0.668           0.672           0.910           0.157           0.396           0.888           0.953       11931.263
       322          -0.030           0.446           0.668           0.671           0.910           0.149           0.386           0.893           0.957       11968.594
       323          -0.030           0.447           0.668           0.671           0.910           0.126           0.355           0.910           0.962       12005.728
       324          -0.031           0.448           0.669           0.670           0.910           0.141           0.375           0.899           0.958       12042.883
       325          -0.031           0.446           0.668           0.671           0.910           0.136           0.369           0.902           0.959       12079.337
       326          -0.031           0.443           0.665           0.674           0.910           0.173           0.415           0.876           0.952       12115.847
       327          -0.030           0.449           0.670           0.670           0.910           0.153           0.391           0.891           0.955       12152.368
       328          -0.031           0.445           0.667           0.672           0.910           0.141           0.375           0.899           0.960       12189.021
       329          -0.032           0.446           0.668           0.671           0.910           0.178           0.422           0.873           0.950       12225.688
       330          -0.031           0.445           0.667           0.672           0.910           0.179           0.423           0.872           0.950       12262.360
       331          -0.032           0.444           0.666           0.673           0.910           0.149           0.386           0.893           0.957       12299.067
       332          -0.031           0.444           0.666           0.673           0.910           0.143           0.378           0.898           0.959       12335.729
       333          -0.032           0.445           0.667           0.672           0.910           0.181           0.426           0.870           0.949       12372.264
       334          -0.032           0.444           0.667           0.673           0.910           0.168           0.409           0.880           0.953       12408.902
       335          -0.032           0.444           0.667           0.673           0.910           0.163           0.404           0.883           0.954       12445.662
       336          -0.032           0.447           0.669           0.671           0.910           0.160           0.400           0.886           0.955       12482.467
       337          -0.032           0.444           0.667           0.673           0.910           0.158           0.397           0.887           0.956       12519.339
       338          -0.032           0.447           0.668           0.671           0.910           0.166           0.408           0.881           0.954       12556.214
       339          -0.032           0.447           0.669           0.671           0.911           0.160           0.400           0.885           0.955       12592.909
       340          -0.033           0.450           0.671           0.669           0.911           0.154           0.392           0.890           0.956       12629.510
       341          -0.033           0.447           0.669           0.671           0.911           0.158           0.398           0.887           0.956       12666.033
       342          -0.033           0.451           0.671           0.668           0.911           0.148           0.385           0.894           0.958       12702.487
       343          -0.034           0.450           0.671           0.669           0.911           0.162           0.402           0.884           0.954       12738.824
       344          -0.033           0.449           0.670           0.669           0.911           0.151           0.389           0.892           0.957       12775.256
       345          -0.033           0.449           0.670           0.670           0.911           0.147           0.383           0.895           0.958       12811.769
       346          -0.034           0.449           0.670           0.669           0.911           0.153           0.392           0.890           0.956       12848.241
       347          -0.034           0.445           0.667           0.672           0.911           0.142           0.377           0.898           0.959       12884.819
       348          -0.035           0.448           0.669           0.670           0.910           0.156           0.395           0.888           0.956       12921.319
       349          -0.035           0.448           0.669           0.670           0.911           0.129           0.360           0.907           0.962       12957.948
       350          -0.035           0.450           0.671           0.669           0.911           0.148           0.385           0.894           0.957       12994.651
       351          -0.035           0.448           0.669           0.670           0.911           0.150           0.388           0.892           0.957       13031.584
       352          -0.035           0.447           0.669           0.671           0.911           0.152           0.390           0.891           0.956       13068.711
       353          -0.035           0.448           0.669           0.670           0.911           0.152           0.390           0.891           0.956       13105.425
       354          -0.035           0.448           0.670           0.670           0.910           0.157           0.396           0.888           0.956       13141.336
       355          -0.035           0.449           0.670           0.669           0.910           0.167           0.409           0.880           0.953       13177.378
       356          -0.035           0.453           0.673           0.666           0.911           0.207           0.455           0.852           0.944       13213.283
       357          -0.035           0.451           0.671           0.668           0.911           0.171           0.413           0.878           0.952       13249.243
       358          -0.035           0.455           0.674           0.665           0.911           0.174           0.417           0.875           0.951       13285.170
       359          -0.038           0.455           0.675           0.665           0.911           0.232           0.481           0.834           0.938       13321.180
       360          -0.037           0.455           0.675           0.665           0.911           0.179           0.423           0.872           0.950       13357.337
       361          -0.037           0.456           0.675           0.665           0.911           0.296           0.544           0.788           0.929       13393.406
       362          -0.037           0.448           0.669           0.670           0.911           0.169           0.411           0.879           0.953       13429.767
       363          -0.038           0.450           0.671           0.668           0.910           0.191           0.437           0.863           0.948       13466.139
       364          -0.040           0.449           0.670           0.669           0.911           0.332           0.576           0.762           0.924       13502.656
       365          -0.039           0.450           0.671           0.669           0.910           0.330           0.575           0.763           0.924       13539.345
       366          -0.039           0.451           0.671           0.668           0.911           0.318           0.564           0.772           0.926       13575.887
       367          -0.039           0.451           0.672           0.668           0.911           0.288           0.536           0.794           0.931       13612.592
       368          -0.039           0.451           0.672           0.668           0.911           0.293           0.541           0.790           0.929       13649.282
       369          -0.041           0.450           0.671           0.669           0.910           0.364           0.603           0.739           0.920       13686.095
       370          -0.041           0.448           0.670           0.670           0.911           0.327           0.572           0.766           0.926       13723.061
       371          -0.041           0.447           0.668           0.671           0.911           0.337           0.581           0.758           0.924       13759.951
       372          -0.041           0.449           0.670           0.669           0.911           0.340           0.583           0.757           0.924       13796.808
       373          -0.041           0.447           0.669           0.671           0.911           0.362           0.602           0.741           0.923       13833.634
       374          -0.041           0.447           0.668           0.671           0.911           0.328           0.573           0.765           0.926       13870.622
       375          -0.041           0.448           0.669           0.670           0.911           0.344           0.586           0.754           0.923       13907.759
       376          -0.041           0.446           0.668           0.671           0.911           0.356           0.597           0.745           0.922       13944.764
       377          -0.042           0.449           0.670           0.669           0.911           0.345           0.588           0.753           0.923       13981.865
       378          -0.042           0.448           0.669           0.670           0.911           0.338           0.582           0.758           0.924       14019.000
       379          -0.042           0.447           0.669           0.671           0.911           0.336           0.579           0.760           0.924       14056.032
       380          -0.042           0.448           0.669           0.670           0.911           0.344           0.586           0.754           0.923       14093.338
       381          -0.042           0.446           0.668           0.672           0.911           0.336           0.580           0.759           0.924       14130.444
       382          -0.042           0.449           0.670           0.670           0.911           0.342           0.584           0.755           0.924       14167.687
       383          -0.042           0.448           0.669           0.670           0.911           0.351           0.593           0.748           0.923       14205.063
       384          -0.042           0.448           0.669           0.670           0.911           0.343           0.585           0.755           0.924       14242.405
       385          -0.042           0.448           0.669           0.670           0.911           0.370           0.608           0.735           0.921       14279.781
       386          -0.042           0.446           0.668           0.671           0.911           0.369           0.608           0.736           0.920       14316.982
       387          -0.042           0.445           0.667           0.672           0.911           0.371           0.609           0.734           0.920       14354.323
       388          -0.043           0.443           0.666           0.674           0.911           0.370           0.608           0.735           0.920       14391.589
       389          -0.043           0.446           0.668           0.671           0.911           0.374           0.611           0.732           0.921       14428.868
       390          -0.043           0.445           0.667           0.672           0.911           0.387           0.622           0.723           0.920       14469.100
       391          -0.043           0.445           0.667           0.672           0.911           0.381           0.617           0.727           0.921       14506.485
       392          -0.043           0.445           0.667           0.673           0.911           0.375           0.612           0.732           0.921       14543.637
       393          -0.043           0.444           0.667           0.673           0.911           0.379           0.616           0.729           0.921       14580.904
       394          -0.043           0.443           0.665           0.674           0.911           0.386           0.621           0.724           0.920       14617.805
       395          -0.043           0.445           0.667           0.672           0.911           0.375           0.613           0.731           0.921       14654.215
       396          -0.043           0.445           0.667           0.672           0.911           0.390           0.624           0.721           0.920       14691.191
       397          -0.043           0.445           0.667           0.673           0.911           0.374           0.611           0.732           0.921       14727.562
       398          -0.043           0.446           0.668           0.672           0.911           0.388           0.623           0.722           0.920       14763.471
       399          -0.044           0.445           0.667           0.672           0.911           0.390           0.625           0.720           0.920       14799.342
       400          -0.044           0.442           0.665           0.674           0.911           0.383           0.619           0.725           0.921       14835.185
       401          -0.044           0.444           0.666           0.673           0.911           0.383           0.619           0.725           0.920       14871.243
       402          -0.044           0.443           0.666           0.674           0.911           0.372           0.610           0.733           0.921       14907.193
       403          -0.044           0.444           0.666           0.673           0.911           0.358           0.599           0.743           0.922       14943.232
       404          -0.044           0.443           0.666           0.674           0.911           0.388           0.623           0.722           0.920       14979.302
       405          -0.044           0.443           0.665           0.674           0.911           0.371           0.609           0.735           0.923       15015.349
       406          -0.044           0.441           0.664           0.675           0.911           0.363           0.603           0.740           0.923       15051.628
       407          -0.044           0.444           0.666           0.673           0.911           0.359           0.599           0.743           0.924       15087.757
       408          -0.044           0.443           0.666           0.674           0.911           0.387           0.622           0.723           0.921       15124.453
       409          -0.045           0.442           0.665           0.674           0.911           0.389           0.624           0.721           0.920       15161.263
       410          -0.045           0.443           0.666           0.674           0.911           0.362           0.602           0.741           0.923       15198.050
       411          -0.045           0.441           0.664           0.675           0.911           0.367           0.606           0.737           0.922       15235.190
       412          -0.045           0.444           0.667           0.673           0.911           0.355           0.595           0.746           0.924       15272.173
       413          -0.045           0.441           0.664           0.675           0.911           0.384           0.619           0.725           0.921       15313.606
       414          -0.045           0.442           0.665           0.674           0.911           0.363           0.603           0.740           0.923       15351.968
       415          -0.045           0.442           0.665           0.675           0.911           0.382           0.618           0.726           0.921       15389.595
       416          -0.045           0.443           0.665           0.674           0.911           0.388           0.623           0.722           0.920       15427.403
       417          -0.045           0.443           0.665           0.674           0.911           0.363           0.602           0.740           0.923       15464.826
       418          -0.045           0.443           0.666           0.674           0.911           0.355           0.595           0.746           0.923       15502.071
       419          -0.045           0.441           0.664           0.675           0.911           0.374           0.612           0.732           0.921       15539.265
       420          -0.045           0.444           0.666           0.673           0.911           0.375           0.612           0.731           0.921       15576.560
       421          -0.045           0.442           0.665           0.675           0.911           0.378           0.615           0.729           0.921       15614.334
       422          -0.046           0.441           0.664           0.675           0.911           0.380           0.616           0.728           0.921       15653.742
       423          -0.045           0.442           0.665           0.674           0.911           0.401           0.633           0.713           0.919       15691.167
       424          -0.046           0.442           0.665           0.674           0.911           0.388           0.623           0.722           0.920       15728.150
       425          -0.046           0.441           0.664           0.675           0.911           0.393           0.627           0.718           0.920       15764.855
       426          -0.046           0.443           0.665           0.674           0.911           0.387           0.622           0.723           0.921       15801.835
       427          -0.046           0.442           0.665           0.674           0.911           0.396           0.629           0.716           0.920       15838.643
       428          -0.046           0.442           0.665           0.674           0.911           0.401           0.633           0.713           0.919       15875.184
       429          -0.046           0.442           0.665           0.674           0.911           0.385           0.620           0.725           0.921       15911.787
       430          -0.046           0.444           0.666           0.673           0.912           0.367           0.605           0.737           0.921       15948.362
       431          -0.046           0.440           0.664           0.676           0.912           0.393           0.627           0.719           0.918       15985.043
       432          -0.046           0.442           0.665           0.675           0.911           0.380           0.617           0.728           0.920       16021.538
       433          -0.046           0.442           0.665           0.675           0.912           0.397           0.630           0.715           0.919       16057.780
       434          -0.046           0.441           0.664           0.676           0.912           0.386           0.621           0.723           0.919       16093.897
       435          -0.046           0.442           0.665           0.674           0.912           0.401           0.633           0.713           0.918       16132.771
       436          -0.047           0.441           0.664           0.676           0.912           0.378           0.615           0.729           0.920       16174.409
       437          -0.046           0.445           0.667           0.673           0.912           0.392           0.626           0.719           0.919       16212.816
       438          -0.047           0.443           0.666           0.674           0.911           0.372           0.610           0.734           0.920       16249.464
       439          -0.047           0.443           0.666           0.674           0.912           0.393           0.627           0.719           0.918       16286.095
       440          -0.047           0.441           0.664           0.675           0.912           0.383           0.618           0.726           0.919       16322.767
       441          -0.047           0.443           0.666           0.673           0.911           0.367           0.606           0.737           0.920       16359.891
       442          -0.047           0.445           0.667           0.673           0.912           0.378           0.615           0.729           0.919       16396.786
       443          -0.047           0.444           0.666           0.673           0.912           0.369           0.607           0.736           0.920       16433.746
       444          -0.047           0.445           0.667           0.672           0.911           0.376           0.613           0.731           0.919       16470.490
       445          -0.047           0.444           0.666           0.673           0.912           0.366           0.605           0.738           0.920       16507.212
       446          -0.047           0.443           0.666           0.674           0.912           0.348           0.590           0.751           0.922       16544.106
       447          -0.047           0.445           0.667           0.673           0.912           0.351           0.592           0.749           0.922       16580.831
       448          -0.047           0.446           0.668           0.672           0.912           0.376           0.613           0.731           0.919       16617.591
       449          -0.047           0.443           0.666           0.674           0.911           0.363           0.602           0.740           0.921       16654.374
       450          -0.047           0.444           0.666           0.673           0.912           0.385           0.620           0.725           0.919       16691.213
       451          -0.047           0.441           0.664           0.676           0.912           0.313           0.560           0.776           0.927       16727.747
       452          -0.048           0.449           0.670           0.669           0.911           0.372           0.610           0.734           0.920       16763.932
       453          -0.047           0.444           0.666           0.673           0.911           0.364           0.603           0.740           0.921       16800.109
       454          -0.048           0.443           0.666           0.674           0.912           0.343           0.586           0.754           0.923       16836.280
       455          -0.048           0.444           0.666           0.673           0.912           0.389           0.623           0.722           0.918       16872.462
       456          -0.048           0.443           0.666           0.674           0.911           0.376           0.613           0.731           0.920       16908.703
       457          -0.050           0.445           0.667           0.673           0.912           0.335           0.578           0.760           0.924       16945.087
       458          -0.049           0.442           0.665           0.674           0.912           0.326           0.571           0.767           0.926       16984.302
       459          -0.049           0.443           0.665           0.674           0.912           0.350           0.591           0.750           0.923       17024.111
       460          -0.049           0.444           0.666           0.673           0.912           0.334           0.578           0.761           0.924       17060.170
       461          -0.049           0.443           0.666           0.674           0.912           0.367           0.605           0.737           0.921       17096.283
       462          -0.051           0.446           0.668           0.672           0.912           0.337           0.580           0.759           0.924       17132.604
       463          -0.051           0.444           0.666           0.673           0.912           0.343           0.586           0.754           0.924       17168.867
       464          -0.051           0.441           0.664           0.675           0.912           0.322           0.567           0.769           0.926       17205.227
       465          -0.050           0.441           0.664           0.675           0.912           0.317           0.563           0.773           0.927       17241.499
       466          -0.050           0.441           0.664           0.675           0.912           0.330           0.574           0.764           0.925       17277.912
       467          -0.052           0.445           0.667           0.672           0.911           0.444           0.666           0.682           0.916       17314.460
       468          -0.052           0.444           0.666           0.673           0.911           0.382           0.618           0.727           0.920       17350.908
       469          -0.052           0.443           0.665           0.674           0.912           0.382           0.618           0.726           0.921       17387.449
       470          -0.051           0.443           0.666           0.673           0.912           0.368           0.607           0.736           0.922       17424.126
       471          -0.051           0.443           0.665           0.674           0.912           0.370           0.608           0.735           0.921       17460.905
       472          -0.051           0.446           0.668           0.672           0.912           0.355           0.596           0.746           0.922       17497.861
       473          -0.052           0.445           0.667           0.672           0.911           0.578           0.761           0.586           0.921       17534.641
       474          -0.053           0.444           0.667           0.673           0.911           0.482           0.694           0.655           0.916       17571.499
       475          -0.053           0.443           0.665           0.674           0.911           0.451           0.671           0.677           0.917       17608.225
       476          -0.053           0.440           0.663           0.676           0.911           0.431           0.657           0.691           0.918       17645.066
       477          -0.053           0.442           0.665           0.674           0.911           0.443           0.666           0.683           0.916       17681.577
       478          -0.053           0.441           0.664           0.676           0.911           0.419           0.647           0.700           0.918       17717.715
       479          -0.053           0.441           0.664           0.675           0.911           0.396           0.629           0.716           0.920       17753.892
       480          -0.053           0.444           0.666           0.673           0.911           0.543           0.737           0.611           0.918       17790.048
       481          -0.053           0.443           0.666           0.673           0.911           0.545           0.738           0.610           0.919       17826.197
       482          -0.053           0.443           0.666           0.674           0.911           0.545           0.738           0.610           0.918       17862.518
       483          -0.053           0.443           0.666           0.674           0.911           0.536           0.732           0.616           0.918       17898.635
       484          -0.053           0.443           0.666           0.674           0.911           0.539           0.734           0.614           0.918       17934.868
       485          -0.054           0.444           0.667           0.673           0.911           0.498           0.706           0.643           0.916       17971.113
       486          -0.054           0.442           0.665           0.675           0.911           0.503           0.709           0.640           0.916       18007.471
       487          -0.054           0.444           0.667           0.673           0.911           0.457           0.676           0.673           0.916       18043.948
       488          -0.054           0.443           0.666           0.674           0.911           0.470           0.685           0.663           0.915       18080.304
       489          -0.054           0.444           0.666           0.673           0.911           0.448           0.669           0.679           0.916       18116.727
       490          -0.054           0.442           0.665           0.674           0.911           0.430           0.655           0.692           0.917       18153.111
       491          -0.054           0.444           0.666           0.673           0.911           0.446           0.668           0.681           0.916       18189.558
       492          -0.054           0.442           0.665           0.674           0.912           0.445           0.667           0.681           0.916       18226.067
       493          -0.054           0.441           0.664           0.675           0.911           0.424           0.651           0.697           0.917       18262.317
       494          -0.054           0.442           0.665           0.675           0.911           0.420           0.648           0.699           0.917       18298.661
       495          -0.054           0.442           0.665           0.675           0.911           0.443           0.666           0.683           0.916       18335.157
       496          -0.054           0.440           0.663           0.676           0.912           0.425           0.652           0.696           0.917       18371.994
       497          -0.054           0.442           0.665           0.674           0.911           0.426           0.653           0.695           0.917       18409.080
       498          -0.054           0.442           0.665           0.675           0.911           0.435           0.659           0.689           0.916       18445.978
       499          -0.054           0.441           0.664           0.675           0.912           0.438           0.662           0.686           0.916       18485.830
       500          -0.054           0.440           0.663           0.676           0.912           0.424           0.651           0.696           0.917       18527.116
--------------------------------------------------------------------------------------------------------------------------------------------------------------------------------------------------------
The best indicator statistics
      BestEpoch        TrainMAE       TrainRMSE         TrainR2         TrainCC        ValidMAE       ValidRMSE         ValidR2         ValidCC
       300           0.449           0.670           0.669           0.910           0.056           0.236           0.960           0.981
Total training time: 18527.7884 seconds
>>> Training of the Model Accomplished! >>>
End at:  Sun Jun 18 04:47:00 2023
++++++++++++++++++++++++++++++++++++++++
process end at : 
Sun Jun 18 04:47:12 CST 2023
